{"/Users/chantreau/quotex/src/app/providers/RepositoriesProvider.tsx": {"path":"/Users/chantreau/quotex/src/app/providers/RepositoriesProvider.tsx","statementMap":{"0":{"start":{"line":20,"column":28},"end":{"line":20,"column":89}},"1":{"start":{"line":22,"column":34},"end":{"line":25,"column":2}},"2":{"start":{"line":22,"column":66},"end":{"line":25,"column":1}},"3":{"start":{"line":31,"column":36},"end":{"line":46,"column":1}},"4":{"start":{"line":32,"column":30},"end":{"line":32,"column":76}},"5":{"start":{"line":32,"column":44},"end":{"line":32,"column":71}},"6":{"start":{"line":33,"column":16},"end":{"line":39,"column":3}},"7":{"start":{"line":34,"column":11},"end":{"line":37,"column":5}},"8":{"start":{"line":41,"column":2},"end":{"line":45,"column":4}},"9":{"start":{"line":51,"column":31},"end":{"line":57,"column":1}},"10":{"start":{"line":52,"column":18},"end":{"line":52,"column":49}},"11":{"start":{"line":53,"column":2},"end":{"line":55,"column":3}},"12":{"start":{"line":54,"column":4},"end":{"line":54,"column":82}},"13":{"start":{"line":56,"column":2},"end":{"line":56,"column":17}}},"fnMap":{"0":{"name":"(anonymous_0)","decl":{"start":{"line":22,"column":34},"end":{"line":22,"column":35}},"loc":{"start":{"line":22,"column":66},"end":{"line":25,"column":1}},"line":22},"1":{"name":"(anonymous_1)","decl":{"start":{"line":31,"column":36},"end":{"line":31,"column":37}},"loc":{"start":{"line":31,"column":95},"end":{"line":46,"column":1}},"line":31},"2":{"name":"(anonymous_2)","decl":{"start":{"line":32,"column":38},"end":{"line":32,"column":39}},"loc":{"start":{"line":32,"column":44},"end":{"line":32,"column":71}},"line":32},"3":{"name":"(anonymous_3)","decl":{"start":{"line":34,"column":4},"end":{"line":34,"column":5}},"loc":{"start":{"line":34,"column":11},"end":{"line":37,"column":5}},"line":34},"4":{"name":"(anonymous_4)","decl":{"start":{"line":51,"column":31},"end":{"line":51,"column":32}},"loc":{"start":{"line":51,"column":62},"end":{"line":57,"column":1}},"line":51}},"branchMap":{"0":{"loc":{"start":{"line":53,"column":2},"end":{"line":55,"column":3}},"type":"if","locations":[{"start":{"line":53,"column":2},"end":{"line":55,"column":3}},{"start":{},"end":{}}],"line":53}},"s":{"0":1,"1":1,"2":1,"3":1,"4":1,"5":1,"6":1,"7":1,"8":1,"9":1,"10":1,"11":1,"12":0,"13":1},"f":{"0":1,"1":1,"2":1,"3":1,"4":1},"b":{"0":[0,1]},"_coverageSchema":"1a1c01bbd47fc00a2c39e90264f33305004495a9","hash":"bccf98ccf4373b335cd381195d168973d7929aff"}
,"/Users/chantreau/quotex/src/app/providers/TabContext.tsx": {"path":"/Users/chantreau/quotex/src/app/providers/TabContext.tsx","statementMap":{"0":{"start":{"line":8,"column":31},"end":{"line":11,"column":2}},"1":{"start":{"line":13,"column":27},"end":{"line":13,"column":60}},"2":{"start":{"line":13,"column":33},"end":{"line":13,"column":60}},"3":{"start":{"line":20,"column":35},"end":{"line":23,"column":2}},"4":{"start":{"line":25,"column":31},"end":{"line":25,"column":68}},"5":{"start":{"line":25,"column":37},"end":{"line":25,"column":68}}},"fnMap":{"0":{"name":"(anonymous_0)","decl":{"start":{"line":10,"column":15},"end":{"line":10,"column":16}},"loc":{"start":{"line":10,"column":21},"end":{"line":10,"column":23}},"line":10},"1":{"name":"(anonymous_1)","decl":{"start":{"line":13,"column":27},"end":{"line":13,"column":28}},"loc":{"start":{"line":13,"column":33},"end":{"line":13,"column":60}},"line":13},"2":{"name":"(anonymous_2)","decl":{"start":{"line":22,"column":19},"end":{"line":22,"column":20}},"loc":{"start":{"line":22,"column":25},"end":{"line":22,"column":27}},"line":22},"3":{"name":"(anonymous_3)","decl":{"start":{"line":25,"column":31},"end":{"line":25,"column":32}},"loc":{"start":{"line":25,"column":37},"end":{"line":25,"column":68}},"line":25}},"branchMap":{},"s":{"0":1,"1":1,"2":0,"3":1,"4":1,"5":0},"f":{"0":0,"1":0,"2":0,"3":0},"b":{},"_coverageSchema":"1a1c01bbd47fc00a2c39e90264f33305004495a9","hash":"422bf6258582be4a7a968723e1c2d928fa56b611"}
,"/Users/chantreau/quotex/src/entities/author/api/AuthorService.ts": {"path":"/Users/chantreau/quotex/src/entities/author/api/AuthorService.ts","statementMap":{"0":{"start":{"line":8,"column":29},"end":{"line":8,"column":34}},"1":{"start":{"line":10,"column":17},"end":{"line":12,"column":1}},"2":{"start":{"line":11,"column":2},"end":{"line":11,"column":69}},"3":{"start":{"line":11,"column":28},"end":{"line":11,"column":69}},"4":{"start":{"line":15,"column":31},"end":{"line":15,"column":43}},"5":{"start":{"line":18,"column":8},"end":{"line":18,"column":28}},"6":{"start":{"line":18,"column":18},"end":{"line":18,"column":28}},"7":{"start":{"line":19,"column":8},"end":{"line":19,"column":60}},"8":{"start":{"line":23,"column":22},"end":{"line":23,"column":50}},"9":{"start":{"line":24,"column":48},"end":{"line":27,"column":9}},"10":{"start":{"line":28,"column":8},"end":{"line":30,"column":9}},"11":{"start":{"line":29,"column":12},"end":{"line":29,"column":57}},"12":{"start":{"line":31,"column":8},"end":{"line":31,"column":23}},"13":{"start":{"line":35,"column":8},"end":{"line":39,"column":10}},"14":{"start":{"line":43,"column":8},"end":{"line":57,"column":9}},"15":{"start":{"line":44,"column":28},"end":{"line":44,"column":51}},"16":{"start":{"line":45,"column":29},"end":{"line":45,"column":80}},"17":{"start":{"line":46,"column":12},"end":{"line":54,"column":13}},"18":{"start":{"line":47,"column":32},"end":{"line":47,"column":53}},"19":{"start":{"line":48,"column":38},"end":{"line":51,"column":19}},"20":{"start":{"line":48,"column":63},"end":{"line":51,"column":17}},"21":{"start":{"line":52,"column":16},"end":{"line":52,"column":82}},"22":{"start":{"line":53,"column":16},"end":{"line":53,"column":37}},"23":{"start":{"line":56,"column":12},"end":{"line":56,"column":72}},"24":{"start":{"line":59,"column":30},"end":{"line":59,"column":90}},"25":{"start":{"line":60,"column":8},"end":{"line":60,"column":35}},"26":{"start":{"line":64,"column":8},"end":{"line":76,"column":9}},"27":{"start":{"line":65,"column":28},"end":{"line":65,"column":51}},"28":{"start":{"line":66,"column":29},"end":{"line":66,"column":116}},"29":{"start":{"line":67,"column":12},"end":{"line":73,"column":13}},"30":{"start":{"line":68,"column":31},"end":{"line":68,"column":52}},"31":{"start":{"line":69,"column":16},"end":{"line":72,"column":18}},"32":{"start":{"line":75,"column":12},"end":{"line":75,"column":79}},"33":{"start":{"line":78,"column":24},"end":{"line":78,"column":47}},"34":{"start":{"line":79,"column":8},"end":{"line":79,"column":50}},"35":{"start":{"line":79,"column":33},"end":{"line":79,"column":48}},"36":{"start":{"line":83,"column":8},"end":{"line":95,"column":9}},"37":{"start":{"line":84,"column":28},"end":{"line":84,"column":51}},"38":{"start":{"line":85,"column":29},"end":{"line":85,"column":86}},"39":{"start":{"line":86,"column":12},"end":{"line":92,"column":13}},"40":{"start":{"line":87,"column":31},"end":{"line":87,"column":52}},"41":{"start":{"line":88,"column":16},"end":{"line":91,"column":18}},"42":{"start":{"line":94,"column":12},"end":{"line":94,"column":77}},"43":{"start":{"line":96,"column":8},"end":{"line":96,"column":25}},"44":{"start":{"line":101,"column":8},"end":{"line":115,"column":9}},"45":{"start":{"line":103,"column":24},"end":{"line":105,"column":86}},"46":{"start":{"line":107,"column":28},"end":{"line":107,"column":51}},"47":{"start":{"line":108,"column":29},"end":{"line":108,"column":58}},"48":{"start":{"line":109,"column":12},"end":{"line":112,"column":13}},"49":{"start":{"line":110,"column":30},"end":{"line":110,"column":51}},"50":{"start":{"line":111,"column":16},"end":{"line":111,"column":72}},"51":{"start":{"line":111,"column":45},"end":{"line":111,"column":70}},"52":{"start":{"line":114,"column":12},"end":{"line":114,"column":77}},"53":{"start":{"line":117,"column":28},"end":{"line":117,"column":84}},"54":{"start":{"line":118,"column":8},"end":{"line":120,"column":10}},"55":{"start":{"line":119,"column":13},"end":{"line":119,"column":99}},"56":{"start":{"line":124,"column":8},"end":{"line":137,"column":9}},"57":{"start":{"line":125,"column":28},"end":{"line":125,"column":51}},"58":{"start":{"line":126,"column":29},"end":{"line":126,"column":78}},"59":{"start":{"line":127,"column":12},"end":{"line":134,"column":13}},"60":{"start":{"line":128,"column":30},"end":{"line":128,"column":51}},"61":{"start":{"line":129,"column":29},"end":{"line":129,"column":70}},"62":{"start":{"line":129,"column":52},"end":{"line":129,"column":69}},"63":{"start":{"line":130,"column":16},"end":{"line":132,"column":17}},"64":{"start":{"line":131,"column":20},"end":{"line":131,"column":56}},"65":{"start":{"line":133,"column":16},"end":{"line":133,"column":33}},"66":{"start":{"line":136,"column":12},"end":{"line":136,"column":66}},"67":{"start":{"line":139,"column":28},"end":{"line":139,"column":84}},"68":{"start":{"line":140,"column":8},"end":{"line":140,"column":64}},"69":{"start":{"line":140,"column":45},"end":{"line":140,"column":62}},"70":{"start":{"line":144,"column":23},"end":{"line":144,"column":65}},"71":{"start":{"line":146,"column":8},"end":{"line":149,"column":9}},"72":{"start":{"line":147,"column":12},"end":{"line":147,"column":80}},"73":{"start":{"line":148,"column":12},"end":{"line":148,"column":29}},"74":{"start":{"line":151,"column":8},"end":{"line":167,"column":9}},"75":{"start":{"line":152,"column":28},"end":{"line":152,"column":51}},"76":{"start":{"line":153,"column":30},"end":{"line":153,"column":104}},"77":{"start":{"line":154,"column":35},"end":{"line":154,"column":70}},"78":{"start":{"line":156,"column":12},"end":{"line":159,"column":15}},"79":{"start":{"line":161,"column":12},"end":{"line":164,"column":13}},"80":{"start":{"line":162,"column":29},"end":{"line":162,"column":56}},"81":{"start":{"line":163,"column":16},"end":{"line":163,"column":52}},"82":{"start":{"line":166,"column":12},"end":{"line":166,"column":90}},"83":{"start":{"line":168,"column":8},"end":{"line":168,"column":25}},"84":{"start":{"line":172,"column":8},"end":{"line":181,"column":9}},"85":{"start":{"line":173,"column":28},"end":{"line":173,"column":51}},"86":{"start":{"line":174,"column":29},"end":{"line":174,"column":84}},"87":{"start":{"line":175,"column":12},"end":{"line":178,"column":13}},"88":{"start":{"line":176,"column":29},"end":{"line":176,"column":50}},"89":{"start":{"line":177,"column":16},"end":{"line":177,"column":52}},"90":{"start":{"line":180,"column":12},"end":{"line":180,"column":63}},"91":{"start":{"line":182,"column":8},"end":{"line":182,"column":25}},"92":{"start":{"line":185,"column":8},"end":{"line":196,"column":9}},"93":{"start":{"line":186,"column":28},"end":{"line":186,"column":51}},"94":{"start":{"line":187,"column":29},"end":{"line":190,"column":14}},"95":{"start":{"line":191,"column":12},"end":{"line":193,"column":13}},"96":{"start":{"line":192,"column":16},"end":{"line":192,"column":45}},"97":{"start":{"line":195,"column":12},"end":{"line":195,"column":71}},"98":{"start":{"line":197,"column":8},"end":{"line":197,"column":20}},"99":{"start":{"line":201,"column":8},"end":{"line":213,"column":9}},"100":{"start":{"line":202,"column":28},"end":{"line":202,"column":51}},"101":{"start":{"line":203,"column":29},"end":{"line":206,"column":14}},"102":{"start":{"line":207,"column":12},"end":{"line":210,"column":13}},"103":{"start":{"line":208,"column":31},"end":{"line":208,"column":52}},"104":{"start":{"line":209,"column":16},"end":{"line":209,"column":38}},"105":{"start":{"line":212,"column":12},"end":{"line":212,"column":69}},"106":{"start":{"line":214,"column":8},"end":{"line":214,"column":21}},"107":{"start":{"line":218,"column":8},"end":{"line":231,"column":9}},"108":{"start":{"line":219,"column":28},"end":{"line":219,"column":51}},"109":{"start":{"line":220,"column":29},"end":{"line":224,"column":14}},"110":{"start":{"line":225,"column":12},"end":{"line":228,"column":13}},"111":{"start":{"line":226,"column":29},"end":{"line":226,"column":50}},"112":{"start":{"line":227,"column":16},"end":{"line":227,"column":52}},"113":{"start":{"line":230,"column":12},"end":{"line":230,"column":64}},"114":{"start":{"line":232,"column":8},"end":{"line":232,"column":25}},"115":{"start":{"line":236,"column":8},"end":{"line":277,"column":9}},"116":{"start":{"line":237,"column":12},"end":{"line":242,"column":15}},"117":{"start":{"line":243,"column":28},"end":{"line":243,"column":51}},"118":{"start":{"line":244,"column":29},"end":{"line":261,"column":14}},"119":{"start":{"line":262,"column":12},"end":{"line":270,"column":13}},"120":{"start":{"line":263,"column":29},"end":{"line":263,"column":50}},"121":{"start":{"line":264,"column":16},"end":{"line":268,"column":19}},"122":{"start":{"line":269,"column":16},"end":{"line":269,"column":52}},"123":{"start":{"line":271,"column":12},"end":{"line":274,"column":15}},"124":{"start":{"line":276,"column":12},"end":{"line":276,"column":74}},"125":{"start":{"line":278,"column":8},"end":{"line":278,"column":25}},"126":{"start":{"line":282,"column":8},"end":{"line":293,"column":9}},"127":{"start":{"line":283,"column":28},"end":{"line":283,"column":51}},"128":{"start":{"line":284,"column":29},"end":{"line":284,"column":78}},"129":{"start":{"line":285,"column":12},"end":{"line":290,"column":13}},"130":{"start":{"line":286,"column":30},"end":{"line":286,"column":51}},"131":{"start":{"line":287,"column":36},"end":{"line":287,"column":84}},"132":{"start":{"line":287,"column":58},"end":{"line":287,"column":83}},"133":{"start":{"line":288,"column":16},"end":{"line":288,"column":78}},"134":{"start":{"line":289,"column":16},"end":{"line":289,"column":35}},"135":{"start":{"line":292,"column":12},"end":{"line":292,"column":70}},"136":{"start":{"line":295,"column":28},"end":{"line":295,"column":84}},"137":{"start":{"line":296,"column":8},"end":{"line":296,"column":33}},"138":{"start":{"line":301,"column":8},"end":{"line":310,"column":9}},"139":{"start":{"line":302,"column":28},"end":{"line":302,"column":51}},"140":{"start":{"line":303,"column":29},"end":{"line":303,"column":106}},"141":{"start":{"line":304,"column":12},"end":{"line":307,"column":13}},"142":{"start":{"line":305,"column":30},"end":{"line":305,"column":51}},"143":{"start":{"line":306,"column":16},"end":{"line":306,"column":72}},"144":{"start":{"line":306,"column":45},"end":{"line":306,"column":70}},"145":{"start":{"line":309,"column":12},"end":{"line":309,"column":66}},"146":{"start":{"line":311,"column":8},"end":{"line":311,"column":18}},"147":{"start":{"line":316,"column":29},"end":{"line":316,"column":48}}},"fnMap":{"0":{"name":"(anonymous_0)","decl":{"start":{"line":10,"column":17},"end":{"line":10,"column":18}},"loc":{"start":{"line":10,"column":37},"end":{"line":12,"column":1}},"line":10},"1":{"name":"(anonymous_1)","decl":{"start":{"line":17,"column":4},"end":{"line":17,"column":5}},"loc":{"start":{"line":17,"column":64},"end":{"line":20,"column":5}},"line":17},"2":{"name":"(anonymous_2)","decl":{"start":{"line":22,"column":4},"end":{"line":22,"column":5}},"loc":{"start":{"line":22,"column":72},"end":{"line":32,"column":5}},"line":22},"3":{"name":"(anonymous_3)","decl":{"start":{"line":34,"column":4},"end":{"line":34,"column":5}},"loc":{"start":{"line":34,"column":44},"end":{"line":40,"column":5}},"line":34},"4":{"name":"(anonymous_4)","decl":{"start":{"line":42,"column":4},"end":{"line":42,"column":5}},"loc":{"start":{"line":42,"column":42},"end":{"line":61,"column":5}},"line":42},"5":{"name":"(anonymous_5)","decl":{"start":{"line":48,"column":50},"end":{"line":48,"column":51}},"loc":{"start":{"line":48,"column":63},"end":{"line":51,"column":17}},"line":48},"6":{"name":"(anonymous_6)","decl":{"start":{"line":63,"column":4},"end":{"line":63,"column":5}},"loc":{"start":{"line":63,"column":69},"end":{"line":80,"column":5}},"line":63},"7":{"name":"(anonymous_7)","decl":{"start":{"line":79,"column":28},"end":{"line":79,"column":29}},"loc":{"start":{"line":79,"column":33},"end":{"line":79,"column":48}},"line":79},"8":{"name":"(anonymous_8)","decl":{"start":{"line":82,"column":4},"end":{"line":82,"column":5}},"loc":{"start":{"line":82,"column":65},"end":{"line":97,"column":5}},"line":82},"9":{"name":"(anonymous_9)","decl":{"start":{"line":100,"column":4},"end":{"line":100,"column":5}},"loc":{"start":{"line":100,"column":83},"end":{"line":121,"column":5}},"line":100},"10":{"name":"(anonymous_10)","decl":{"start":{"line":111,"column":33},"end":{"line":111,"column":34}},"loc":{"start":{"line":111,"column":45},"end":{"line":111,"column":70}},"line":111},"11":{"name":"(anonymous_11)","decl":{"start":{"line":118,"column":42},"end":{"line":118,"column":43}},"loc":{"start":{"line":119,"column":13},"end":{"line":119,"column":99}},"line":119},"12":{"name":"(anonymous_12)","decl":{"start":{"line":123,"column":4},"end":{"line":123,"column":5}},"loc":{"start":{"line":123,"column":67},"end":{"line":141,"column":5}},"line":123},"13":{"name":"(anonymous_13)","decl":{"start":{"line":129,"column":40},"end":{"line":129,"column":41}},"loc":{"start":{"line":129,"column":52},"end":{"line":129,"column":69}},"line":129},"14":{"name":"(anonymous_14)","decl":{"start":{"line":140,"column":40},"end":{"line":140,"column":41}},"loc":{"start":{"line":140,"column":45},"end":{"line":140,"column":62}},"line":140},"15":{"name":"(anonymous_15)","decl":{"start":{"line":143,"column":4},"end":{"line":143,"column":5}},"loc":{"start":{"line":143,"column":83},"end":{"line":169,"column":5}},"line":143},"16":{"name":"(anonymous_16)","decl":{"start":{"line":171,"column":4},"end":{"line":171,"column":5}},"loc":{"start":{"line":171,"column":61},"end":{"line":183,"column":5}},"line":171},"17":{"name":"(anonymous_17)","decl":{"start":{"line":184,"column":4},"end":{"line":184,"column":5}},"loc":{"start":{"line":184,"column":101},"end":{"line":198,"column":5}},"line":184},"18":{"name":"(anonymous_18)","decl":{"start":{"line":200,"column":4},"end":{"line":200,"column":5}},"loc":{"start":{"line":200,"column":55},"end":{"line":215,"column":5}},"line":200},"19":{"name":"(anonymous_19)","decl":{"start":{"line":217,"column":4},"end":{"line":217,"column":5}},"loc":{"start":{"line":217,"column":82},"end":{"line":233,"column":5}},"line":217},"20":{"name":"(anonymous_20)","decl":{"start":{"line":235,"column":4},"end":{"line":235,"column":5}},"loc":{"start":{"line":235,"column":77},"end":{"line":279,"column":5}},"line":235},"21":{"name":"(anonymous_21)","decl":{"start":{"line":281,"column":4},"end":{"line":281,"column":5}},"loc":{"start":{"line":281,"column":38},"end":{"line":297,"column":5}},"line":281},"22":{"name":"(anonymous_22)","decl":{"start":{"line":287,"column":46},"end":{"line":287,"column":47}},"loc":{"start":{"line":287,"column":58},"end":{"line":287,"column":83}},"line":287},"23":{"name":"(anonymous_23)","decl":{"start":{"line":300,"column":4},"end":{"line":300,"column":5}},"loc":{"start":{"line":300,"column":61},"end":{"line":312,"column":5}},"line":300},"24":{"name":"(anonymous_24)","decl":{"start":{"line":306,"column":33},"end":{"line":306,"column":34}},"loc":{"start":{"line":306,"column":45},"end":{"line":306,"column":70}},"line":306}},"branchMap":{"0":{"loc":{"start":{"line":11,"column":2},"end":{"line":11,"column":69}},"type":"if","locations":[{"start":{"line":11,"column":2},"end":{"line":11,"column":69}},{"start":{},"end":{}}],"line":11},"1":{"loc":{"start":{"line":18,"column":8},"end":{"line":18,"column":28}},"type":"if","locations":[{"start":{"line":18,"column":8},"end":{"line":18,"column":28}},{"start":{},"end":{}}],"line":18},"2":{"loc":{"start":{"line":22,"column":29},"end":{"line":22,"column":70}},"type":"default-arg","locations":[{"start":{"line":22,"column":68},"end":{"line":22,"column":70}}],"line":22},"3":{"loc":{"start":{"line":28,"column":8},"end":{"line":30,"column":9}},"type":"if","locations":[{"start":{"line":28,"column":8},"end":{"line":30,"column":9}},{"start":{},"end":{}}],"line":28},"4":{"loc":{"start":{"line":37,"column":22},"end":{"line":37,"column":112}},"type":"cond-expr","locations":[{"start":{"line":37,"column":69},"end":{"line":37,"column":91}},{"start":{"line":37,"column":95},"end":{"line":37,"column":111}}],"line":37},"5":{"loc":{"start":{"line":37,"column":22},"end":{"line":37,"column":66}},"type":"binary-expr","locations":[{"start":{"line":37,"column":22},"end":{"line":37,"column":32}},{"start":{"line":37,"column":36},"end":{"line":37,"column":66}}],"line":37},"6":{"loc":{"start":{"line":37,"column":95},"end":{"line":37,"column":111}},"type":"binary-expr","locations":[{"start":{"line":37,"column":95},"end":{"line":37,"column":105}},{"start":{"line":37,"column":109},"end":{"line":37,"column":111}}],"line":37},"7":{"loc":{"start":{"line":38,"column":26},"end":{"line":38,"column":46}},"type":"binary-expr","locations":[{"start":{"line":38,"column":26},"end":{"line":38,"column":40}},{"start":{"line":38,"column":44},"end":{"line":38,"column":46}}],"line":38},"8":{"loc":{"start":{"line":46,"column":12},"end":{"line":54,"column":13}},"type":"if","locations":[{"start":{"line":46,"column":12},"end":{"line":54,"column":13}},{"start":{},"end":{}}],"line":46},"9":{"loc":{"start":{"line":50,"column":36},"end":{"line":50,"column":58}},"type":"binary-expr","locations":[{"start":{"line":50,"column":36},"end":{"line":50,"column":52}},{"start":{"line":50,"column":56},"end":{"line":50,"column":58}}],"line":50},"10":{"loc":{"start":{"line":60,"column":15},"end":{"line":60,"column":34}},"type":"binary-expr","locations":[{"start":{"line":60,"column":15},"end":{"line":60,"column":28}},{"start":{"line":60,"column":32},"end":{"line":60,"column":34}}],"line":60},"11":{"loc":{"start":{"line":67,"column":12},"end":{"line":73,"column":13}},"type":"if","locations":[{"start":{"line":67,"column":12},"end":{"line":73,"column":13}},{"start":{},"end":{}}],"line":67},"12":{"loc":{"start":{"line":71,"column":36},"end":{"line":71,"column":63}},"type":"binary-expr","locations":[{"start":{"line":71,"column":36},"end":{"line":71,"column":57}},{"start":{"line":71,"column":61},"end":{"line":71,"column":63}}],"line":71},"13":{"loc":{"start":{"line":86,"column":12},"end":{"line":92,"column":13}},"type":"if","locations":[{"start":{"line":86,"column":12},"end":{"line":92,"column":13}},{"start":{},"end":{}}],"line":86},"14":{"loc":{"start":{"line":90,"column":36},"end":{"line":90,"column":63}},"type":"binary-expr","locations":[{"start":{"line":90,"column":36},"end":{"line":90,"column":57}},{"start":{"line":90,"column":61},"end":{"line":90,"column":63}}],"line":90},"15":{"loc":{"start":{"line":103,"column":24},"end":{"line":105,"column":86}},"type":"cond-expr","locations":[{"start":{"line":104,"column":18},"end":{"line":104,"column":61}},{"start":{"line":105,"column":18},"end":{"line":105,"column":86}}],"line":103},"16":{"loc":{"start":{"line":109,"column":12},"end":{"line":112,"column":13}},"type":"if","locations":[{"start":{"line":109,"column":12},"end":{"line":112,"column":13}},{"start":{},"end":{}}],"line":109},"17":{"loc":{"start":{"line":118,"column":16},"end":{"line":118,"column":33}},"type":"binary-expr","locations":[{"start":{"line":118,"column":16},"end":{"line":118,"column":27}},{"start":{"line":118,"column":31},"end":{"line":118,"column":33}}],"line":118},"18":{"loc":{"start":{"line":119,"column":13},"end":{"line":119,"column":99}},"type":"cond-expr","locations":[{"start":{"line":119,"column":44},"end":{"line":119,"column":67}},{"start":{"line":119,"column":70},"end":{"line":119,"column":99}}],"line":119},"19":{"loc":{"start":{"line":127,"column":12},"end":{"line":134,"column":13}},"type":"if","locations":[{"start":{"line":127,"column":12},"end":{"line":134,"column":13}},{"start":{},"end":{}}],"line":127},"20":{"loc":{"start":{"line":130,"column":16},"end":{"line":132,"column":17}},"type":"if","locations":[{"start":{"line":130,"column":16},"end":{"line":132,"column":17}},{"start":{},"end":{}}],"line":130},"21":{"loc":{"start":{"line":140,"column":16},"end":{"line":140,"column":33}},"type":"binary-expr","locations":[{"start":{"line":140,"column":16},"end":{"line":140,"column":27}},{"start":{"line":140,"column":31},"end":{"line":140,"column":33}}],"line":140},"22":{"loc":{"start":{"line":146,"column":8},"end":{"line":149,"column":9}},"type":"if","locations":[{"start":{"line":146,"column":8},"end":{"line":149,"column":9}},{"start":{},"end":{}}],"line":146},"23":{"loc":{"start":{"line":161,"column":12},"end":{"line":164,"column":13}},"type":"if","locations":[{"start":{"line":161,"column":12},"end":{"line":164,"column":13}},{"start":{},"end":{}}],"line":161},"24":{"loc":{"start":{"line":175,"column":12},"end":{"line":178,"column":13}},"type":"if","locations":[{"start":{"line":175,"column":12},"end":{"line":178,"column":13}},{"start":{},"end":{}}],"line":175},"25":{"loc":{"start":{"line":191,"column":12},"end":{"line":193,"column":13}},"type":"if","locations":[{"start":{"line":191,"column":12},"end":{"line":193,"column":13}},{"start":{},"end":{}}],"line":191},"26":{"loc":{"start":{"line":207,"column":12},"end":{"line":210,"column":13}},"type":"if","locations":[{"start":{"line":207,"column":12},"end":{"line":210,"column":13}},{"start":{},"end":{}}],"line":207},"27":{"loc":{"start":{"line":225,"column":12},"end":{"line":228,"column":13}},"type":"if","locations":[{"start":{"line":225,"column":12},"end":{"line":228,"column":13}},{"start":{},"end":{}}],"line":225},"28":{"loc":{"start":{"line":249,"column":29},"end":{"line":249,"column":162}},"type":"binary-expr","locations":[{"start":{"line":249,"column":29},"end":{"line":249,"column":45}},{"start":{"line":249,"column":50},"end":{"line":249,"column":161}}],"line":249},"29":{"loc":{"start":{"line":249,"column":50},"end":{"line":249,"column":161}},"type":"cond-expr","locations":[{"start":{"line":249,"column":88},"end":{"line":249,"column":105}},{"start":{"line":249,"column":109},"end":{"line":249,"column":160}}],"line":249},"30":{"loc":{"start":{"line":249,"column":109},"end":{"line":249,"column":160}},"type":"cond-expr","locations":[{"start":{"line":249,"column":133},"end":{"line":249,"column":155}},{"start":{"line":249,"column":158},"end":{"line":249,"column":160}}],"line":249},"31":{"loc":{"start":{"line":262,"column":12},"end":{"line":270,"column":13}},"type":"if","locations":[{"start":{"line":262,"column":12},"end":{"line":270,"column":13}},{"start":{},"end":{}}],"line":262},"32":{"loc":{"start":{"line":285,"column":12},"end":{"line":290,"column":13}},"type":"if","locations":[{"start":{"line":285,"column":12},"end":{"line":290,"column":13}},{"start":{},"end":{}}],"line":285},"33":{"loc":{"start":{"line":296,"column":15},"end":{"line":296,"column":32}},"type":"binary-expr","locations":[{"start":{"line":296,"column":15},"end":{"line":296,"column":26}},{"start":{"line":296,"column":30},"end":{"line":296,"column":32}}],"line":296},"34":{"loc":{"start":{"line":304,"column":12},"end":{"line":307,"column":13}},"type":"if","locations":[{"start":{"line":304,"column":12},"end":{"line":307,"column":13}},{"start":{},"end":{}}],"line":304}},"s":{"0":2,"1":2,"2":0,"3":0,"4":2,"5":0,"6":0,"7":0,"8":0,"9":0,"10":0,"11":0,"12":0,"13":0,"14":0,"15":0,"16":0,"17":0,"18":0,"19":0,"20":0,"21":0,"22":0,"23":0,"24":0,"25":0,"26":0,"27":0,"28":0,"29":0,"30":0,"31":0,"32":0,"33":0,"34":0,"35":0,"36":0,"37":0,"38":0,"39":0,"40":0,"41":0,"42":0,"43":0,"44":0,"45":0,"46":0,"47":0,"48":0,"49":0,"50":0,"51":0,"52":0,"53":0,"54":0,"55":0,"56":0,"57":0,"58":0,"59":0,"60":0,"61":0,"62":0,"63":0,"64":0,"65":0,"66":0,"67":0,"68":0,"69":0,"70":0,"71":0,"72":0,"73":0,"74":0,"75":0,"76":0,"77":0,"78":0,"79":0,"80":0,"81":0,"82":0,"83":0,"84":0,"85":0,"86":0,"87":0,"88":0,"89":0,"90":0,"91":0,"92":0,"93":0,"94":0,"95":0,"96":0,"97":0,"98":0,"99":0,"100":0,"101":0,"102":0,"103":0,"104":0,"105":0,"106":0,"107":0,"108":0,"109":0,"110":0,"111":0,"112":0,"113":0,"114":0,"115":0,"116":0,"117":0,"118":0,"119":0,"120":0,"121":0,"122":0,"123":0,"124":0,"125":0,"126":0,"127":0,"128":0,"129":0,"130":0,"131":0,"132":0,"133":0,"134":0,"135":0,"136":0,"137":0,"138":0,"139":0,"140":0,"141":0,"142":0,"143":0,"144":0,"145":0,"146":0,"147":2},"f":{"0":0,"1":0,"2":0,"3":0,"4":0,"5":0,"6":0,"7":0,"8":0,"9":0,"10":0,"11":0,"12":0,"13":0,"14":0,"15":0,"16":0,"17":0,"18":0,"19":0,"20":0,"21":0,"22":0,"23":0,"24":0},"b":{"0":[0,0],"1":[0,0],"2":[0],"3":[0,0],"4":[0,0],"5":[0,0],"6":[0,0],"7":[0,0],"8":[0,0],"9":[0,0],"10":[0,0],"11":[0,0],"12":[0,0],"13":[0,0],"14":[0,0],"15":[0,0],"16":[0,0],"17":[0,0],"18":[0,0],"19":[0,0],"20":[0,0],"21":[0,0],"22":[0,0],"23":[0,0],"24":[0,0],"25":[0,0],"26":[0,0],"27":[0,0],"28":[0,0],"29":[0,0],"30":[0,0],"31":[0,0],"32":[0,0],"33":[0,0],"34":[0,0]},"_coverageSchema":"1a1c01bbd47fc00a2c39e90264f33305004495a9","hash":"07955dfa4a199b2be053adc43a3d891a1ded54a5"}
,"/Users/chantreau/quotex/src/entities/author/api/SupabaseAuthorRepository.ts": {"path":"/Users/chantreau/quotex/src/entities/author/api/SupabaseAuthorRepository.ts","statementMap":{"0":{"start":{"line":10,"column":61},"end":{"line":10,"column":65}},"1":{"start":{"line":13,"column":4},"end":{"line":15,"column":5}},"2":{"start":{"line":14,"column":6},"end":{"line":14,"column":73}},"3":{"start":{"line":16,"column":4},"end":{"line":16,"column":45}},"4":{"start":{"line":22,"column":4},"end":{"line":22,"column":44}},"5":{"start":{"line":26,"column":4},"end":{"line":26,"column":49}},"6":{"start":{"line":30,"column":4},"end":{"line":30,"column":53}},"7":{"start":{"line":34,"column":4},"end":{"line":34,"column":42}},"8":{"start":{"line":38,"column":4},"end":{"line":38,"column":70}},"9":{"start":{"line":42,"column":17},"end":{"line":42,"column":58}},"10":{"start":{"line":43,"column":4},"end":{"line":55,"column":5}},"11":{"start":{"line":44,"column":20},"end":{"line":44,"column":41}},"12":{"start":{"line":45,"column":23},"end":{"line":45,"column":56}},"13":{"start":{"line":45,"column":39},"end":{"line":45,"column":55}},"14":{"start":{"line":46,"column":6},"end":{"line":48,"column":7}},"15":{"start":{"line":47,"column":8},"end":{"line":47,"column":24}},"16":{"start":{"line":49,"column":22},"end":{"line":49,"column":78}},"17":{"start":{"line":49,"column":37},"end":{"line":49,"column":77}},"18":{"start":{"line":50,"column":6},"end":{"line":52,"column":7}},"19":{"start":{"line":51,"column":8},"end":{"line":51,"column":27}},"20":{"start":{"line":53,"column":6},"end":{"line":53,"column":64}},"21":{"start":{"line":54,"column":6},"end":{"line":54,"column":18}},"22":{"start":{"line":56,"column":4},"end":{"line":56,"column":21}},"23":{"start":{"line":60,"column":17},"end":{"line":60,"column":52}},"24":{"start":{"line":61,"column":4},"end":{"line":73,"column":5}},"25":{"start":{"line":62,"column":20},"end":{"line":62,"column":41}},"26":{"start":{"line":63,"column":23},"end":{"line":63,"column":51}},"27":{"start":{"line":63,"column":39},"end":{"line":63,"column":50}},"28":{"start":{"line":64,"column":6},"end":{"line":66,"column":7}},"29":{"start":{"line":65,"column":8},"end":{"line":65,"column":24}},"30":{"start":{"line":67,"column":22},"end":{"line":67,"column":73}},"31":{"start":{"line":67,"column":37},"end":{"line":67,"column":72}},"32":{"start":{"line":68,"column":6},"end":{"line":70,"column":7}},"33":{"start":{"line":69,"column":8},"end":{"line":69,"column":27}},"34":{"start":{"line":71,"column":6},"end":{"line":71,"column":64}},"35":{"start":{"line":72,"column":6},"end":{"line":72,"column":18}},"36":{"start":{"line":74,"column":4},"end":{"line":74,"column":21}},"37":{"start":{"line":78,"column":17},"end":{"line":78,"column":74}},"38":{"start":{"line":79,"column":4},"end":{"line":91,"column":5}},"39":{"start":{"line":80,"column":20},"end":{"line":80,"column":41}},"40":{"start":{"line":81,"column":23},"end":{"line":81,"column":56}},"41":{"start":{"line":81,"column":39},"end":{"line":81,"column":55}},"42":{"start":{"line":82,"column":6},"end":{"line":84,"column":7}},"43":{"start":{"line":83,"column":8},"end":{"line":83,"column":24}},"44":{"start":{"line":85,"column":22},"end":{"line":85,"column":78}},"45":{"start":{"line":85,"column":37},"end":{"line":85,"column":77}},"46":{"start":{"line":86,"column":6},"end":{"line":88,"column":7}},"47":{"start":{"line":87,"column":8},"end":{"line":87,"column":27}},"48":{"start":{"line":89,"column":6},"end":{"line":89,"column":64}},"49":{"start":{"line":90,"column":6},"end":{"line":90,"column":18}},"50":{"start":{"line":92,"column":4},"end":{"line":92,"column":21}},"51":{"start":{"line":96,"column":16},"end":{"line":96,"column":56}},"52":{"start":{"line":97,"column":4},"end":{"line":97,"column":32}},"53":{"start":{"line":98,"column":4},"end":{"line":98,"column":15}},"54":{"start":{"line":102,"column":4},"end":{"line":102,"column":43}},"55":{"start":{"line":103,"column":4},"end":{"line":103,"column":30}},"56":{"start":{"line":107,"column":4},"end":{"line":107,"column":53}},"57":{"start":{"line":108,"column":4},"end":{"line":108,"column":30}},"58":{"start":{"line":112,"column":4},"end":{"line":112,"column":57}},"59":{"start":{"line":116,"column":17},"end":{"line":116,"column":57}},"60":{"start":{"line":117,"column":4},"end":{"line":129,"column":5}},"61":{"start":{"line":118,"column":20},"end":{"line":118,"column":41}},"62":{"start":{"line":119,"column":23},"end":{"line":119,"column":56}},"63":{"start":{"line":119,"column":39},"end":{"line":119,"column":55}},"64":{"start":{"line":120,"column":6},"end":{"line":122,"column":7}},"65":{"start":{"line":121,"column":8},"end":{"line":121,"column":24}},"66":{"start":{"line":123,"column":22},"end":{"line":123,"column":78}},"67":{"start":{"line":123,"column":37},"end":{"line":123,"column":77}},"68":{"start":{"line":124,"column":6},"end":{"line":126,"column":7}},"69":{"start":{"line":125,"column":8},"end":{"line":125,"column":27}},"70":{"start":{"line":127,"column":6},"end":{"line":127,"column":64}},"71":{"start":{"line":128,"column":6},"end":{"line":128,"column":18}},"72":{"start":{"line":130,"column":4},"end":{"line":130,"column":21}},"73":{"start":{"line":134,"column":20},"end":{"line":134,"column":52}},"74":{"start":{"line":135,"column":4},"end":{"line":135,"column":64}},"75":{"start":{"line":139,"column":18},"end":{"line":139,"column":48}},"76":{"start":{"line":140,"column":4},"end":{"line":140,"column":60}}},"fnMap":{"0":{"name":"(anonymous_0)","decl":{"start":{"line":12,"column":2},"end":{"line":12,"column":3}},"loc":{"start":{"line":12,"column":56},"end":{"line":17,"column":3}},"line":12},"1":{"name":"(anonymous_1)","decl":{"start":{"line":19,"column":2},"end":{"line":19,"column":3}},"loc":{"start":{"line":19,"column":16},"end":{"line":19,"column":18}},"line":19},"2":{"name":"(anonymous_2)","decl":{"start":{"line":21,"column":2},"end":{"line":21,"column":3}},"loc":{"start":{"line":21,"column":40},"end":{"line":23,"column":3}},"line":21},"3":{"name":"(anonymous_3)","decl":{"start":{"line":25,"column":2},"end":{"line":25,"column":3}},"loc":{"start":{"line":25,"column":63},"end":{"line":27,"column":3}},"line":25},"4":{"name":"(anonymous_4)","decl":{"start":{"line":29,"column":2},"end":{"line":29,"column":3}},"loc":{"start":{"line":29,"column":67},"end":{"line":31,"column":3}},"line":29},"5":{"name":"(anonymous_5)","decl":{"start":{"line":33,"column":2},"end":{"line":33,"column":3}},"loc":{"start":{"line":33,"column":36},"end":{"line":35,"column":3}},"line":33},"6":{"name":"(anonymous_6)","decl":{"start":{"line":37,"column":2},"end":{"line":37,"column":3}},"loc":{"start":{"line":37,"column":81},"end":{"line":39,"column":3}},"line":37},"7":{"name":"(anonymous_7)","decl":{"start":{"line":41,"column":2},"end":{"line":41,"column":3}},"loc":{"start":{"line":41,"column":65},"end":{"line":57,"column":3}},"line":41},"8":{"name":"(anonymous_8)","decl":{"start":{"line":45,"column":34},"end":{"line":45,"column":35}},"loc":{"start":{"line":45,"column":39},"end":{"line":45,"column":55}},"line":45},"9":{"name":"(anonymous_9)","decl":{"start":{"line":49,"column":32},"end":{"line":49,"column":33}},"loc":{"start":{"line":49,"column":37},"end":{"line":49,"column":77}},"line":49},"10":{"name":"(anonymous_10)","decl":{"start":{"line":59,"column":2},"end":{"line":59,"column":3}},"loc":{"start":{"line":59,"column":59},"end":{"line":75,"column":3}},"line":59},"11":{"name":"(anonymous_11)","decl":{"start":{"line":63,"column":34},"end":{"line":63,"column":35}},"loc":{"start":{"line":63,"column":39},"end":{"line":63,"column":50}},"line":63},"12":{"name":"(anonymous_12)","decl":{"start":{"line":67,"column":32},"end":{"line":67,"column":33}},"loc":{"start":{"line":67,"column":37},"end":{"line":67,"column":72}},"line":67},"13":{"name":"(anonymous_13)","decl":{"start":{"line":77,"column":2},"end":{"line":77,"column":3}},"loc":{"start":{"line":77,"column":81},"end":{"line":93,"column":3}},"line":77},"14":{"name":"(anonymous_14)","decl":{"start":{"line":81,"column":34},"end":{"line":81,"column":35}},"loc":{"start":{"line":81,"column":39},"end":{"line":81,"column":55}},"line":81},"15":{"name":"(anonymous_15)","decl":{"start":{"line":85,"column":32},"end":{"line":85,"column":33}},"loc":{"start":{"line":85,"column":37},"end":{"line":85,"column":77}},"line":85},"16":{"name":"(anonymous_16)","decl":{"start":{"line":95,"column":2},"end":{"line":95,"column":3}},"loc":{"start":{"line":95,"column":99},"end":{"line":99,"column":3}},"line":95},"17":{"name":"(anonymous_17)","decl":{"start":{"line":101,"column":2},"end":{"line":101,"column":3}},"loc":{"start":{"line":101,"column":50},"end":{"line":104,"column":3}},"line":101},"18":{"name":"(anonymous_18)","decl":{"start":{"line":106,"column":2},"end":{"line":106,"column":3}},"loc":{"start":{"line":106,"column":68},"end":{"line":109,"column":3}},"line":106},"19":{"name":"(anonymous_19)","decl":{"start":{"line":111,"column":2},"end":{"line":111,"column":3}},"loc":{"start":{"line":111,"column":59},"end":{"line":113,"column":3}},"line":111},"20":{"name":"(anonymous_20)","decl":{"start":{"line":115,"column":2},"end":{"line":115,"column":3}},"loc":{"start":{"line":115,"column":61},"end":{"line":131,"column":3}},"line":115},"21":{"name":"(anonymous_21)","decl":{"start":{"line":119,"column":34},"end":{"line":119,"column":35}},"loc":{"start":{"line":119,"column":39},"end":{"line":119,"column":55}},"line":119},"22":{"name":"(anonymous_22)","decl":{"start":{"line":123,"column":32},"end":{"line":123,"column":33}},"loc":{"start":{"line":123,"column":37},"end":{"line":123,"column":77}},"line":123},"23":{"name":"(anonymous_23)","decl":{"start":{"line":133,"column":2},"end":{"line":133,"column":3}},"loc":{"start":{"line":133,"column":48},"end":{"line":136,"column":3}},"line":133},"24":{"name":"(anonymous_24)","decl":{"start":{"line":138,"column":2},"end":{"line":138,"column":3}},"loc":{"start":{"line":138,"column":46},"end":{"line":141,"column":3}},"line":138}},"branchMap":{"0":{"loc":{"start":{"line":13,"column":4},"end":{"line":15,"column":5}},"type":"if","locations":[{"start":{"line":13,"column":4},"end":{"line":15,"column":5}},{"start":{},"end":{}}],"line":13},"1":{"loc":{"start":{"line":43,"column":4},"end":{"line":55,"column":5}},"type":"if","locations":[{"start":{"line":43,"column":4},"end":{"line":55,"column":5}},{"start":{},"end":{}}],"line":43},"2":{"loc":{"start":{"line":46,"column":6},"end":{"line":48,"column":7}},"type":"if","locations":[{"start":{"line":46,"column":6},"end":{"line":48,"column":7}},{"start":{},"end":{}}],"line":46},"3":{"loc":{"start":{"line":46,"column":10},"end":{"line":46,"column":71}},"type":"binary-expr","locations":[{"start":{"line":46,"column":10},"end":{"line":46,"column":18}},{"start":{"line":46,"column":22},"end":{"line":46,"column":71}}],"line":46},"4":{"loc":{"start":{"line":49,"column":37},"end":{"line":49,"column":77}},"type":"cond-expr","locations":[{"start":{"line":49,"column":56},"end":{"line":49,"column":73}},{"start":{"line":49,"column":76},"end":{"line":49,"column":77}}],"line":49},"5":{"loc":{"start":{"line":50,"column":6},"end":{"line":52,"column":7}},"type":"if","locations":[{"start":{"line":50,"column":6},"end":{"line":52,"column":7}},{"start":{},"end":{}}],"line":50},"6":{"loc":{"start":{"line":61,"column":4},"end":{"line":73,"column":5}},"type":"if","locations":[{"start":{"line":61,"column":4},"end":{"line":73,"column":5}},{"start":{},"end":{}}],"line":61},"7":{"loc":{"start":{"line":64,"column":6},"end":{"line":66,"column":7}},"type":"if","locations":[{"start":{"line":64,"column":6},"end":{"line":66,"column":7}},{"start":{},"end":{}}],"line":64},"8":{"loc":{"start":{"line":64,"column":10},"end":{"line":64,"column":71}},"type":"binary-expr","locations":[{"start":{"line":64,"column":10},"end":{"line":64,"column":18}},{"start":{"line":64,"column":22},"end":{"line":64,"column":71}}],"line":64},"9":{"loc":{"start":{"line":67,"column":37},"end":{"line":67,"column":72}},"type":"cond-expr","locations":[{"start":{"line":67,"column":51},"end":{"line":67,"column":68}},{"start":{"line":67,"column":71},"end":{"line":67,"column":72}}],"line":67},"10":{"loc":{"start":{"line":68,"column":6},"end":{"line":70,"column":7}},"type":"if","locations":[{"start":{"line":68,"column":6},"end":{"line":70,"column":7}},{"start":{},"end":{}}],"line":68},"11":{"loc":{"start":{"line":79,"column":4},"end":{"line":91,"column":5}},"type":"if","locations":[{"start":{"line":79,"column":4},"end":{"line":91,"column":5}},{"start":{},"end":{}}],"line":79},"12":{"loc":{"start":{"line":82,"column":6},"end":{"line":84,"column":7}},"type":"if","locations":[{"start":{"line":82,"column":6},"end":{"line":84,"column":7}},{"start":{},"end":{}}],"line":82},"13":{"loc":{"start":{"line":82,"column":10},"end":{"line":82,"column":71}},"type":"binary-expr","locations":[{"start":{"line":82,"column":10},"end":{"line":82,"column":18}},{"start":{"line":82,"column":22},"end":{"line":82,"column":71}}],"line":82},"14":{"loc":{"start":{"line":85,"column":37},"end":{"line":85,"column":77}},"type":"cond-expr","locations":[{"start":{"line":85,"column":56},"end":{"line":85,"column":73}},{"start":{"line":85,"column":76},"end":{"line":85,"column":77}}],"line":85},"15":{"loc":{"start":{"line":86,"column":6},"end":{"line":88,"column":7}},"type":"if","locations":[{"start":{"line":86,"column":6},"end":{"line":88,"column":7}},{"start":{},"end":{}}],"line":86},"16":{"loc":{"start":{"line":117,"column":4},"end":{"line":129,"column":5}},"type":"if","locations":[{"start":{"line":117,"column":4},"end":{"line":129,"column":5}},{"start":{},"end":{}}],"line":117},"17":{"loc":{"start":{"line":120,"column":6},"end":{"line":122,"column":7}},"type":"if","locations":[{"start":{"line":120,"column":6},"end":{"line":122,"column":7}},{"start":{},"end":{}}],"line":120},"18":{"loc":{"start":{"line":120,"column":10},"end":{"line":120,"column":71}},"type":"binary-expr","locations":[{"start":{"line":120,"column":10},"end":{"line":120,"column":18}},{"start":{"line":120,"column":22},"end":{"line":120,"column":71}}],"line":120},"19":{"loc":{"start":{"line":123,"column":37},"end":{"line":123,"column":77}},"type":"cond-expr","locations":[{"start":{"line":123,"column":56},"end":{"line":123,"column":73}},{"start":{"line":123,"column":76},"end":{"line":123,"column":77}}],"line":123},"20":{"loc":{"start":{"line":124,"column":6},"end":{"line":126,"column":7}},"type":"if","locations":[{"start":{"line":124,"column":6},"end":{"line":126,"column":7}},{"start":{},"end":{}}],"line":124}},"s":{"0":3,"1":6,"2":4,"3":6,"4":0,"5":0,"6":0,"7":0,"8":0,"9":0,"10":0,"11":0,"12":0,"13":0,"14":0,"15":0,"16":0,"17":0,"18":0,"19":0,"20":0,"21":0,"22":0,"23":0,"24":0,"25":0,"26":0,"27":0,"28":0,"29":0,"30":0,"31":0,"32":0,"33":0,"34":0,"35":0,"36":0,"37":0,"38":0,"39":0,"40":0,"41":0,"42":0,"43":0,"44":0,"45":0,"46":0,"47":0,"48":0,"49":0,"50":0,"51":1,"52":1,"53":1,"54":1,"55":1,"56":1,"57":1,"58":0,"59":0,"60":0,"61":0,"62":0,"63":0,"64":0,"65":0,"66":0,"67":0,"68":0,"69":0,"70":0,"71":0,"72":0,"73":1,"74":1,"75":2,"76":2},"f":{"0":6,"1":4,"2":0,"3":0,"4":0,"5":0,"6":0,"7":0,"8":0,"9":0,"10":0,"11":0,"12":0,"13":0,"14":0,"15":0,"16":1,"17":1,"18":1,"19":0,"20":0,"21":0,"22":0,"23":1,"24":2},"b":{"0":[4,2],"1":[0,0],"2":[0,0],"3":[0,0],"4":[0,0],"5":[0,0],"6":[0,0],"7":[0,0],"8":[0,0],"9":[0,0],"10":[0,0],"11":[0,0],"12":[0,0],"13":[0,0],"14":[0,0],"15":[0,0],"16":[0,0],"17":[0,0],"18":[0,0],"19":[0,0],"20":[0,0]},"_coverageSchema":"1a1c01bbd47fc00a2c39e90264f33305004495a9","hash":"075e221b22d94e36e40fd92d7f71707a6a30c242"}
,"/Users/chantreau/quotex/src/entities/author/providers/AuthorProvider.tsx": {"path":"/Users/chantreau/quotex/src/entities/author/providers/AuthorProvider.tsx","statementMap":{"0":{"start":{"line":11,"column":30},"end":{"line":38,"column":1}},"1":{"start":{"line":12,"column":27},"end":{"line":12,"column":84}},"2":{"start":{"line":12,"column":41},"end":{"line":12,"column":79}},"3":{"start":{"line":13,"column":22},"end":{"line":13,"column":38}},"4":{"start":{"line":15,"column":33},"end":{"line":18,"column":4}},"5":{"start":{"line":17,"column":19},"end":{"line":17,"column":48}},"6":{"start":{"line":20,"column":31},"end":{"line":23,"column":4}},"7":{"start":{"line":22,"column":19},"end":{"line":22,"column":46}},"8":{"start":{"line":25,"column":25},"end":{"line":27,"column":19}},"9":{"start":{"line":26,"column":4},"end":{"line":26,"column":67}},"10":{"start":{"line":29,"column":23},"end":{"line":31,"column":19}},"11":{"start":{"line":30,"column":4},"end":{"line":30,"column":65}},"12":{"start":{"line":34,"column":2},"end":{"line":34,"column":40}},"13":{"start":{"line":35,"column":2},"end":{"line":35,"column":46}},"14":{"start":{"line":37,"column":2},"end":{"line":37,"column":25}},"15":{"start":{"line":41,"column":25},"end":{"line":126,"column":1}},"16":{"start":{"line":42,"column":22},"end":{"line":42,"column":38}},"17":{"start":{"line":43,"column":27},"end":{"line":43,"column":84}},"18":{"start":{"line":43,"column":41},"end":{"line":43,"column":79}},"19":{"start":{"line":45,"column":87},"end":{"line":48,"column":4}},"20":{"start":{"line":47,"column":19},"end":{"line":47,"column":48}},"21":{"start":{"line":50,"column":81},"end":{"line":53,"column":4}},"22":{"start":{"line":52,"column":19},"end":{"line":52,"column":46}},"23":{"start":{"line":55,"column":25},"end":{"line":58,"column":3}},"24":{"start":{"line":56,"column":4},"end":{"line":56,"column":57}},"25":{"start":{"line":56,"column":16},"end":{"line":56,"column":57}},"26":{"start":{"line":57,"column":4},"end":{"line":57,"column":27}},"27":{"start":{"line":60,"column":23},"end":{"line":63,"column":3}},"28":{"start":{"line":61,"column":4},"end":{"line":61,"column":55}},"29":{"start":{"line":61,"column":16},"end":{"line":61,"column":55}},"30":{"start":{"line":62,"column":4},"end":{"line":62,"column":25}},"31":{"start":{"line":65,"column":35},"end":{"line":68,"column":4}},"32":{"start":{"line":66,"column":32},"end":{"line":66,"column":69}},"33":{"start":{"line":67,"column":21},"end":{"line":67,"column":77}},"34":{"start":{"line":70,"column":33},"end":{"line":87,"column":4}},"35":{"start":{"line":71,"column":32},"end":{"line":71,"column":67}},"36":{"start":{"line":73,"column":6},"end":{"line":73,"column":63}},"37":{"start":{"line":74,"column":28},"end":{"line":74,"column":71}},"38":{"start":{"line":75,"column":6},"end":{"line":80,"column":7}},"39":{"start":{"line":76,"column":8},"end":{"line":79,"column":11}},"40":{"start":{"line":77,"column":10},"end":{"line":77,"column":30}},"41":{"start":{"line":77,"column":20},"end":{"line":77,"column":30}},"42":{"start":{"line":78,"column":10},"end":{"line":78,"column":79}},"43":{"start":{"line":78,"column":30},"end":{"line":78,"column":77}},"44":{"start":{"line":81,"column":6},"end":{"line":81,"column":31}},"45":{"start":{"line":84,"column":6},"end":{"line":84,"column":85}},"46":{"start":{"line":84,"column":30},"end":{"line":84,"column":85}},"47":{"start":{"line":86,"column":21},"end":{"line":86,"column":75}},"48":{"start":{"line":89,"column":35},"end":{"line":106,"column":4}},"49":{"start":{"line":90,"column":68},"end":{"line":90,"column":113}},"50":{"start":{"line":92,"column":6},"end":{"line":92,"column":63}},"51":{"start":{"line":93,"column":28},"end":{"line":93,"column":71}},"52":{"start":{"line":94,"column":6},"end":{"line":99,"column":7}},"53":{"start":{"line":95,"column":8},"end":{"line":98,"column":11}},"54":{"start":{"line":96,"column":10},"end":{"line":96,"column":30}},"55":{"start":{"line":96,"column":20},"end":{"line":96,"column":30}},"56":{"start":{"line":97,"column":10},"end":{"line":97,"column":88}},"57":{"start":{"line":97,"column":30},"end":{"line":97,"column":86}},"58":{"start":{"line":100,"column":6},"end":{"line":100,"column":31}},"59":{"start":{"line":103,"column":6},"end":{"line":103,"column":85}},"60":{"start":{"line":103,"column":30},"end":{"line":103,"column":85}},"61":{"start":{"line":105,"column":21},"end":{"line":105,"column":75}},"62":{"start":{"line":108,"column":2},"end":{"line":125,"column":4}},"63":{"start":{"line":114,"column":39},"end":{"line":114,"column":77}},"64":{"start":{"line":115,"column":35},"end":{"line":115,"column":69}},"65":{"start":{"line":116,"column":65},"end":{"line":116,"column":120}},"66":{"start":{"line":117,"column":39},"end":{"line":117,"column":77}},"67":{"start":{"line":118,"column":33},"end":{"line":118,"column":65}},"68":{"start":{"line":119,"column":45},"end":{"line":119,"column":89}},"69":{"start":{"line":120,"column":44},"end":{"line":120,"column":84}},"70":{"start":{"line":121,"column":44},"end":{"line":121,"column":89}},"71":{"start":{"line":122,"column":62},"end":{"line":122,"column":121}},"72":{"start":{"line":123,"column":43},"end":{"line":123,"column":85}},"73":{"start":{"line":124,"column":35},"end":{"line":124,"column":72}}},"fnMap":{"0":{"name":"(anonymous_0)","decl":{"start":{"line":11,"column":30},"end":{"line":11,"column":31}},"loc":{"start":{"line":11,"column":73},"end":{"line":38,"column":1}},"line":11},"1":{"name":"(anonymous_1)","decl":{"start":{"line":12,"column":35},"end":{"line":12,"column":36}},"loc":{"start":{"line":12,"column":41},"end":{"line":12,"column":79}},"line":12},"2":{"name":"(anonymous_2)","decl":{"start":{"line":17,"column":13},"end":{"line":17,"column":14}},"loc":{"start":{"line":17,"column":19},"end":{"line":17,"column":48}},"line":17},"3":{"name":"(anonymous_3)","decl":{"start":{"line":22,"column":13},"end":{"line":22,"column":14}},"loc":{"start":{"line":22,"column":19},"end":{"line":22,"column":46}},"line":22},"4":{"name":"(anonymous_4)","decl":{"start":{"line":25,"column":37},"end":{"line":25,"column":38}},"loc":{"start":{"line":25,"column":49},"end":{"line":27,"column":3}},"line":25},"5":{"name":"(anonymous_5)","decl":{"start":{"line":29,"column":35},"end":{"line":29,"column":36}},"loc":{"start":{"line":29,"column":47},"end":{"line":31,"column":3}},"line":29},"6":{"name":"(anonymous_6)","decl":{"start":{"line":41,"column":25},"end":{"line":41,"column":26}},"loc":{"start":{"line":41,"column":31},"end":{"line":126,"column":1}},"line":41},"7":{"name":"(anonymous_7)","decl":{"start":{"line":43,"column":35},"end":{"line":43,"column":36}},"loc":{"start":{"line":43,"column":41},"end":{"line":43,"column":79}},"line":43},"8":{"name":"(anonymous_8)","decl":{"start":{"line":47,"column":13},"end":{"line":47,"column":14}},"loc":{"start":{"line":47,"column":19},"end":{"line":47,"column":48}},"line":47},"9":{"name":"(anonymous_9)","decl":{"start":{"line":52,"column":13},"end":{"line":52,"column":14}},"loc":{"start":{"line":52,"column":19},"end":{"line":52,"column":46}},"line":52},"10":{"name":"(anonymous_10)","decl":{"start":{"line":55,"column":25},"end":{"line":55,"column":26}},"loc":{"start":{"line":55,"column":52},"end":{"line":58,"column":3}},"line":55},"11":{"name":"(anonymous_11)","decl":{"start":{"line":60,"column":23},"end":{"line":60,"column":24}},"loc":{"start":{"line":60,"column":50},"end":{"line":63,"column":3}},"line":60},"12":{"name":"(anonymous_12)","decl":{"start":{"line":66,"column":16},"end":{"line":66,"column":17}},"loc":{"start":{"line":66,"column":32},"end":{"line":66,"column":69}},"line":66},"13":{"name":"(anonymous_13)","decl":{"start":{"line":67,"column":15},"end":{"line":67,"column":16}},"loc":{"start":{"line":67,"column":21},"end":{"line":67,"column":77}},"line":67},"14":{"name":"(anonymous_14)","decl":{"start":{"line":71,"column":16},"end":{"line":71,"column":17}},"loc":{"start":{"line":71,"column":32},"end":{"line":71,"column":67}},"line":71},"15":{"name":"(anonymous_15)","decl":{"start":{"line":72,"column":14},"end":{"line":72,"column":15}},"loc":{"start":{"line":72,"column":28},"end":{"line":82,"column":5}},"line":72},"16":{"name":"(anonymous_16)","decl":{"start":{"line":76,"column":52},"end":{"line":76,"column":53}},"loc":{"start":{"line":76,"column":59},"end":{"line":79,"column":9}},"line":76},"17":{"name":"(anonymous_17)","decl":{"start":{"line":78,"column":25},"end":{"line":78,"column":26}},"loc":{"start":{"line":78,"column":30},"end":{"line":78,"column":77}},"line":78},"18":{"name":"(anonymous_18)","decl":{"start":{"line":83,"column":13},"end":{"line":83,"column":14}},"loc":{"start":{"line":83,"column":31},"end":{"line":85,"column":5}},"line":83},"19":{"name":"(anonymous_19)","decl":{"start":{"line":86,"column":15},"end":{"line":86,"column":16}},"loc":{"start":{"line":86,"column":21},"end":{"line":86,"column":75}},"line":86},"20":{"name":"(anonymous_20)","decl":{"start":{"line":90,"column":16},"end":{"line":90,"column":17}},"loc":{"start":{"line":90,"column":68},"end":{"line":90,"column":113}},"line":90},"21":{"name":"(anonymous_21)","decl":{"start":{"line":91,"column":14},"end":{"line":91,"column":15}},"loc":{"start":{"line":91,"column":40},"end":{"line":101,"column":5}},"line":91},"22":{"name":"(anonymous_22)","decl":{"start":{"line":95,"column":52},"end":{"line":95,"column":53}},"loc":{"start":{"line":95,"column":59},"end":{"line":98,"column":9}},"line":95},"23":{"name":"(anonymous_23)","decl":{"start":{"line":97,"column":25},"end":{"line":97,"column":26}},"loc":{"start":{"line":97,"column":30},"end":{"line":97,"column":86}},"line":97},"24":{"name":"(anonymous_24)","decl":{"start":{"line":102,"column":13},"end":{"line":102,"column":14}},"loc":{"start":{"line":102,"column":38},"end":{"line":104,"column":5}},"line":102},"25":{"name":"(anonymous_25)","decl":{"start":{"line":105,"column":15},"end":{"line":105,"column":16}},"loc":{"start":{"line":105,"column":21},"end":{"line":105,"column":75}},"line":105},"26":{"name":"(anonymous_26)","decl":{"start":{"line":114,"column":21},"end":{"line":114,"column":22}},"loc":{"start":{"line":114,"column":39},"end":{"line":114,"column":77}},"line":114},"27":{"name":"(anonymous_27)","decl":{"start":{"line":115,"column":19},"end":{"line":115,"column":20}},"loc":{"start":{"line":115,"column":35},"end":{"line":115,"column":69}},"line":115},"28":{"name":"(anonymous_28)","decl":{"start":{"line":116,"column":22},"end":{"line":116,"column":23}},"loc":{"start":{"line":116,"column":65},"end":{"line":116,"column":120}},"line":116},"29":{"name":"(anonymous_29)","decl":{"start":{"line":117,"column":20},"end":{"line":117,"column":21}},"loc":{"start":{"line":117,"column":39},"end":{"line":117,"column":77}},"line":117},"30":{"name":"(anonymous_30)","decl":{"start":{"line":118,"column":17},"end":{"line":118,"column":18}},"loc":{"start":{"line":118,"column":33},"end":{"line":118,"column":65}},"line":118},"31":{"name":"(anonymous_31)","decl":{"start":{"line":119,"column":28},"end":{"line":119,"column":29}},"loc":{"start":{"line":119,"column":45},"end":{"line":119,"column":89}},"line":119},"32":{"name":"(anonymous_32)","decl":{"start":{"line":120,"column":22},"end":{"line":120,"column":23}},"loc":{"start":{"line":120,"column":44},"end":{"line":120,"column":84}},"line":120},"33":{"name":"(anonymous_33)","decl":{"start":{"line":121,"column":20},"end":{"line":121,"column":21}},"loc":{"start":{"line":121,"column":42},"end":{"line":121,"column":91}},"line":121},"34":{"name":"(anonymous_34)","decl":{"start":{"line":122,"column":22},"end":{"line":122,"column":23}},"loc":{"start":{"line":122,"column":60},"end":{"line":122,"column":123}},"line":122},"35":{"name":"(anonymous_35)","decl":{"start":{"line":123,"column":21},"end":{"line":123,"column":22}},"loc":{"start":{"line":123,"column":43},"end":{"line":123,"column":85}},"line":123},"36":{"name":"(anonymous_36)","decl":{"start":{"line":124,"column":16},"end":{"line":124,"column":17}},"loc":{"start":{"line":124,"column":35},"end":{"line":124,"column":72}},"line":124}},"branchMap":{"0":{"loc":{"start":{"line":15,"column":16},"end":{"line":15,"column":28}},"type":"default-arg","locations":[{"start":{"line":15,"column":26},"end":{"line":15,"column":28}}],"line":15},"1":{"loc":{"start":{"line":20,"column":16},"end":{"line":20,"column":26}},"type":"default-arg","locations":[{"start":{"line":20,"column":24},"end":{"line":20,"column":26}}],"line":20},"2":{"loc":{"start":{"line":45,"column":16},"end":{"line":45,"column":28}},"type":"default-arg","locations":[{"start":{"line":45,"column":26},"end":{"line":45,"column":28}}],"line":45},"3":{"loc":{"start":{"line":50,"column":16},"end":{"line":50,"column":26}},"type":"default-arg","locations":[{"start":{"line":50,"column":24},"end":{"line":50,"column":26}}],"line":50},"4":{"loc":{"start":{"line":56,"column":4},"end":{"line":56,"column":57}},"type":"if","locations":[{"start":{"line":56,"column":4},"end":{"line":56,"column":57}},{"start":{},"end":{}}],"line":56},"5":{"loc":{"start":{"line":61,"column":4},"end":{"line":61,"column":55}},"type":"if","locations":[{"start":{"line":61,"column":4},"end":{"line":61,"column":55}},{"start":{},"end":{}}],"line":61},"6":{"loc":{"start":{"line":75,"column":6},"end":{"line":80,"column":7}},"type":"if","locations":[{"start":{"line":75,"column":6},"end":{"line":80,"column":7}},{"start":{},"end":{}}],"line":75},"7":{"loc":{"start":{"line":77,"column":10},"end":{"line":77,"column":30}},"type":"if","locations":[{"start":{"line":77,"column":10},"end":{"line":77,"column":30}},{"start":{},"end":{}}],"line":77},"8":{"loc":{"start":{"line":78,"column":30},"end":{"line":78,"column":77}},"type":"cond-expr","locations":[{"start":{"line":78,"column":44},"end":{"line":78,"column":73}},{"start":{"line":78,"column":76},"end":{"line":78,"column":77}}],"line":78},"9":{"loc":{"start":{"line":84,"column":6},"end":{"line":84,"column":85}},"type":"if","locations":[{"start":{"line":84,"column":6},"end":{"line":84,"column":85}},{"start":{},"end":{}}],"line":84},"10":{"loc":{"start":{"line":94,"column":6},"end":{"line":99,"column":7}},"type":"if","locations":[{"start":{"line":94,"column":6},"end":{"line":99,"column":7}},{"start":{},"end":{}}],"line":94},"11":{"loc":{"start":{"line":96,"column":10},"end":{"line":96,"column":30}},"type":"if","locations":[{"start":{"line":96,"column":10},"end":{"line":96,"column":30}},{"start":{},"end":{}}],"line":96},"12":{"loc":{"start":{"line":97,"column":30},"end":{"line":97,"column":86}},"type":"cond-expr","locations":[{"start":{"line":97,"column":44},"end":{"line":97,"column":82}},{"start":{"line":97,"column":85},"end":{"line":97,"column":86}}],"line":97},"13":{"loc":{"start":{"line":103,"column":6},"end":{"line":103,"column":85}},"type":"if","locations":[{"start":{"line":103,"column":6},"end":{"line":103,"column":85}},{"start":{},"end":{}}],"line":103},"14":{"loc":{"start":{"line":111,"column":15},"end":{"line":111,"column":49}},"type":"binary-expr","locations":[{"start":{"line":111,"column":15},"end":{"line":111,"column":31}},{"start":{"line":111,"column":35},"end":{"line":111,"column":49}}],"line":111}},"s":{"0":2,"1":13,"2":4,"3":13,"4":13,"5":0,"6":13,"7":3,"8":13,"9":0,"10":13,"11":0,"12":13,"13":13,"14":13,"15":2,"16":13,"17":13,"18":4,"19":13,"20":6,"21":13,"22":6,"23":13,"24":0,"25":0,"26":0,"27":13,"28":0,"29":0,"30":0,"31":13,"32":0,"33":0,"34":13,"35":2,"36":2,"37":2,"38":2,"39":2,"40":2,"41":0,"42":2,"43":2,"44":2,"45":1,"46":1,"47":2,"48":13,"49":1,"50":1,"51":1,"52":1,"53":1,"54":1,"55":0,"56":1,"57":1,"58":1,"59":0,"60":0,"61":1,"62":13,"63":0,"64":0,"65":0,"66":0,"67":0,"68":0,"69":0,"70":2,"71":1,"72":0,"73":0},"f":{"0":13,"1":4,"2":0,"3":3,"4":0,"5":0,"6":13,"7":4,"8":6,"9":6,"10":0,"11":0,"12":0,"13":0,"14":2,"15":2,"16":2,"17":2,"18":1,"19":2,"20":1,"21":1,"22":1,"23":1,"24":0,"25":1,"26":0,"27":0,"28":0,"29":0,"30":0,"31":0,"32":0,"33":2,"34":1,"35":0,"36":0},"b":{"0":[6],"1":[6],"2":[6],"3":[6],"4":[0,0],"5":[0,0],"6":[2,0],"7":[0,2],"8":[2,0],"9":[1,0],"10":[1,0],"11":[0,1],"12":[1,0],"13":[0,0],"14":[13,7]},"_coverageSchema":"1a1c01bbd47fc00a2c39e90264f33305004495a9","hash":"dd4ef5eceb0702fadefd1959cb4cd8c325633a42"}
,"/Users/chantreau/quotex/src/entities/book/ui/BookCardItem.tsx": {"path":"/Users/chantreau/quotex/src/entities/book/ui/BookCardItem.tsx","statementMap":{"0":{"start":{"line":32,"column":21},"end":{"line":84,"column":2}},"1":{"start":{"line":33,"column":21},"end":{"line":33,"column":31}},"2":{"start":{"line":34,"column":17},"end":{"line":34,"column":62}},"3":{"start":{"line":34,"column":31},"end":{"line":34,"column":51}},"4":{"start":{"line":35,"column":29},"end":{"line":35,"column":49}},"5":{"start":{"line":37,"column":22},"end":{"line":43,"column":26}},"6":{"start":{"line":38,"column":4},"end":{"line":38,"column":41}},"7":{"start":{"line":38,"column":29},"end":{"line":38,"column":41}},"8":{"start":{"line":39,"column":4},"end":{"line":42,"column":6}},"9":{"start":{"line":45,"column":2},"end":{"line":83,"column":4}},"10":{"start":{"line":47,"column":30},"end":{"line":50,"column":7}},"11":{"start":{"line":51,"column":21},"end":{"line":51,"column":78}},"12":{"start":{"line":86,"column":0},"end":{"line":86,"column":42}},"13":{"start":{"line":88,"column":21},"end":{"line":178,"column":2}},"14":{"start":{"line":88,"column":46},"end":{"line":178,"column":2}}},"fnMap":{"0":{"name":"(anonymous_0)","decl":{"start":{"line":32,"column":32},"end":{"line":32,"column":33}},"loc":{"start":{"line":32,"column":65},"end":{"line":84,"column":1}},"line":32},"1":{"name":"(anonymous_1)","decl":{"start":{"line":34,"column":25},"end":{"line":34,"column":26}},"loc":{"start":{"line":34,"column":31},"end":{"line":34,"column":51}},"line":34},"2":{"name":"(anonymous_2)","decl":{"start":{"line":37,"column":30},"end":{"line":37,"column":31}},"loc":{"start":{"line":37,"column":36},"end":{"line":43,"column":3}},"line":37},"3":{"name":"(anonymous_3)","decl":{"start":{"line":47,"column":13},"end":{"line":47,"column":14}},"loc":{"start":{"line":47,"column":30},"end":{"line":50,"column":7}},"line":47},"4":{"name":"(anonymous_4)","decl":{"start":{"line":51,"column":15},"end":{"line":51,"column":16}},"loc":{"start":{"line":51,"column":21},"end":{"line":51,"column":78}},"line":51},"5":{"name":"(anonymous_5)","decl":{"start":{"line":88,"column":21},"end":{"line":88,"column":22}},"loc":{"start":{"line":88,"column":46},"end":{"line":178,"column":2}},"line":88}},"branchMap":{"0":{"loc":{"start":{"line":38,"column":4},"end":{"line":38,"column":41}},"type":"if","locations":[{"start":{"line":38,"column":4},"end":{"line":38,"column":41}},{"start":{},"end":{}}],"line":38},"1":{"loc":{"start":{"line":49,"column":19},"end":{"line":49,"column":37}},"type":"cond-expr","locations":[{"start":{"line":49,"column":29},"end":{"line":49,"column":33}},{"start":{"line":49,"column":36},"end":{"line":49,"column":37}}],"line":49},"2":{"loc":{"start":{"line":51,"column":36},"end":{"line":51,"column":57}},"type":"binary-expr","locations":[{"start":{"line":51,"column":36},"end":{"line":51,"column":43}},{"start":{"line":51,"column":47},"end":{"line":51,"column":57}}],"line":51},"3":{"loc":{"start":{"line":54,"column":9},"end":{"line":58,"column":9}},"type":"cond-expr","locations":[{"start":{"line":55,"column":10},"end":{"line":55,"column":77}},{"start":{"line":57,"column":10},"end":{"line":57,"column":58}}],"line":54},"4":{"loc":{"start":{"line":62,"column":13},"end":{"line":62,"column":98}},"type":"binary-expr","locations":[{"start":{"line":62,"column":13},"end":{"line":62,"column":42}},{"start":{"line":62,"column":46},"end":{"line":62,"column":98}}],"line":62},"5":{"loc":{"start":{"line":68,"column":20},"end":{"line":68,"column":88}},"type":"cond-expr","locations":[{"start":{"line":68,"column":46},"end":{"line":68,"column":69}},{"start":{"line":68,"column":72},"end":{"line":68,"column":88}}],"line":68},"6":{"loc":{"start":{"line":70,"column":13},"end":{"line":76,"column":13}},"type":"binary-expr","locations":[{"start":{"line":70,"column":13},"end":{"line":70,"column":31}},{"start":{"line":70,"column":35},"end":{"line":70,"column":46}},{"start":{"line":71,"column":14},"end":{"line":75,"column":21}}],"line":70},"7":{"loc":{"start":{"line":78,"column":11},"end":{"line":78,"column":115}},"type":"binary-expr","locations":[{"start":{"line":78,"column":11},"end":{"line":78,"column":27}},{"start":{"line":78,"column":31},"end":{"line":78,"column":115}}],"line":78},"8":{"loc":{"start":{"line":79,"column":72},"end":{"line":79,"column":102}},"type":"cond-expr","locations":[{"start":{"line":79,"column":94},"end":{"line":79,"column":97}},{"start":{"line":79,"column":100},"end":{"line":79,"column":102}}],"line":79}},"s":{"0":1,"1":4,"2":4,"3":4,"4":4,"5":4,"6":4,"7":0,"8":4,"9":4,"10":4,"11":1,"12":1,"13":1,"14":4},"f":{"0":4,"1":4,"2":4,"3":4,"4":1,"5":4},"b":{"0":[0,4],"1":[0,4],"2":[1,0],"3":[4,0],"4":[4,4],"5":[3,1],"6":[4,4,4],"7":[4,4],"8":[4,0]},"_coverageSchema":"1a1c01bbd47fc00a2c39e90264f33305004495a9","hash":"f50416bef3d794cc03bd00de3a3aadf453a700e3"}
,"/Users/chantreau/quotex/src/entities/quote/api/QuoteService.ts": {"path":"/Users/chantreau/quotex/src/entities/quote/api/QuoteService.ts","statementMap":{"0":{"start":{"line":12,"column":14},"end":{"line":12,"column":93}},"1":{"start":{"line":12,"column":30},"end":{"line":12,"column":93}},"2":{"start":{"line":12,"column":55},"end":{"line":12,"column":92}},"3":{"start":{"line":25,"column":20},"end":{"line":25,"column":22}},"4":{"start":{"line":28,"column":20},"end":{"line":28,"column":48}},"5":{"start":{"line":29,"column":24},"end":{"line":29,"column":29}},"6":{"start":{"line":32,"column":29},"end":{"line":32,"column":87}},"7":{"start":{"line":33,"column":8},"end":{"line":50,"column":9}},"8":{"start":{"line":34,"column":34},"end":{"line":48,"column":24}},"9":{"start":{"line":34,"column":82},"end":{"line":48,"column":22}},"10":{"start":{"line":49,"column":12},"end":{"line":49,"column":77}},"11":{"start":{"line":54,"column":31},"end":{"line":54,"column":55}},"12":{"start":{"line":57,"column":22},"end":{"line":57,"column":50}},"13":{"start":{"line":58,"column":48},"end":{"line":61,"column":9}},"14":{"start":{"line":62,"column":8},"end":{"line":64,"column":9}},"15":{"start":{"line":63,"column":12},"end":{"line":63,"column":57}},"16":{"start":{"line":65,"column":8},"end":{"line":65,"column":23}},"17":{"start":{"line":69,"column":8},"end":{"line":84,"column":10}},"18":{"start":{"line":91,"column":8},"end":{"line":137,"column":9}},"19":{"start":{"line":92,"column":31},"end":{"line":92,"column":52}},"20":{"start":{"line":93,"column":30},"end":{"line":93,"column":73}},"21":{"start":{"line":93,"column":47},"end":{"line":93,"column":65}},"22":{"start":{"line":95,"column":28},"end":{"line":95,"column":51}},"23":{"start":{"line":96,"column":29},"end":{"line":99,"column":14}},"24":{"start":{"line":100,"column":12},"end":{"line":100,"column":36}},"25":{"start":{"line":102,"column":12},"end":{"line":134,"column":13}},"26":{"start":{"line":103,"column":37},"end":{"line":103,"column":58}},"27":{"start":{"line":104,"column":46},"end":{"line":104,"column":102}},"28":{"start":{"line":104,"column":75},"end":{"line":104,"column":101}},"29":{"start":{"line":107,"column":38},"end":{"line":107,"column":117}},"30":{"start":{"line":108,"column":35},"end":{"line":108,"column":72}},"31":{"start":{"line":108,"column":66},"end":{"line":108,"column":70}},"32":{"start":{"line":111,"column":43},"end":{"line":111,"column":107}},"33":{"start":{"line":112,"column":42},"end":{"line":112,"column":104}},"34":{"start":{"line":112,"column":73},"end":{"line":112,"column":103}},"35":{"start":{"line":117,"column":36},"end":{"line":117,"column":75}},"36":{"start":{"line":120,"column":16},"end":{"line":120,"column":79}},"37":{"start":{"line":123,"column":16},"end":{"line":131,"column":19}},"38":{"start":{"line":124,"column":20},"end":{"line":128,"column":21}},"39":{"start":{"line":125,"column":24},"end":{"line":125,"column":104}},"40":{"start":{"line":127,"column":24},"end":{"line":127,"column":102}},"41":{"start":{"line":127,"column":54},"end":{"line":127,"column":100}},"42":{"start":{"line":130,"column":20},"end":{"line":130,"column":105}},"43":{"start":{"line":133,"column":16},"end":{"line":133,"column":36}},"44":{"start":{"line":136,"column":12},"end":{"line":136,"column":75}},"45":{"start":{"line":140,"column":8},"end":{"line":140,"column":25}},"46":{"start":{"line":141,"column":8},"end":{"line":141,"column":38}},"47":{"start":{"line":142,"column":23},"end":{"line":142,"column":81}},"48":{"start":{"line":145,"column":27},"end":{"line":148,"column":11}},"49":{"start":{"line":145,"column":52},"end":{"line":148,"column":9}},"50":{"start":{"line":150,"column":8},"end":{"line":150,"column":26}},"51":{"start":{"line":154,"column":8},"end":{"line":170,"column":9}},"52":{"start":{"line":155,"column":28},"end":{"line":155,"column":51}},"53":{"start":{"line":156,"column":29},"end":{"line":156,"column":78}},"54":{"start":{"line":157,"column":12},"end":{"line":167,"column":13}},"55":{"start":{"line":158,"column":26},"end":{"line":158,"column":47}},"56":{"start":{"line":159,"column":36},"end":{"line":159,"column":62}},"57":{"start":{"line":162,"column":38},"end":{"line":162,"column":102}},"58":{"start":{"line":163,"column":38},"end":{"line":163,"column":94}},"59":{"start":{"line":163,"column":62},"end":{"line":163,"column":93}},"60":{"start":{"line":164,"column":16},"end":{"line":164,"column":81}},"61":{"start":{"line":166,"column":16},"end":{"line":166,"column":35}},"62":{"start":{"line":169,"column":12},"end":{"line":169,"column":84}},"63":{"start":{"line":172,"column":8},"end":{"line":172,"column":25}},"64":{"start":{"line":173,"column":23},"end":{"line":173,"column":45}},"65":{"start":{"line":174,"column":8},"end":{"line":174,"column":45}},"66":{"start":{"line":174,"column":32},"end":{"line":174,"column":43}},"67":{"start":{"line":179,"column":23},"end":{"line":179,"column":87}},"68":{"start":{"line":180,"column":27},"end":{"line":180,"column":61}},"69":{"start":{"line":180,"column":49},"end":{"line":180,"column":60}},"70":{"start":{"line":181,"column":22},"end":{"line":181,"column":40}},"71":{"start":{"line":182,"column":27},"end":{"line":182,"column":44}},"72":{"start":{"line":185,"column":8},"end":{"line":190,"column":9}},"73":{"start":{"line":186,"column":12},"end":{"line":186,"column":39}},"74":{"start":{"line":187,"column":12},"end":{"line":187,"column":52}},"75":{"start":{"line":188,"column":12},"end":{"line":188,"column":39}},"76":{"start":{"line":189,"column":12},"end":{"line":189,"column":70}},"77":{"start":{"line":193,"column":8},"end":{"line":213,"column":9}},"78":{"start":{"line":194,"column":28},"end":{"line":194,"column":51}},"79":{"start":{"line":195,"column":29},"end":{"line":198,"column":14}},"80":{"start":{"line":199,"column":12},"end":{"line":202,"column":13}},"81":{"start":{"line":200,"column":29},"end":{"line":200,"column":50}},"82":{"start":{"line":201,"column":16},"end":{"line":201,"column":36}},"83":{"start":{"line":203,"column":12},"end":{"line":203,"column":66}},"84":{"start":{"line":205,"column":12},"end":{"line":205,"column":53}},"85":{"start":{"line":207,"column":12},"end":{"line":211,"column":15}},"86":{"start":{"line":212,"column":12},"end":{"line":212,"column":30}},"87":{"start":{"line":217,"column":23},"end":{"line":217,"column":87}},"88":{"start":{"line":218,"column":27},"end":{"line":218,"column":61}},"89":{"start":{"line":218,"column":49},"end":{"line":218,"column":60}},"90":{"start":{"line":219,"column":22},"end":{"line":219,"column":40}},"91":{"start":{"line":220,"column":27},"end":{"line":220,"column":44}},"92":{"start":{"line":222,"column":8},"end":{"line":226,"column":9}},"93":{"start":{"line":223,"column":12},"end":{"line":223,"column":39}},"94":{"start":{"line":224,"column":12},"end":{"line":224,"column":39}},"95":{"start":{"line":225,"column":12},"end":{"line":225,"column":70}},"96":{"start":{"line":228,"column":8},"end":{"line":247,"column":9}},"97":{"start":{"line":229,"column":28},"end":{"line":229,"column":51}},"98":{"start":{"line":230,"column":29},"end":{"line":233,"column":14}},"99":{"start":{"line":234,"column":12},"end":{"line":237,"column":13}},"100":{"start":{"line":235,"column":29},"end":{"line":235,"column":50}},"101":{"start":{"line":236,"column":16},"end":{"line":236,"column":36}},"102":{"start":{"line":238,"column":12},"end":{"line":238,"column":66}},"103":{"start":{"line":240,"column":12},"end":{"line":240,"column":53}},"104":{"start":{"line":241,"column":12},"end":{"line":245,"column":15}},"105":{"start":{"line":246,"column":12},"end":{"line":246,"column":30}},"106":{"start":{"line":252,"column":23},"end":{"line":252,"column":87}},"107":{"start":{"line":253,"column":26},"end":{"line":253,"column":57}},"108":{"start":{"line":253,"column":45},"end":{"line":253,"column":56}},"109":{"start":{"line":254,"column":8},"end":{"line":254,"column":69}},"110":{"start":{"line":256,"column":8},"end":{"line":276,"column":9}},"111":{"start":{"line":257,"column":12},"end":{"line":257,"column":57}},"112":{"start":{"line":258,"column":28},"end":{"line":258,"column":51}},"113":{"start":{"line":259,"column":29},"end":{"line":262,"column":14}},"114":{"start":{"line":264,"column":12},"end":{"line":268,"column":13}},"115":{"start":{"line":265,"column":16},"end":{"line":265,"column":55}},"116":{"start":{"line":267,"column":16},"end":{"line":267,"column":70}},"117":{"start":{"line":270,"column":12},"end":{"line":270,"column":66}},"118":{"start":{"line":271,"column":12},"end":{"line":275,"column":15}},"119":{"start":{"line":280,"column":8},"end":{"line":280,"column":54}},"120":{"start":{"line":281,"column":8},"end":{"line":281,"column":50}},"121":{"start":{"line":282,"column":8},"end":{"line":282,"column":50}},"122":{"start":{"line":283,"column":8},"end":{"line":283,"column":54}},"123":{"start":{"line":285,"column":26},"end":{"line":285,"column":108}},"124":{"start":{"line":286,"column":28},"end":{"line":286,"column":119}},"125":{"start":{"line":287,"column":23},"end":{"line":287,"column":33}},"126":{"start":{"line":288,"column":26},"end":{"line":288,"column":50}},"127":{"start":{"line":290,"column":8},"end":{"line":290,"column":60}},"128":{"start":{"line":291,"column":8},"end":{"line":291,"column":64}},"129":{"start":{"line":292,"column":8},"end":{"line":292,"column":54}},"130":{"start":{"line":294,"column":21},"end":{"line":294,"column":48}},"131":{"start":{"line":295,"column":8},"end":{"line":295,"column":69}},"132":{"start":{"line":298,"column":25},"end":{"line":298,"column":53}},"133":{"start":{"line":299,"column":8},"end":{"line":299,"column":58}},"134":{"start":{"line":302,"column":8},"end":{"line":428,"column":9}},"135":{"start":{"line":303,"column":12},"end":{"line":303,"column":106}},"136":{"start":{"line":304,"column":12},"end":{"line":422,"column":13}},"137":{"start":{"line":305,"column":16},"end":{"line":305,"column":86}},"138":{"start":{"line":306,"column":32},"end":{"line":306,"column":55}},"139":{"start":{"line":307,"column":33},"end":{"line":307,"column":62}},"140":{"start":{"line":310,"column":33},"end":{"line":324,"column":18}},"141":{"start":{"line":326,"column":16},"end":{"line":419,"column":17}},"142":{"start":{"line":327,"column":35},"end":{"line":327,"column":56}},"143":{"start":{"line":328,"column":20},"end":{"line":328,"column":96}},"144":{"start":{"line":329,"column":20},"end":{"line":329,"column":103}},"145":{"start":{"line":332,"column":20},"end":{"line":335,"column":21}},"146":{"start":{"line":333,"column":24},"end":{"line":333,"column":123}},"147":{"start":{"line":334,"column":24},"end":{"line":334,"column":74}},"148":{"start":{"line":338,"column":40},"end":{"line":338,"column":64}},"149":{"start":{"line":339,"column":40},"end":{"line":339,"column":64}},"150":{"start":{"line":342,"column":39},"end":{"line":342,"column":53}},"151":{"start":{"line":343,"column":35},"end":{"line":343,"column":49}},"152":{"start":{"line":346,"column":20},"end":{"line":346,"column":37}},"153":{"start":{"line":349,"column":40},"end":{"line":349,"column":76}},"154":{"start":{"line":350,"column":42},"end":{"line":350,"column":82}},"155":{"start":{"line":352,"column":20},"end":{"line":366,"column":21}},"156":{"start":{"line":353,"column":24},"end":{"line":365,"column":25}},"157":{"start":{"line":354,"column":55},"end":{"line":358,"column":41}},"158":{"start":{"line":359,"column":28},"end":{"line":362,"column":29}},"159":{"start":{"line":360,"column":32},"end":{"line":360,"column":52}},"160":{"start":{"line":361,"column":32},"end":{"line":361,"column":119}},"161":{"start":{"line":364,"column":28},"end":{"line":364,"column":103}},"162":{"start":{"line":368,"column":20},"end":{"line":382,"column":21}},"163":{"start":{"line":369,"column":24},"end":{"line":381,"column":25}},"164":{"start":{"line":370,"column":57},"end":{"line":374,"column":41}},"165":{"start":{"line":375,"column":28},"end":{"line":378,"column":29}},"166":{"start":{"line":376,"column":32},"end":{"line":376,"column":56}},"167":{"start":{"line":377,"column":32},"end":{"line":377,"column":125}},"168":{"start":{"line":380,"column":28},"end":{"line":380,"column":107}},"169":{"start":{"line":385,"column":35},"end":{"line":385,"column":99}},"170":{"start":{"line":386,"column":44},"end":{"line":410,"column":21}},"171":{"start":{"line":412,"column":42},"end":{"line":412,"column":63}},"172":{"start":{"line":413,"column":20},"end":{"line":413,"column":85}},"173":{"start":{"line":415,"column":20},"end":{"line":415,"column":153}},"174":{"start":{"line":416,"column":20},"end":{"line":416,"column":34}},"175":{"start":{"line":418,"column":20},"end":{"line":418,"column":102}},"176":{"start":{"line":421,"column":16},"end":{"line":421,"column":113}},"177":{"start":{"line":424,"column":12},"end":{"line":427,"column":51}},"178":{"start":{"line":431,"column":8},"end":{"line":431,"column":65}},"179":{"start":{"line":432,"column":8},"end":{"line":432,"column":86}},"180":{"start":{"line":433,"column":8},"end":{"line":433,"column":74}},"181":{"start":{"line":436,"column":8},"end":{"line":436,"column":25}},"182":{"start":{"line":437,"column":23},"end":{"line":437,"column":87}},"183":{"start":{"line":438,"column":32},"end":{"line":452,"column":9}},"184":{"start":{"line":453,"column":30},"end":{"line":453,"column":51}},"185":{"start":{"line":454,"column":8},"end":{"line":454,"column":73}},"186":{"start":{"line":456,"column":8},"end":{"line":456,"column":83}},"187":{"start":{"line":457,"column":8},"end":{"line":457,"column":22}},"188":{"start":{"line":464,"column":8},"end":{"line":477,"column":9}},"189":{"start":{"line":465,"column":31},"end":{"line":465,"column":52}},"190":{"start":{"line":466,"column":30},"end":{"line":466,"column":72}},"191":{"start":{"line":466,"column":47},"end":{"line":466,"column":65}},"192":{"start":{"line":468,"column":29},"end":{"line":471,"column":14}},"193":{"start":{"line":473,"column":12},"end":{"line":473,"column":36}},"194":{"start":{"line":474,"column":12},"end":{"line":474,"column":31}},"195":{"start":{"line":476,"column":12},"end":{"line":476,"column":25}},"196":{"start":{"line":481,"column":24},"end":{"line":481,"column":103}},"197":{"start":{"line":484,"column":30},"end":{"line":484,"column":69}},"198":{"start":{"line":484,"column":53},"end":{"line":484,"column":68}},"199":{"start":{"line":485,"column":8},"end":{"line":505,"column":9}},"200":{"start":{"line":487,"column":12},"end":{"line":494,"column":14}},"201":{"start":{"line":497,"column":12},"end":{"line":504,"column":15}},"202":{"start":{"line":507,"column":8},"end":{"line":507,"column":75}},"203":
[...]
,"/Users/chantreau/quotex/src/shared/lib/offline/OperationQueue.ts": {"path":"/Users/chantreau/quotex/src/shared/lib/offline/OperationQueue.ts","statementMap":{"0":{"start":{"line":17,"column":20},"end":{"line":17,"column":51}},"1":{"start":{"line":18,"column":20},"end":{"line":18,"column":22}},"2":{"start":{"line":24,"column":4},"end":{"line":26,"column":5}},"3":{"start":{"line":25,"column":6},"end":{"line":25,"column":53}},"4":{"start":{"line":27,"column":4},"end":{"line":27,"column":35}},"5":{"start":{"line":32,"column":20},"end":{"line":32,"column":39}},"6":{"start":{"line":35,"column":25},"end":{"line":39,"column":5}},"7":{"start":{"line":36,"column":6},"end":{"line":38,"column":37}},"8":{"start":{"line":41,"column":4},"end":{"line":47,"column":5}},"9":{"start":{"line":43,"column":6},"end":{"line":43,"column":38}},"10":{"start":{"line":44,"column":6},"end":{"line":44,"column":57}},"11":{"start":{"line":45,"column":6},"end":{"line":45,"column":102}},"12":{"start":{"line":46,"column":6},"end":{"line":46,"column":13}},"13":{"start":{"line":49,"column":40},"end":{"line":55,"column":5}},"14":{"start":{"line":57,"column":4},"end":{"line":57,"column":28}},"15":{"start":{"line":58,"column":4},"end":{"line":58,"column":55}},"16":{"start":{"line":59,"column":4},"end":{"line":59,"column":92}},"17":{"start":{"line":68,"column":20},"end":{"line":68,"column":39}},"18":{"start":{"line":69,"column":4},"end":{"line":69,"column":79}},"19":{"start":{"line":69,"column":30},"end":{"line":69,"column":79}},"20":{"start":{"line":71,"column":20},"end":{"line":71,"column":21}},"21":{"start":{"line":72,"column":42},"end":{"line":72,"column":44}},"22":{"start":{"line":74,"column":4},"end":{"line":88,"column":5}},"23":{"start":{"line":75,"column":6},"end":{"line":87,"column":7}},"24":{"start":{"line":76,"column":8},"end":{"line":76,"column":27}},"25":{"start":{"line":77,"column":8},"end":{"line":77,"column":20}},"26":{"start":{"line":79,"column":8},"end":{"line":79,"column":24}},"27":{"start":{"line":80,"column":8},"end":{"line":80,"column":37}},"28":{"start":{"line":82,"column":8},"end":{"line":86,"column":9}},"29":{"start":{"line":83,"column":10},"end":{"line":83,"column":29}},"30":{"start":{"line":85,"column":10},"end":{"line":85,"column":99}},"31":{"start":{"line":90,"column":4},"end":{"line":94,"column":5}},"32":{"start":{"line":91,"column":6},"end":{"line":91,"column":59}},"33":{"start":{"line":93,"column":6},"end":{"line":93,"column":51}},"34":{"start":{"line":96,"column":4},"end":{"line":96,"column":80}},"35":{"start":{"line":101,"column":4},"end":{"line":101,"column":59}},"36":{"start":{"line":105,"column":45},"end":{"line":108,"column":5}},"37":{"start":{"line":109,"column":4},"end":{"line":109,"column":29}},"38":{"start":{"line":113,"column":4},"end":{"line":113,"column":79}}},"fnMap":{"0":{"name":"(anonymous_0)","decl":{"start":{"line":23,"column":2},"end":{"line":23,"column":3}},"loc":{"start":{"line":23,"column":39},"end":{"line":28,"column":3}},"line":23},"1":{"name":"(anonymous_1)","decl":{"start":{"line":31,"column":2},"end":{"line":31,"column":3}},"loc":{"start":{"line":31,"column":109},"end":{"line":60,"column":3}},"line":31},"2":{"name":"(anonymous_2)","decl":{"start":{"line":35,"column":43},"end":{"line":35,"column":44}},"loc":{"start":{"line":36,"column":6},"end":{"line":38,"column":37}},"line":36},"3":{"name":"(anonymous_3)","decl":{"start":{"line":63,"column":2},"end":{"line":63,"column":3}},"loc":{"start":{"line":67,"column":5},"end":{"line":97,"column":3}},"line":67},"4":{"name":"(anonymous_4)","decl":{"start":{"line":100,"column":2},"end":{"line":100,"column":3}},"loc":{"start":{"line":100,"column":46},"end":{"line":102,"column":3}},"line":100},"5":{"name":"(anonymous_5)","decl":{"start":{"line":104,"column":2},"end":{"line":104,"column":3}},"loc":{"start":{"line":104,"column":65},"end":{"line":110,"column":3}},"line":104},"6":{"name":"(anonymous_6)","decl":{"start":{"line":112,"column":2},"end":{"line":112,"column":3}},"loc":{"start":{"line":112,"column":46},"end":{"line":114,"column":3}},"line":112}},"branchMap":{"0":{"loc":{"start":{"line":24,"column":4},"end":{"line":26,"column":5}},"type":"if","locations":[{"start":{"line":24,"column":4},"end":{"line":26,"column":5}},{"start":{},"end":{}}],"line":24},"1":{"loc":{"start":{"line":36,"column":6},"end":{"line":38,"column":37}},"type":"binary-expr","locations":[{"start":{"line":36,"column":6},"end":{"line":36,"column":36}},{"start":{"line":37,"column":6},"end":{"line":37,"column":32}},{"start":{"line":38,"column":6},"end":{"line":38,"column":37}}],"line":36},"2":{"loc":{"start":{"line":41,"column":4},"end":{"line":47,"column":5}},"type":"if","locations":[{"start":{"line":41,"column":4},"end":{"line":47,"column":5}},{"start":{},"end":{}}],"line":41},"3":{"loc":{"start":{"line":69,"column":4},"end":{"line":69,"column":79}},"type":"if","locations":[{"start":{"line":69,"column":4},"end":{"line":69,"column":79}},{"start":{},"end":{}}],"line":69},"4":{"loc":{"start":{"line":82,"column":8},"end":{"line":86,"column":9}},"type":"if","locations":[{"start":{"line":82,"column":8},"end":{"line":86,"column":9}},{"start":{"line":84,"column":15},"end":{"line":86,"column":9}}],"line":82},"5":{"loc":{"start":{"line":90,"column":4},"end":{"line":94,"column":5}},"type":"if","locations":[{"start":{"line":90,"column":4},"end":{"line":94,"column":5}},{"start":{"line":92,"column":11},"end":{"line":94,"column":5}}],"line":90},"6":{"loc":{"start":{"line":113,"column":11},"end":{"line":113,"column":78}},"type":"binary-expr","locations":[{"start":{"line":113,"column":11},"end":{"line":113,"column":72}},{"start":{"line":113,"column":76},"end":{"line":113,"column":78}}],"line":113}},"s":{"0":4,"1":4,"2":14,"3":12,"4":14,"5":3,"6":3,"7":2,"8":3,"9":2,"10":2,"11":2,"12":2,"13":1,"14":1,"15":1,"16":1,"17":3,"18":3,"19":0,"20":3,"21":3,"22":3,"23":4,"24":4,"25":2,"26":2,"27":2,"28":2,"29":1,"30":1,"31":3,"32":1,"33":2,"34":3,"35":6,"36":2,"37":2,"38":6},"f":{"0":14,"1":3,"2":2,"3":3,"4":6,"5":2,"6":6},"b":{"0":[12,2],"1":[2,2,2],"2":[2,1],"3":[0,3],"4":[1,1],"5":[1,2],"6":[6,0]},"_coverageSchema":"1a1c01bbd47fc00a2c39e90264f33305004495a9","hash":"30c7ec406489c51aa7e9920d1736fcbcfa118ab7"}
,"/Users/chantreau/quotex/src/shared/theme/colors.ts": {"path":"/Users/chantreau/quotex/src/shared/theme/colors.ts","statementMap":{"0":{"start":{"line":1,"column":21},"end":{"line":11,"column":1}},"1":{"start":{"line":13,"column":22},"end":{"line":49,"column":1}}},"fnMap":{},"branchMap":{},"s":{"0":1,"1":1},"f":{},"b":{},"_coverageSchema":"1a1c01bbd47fc00a2c39e90264f33305004495a9","hash":"b1871768ad0db7d604bec163ba62072dc2a972dd"}
,"/Users/chantreau/quotex/src/shared/theme/index.ts": {"path":"/Users/chantreau/quotex/src/shared/theme/index.ts","statementMap":{},"fnMap":{},"branchMap":{},"s":{},"f":{},"b":{},"_coverageSchema":"1a1c01bbd47fc00a2c39e90264f33305004495a9","hash":"521b03a61c8cd5b9c6a64662aefdb2cefaf9c43a"}
,"/Users/chantreau/quotex/src/shared/ui/TypingText.tsx": {"path":"/Users/chantreau/quotex/src/shared/ui/TypingText.tsx","statementMap":{"0":{"start":{"line":20,"column":53},"end":{"line":155,"column":1}},"1":{"start":{"line":30,"column":42},"end":{"line":30,"column":109}},"2":{"start":{"line":31,"column":40},"end":{"line":31,"column":64}},"3":{"start":{"line":32,"column":46},"end":{"line":32,"column":69}},"4":{"start":{"line":34,"column":24},"end":{"line":34,"column":44}},"5":{"start":{"line":35,"column":22},"end":{"line":39,"column":10}},"6":{"start":{"line":41,"column":27},"end":{"line":45,"column":5}},"7":{"start":{"line":42,"column":8},"end":{"line":42,"column":79}},"8":{"start":{"line":42,"column":39},"end":{"line":42,"column":79}},"9":{"start":{"line":43,"column":8},"end":{"line":43,"column":82}},"10":{"start":{"line":43,"column":40},"end":{"line":43,"column":82}},"11":{"start":{"line":44,"column":8},"end":{"line":44,"column":92}},"12":{"start":{"line":44,"column":45},"end":{"line":44,"column":92}},"13":{"start":{"line":48,"column":4},"end":{"line":65,"column":21}},"14":{"start":{"line":49,"column":8},"end":{"line":59,"column":9}},"15":{"start":{"line":50,"column":12},"end":{"line":50,"column":35}},"16":{"start":{"line":51,"column":12},"end":{"line":53,"column":20}},"17":{"start":{"line":52,"column":16},"end":{"line":52,"column":42}},"18":{"start":{"line":52,"column":38},"end":{"line":52,"column":40}},"19":{"start":{"line":55,"column":12},"end":{"line":55,"column":36}},"20":{"start":{"line":56,"column":12},"end":{"line":58,"column":13}},"21":{"start":{"line":57,"column":16},"end":{"line":57,"column":63}},"22":{"start":{"line":60,"column":8},"end":{"line":64,"column":10}},"23":{"start":{"line":61,"column":12},"end":{"line":63,"column":13}},"24":{"start":{"line":62,"column":16},"end":{"line":62,"column":63}},"25":{"start":{"line":67,"column":4},"end":{"line":135,"column":42}},"26":{"start":{"line":68,"column":25},"end":{"line":68,"column":44}},"27":{"start":{"line":69,"column":8},"end":{"line":69,"column":35}},"28":{"start":{"line":72,"column":43},"end":{"line":72,"column":52}},"29":{"start":{"line":73,"column":28},"end":{"line":73,"column":33}},"30":{"start":{"line":75,"column":8},"end":{"line":82,"column":9}},"31":{"start":{"line":76,"column":12},"end":{"line":76,"column":36}},"32":{"start":{"line":77,"column":12},"end":{"line":77,"column":33}},"33":{"start":{"line":78,"column":15},"end":{"line":82,"column":9}},"34":{"start":{"line":80,"column":12},"end":{"line":80,"column":32}},"35":{"start":{"line":81,"column":12},"end":{"line":81,"column":33}},"36":{"start":{"line":84,"column":8},"end":{"line":88,"column":9}},"37":{"start":{"line":85,"column":12},"end":{"line":85,"column":33}},"38":{"start":{"line":86,"column":12},"end":{"line":86,"column":33}},"39":{"start":{"line":87,"column":12},"end":{"line":87,"column":19}},"40":{"start":{"line":91,"column":8},"end":{"line":91,"column":33}},"41":{"start":{"line":92,"column":8},"end":{"line":92,"column":28}},"42":{"start":{"line":93,"column":8},"end":{"line":93,"column":25}},"43":{"start":{"line":96,"column":8},"end":{"line":130,"column":16}},"44":{"start":{"line":97,"column":30},"end":{"line":97,"column":38}},"45":{"start":{"line":100,"column":12},"end":{"line":129,"column":19}},"46":{"start":{"line":101,"column":16},"end":{"line":128,"column":17}},"47":{"start":{"line":102,"column":20},"end":{"line":102,"column":59}},"48":{"start":{"line":103,"column":20},"end":{"line":103,"column":48}},"49":{"start":{"line":106,"column":20},"end":{"line":106,"column":62}},"50":{"start":{"line":109,"column":20},"end":{"line":127,"column":28}},"51":{"start":{"line":110,"column":43},"end":{"line":110,"column":44}},"52":{"start":{"line":113,"column":24},"end":{"line":126,"column":31}},"53":{"start":{"line":114,"column":28},"end":{"line":125,"column":29}},"54":{"start":{"line":115,"column":32},"end":{"line":115,"column":80}},"55":{"start":{"line":116,"column":32},"end":{"line":116,"column":47}},"56":{"start":{"line":119,"column":32},"end":{"line":119,"column":74}},"57":{"start":{"line":122,"column":32},"end":{"line":124,"column":40}},"58":{"start":{"line":123,"column":36},"end":{"line":123,"column":57}},"59":{"start":{"line":132,"column":8},"end":{"line":134,"column":10}},"60":{"start":{"line":133,"column":12},"end":{"line":133,"column":29}},"61":{"start":{"line":138,"column":4},"end":{"line":140,"column":5}},"62":{"start":{"line":139,"column":8},"end":{"line":139,"column":79}},"63":{"start":{"line":142,"column":4},"end":{"line":154,"column":6}},"64":{"start":{"line":157,"column":15},"end":{"line":162,"column":2}}},"fnMap":{"0":{"name":"(anonymous_0)","decl":{"start":{"line":20,"column":53},"end":{"line":20,"column":54}},"loc":{"start":{"line":29,"column":6},"end":{"line":155,"column":1}},"line":29},"1":{"name":"(anonymous_1)","decl":{"start":{"line":41,"column":27},"end":{"line":41,"column":28}},"loc":{"start":{"line":41,"column":33},"end":{"line":45,"column":5}},"line":41},"2":{"name":"(anonymous_2)","decl":{"start":{"line":48,"column":14},"end":{"line":48,"column":15}},"loc":{"start":{"line":48,"column":20},"end":{"line":65,"column":5}},"line":48},"3":{"name":"(anonymous_3)","decl":{"start":{"line":51,"column":58},"end":{"line":51,"column":59}},"loc":{"start":{"line":51,"column":64},"end":{"line":53,"column":13}},"line":51},"4":{"name":"(anonymous_4)","decl":{"start":{"line":52,"column":33},"end":{"line":52,"column":34}},"loc":{"start":{"line":52,"column":38},"end":{"line":52,"column":40}},"line":52},"5":{"name":"(anonymous_5)","decl":{"start":{"line":60,"column":15},"end":{"line":60,"column":16}},"loc":{"start":{"line":60,"column":21},"end":{"line":64,"column":9}},"line":60},"6":{"name":"(anonymous_6)","decl":{"start":{"line":67,"column":14},"end":{"line":67,"column":15}},"loc":{"start":{"line":67,"column":20},"end":{"line":135,"column":5}},"line":67},"7":{"name":"(anonymous_7)","decl":{"start":{"line":96,"column":47},"end":{"line":96,"column":48}},"loc":{"start":{"line":96,"column":53},"end":{"line":130,"column":9}},"line":96},"8":{"name":"(anonymous_8)","decl":{"start":{"line":100,"column":53},"end":{"line":100,"column":54}},"loc":{"start":{"line":100,"column":59},"end":{"line":129,"column":13}},"line":100},"9":{"name":"(anonymous_9)","decl":{"start":{"line":109,"column":59},"end":{"line":109,"column":60}},"loc":{"start":{"line":109,"column":65},"end":{"line":127,"column":21}},"line":109},"10":{"name":"(anonymous_10)","decl":{"start":{"line":113,"column":65},"end":{"line":113,"column":66}},"loc":{"start":{"line":113,"column":71},"end":{"line":126,"column":25}},"line":113},"11":{"name":"(anonymous_11)","decl":{"start":{"line":122,"column":71},"end":{"line":122,"column":72}},"loc":{"start":{"line":122,"column":77},"end":{"line":124,"column":33}},"line":122},"12":{"name":"(anonymous_12)","decl":{"start":{"line":132,"column":15},"end":{"line":132,"column":16}},"loc":{"start":{"line":132,"column":21},"end":{"line":134,"column":9}},"line":132}},"branchMap":{"0":{"loc":{"start":{"line":23,"column":4},"end":{"line":23,"column":23}},"type":"default-arg","locations":[{"start":{"line":23,"column":18},"end":{"line":23,"column":23}}],"line":23},"1":{"loc":{"start":{"line":24,"column":4},"end":{"line":24,"column":19}},"type":"default-arg","locations":[{"start":{"line":24,"column":15},"end":{"line":24,"column":19}}],"line":24},"2":{"loc":{"start":{"line":27,"column":4},"end":{"line":27,"column":40}},"type":"default-arg","locations":[{"start":{"line":27,"column":21},"end":{"line":27,"column":40}}],"line":27},"3":{"loc":{"start":{"line":30,"column":59},"end":{"line":30,"column":108}},"type":"cond-expr","locations":[{"start":{"line":30,"column":89},"end":{"line":30,"column":101}},{"start":{"line":30,"column":104},"end":{"line":30,"column":108}}],"line":30},"4":{"loc":{"start":{"line":30,"column":59},"end":{"line":30,"column":86}},"type":"binary-expr","locations":[{"start":{"line":30,"column":59},"end":{"line":30,"column":70}},{"start":{"line":30,"column":74},"end":{"line":30,"column":86}}],"line":30},"5":{"loc":{"start":{"line":42,"column":8},"end":{"line":42,"column":79}},"type":"if","locations":[{"start":{"line":42,"column":8},"end":{"line":42,"column":79}},{"start":{},"end":{}}],"line":42},"6":{"loc":{"start":{"line":43,"column":8},"end":{"line":43,"column":82}},"type":"if","locations":[{"start":{"line":43,"column":8},"end":{"line":43,"column":82}},{"start":{},"end":{}}],"line":43},"7":{"loc":{"start":{"line":44,"column":8},"end":{"line":44,"column":92}},"type":"if","locations":[{"start":{"line":44,"column":8},"end":{"line":44,"column":92}},{"start":{},"end":{}}],"line":44},"8":{"loc":{"start":{"line":49,"column":8},"end":{"line":59,"column":9}},"type":"if","locations":[{"start":{"line":49,"column":8},"end":{"line":59,"column":9}},{"start":{"line":54,"column":15},"end":{"line":59,"column":9}}],"line":49},"9":{"loc":{"start":{"line":56,"column":12},"end":{"line":58,"column":13}},"type":"if","locations":[{"start":{"line":56,"column":12},"end":{"line":58,"column":13}},{"start":{},"end":{}}],"line":56},"10":{"loc":{"start":{"line":61,"column":12},"end":{"line":63,"column":13}},"type":"if","locations":[{"start":{"line":61,"column":12},"end":{"line":63,"column":13}},{"start":{},"end":{}}],"line":61},"11":{"loc":{"start":{"line":75,"column":8},"end":{"line":82,"column":9}},"type":"if","locations":[{"start":{"line":75,"column":8},"end":{"line":82,"column":9}},{"start":{"line":78,"column":15},"end":{"line":82,"column":9}}],"line":75},"12":{"loc":{"start":{"line":75,"column":12},"end":{"line":75,"column":64}},"type":"binary-expr","locations":[{"start":{"line":75,"column":12},"end":{"line":75,"column":23}},{"start":{"line":75,"column":27},"end":{"line":75,"column":39}},{"start":{"line":75,"column":43},"end":{"line":75,"column":64}}],"line":75},"13":{"loc":{"start":{"line":78,"column":15},"end":{"line":82,"column":9}},"type":"if","locations":[{"start":{"line":78,"column":15},"end":{"line":82,"column":9}},{"start":{},"end":{}}],"line":78},"14":{"loc":{"start":{"line":78,"column":19},"end":{"line":78,"column":48}},"type":"binary-expr","locations":[{"start":{"line":78,"column":19},"end":{"line":78,"column":27}},{"start":{"line":78,"column":31},"end":{"line":78,"column":48}}],"line":78},"15":{"loc":{"start":{"line":84,"column":8},"end":{"line":88,"column":9}},"type":"if","locations":[{"start":{"line":84,"column":8},"end":{"line":88,"column":9}},{"start":{},"end":{}}],"line":84},"16":{"loc":{"start":{"line":84,"column":12},"end":{"line":84,"column":39}},"type":"binary-expr","locations":[{"start":{"line":84,"column":12},"end":{"line":84,"column":26}},{"start":{"line":84,"column":30},"end":{"line":84,"column":39}}],"line":84},"17":{"loc":{"start":{"line":101,"column":16},"end":{"line":128,"column":17}},"type":"if","locations":[{"start":{"line":101,"column":16},"end":{"line":128,"column":17}},{"start":{"line":104,"column":23},"end":{"line":128,"column":17}}],"line":101},"18":{"loc":{"start":{"line":114,"column":28},"end":{"line":125,"column":29}},"type":"if","locations":[{"start":{"line":114,"column":28},"end":{"line":125,"column":29}},{"start":{"line":117,"column":35},"end":{"line":125,"column":29}}],"line":114},"19":{"loc":{"start":{"line":138,"column":4},"end":{"line":140,"column":5}},"type":"if","locations":[{"start":{"line":138,"column":4},"end":{"line":140,"column":5}},{"start":{},"end":{}}],"line":138},"20":{"loc":{"start":{"line":145,"column":13},"end":{"line":152,"column":13}},"type":"binary-expr","locations":[{"start":{"line":145,"column":13},"end":{"line":145,"column":23}},{"start":{"line":146,"column":16},"end":{"line":151,"column":23}}],"line":145},"21":{"loc":{"start":{"line":148,"column":31},"end":{"line":148,"column":52}},"type":"cond-expr","locations":[{"start":{"line":148,"column":47},"end":{"line":148,"column":48}},{"start":{"line":148,"column":51},"end":{"line":148,"column":52}}],"line":148}},"s":{"0":1,"1":16,"2":16,"3":16,"4":16,"5":16,"6":16,"7":0,"8":0,"9":0,"10":0,"11":0,"12":0,"13":16,"14":8,"15":0,"16":0,"17":0,"18":0,"19":8,"20":8,"21":0,"22":8,"23":8,"24":0,"25":16,"26":8,"27":8,"28":8,"29":8,"30":8,"31":0,"32":0,"33":8,"34":0,"35":0,"36":8,"37":8,"38":8,"39":8,"40":0,"41":0,"42":0,"43":0,"44":0,"45":0,"46":0,"47":0,"48":0,"49":0,"50":0,"51":0,"52":0,"53":0,"54":0,"55":0,"56":0,"57":0,"58":0,"59":0,"60":0,"61":16,"62":16,"63":0,"64":1},"f":{"0":16,"1":0,"2":8,"3":0,"4":0,"5":8,"6":8,"7":0,"8":0,"9":0,"10":0,"11":0,"12":0},"b":{"0":[16],"1":[16],"2":[16],"3":[0,16],"4":[16,0],"5":[0,0],"6":[0,0],"7":[0,0],"8":[0,8],"9":[0,8],"10":[0,8],"11":[0,8],"12":[8,0,0],"13":[0,8],"14":[8,8],"15":[8,0],"16":[8,0],"17":[0,0],"18":[0,0],"19":[16,0],"20":[0,0],"21":[0,0]},"_coverageSchema":"1a1c01bbd47fc00a2c39e90264f33305004495a9","hash":"0775c209ed7ad51e62fc581d5a1eda62f58e776c"}
}
