{"/Users/chantreau/quotex/src/app/providers/AuthContext.tsx": {"path":"/Users/chantreau/quotex/src/app/providers/AuthContext.tsx","statementMap":{"0":{"start":{"line":28,"column":20},"end":{"line":28,"column":73}},"1":{"start":{"line":30,"column":69},"end":{"line":177,"column":1}},"2":{"start":{"line":31,"column":24},"end":{"line":31,"column":40}},"3":{"start":{"line":34,"column":88},"end":{"line":34,"column":102}},"4":{"start":{"line":36,"column":4},"end":{"line":129,"column":54}},"5":{"start":{"line":38,"column":8},"end":{"line":38,"column":57}},"6":{"start":{"line":41,"column":28},"end":{"line":57,"column":10}},"7":{"start":{"line":42,"column":12},"end":{"line":56,"column":13}},"8":{"start":{"line":43,"column":16},"end":{"line":51,"column":17}},"9":{"start":{"line":45,"column":20},"end":{"line":45,"column":55}},"10":{"start":{"line":46,"column":20},"end":{"line":46,"column":79}},"11":{"start":{"line":49,"column":20},"end":{"line":49,"column":32}},"12":{"start":{"line":50,"column":20},"end":{"line":50,"column":40}},"13":{"start":{"line":53,"column":16},"end":{"line":53,"column":78}},"14":{"start":{"line":55,"column":16},"end":{"line":55,"column":34}},"15":{"start":{"line":60,"column":36},"end":{"line":92,"column":9}},"16":{"start":{"line":61,"column":12},"end":{"line":90,"column":13}},"17":{"start":{"line":62,"column":34},"end":{"line":62,"column":50}},"18":{"start":{"line":63,"column":35},"end":{"line":63,"column":51}},"19":{"start":{"line":64,"column":35},"end":{"line":64,"column":37}},"20":{"start":{"line":66,"column":16},"end":{"line":70,"column":17}},"21":{"start":{"line":67,"column":20},"end":{"line":67,"column":64}},"22":{"start":{"line":68,"column":23},"end":{"line":70,"column":17}},"23":{"start":{"line":69,"column":20},"end":{"line":69,"column":65}},"24":{"start":{"line":72,"column":16},"end":{"line":72,"column":47}},"25":{"start":{"line":72,"column":35},"end":{"line":72,"column":47}},"26":{"start":{"line":74,"column":55},"end":{"line":74,"column":57}},"27":{"start":{"line":75,"column":16},"end":{"line":80,"column":19}},"28":{"start":{"line":76,"column":41},"end":{"line":76,"column":56}},"29":{"start":{"line":77,"column":20},"end":{"line":79,"column":21}},"30":{"start":{"line":78,"column":24},"end":{"line":78,"column":64}},"31":{"start":{"line":82,"column":16},"end":{"line":87,"column":17}},"32":{"start":{"line":83,"column":20},"end":{"line":86,"column":22}},"33":{"start":{"line":89,"column":16},"end":{"line":89,"column":76}},"34":{"start":{"line":91,"column":12},"end":{"line":91,"column":24}},"35":{"start":{"line":94,"column":31},"end":{"line":113,"column":9}},"36":{"start":{"line":95,"column":12},"end":{"line":95,"column":29}},"37":{"start":{"line":95,"column":22},"end":{"line":95,"column":29}},"38":{"start":{"line":96,"column":12},"end":{"line":96,"column":70}},"39":{"start":{"line":97,"column":27},"end":{"line":97,"column":51}},"40":{"start":{"line":98,"column":12},"end":{"line":112,"column":13}},"41":{"start":{"line":99,"column":16},"end":{"line":99,"column":85}},"42":{"start":{"line":100,"column":16},"end":{"line":100,"column":33}},"43":{"start":{"line":101,"column":16},"end":{"line":111,"column":17}},"44":{"start":{"line":102,"column":38},"end":{"line":105,"column":22}},"45":{"start":{"line":106,"column":20},"end":{"line":106,"column":43}},"46":{"start":{"line":106,"column":31},"end":{"line":106,"column":43}},"47":{"start":{"line":107,"column":20},"end":{"line":107,"column":97}},"48":{"start":{"line":109,"column":20},"end":{"line":109,"column":94}},"49":{"start":{"line":110,"column":20},"end":{"line":110,"column":38}},"50":{"start":{"line":116,"column":29},"end":{"line":118,"column":10}},"51":{"start":{"line":117,"column":12},"end":{"line":117,"column":38}},"52":{"start":{"line":121,"column":8},"end":{"line":123,"column":11}},"53":{"start":{"line":122,"column":12},"end":{"line":122,"column":41}},"54":{"start":{"line":122,"column":21},"end":{"line":122,"column":41}},"55":{"start":{"line":125,"column":8},"end":{"line":128,"column":10}},"56":{"start":{"line":126,"column":12},"end":{"line":126,"column":26}},"57":{"start":{"line":127,"column":12},"end":{"line":127,"column":34}},"58":{"start":{"line":132,"column":18},"end":{"line":135,"column":17}},"59":{"start":{"line":133,"column":21},"end":{"line":133,"column":61}},"60":{"start":{"line":134,"column":8},"end":{"line":134,"column":39}},"61":{"start":{"line":137,"column":21},"end":{"line":141,"column":17}},"62":{"start":{"line":138,"column":21},"end":{"line":138,"column":80}},"63":{"start":{"line":139,"column":8},"end":{"line":139,"column":39}},"64":{"start":{"line":140,"column":8},"end":{"line":140,"column":20}},"65":{"start":{"line":143,"column":19},"end":{"line":147,"column":32}},"66":{"start":{"line":144,"column":8},"end":{"line":144,"column":35}},"67":{"start":{"line":145,"column":8},"end":{"line":145,"column":20}},"68":{"start":{"line":146,"column":8},"end":{"line":146,"column":28}},"69":{"start":{"line":149,"column":26},"end":{"line":153,"column":32}},"70":{"start":{"line":150,"column":8},"end":{"line":150,"column":42}},"71":{"start":{"line":151,"column":8},"end":{"line":151,"column":20}},"72":{"start":{"line":152,"column":8},"end":{"line":152,"column":28}},"73":{"start":{"line":155,"column":26},"end":{"line":158,"column":24}},"74":{"start":{"line":156,"column":28},"end":{"line":156,"column":62}},"75":{"start":{"line":157,"column":8},"end":{"line":157,"column":36}},"76":{"start":{"line":162,"column":4},"end":{"line":176,"column":6}},"77":{"start":{"line":179,"column":23},"end":{"line":185,"column":1}},"78":{"start":{"line":180,"column":20},"end":{"line":180,"column":43}},"79":{"start":{"line":181,"column":4},"end":{"line":183,"column":5}},"80":{"start":{"line":182,"column":8},"end":{"line":182,"column":71}},"81":{"start":{"line":184,"column":4},"end":{"line":184,"column":19}}},"fnMap":{"0":{"name":"(anonymous_0)","decl":{"start":{"line":30,"column":69},"end":{"line":30,"column":70}},"loc":{"start":{"line":30,"column":87},"end":{"line":177,"column":1}},"line":30},"1":{"name":"(anonymous_1)","decl":{"start":{"line":36,"column":14},"end":{"line":36,"column":15}},"loc":{"start":{"line":36,"column":20},"end":{"line":129,"column":5}},"line":36},"2":{"name":"(anonymous_2)","decl":{"start":{"line":41,"column":58},"end":{"line":41,"column":59}},"loc":{"start":{"line":41,"column":95},"end":{"line":57,"column":9}},"line":41},"3":{"name":"(anonymous_3)","decl":{"start":{"line":60,"column":36},"end":{"line":60,"column":37}},"loc":{"start":{"line":60,"column":53},"end":{"line":92,"column":9}},"line":60},"4":{"name":"(anonymous_4)","decl":{"start":{"line":75,"column":48},"end":{"line":75,"column":49}},"loc":{"start":{"line":75,"column":58},"end":{"line":80,"column":17}},"line":75},"5":{"name":"(anonymous_5)","decl":{"start":{"line":94,"column":31},"end":{"line":94,"column":32}},"loc":{"start":{"line":94,"column":61},"end":{"line":113,"column":9}},"line":94},"6":{"name":"(anonymous_6)","decl":{"start":{"line":116,"column":61},"end":{"line":116,"column":62}},"loc":{"start":{"line":116,"column":72},"end":{"line":118,"column":9}},"line":116},"7":{"name":"(anonymous_7)","decl":{"start":{"line":121,"column":37},"end":{"line":121,"column":38}},"loc":{"start":{"line":121,"column":46},"end":{"line":123,"column":9}},"line":121},"8":{"name":"(anonymous_8)","decl":{"start":{"line":125,"column":15},"end":{"line":125,"column":16}},"loc":{"start":{"line":125,"column":21},"end":{"line":128,"column":9}},"line":125},"9":{"name":"(anonymous_9)","decl":{"start":{"line":132,"column":30},"end":{"line":132,"column":31}},"loc":{"start":{"line":132,"column":73},"end":{"line":135,"column":5}},"line":132},"10":{"name":"(anonymous_10)","decl":{"start":{"line":137,"column":33},"end":{"line":137,"column":34}},"loc":{"start":{"line":137,"column":109},"end":{"line":141,"column":5}},"line":137},"11":{"name":"(anonymous_11)","decl":{"start":{"line":143,"column":31},"end":{"line":143,"column":32}},"loc":{"start":{"line":143,"column":43},"end":{"line":147,"column":5}},"line":143},"12":{"name":"(anonymous_12)","decl":{"start":{"line":149,"column":38},"end":{"line":149,"column":39}},"loc":{"start":{"line":149,"column":50},"end":{"line":153,"column":5}},"line":149},"13":{"name":"(anonymous_13)","decl":{"start":{"line":155,"column":38},"end":{"line":155,"column":39}},"loc":{"start":{"line":155,"column":254},"end":{"line":158,"column":5}},"line":155},"14":{"name":"(anonymous_14)","decl":{"start":{"line":179,"column":23},"end":{"line":179,"column":24}},"loc":{"start":{"line":179,"column":29},"end":{"line":185,"column":1}},"line":179}},"branchMap":{"0":{"loc":{"start":{"line":43,"column":16},"end":{"line":51,"column":17}},"type":"if","locations":[{"start":{"line":43,"column":16},"end":{"line":51,"column":17}},{"start":{"line":47,"column":23},"end":{"line":51,"column":17}}],"line":43},"1":{"loc":{"start":{"line":43,"column":20},"end":{"line":43,"column":47}},"type":"binary-expr","locations":[{"start":{"line":43,"column":20},"end":{"line":43,"column":31}},{"start":{"line":43,"column":35},"end":{"line":43,"column":47}}],"line":43},"2":{"loc":{"start":{"line":66,"column":16},"end":{"line":70,"column":17}},"type":"if","locations":[{"start":{"line":66,"column":16},"end":{"line":70,"column":17}},{"start":{"line":68,"column":23},"end":{"line":70,"column":17}}],"line":66},"3":{"loc":{"start":{"line":68,"column":23},"end":{"line":70,"column":17}},"type":"if","locations":[{"start":{"line":68,"column":23},"end":{"line":70,"column":17}},{"start":{},"end":{}}],"line":68},"4":{"loc":{"start":{"line":72,"column":16},"end":{"line":72,"column":47}},"type":"if","locations":[{"start":{"line":72,"column":16},"end":{"line":72,"column":47}},{"start":{},"end":{}}],"line":72},"5":{"loc":{"start":{"line":77,"column":20},"end":{"line":79,"column":21}},"type":"if","locations":[{"start":{"line":77,"column":20},"end":{"line":79,"column":21}},{"start":{},"end":{}}],"line":77},"6":{"loc":{"start":{"line":77,"column":24},"end":{"line":77,"column":36}},"type":"binary-expr","locations":[{"start":{"line":77,"column":24},"end":{"line":77,"column":27}},{"start":{"line":77,"column":31},"end":{"line":77,"column":36}}],"line":77},"7":{"loc":{"start":{"line":82,"column":16},"end":{"line":87,"column":17}},"type":"if","locations":[{"start":{"line":82,"column":16},"end":{"line":87,"column":17}},{"start":{},"end":{}}],"line":82},"8":{"loc":{"start":{"line":82,"column":20},"end":{"line":82,"column":63}},"type":"binary-expr","locations":[{"start":{"line":82,"column":20},"end":{"line":82,"column":39}},{"start":{"line":82,"column":43},"end":{"line":82,"column":63}}],"line":82},"9":{"loc":{"start":{"line":95,"column":12},"end":{"line":95,"column":29}},"type":"if","locations":[{"start":{"line":95,"column":12},"end":{"line":95,"column":29}},{"start":{},"end":{}}],"line":95},"10":{"loc":{"start":{"line":98,"column":12},"end":{"line":112,"column":13}},"type":"if","locations":[{"start":{"line":98,"column":12},"end":{"line":112,"column":13}},{"start":{},"end":{}}],"line":98},"11":{"loc":{"start":{"line":106,"column":20},"end":{"line":106,"column":43}},"type":"if","locations":[{"start":{"line":106,"column":20},"end":{"line":106,"column":43}},{"start":{},"end":{}}],"line":106},"12":{"loc":{"start":{"line":122,"column":12},"end":{"line":122,"column":41}},"type":"if","locations":[{"start":{"line":122,"column":12},"end":{"line":122,"column":41}},{"start":{},"end":{}}],"line":122},"13":{"loc":{"start":{"line":181,"column":4},"end":{"line":183,"column":5}},"type":"if","locations":[{"start":{"line":181,"column":4},"end":{"line":183,"column":5}},{"start":{},"end":{}}],"line":181}},"s":{"0":1,"1":1,"2":0,"3":0,"4":0,"5":0,"6":0,"7":0,"8":0,"9":0,"10":0,"11":0,"12":0,"13":0,"14":0,"15":0,"16":0,"17":0,"18":0,"19":0,"20":0,"21":0,"22":0,"23":0,"24":0,"25":0,"26":0,"27":0,"28":0,"29":0,"30":0,"31":0,"32":0,"33":0,"34":0,"35":0,"36":0,"37":0,"38":0,"39":0,"40":0,"41":0,"42":0,"43":0,"44":0,"45":0,"46":0,"47":0,"48":0,"49":0,"50":0,"51":0,"52":0,"53":0,"54":0,"55":0,"56":0,"57":0,"58":0,"59":0,"60":0,"61":0,"62":0,"63":0,"64":0,"65":0,"66":0,"67":0,"68":0,"69":0,"70":0,"71":0,"72":0,"73":0,"74":0,"75":0,"76":0,"77":1,"78":0,"79":0,"80":0,"81":0},"f":{"0":0,"1":0,"2":0,"3":0,"4":0,"5":0,"6":0,"7":0,"8":0,"9":0,"10":0,"11":0,"12":0,"13":0,"14":0},"b":{"0":[0,0],"1":[0,0],"2":[0,0],"3":[0,0],"4":[0,0],"5":[0,0],"6":[0,0],"7":[0,0],"8":[0,0],"9":[0,0],"10":[0,0],"11":[0,0],"12":[0,0],"13":[0,0]},"_coverageSchema":"1a1c01bbd47fc00a2c39e90264f33305004495a9","hash":"11ba6c7721645508c20ee2f22f105a6654c9dd4d"}
,"/Users/chantreau/quotex/src/app/providers/RepositoriesProvider.tsx": {"path":"/Users/chantreau/quotex/src/app/providers/RepositoriesProvider.tsx","statementMap":{"0":{"start":{"line":20,"column":28},"end":{"line":20,"column":89}},"1":{"start":{"line":22,"column":34},"end":{"line":25,"column":2}},"2":{"start":{"line":22,"column":66},"end":{"line":25,"column":1}},"3":{"start":{"line":31,"column":36},"end":{"line":46,"column":1}},"4":{"start":{"line":32,"column":30},"end":{"line":32,"column":76}},"5":{"start":{"line":32,"column":44},"end":{"line":32,"column":71}},"6":{"start":{"line":33,"column":16},"end":{"line":39,"column":3}},"7":{"start":{"line":34,"column":11},"end":{"line":37,"column":5}},"8":{"start":{"line":41,"column":2},"end":{"line":45,"column":4}},"9":{"start":{"line":51,"column":31},"end":{"line":57,"column":1}},"10":{"start":{"line":52,"column":18},"end":{"line":52,"column":49}},"11":{"start":{"line":53,"column":2},"end":{"line":55,"column":3}},"12":{"start":{"line":54,"column":4},"end":{"line":54,"column":82}},"13":{"start":{"line":56,"column":2},"end":{"line":56,"column":17}}},"fnMap":{"0":{"name":"(anonymous_0)","decl":{"start":{"line":22,"column":34},"end":{"line":22,"column":35}},"loc":{"start":{"line":22,"column":66},"end":{"line":25,"column":1}},"line":22},"1":{"name":"(anonymous_1)","decl":{"start":{"line":31,"column":36},"end":{"line":31,"column":37}},"loc":{"start":{"line":31,"column":95},"end":{"line":46,"column":1}},"line":31},"2":{"name":"(anonymous_2)","decl":{"start":{"line":32,"column":38},"end":{"line":32,"column":39}},"loc":{"start":{"line":32,"column":44},"end":{"line":32,"column":71}},"line":32},"3":{"name":"(anonymous_3)","decl":{"start":{"line":34,"column":4},"end":{"line":34,"column":5}},"loc":{"start":{"line":34,"column":11},"end":{"line":37,"column":5}},"line":34},"4":{"name":"(anonymous_4)","decl":{"start":{"line":51,"column":31},"end":{"line":51,"column":32}},"loc":{"start":{"line":51,"column":62},"end":{"line":57,"column":1}},"line":51}},"branchMap":{"0":{"loc":{"start":{"line":53,"column":2},"end":{"line":55,"column":3}},"type":"if","locations":[{"start":{"line":53,"column":2},"end":{"line":55,"column":3}},{"start":{},"end":{}}],"line":53}},"s":{"0":5,"1":5,"2":9,"3":5,"4":9,"5":9,"6":9,"7":9,"8":9,"9":5,"10":38,"11":38,"12":0,"13":38},"f":{"0":9,"1":9,"2":9,"3":9,"4":38},"b":{"0":[0,38]},"_coverageSchema":"1a1c01bbd47fc00a2c39e90264f33305004495a9","hash":"bccf98ccf4373b335cd381195d168973d7929aff"}
,"/Users/chantreau/quotex/src/app/providers/TabContext.tsx": {"path":"/Users/chantreau/quotex/src/app/providers/TabContext.tsx","statementMap":{"0":{"start":{"line":37,"column":31},"end":{"line":40,"column":2}},"1":{"start":{"line":43,"column":35},"end":{"line":46,"column":2}},"2":{"start":{"line":49,"column":27},"end":{"line":49,"column":60}},"3":{"start":{"line":49,"column":33},"end":{"line":49,"column":60}},"4":{"start":{"line":50,"column":31},"end":{"line":50,"column":68}},"5":{"start":{"line":50,"column":37},"end":{"line":50,"column":68}},"6":{"start":{"line":76,"column":32},"end":{"line":116,"column":1}},"7":{"start":{"line":77,"column":28},"end":{"line":77,"column":39}},"8":{"start":{"line":78,"column":42},"end":{"line":78,"column":56}},"9":{"start":{"line":79,"column":19},"end":{"line":79,"column":36}},"10":{"start":{"line":80,"column":19},"end":{"line":80,"column":49}},"11":{"start":{"line":83,"column":23},"end":{"line":87,"column":16}},"12":{"start":{"line":86,"column":4},"end":{"line":86,"column":51}},"13":{"start":{"line":90,"column":25},"end":{"line":92,"column":8}},"14":{"start":{"line":91,"column":4},"end":{"line":91,"column":37}},"15":{"start":{"line":95,"column":18},"end":{"line":102,"column":33}},"16":{"start":{"line":96,"column":4},"end":{"line":101,"column":5}},"17":{"start":{"line":97,"column":6},"end":{"line":97,"column":20}},"18":{"start":{"line":99,"column":6},"end":{"line":99,"column":27}},"19":{"start":{"line":100,"column":6},"end":{"line":100,"column":37}},"20":{"start":{"line":105,"column":2},"end":{"line":115,"column":115}},"21":{"start":{"line":105,"column":24},"end":{"line":115,"column":3}},"22":{"start":{"line":122,"column":68},"end":{"line":146,"column":1}},"23":{"start":{"line":123,"column":21},"end":{"line":123,"column":39}},"24":{"start":{"line":126,"column":24},"end":{"line":132,"column":120}},"25":{"start":{"line":126,"column":39},"end":{"line":132,"column":3}},"26":{"start":{"line":134,"column":28},"end":{"line":137,"column":60}},"27":{"start":{"line":134,"column":43},"end":{"line":137,"column":3}},"28":{"start":{"line":139,"column":2},"end":{"line":145,"column":4}}},"fnMap":{"0":{"name":"(anonymous_0)","decl":{"start":{"line":39,"column":15},"end":{"line":39,"column":16}},"loc":{"start":{"line":39,"column":21},"end":{"line":39,"column":23}},"line":39},"1":{"name":"(anonymous_1)","decl":{"start":{"line":45,"column":19},"end":{"line":45,"column":20}},"loc":{"start":{"line":45,"column":25},"end":{"line":45,"column":27}},"line":45},"2":{"name":"(anonymous_2)","decl":{"start":{"line":49,"column":27},"end":{"line":49,"column":28}},"loc":{"start":{"line":49,"column":33},"end":{"line":49,"column":60}},"line":49},"3":{"name":"(anonymous_3)","decl":{"start":{"line":50,"column":31},"end":{"line":50,"column":32}},"loc":{"start":{"line":50,"column":37},"end":{"line":50,"column":68}},"line":50},"4":{"name":"(anonymous_4)","decl":{"start":{"line":76,"column":32},"end":{"line":76,"column":33}},"loc":{"start":{"line":76,"column":59},"end":{"line":116,"column":1}},"line":76},"5":{"name":"(anonymous_5)","decl":{"start":{"line":83,"column":35},"end":{"line":83,"column":36}},"loc":{"start":{"line":83,"column":63},"end":{"line":87,"column":3}},"line":83},"6":{"name":"(anonymous_6)","decl":{"start":{"line":90,"column":37},"end":{"line":90,"column":38}},"loc":{"start":{"line":90,"column":63},"end":{"line":92,"column":3}},"line":90},"7":{"name":"(anonymous_7)","decl":{"start":{"line":95,"column":30},"end":{"line":95,"column":31}},"loc":{"start":{"line":95,"column":47},"end":{"line":102,"column":3}},"line":95},"8":{"name":"(anonymous_8)","decl":{"start":{"line":105,"column":17},"end":{"line":105,"column":18}},"loc":{"start":{"line":105,"column":24},"end":{"line":115,"column":3}},"line":105},"9":{"name":"(anonymous_9)","decl":{"start":{"line":122,"column":68},"end":{"line":122,"column":69}},"loc":{"start":{"line":122,"column":86},"end":{"line":146,"column":1}},"line":122},"10":{"name":"(anonymous_10)","decl":{"start":{"line":126,"column":32},"end":{"line":126,"column":33}},"loc":{"start":{"line":126,"column":39},"end":{"line":132,"column":3}},"line":126},"11":{"name":"(anonymous_11)","decl":{"start":{"line":134,"column":36},"end":{"line":134,"column":37}},"loc":{"start":{"line":134,"column":43},"end":{"line":137,"column":3}},"line":134}},"branchMap":{"0":{"loc":{"start":{"line":96,"column":4},"end":{"line":101,"column":5}},"type":"if","locations":[{"start":{"line":96,"column":4},"end":{"line":101,"column":5}},{"start":{},"end":{}}],"line":96}},"s":{"0":1,"1":1,"2":1,"3":0,"4":1,"5":0,"6":1,"7":0,"8":0,"9":0,"10":0,"11":0,"12":0,"13":0,"14":0,"15":0,"16":0,"17":0,"18":0,"19":0,"20":0,"21":0,"22":1,"23":0,"24":0,"25":0,"26":0,"27":0,"28":0},"f":{"0":0,"1":0,"2":0,"3":0,"4":0,"5":0,"6":0,"7":0,"8":0,"9":0,"10":0,"11":0},"b":{"0":[0,0]},"_coverageSchema":"1a1c01bbd47fc00a2c39e90264f33305004495a9","hash":"9d51a90d2ead482f7607ff108d8f2443f1923576"}
,"/Users/chantreau/quotex/src/entities/author/api/AuthorService.ts": {"path":"/Users/chantreau/quotex/src/entities/author/api/AuthorService.ts","statementMap":{"0":{"start":{"line":10,"column":29},"end":{"line":10,"column":34}},"1":{"start":{"line":12,"column":17},"end":{"line":14,"column":1}},"2":{"start":{"line":13,"column":2},"end":{"line":13,"column":69}},"3":{"start":{"line":13,"column":28},"end":{"line":13,"column":69}},"4":{"start":{"line":18,"column":8},"end":{"line":22,"column":10}},"5":{"start":{"line":26,"column":8},"end":{"line":30,"column":9}},"6":{"start":{"line":27,"column":12},"end":{"line":27,"column":67}},"7":{"start":{"line":28,"column":34},"end":{"line":28,"column":94}},"8":{"start":{"line":29,"column":12},"end":{"line":29,"column":39}},"9":{"start":{"line":32,"column":8},"end":{"line":42,"column":9}},"10":{"start":{"line":33,"column":28},"end":{"line":33,"column":67}},"11":{"start":{"line":34,"column":34},"end":{"line":37,"column":15}},"12":{"start":{"line":34,"column":59},"end":{"line":37,"column":13}},"13":{"start":{"line":38,"column":12},"end":{"line":38,"column":78}},"14":{"start":{"line":39,"column":12},"end":{"line":39,"column":33}},"15":{"start":{"line":41,"column":12},"end":{"line":41,"column":71}},"16":{"start":{"line":44,"column":30},"end":{"line":44,"column":90}},"17":{"start":{"line":45,"column":8},"end":{"line":45,"column":35}},"18":{"start":{"line":49,"column":8},"end":{"line":57,"column":9}},"19":{"start":{"line":50,"column":12},"end":{"line":50,"column":72}},"20":{"start":{"line":51,"column":34},"end":{"line":51,"column":94}},"21":{"start":{"line":52,"column":12},"end":{"line":55,"column":13}},"22":{"start":{"line":53,"column":30},"end":{"line":53,"column":96}},"23":{"start":{"line":53,"column":62},"end":{"line":53,"column":95}},"24":{"start":{"line":54,"column":16},"end":{"line":54,"column":40}},"25":{"start":{"line":54,"column":27},"end":{"line":54,"column":40}},"26":{"start":{"line":56,"column":12},"end":{"line":56,"column":115}},"27":{"start":{"line":56,"column":51},"end":{"line":56,"column":113}},"28":{"start":{"line":59,"column":8},"end":{"line":77,"column":9}},"29":{"start":{"line":60,"column":24},"end":{"line":60,"column":147}},"30":{"start":{"line":61,"column":27},"end":{"line":61,"column":57}},"31":{"start":{"line":62,"column":12},"end":{"line":65,"column":14}},"32":{"start":{"line":67,"column":12},"end":{"line":67,"column":78}},"33":{"start":{"line":68,"column":12},"end":{"line":75,"column":13}},"34":{"start":{"line":69,"column":38},"end":{"line":69,"column":98}},"35":{"start":{"line":70,"column":16},"end":{"line":73,"column":17}},"36":{"start":{"line":71,"column":34},"end":{"line":71,"column":100}},"37":{"start":{"line":71,"column":66},"end":{"line":71,"column":99}},"38":{"start":{"line":72,"column":20},"end":{"line":72,"column":44}},"39":{"start":{"line":72,"column":31},"end":{"line":72,"column":44}},"40":{"start":{"line":74,"column":16},"end":{"line":74,"column":119}},"41":{"start":{"line":74,"column":55},"end":{"line":74,"column":117}},"42":{"start":{"line":76,"column":12},"end":{"line":76,"column":29}},"43":{"start":{"line":81,"column":8},"end":{"line":85,"column":9}},"44":{"start":{"line":82,"column":12},"end":{"line":82,"column":70}},"45":{"start":{"line":83,"column":34},"end":{"line":83,"column":94}},"46":{"start":{"line":84,"column":12},"end":{"line":84,"column":64}},"47":{"start":{"line":84,"column":51},"end":{"line":84,"column":62}},"48":{"start":{"line":87,"column":8},"end":{"line":100,"column":9}},"49":{"start":{"line":88,"column":27},"end":{"line":88,"column":70}},"50":{"start":{"line":89,"column":12},"end":{"line":92,"column":14}},"51":{"start":{"line":94,"column":12},"end":{"line":94,"column":76}},"52":{"start":{"line":95,"column":12},"end":{"line":98,"column":13}},"53":{"start":{"line":96,"column":38},"end":{"line":96,"column":98}},"54":{"start":{"line":97,"column":16},"end":{"line":97,"column":68}},"55":{"start":{"line":97,"column":55},"end":{"line":97,"column":66}},"56":{"start":{"line":99,"column":12},"end":{"line":99,"column":29}},"57":{"start":{"line":105,"column":8},"end":{"line":111,"column":9}},"58":{"start":{"line":106,"column":12},"end":{"line":106,"column":73}},"59":{"start":{"line":107,"column":32},"end":{"line":107,"column":88}},"60":{"start":{"line":108,"column":12},"end":{"line":110,"column":14}},"61":{"start":{"line":109,"column":17},"end":{"line":109,"column":103}},"62":{"start":{"line":113,"column":8},"end":{"line":146,"column":9}},"63":{"start":{"line":115,"column":25},"end":{"line":117,"column":71}},"64":{"start":{"line":119,"column":26},"end":{"line":119,"column":59}},"65":{"start":{"line":120,"column":32},"end":{"line":120,"column":80}},"66":{"start":{"line":120,"column":54},"end":{"line":120,"column":79}},"67":{"start":{"line":123,"column":12},"end":{"line":134,"column":13}},"68":{"start":{"line":124,"column":36},"end":{"line":124,"column":98}},"69":{"start":{"line":125,"column":38},"end":{"line":130,"column":18}},"70":{"start":{"line":126,"column":43},"end":{"line":126,"column":132}},"71":{"start":{"line":127,"column":40},"end":{"line":127,"column":96}},"72":{"start":{"line":128,"column":45},"end":{"line":128,"column":128}},"73":{"start":{"line":129,"column":20},"end":{"line":129,"column":65}},"74":{"start":{"line":131,"column":16},"end":{"line":131,"column":101}},"75":{"start":{"line":133,"column":16},"end":{"line":133,"column":87}},"76":{"start":{"line":136,"column":12},"end":{"line":136,"column":31}},"77":{"start":{"line":138,"column":12},"end":{"line":138,"column":76}},"78":{"start":{"line":139,"column":12},"end":{"line":144,"column":13}},"79":{"start":{"line":140,"column":36},"end":{"line":140,"column":92}},"80":{"start":{"line":141,"column":16},"end":{"line":143,"column":18}},"81":{"start":{"line":142,"column":21},"end":{"line":142,"column":107}},"82":{"start":{"line":145,"column":12},"end":{"line":145,"column":22}},"83":{"start":{"line":150,"column":8},"end":{"line":152,"column":9}},"84":{"start":{"line":151,"column":12},"end":{"line":151,"column":22}},"85":{"start":{"line":154,"column":8},"end":{"line":159,"column":9}},"86":{"start":{"line":155,"column":12},"end":{"line":155,"column":101}},"87":{"start":{"line":157,"column":12},"end":{"line":157,"column":85}},"88":{"start":{"line":158,"column":12},"end":{"line":158,"column":24}},"89":{"start":{"line":163,"column":8},"end":{"line":165,"column":9}},"90":{"start":{"line":164,"column":12},"end":{"line":164,"column":24}},"91":{"start":{"line":167,"column":8},"end":{"line":174,"column":9}},"92":{"start":{"line":168,"column":27},"end":{"line":168,"column":57}},"93":{"start":{"line":169,"column":12},"end":{"line":169,"column":53}},"94":{"start":{"line":169,"column":24},"end":{"line":169,"column":53}},"95":{"start":{"line":170,"column":12},"end":{"line":170,"column":110}},"96":{"start":{"line":172,"column":12},"end":{"line":172,"column":73}},"97":{"start":{"line":173,"column":12},"end":{"line":173,"column":24}},"98":{"start":{"line":178,"column":8},"end":{"line":182,"column":9}},"99":{"start":{"line":179,"column":12},"end":{"line":179,"column":71}},"100":{"start":{"line":180,"column":32},"end":{"line":180,"column":88}},"101":{"start":{"line":181,"column":12},"end":{"line":181,"column":68}},"102":{"start":{"line":181,"column":49},"end":{"line":181,"column":66}},"103":{"start":{"line":184,"column":8},"end":{"line":198,"column":9}},"104":{"start":{"line":185,"column":26},"end":{"line":185,"column":63}},"105":{"start":{"line":186,"column":25},"end":{"line":186,"column":66}},"106":{"start":{"line":186,"column":48},"end":{"line":186,"column":65}},"107":{"start":{"line":187,"column":12},"end":{"line":189,"column":13}},"108":{"start":{"line":188,"column":16},"end":{"line":188,"column":52}},"109":{"start":{"line":190,"column":12},"end":{"line":190,"column":29}},"110":{"start":{"line":192,"column":12},"end":{"line":192,"column":65}},"111":{"start":{"line":193,"column":12},"end":{"line":196,"column":13}},"112":{"start":{"line":194,"column":36},"end":{"line":194,"column":92}},"113":{"start":{"line":195,"column":16},"end":{"line":195,"column":72}},"114":{"start":{"line":195,"column":53},"end":{"line":195,"column":70}},"115":{"start":{"line":197,"column":12},"end":{"line":197,"column":29}},"116":{"start":{"line":202,"column":23},"end":{"line":202,"column":60}},"117":{"start":{"line":204,"column":8},"end":{"line":207,"column":9}},"118":{"start":{"line":205,"column":12},"end":{"line":205,"column":80}},"119":{"start":{"line":206,"column":12},"end":{"line":206,"column":29}},"120":{"start":{"line":209,"column":8},"end":{"line":213,"column":9}},"121":{"start":{"line":210,"column":12},"end":{"line":210,"column":79}},"122":{"start":{"line":211,"column":32},"end":{"line":211,"column":88}},"123":{"start":{"line":212,"column":12},"end":{"line":212,"column":101}},"124":{"start":{"line":212,"column":49},"end":{"line":212,"column":99}},"125":{"start":{"line":215,"column":8},"end":{"line":226,"column":9}},"126":{"start":{"line":216,"column":12},"end":{"line":216,"column":81}},"127":{"start":{"line":217,"column":25},"end":{"line":217,"column":115}},"128":{"start":{"line":218,"column":12},"end":{"line":218,"column":67}},"129":{"start":{"line":220,"column":12},"end":{"line":220,"column":89}},"130":{"start":{"line":221,"column":12},"end":{"line":224,"column":13}},"131":{"start":{"line":222,"column":36},"end":{"line":222,"column":92}},"132":{"start":{"line":223,"column":16},"end":{"line":223,"column":105}},"133":{"start":{"line":223,"column":53},"end":{"line":223,"column":103}},"134":{"start":{"line":225,"column":12},"end":{"line":225,"column":29}},"135":{"start":{"line":230,"column":8},"end":{"line":234,"column":9}},"136":{"start":{"line":231,"column":12},"end":{"line":231,"column":68}},"137":{"start":{"line":232,"column":32},"end":{"line":232,"column":88}},"138":{"start":{"line":233,"column":12},"end":{"line":233,"column":62}},"139":{"start":{"line":233,"column":49},"end":{"line":233,"column":60}},"140":{"start":{"line":236,"column":8},"end":{"line":246,"column":9}},"141":{"start":{"line":237,"column":25},"end":{"line":237,"column":70}},"142":{"start":{"line":238,"column":12},"end":{"line":238,"column":67}},"143":{"start":{"line":240,"column":12},"end":{"line":240,"column":62}},"144":{"start":{"line":241,"column":12},"end":{"line":244,"column":13}},"145":{"start":{"line":242,"column":36},"end":{"line":242,"column":92}},"146":{"start":{"line":243,"column":16},"end":{"line":243,"column":66}},"147":{"start":{"line":243,"column":53},"end":{"line":243,"column":64}},"148":{"start":{"line":245,"column":12},"end":{"line":245,"column":29}},"149":{"start":{"line":250,"column":8},"end":{"line":253,"column":9}},"150":{"start":{"line":251,"column":12},"end":{"line":251,"column":60}},"151":{"start":{"line":252,"column":12},"end":{"line":252,"column":24}},"152":{"start":{"line":255,"column":8},"end":{"line":259,"column":9}},"153":{"start":{"line":256,"column":12},"end":{"line":256,"column":121}},"154":{"start":{"line":258,"column":12},"end":{"line":258,"column":70}},"155":{"start":{"line":260,"column":8},"end":{"line":260,"column":20}},"156":{"start":{"line":264,"column":8},"end":{"line":267,"column":9}},"157":{"start":{"line":265,"column":12},"end":{"line":265,"column":58}},"158":{"start":{"line":266,"column":12},"end":{"line":266,"column":25}},"159":{"start":{"line":269,"column":8},"end":{"line":274,"column":9}},"160":{"start":{"line":270,"column":27},"end":{"line":270,"column":102}},"161":{"start":{"line":271,"column":12},"end":{"line":271,"column":34}},"162":{"start":{"line":273,"column":12},"end":{"line":273,"column":68}},"163":{"start":{"line":275,"column":8},"end":{"line":275,"column":21}},"164":{"start":{"line":279,"column":8},"end":{"line":282,"column":9}},"165":{"start":{"line":280,"column":12},"end":{"line":280,"column":60}},"166":{"start":{"line":281,"column":12},"end":{"line":281,"column":29}},"167":{"start":{"line":284,"column":8},"end":{"line":289,"column":9}},"168":{"start":{"line":285,"column":25},"end":{"line":285,"column":102}},"169":{"start":{"line":286,"column":12},"end":{"line":286,"column":48}},"170":{"start":{"line":288,"column":12},"end":{"line":288,"column":63}},"171":{"start":{"line":290,"column":8},"end":{"line":290,"column":25}},"172":{"start":{"line":294,"column":8},"end":{"line":297,"column":9}},"173":{"start":{"line":295,"column":12},"end":{"line":295,"column":54}},"174":{"start":{"line":296,"column":12},"end":{"line":296,"column":29}},"175":{"start":{"line":299,"column":8},"end":{"line":328,"column":9}},"176":{"start":{"line":300,"column":12},"end":{"line":305,"column":15}},"177":{"start":{"line":306,"column":25},"end":{"line":319,"column":14}},"178":{"start":{"line":320,"column":12},"end":{"line":324,"column":15}},"179":{"start":{"line":325,"column":12},"end":{"line":325,"column":48}},"180":{"start":{"line":327,"column":12},"end":{"line":327,"column":73}},"181":{"start":{"line":329,"column":8},"end":{"line":329,"column":25}},"182":{"start":{"line":333,"column":8},"end":{"line":337,"column":9}},"183":{"start":{"line":334,"column":12},"end":{"line":334,"column":65}},"184":{"start":{"line":335,"column":32},"end":{"line":335,"column":88}},"185":{"start":{"line":336,"column":12},"end":{"line":336,"column":37}},"186":{"start":{"line":339,"column":8},"end":{"line":351,"column":9}},"187":{"start":{"line":340,"column":26},"end":{"line":340,"column":63}},"188":{"start":{"line":341,"column":32},"end":{"line":341,"column":80}},"189":{"start":{"line":341,"column":54},"end":{"line":341,"column":79}},"190":{"start":{"line":342,"column":12},"end":{"line":342,"column":74}},"191":{"start":{"line":343,"column":12},"end":{"line":343,"column":31}},"192":{"start":{"line":345,"column":12},"end":{"line":345,"column":69}},"193":{"start":{"line":346,"column":12},"end":{"line":349,"column":13}},"194":{"start":{"line":347,"column":36},"end":{"line":347,"column":92}},"195":{"start":{"line":348,"column":16},"end":{"line":348,"column":41}},"196":{"start":{"line":350,"column":12},"end":{"line":350,"column":22}},"197":{"start":{"line":356,"column":8},"end":{"line":362,"column":9}},"198":{"start":{"line":357,"column":12},"end":{"line":357,"column":72}},"199":{"start":{"line":358,"column":32},"end":{"line":358,"column":88}},"200":{"start":{"line":359,"column":12},"end":{"line":361,"column":14}},"201":{"start":{"line":360,"column":16},"end":{"line":360,"column":93}},"202":{"start":{"line":364,"column":8},"end":{"line":376,"column":9}},"203":{"start":{"line":365,"column":26},"end":{"line":365,"column":91}},"204":{"start":{"line":366,"column":12},"end":{"line":366,"column":68}},"205":{"start":{"line":366,"column":41},"end":{"line":366,"column":66}},"206":{"start":{"line":368,"column":12},"end":{"line":368,"column":65}},"207":{"start":{"line":369,"column":12},"end":{"line":374,"column":13}},"208":{"start":{"line":370,"column":36},"end":{"line":370,"column":92}},"209":{"start":{"line":371,"column":16},"end":{"line":373,"column":18}},"210":{"start":{"line":372,"column":20},"end":{"line":372,"column":97}},"211":{"start":{"line":375,"column":12},"end":{"line":375,"column":22}},"212":{"start":{"line":381,"column":29},"end":{"line":381,"column":48}}},"fnMap":{"0":{"name":"(anonymous_0)","decl":{"start":{"line":12,"column":17},"end":{"line":12,"column":18}},"loc":{"start":{"line":12,"column":37},"end":{"line":14,"column":1}},"line":12},"1":{"name":"(anonymous_1)","decl":{"start":{"line":17,"column":4},"end":{"line":17,"column":5}},"loc":{"start":{"line":17,"column":44},"end":{"line":23,"column":5}},"line":17},"2":{"name":"(anonymous_2)","decl":{"start":{"line":25,"column":4},"end":{"line":25,"column":5}},"loc":{"start":{"line":25,"column":42},"end":{"line":46,"column":5}},"line":25},"3":{"name":"(anonymous_3)","decl":{"start":{"line":34,"column":46},"end":{"line":34,"column":47}},"loc":{"start":{"line":34,"column":59},"end":{"line":37,"column":13}},"line":34},"4":{"name":"(anonymous_4)","decl":{"start":{"line":48,"column":4},"end":{"line":48,"column":5}},"loc":{"start":{"line":48,"column":93},"end":{"line":78,"column":5}},"line":48},"5":{"name":"(anonymous_5)","decl":{"start":{"line":53,"column":57},"end":{"line":53,"column":58}},"loc":{"start":{"line":53,"column":62},"end":{"line":53,"column":95}},"line":53},"6":{"name":"(anonymous_6)","decl":{"start":{"line":56,"column":46},"end":{"line":56,"column":47}},"loc":{"start":{"line":56,"column":51},"end":{"line":56,"column":113}},"line":56},"7":{"name":"(anonymous_7)","decl":{"start":{"line":71,"column":61},"end":{"line":71,"column":62}},"loc":{"start":{"line":71,"column":66},"end":{"line":71,"column":99}},"line":71},"8":{"name":"(anonymous_8)","decl":{"start":{"line":74,"column":50},"end":{"line":74,"column":51}},"loc":{"start":{"line":74,"column":55},"end":{"line":74,"column":117}},"line":74},"9":{"name":"(anonymous_9)","decl":{"start":{"line":80,"column":4},"end":{"line":80,"column":5}},"loc":{"start":{"line":80,"column":65},"end":{"line":101,"column":5}},"line":80},"10":{"name":"(anonymous_10)","decl":{"start":{"line":84,"column":46},"end":{"line":84,"column":47}},"loc":{"start":{"line":84,"column":51},"end":{"line":84,"column":62}},"line":84},"11":{"name":"(anonymous_11)","decl":{"start":{"line":97,"column":50},"end":{"line":97,"column":51}},"loc":{"start":{"line":97,"column":55},"end":{"line":97,"column":66}},"line":97},"12":{"name":"(anonymous_12)","decl":{"start":{"line":104,"column":4},"end":{"line":104,"column":5}},"loc":{"start":{"line":104,"column":83},"end":{"line":147,"column":5}},"line":104},"13":{"name":"(anonymous_13)","decl":{"start":{"line":108,"column":46},"end":{"line":108,"column":47}},"loc":{"start":{"line":109,"column":17},"end":{"line":109,"column":103}},"line":109},"14":{"name":"(anonymous_14)","decl":{"start":{"line":120,"column":42},"end":{"line":120,"column":43}},"loc":{"start":{"line":120,"column":54},"end":{"line":120,"column":79}},"line":120},"15":{"name":"(anonymous_15)","decl":{"start":{"line":125,"column":57},"end":{"line":125,"column":58}},"loc":{"start":{"line":125,"column":62},"end":{"line":130,"column":17}},"line":125},"16":{"name":"(anonymous_16)","decl":{"start":{"line":141,"column":50},"end":{"line":141,"column":51}},"loc":{"start":{"line":142,"column":21},"end":{"line":142,"column":107}},"line":142},"17":{"name":"(anonymous_17)","decl":{"start":{"line":149,"column":4},"end":{"line":149,"column":5}},"loc":{"start":{"line":149,"column":84},"end":{"line":160,"column":5}},"line":149},"18":{"name":"(anonymous_18)","decl":{"start":{"line":162,"column":4},"end":{"line":162,"column":5}},"loc":{"start":{"line":162,"column":96},"end":{"line":175,"column":5}},"line":162},"19":{"name":"(anonymous_19)","decl":{"start":{"line":177,"column":4},"end":{"line":177,"column":5}},"loc":{"start":{"line":177,"column":67},"end":{"line":199,"column":5}},"line":177},"20":{"name":"(anonymous_20)","decl":{"start":{"line":181,"column":44},"end":{"line":181,"column":45}},"loc":{"start":{"line":181,"column":49},"end":{"line":181,"column":66}},"line":181},"21":{"name":"(anonymous_21)","decl":{"start":{"line":186,"column":36},"end":{"line":186,"column":37}},"loc":{"start":{"line":186,"column":48},"end":{"line":186,"column":65}},"line":186},"22":{"name":"(anonymous_22)","decl":{"start":{"line":195,"column":48},"end":{"line":195,"column":49}},"loc":{"start":{"line":195,"column":53},"end":{"line":195,"column":70}},"line":195},"23":{"name":"(anonymous_23)","decl":{"start":{"line":201,"column":4},"end":{"line":201,"column":5}},"loc":{"start":{"line":201,"column":83},"end":{"line":227,"column":5}},"line":201},"24":{"name":"(anonymous_24)","decl":{"start":{"line":212,"column":44},"end":{"line":212,"column":45}},"loc":{"start":{"line":212,"column":49},"end":{"line":212,"column":99}},"line":212},"25":{"name":"(anonymous_25)","decl":{"start":{"line":223,"column":48},"end":{"line":223,"column":49}},"loc":{"start":{"line":223,"column":53},"end":{"line":223,"column":103}},"line":223},"26":{"name":"(anonymous_26)","decl":{"start":{"line":229,"column":4},"end":{"line":229,"column":5}},"loc":{"start":{"line":229,"column":61},"end":{"line":247,"column":5}},"line":229},"27":{"name":"(anonymous_27)","decl":{"start":{"line":233,"column":44},"end":{"line":233,"column":45}},"loc":{"start":{"line":233,"column":49},"end":{"line":233,"column":60}},"line":233},"28":{"name":"(anonymous_28)","decl":{"start":{"line":243,"column":48},"end":{"line":243,"column":49}},"loc":{"start":{"line":243,"column":53},"end":{"line":243,"column":64}},"line":243},"29":{"name":"(anonymous_29)","decl":{"start":{"line":249,"column":4},"end":{"line":249,"column":5}},"loc":{"start":{"line":249,"column":101},"end":{"line":261,"column":5}},"line":249},"30":{"name":"(anonymous_30)","decl":{"start":{"line":263,"column":4},"end":{"line":263,"column":5}},"loc":{"start":{"line":263,"column":55},"end":{"line":276,"column":5}},"line":263},"31":{"name":"(anonymous_31)","decl":{"start":{"line":278,"column":4},"end":{"line":278,"column":5}},"loc":{"start":{"line":278,"column":82},"end":{"line":291,"column":5}},"line":278},"32":{"name":"(anonymous_32)","decl":{"start":{"line":293,"column":4},"end":{"line":293,"column":5}},"loc":{"start":{"line":293,"column":77},"end":{"line":330,"column":5}},"line":293},"33":{"name":"(anonymous_33)","decl":{"start":{"line":332,"column":4},"end":{"line":332,"column":5}},"loc":{"start":{"line":332,"column":38},"end":{"line":352,"column":5}},"line":332},"34":{"name":"(anonymous_34)","decl":{"start":{"line":341,"column":42},"end":{"line":341,"column":43}},"loc":{"start":{"line":341,"column":54},"end":{"line":341,"column":79}},"line":341},"35":{"name":"(anonymous_35)","decl":{"start":{"line":355,"column":4},"end":{"line":355,"column":5}},"loc":{"start":{"line":355,"column":61},"end":{"line":377,"column":5}},"line":355},"36":{"name":"(anonymous_36)","decl":{"start":{"line":359,"column":46},"end":{"line":359,"column":47}},"loc":{"start":{"line":360,"column":16},"end":{"line":360,"column":93}},"line":360},"37":{"name":"(anonymous_37)","decl":{"start":{"line":366,"column":29},"end":{"line":366,"column":30}},"loc":{"start":{"line":366,"column":41},"end":{"line":366,"column":66}},"line":366},"38":{"name":"(anonymous_38)","decl":{"start":{"line":371,"column":50},"end":{"line":371,"column":51}},"loc":{"start":{"line":372,"column":20},"end":{"line":372,"column":97}},"line":372}},"branchMap":{"0":{"loc":{"start":{"line":13,"column":2},"end":{"line":13,"column":69}},"type":"if","locations":[{"start":{"line":13,"column":2},"end":{"line":13,"column":69}},{"start":{},"end":{}}],"line":13},"1":{"loc":{"start":{"line":20,"column":22},"end":{"line":20,"column":64}},"type":"binary-expr","locations":[{"start":{"line":20,"column":22},"end":{"line":20,"column":58}},{"start":{"line":20,"column":62},"end":{"line":20,"column":64}}],"line":20},"2":{"loc":{"start":{"line":21,"column":26},"end":{"line":21,"column":46}},"type":"binary-expr","locations":[{"start":{"line":21,"column":26},"end":{"line":21,"column":40}},{"start":{"line":21,"column":44},"end":{"line":21,"column":46}}],"line":21},"3":{"loc":{"start":{"line":26,"column":8},"end":{"line":30,"column":9}},"type":"if","locations":[{"start":{"line":26,"column":8},"end":{"line":30,"column":9}},{"start":{},"end":{}}],"line":26},"4":{"loc":{"start":{"line":29,"column":19},"end":{"line":29,"column":38}},"type":"binary-expr","locations":[{"start":{"line":29,"column":19},"end":{"line":29,"column":32}},{"start":{"line":29,"column":36},"end":{"line":29,"column":38}}],"line":29},"5":{"loc":{"start":{"line":36,"column":32},"end":{"line":36,"column":54}},"type":"binary-expr","locations":[{"start":{"line":36,"column":32},"end":{"line":36,"column":48}},{"start":{"line":36,"column":52},"end":{"line":36,"column":54}}],"line":36},"6":{"loc":{"start":{"line":45,"column":15},"end":{"line":45,"column":34}},"type":"binary-expr","locations":[{"start":{"line":45,"column":15},"end":{"line":45,"column":28}},{"start":{"line":45,"column":32},"end":{"line":45,"column":34}}],"line":45},"7":{"loc":{"start":{"line":49,"column":8},"end":{"line":57,"column":9}},"type":"if","locations":[{"start":{"line":49,"column":8},"end":{"line":57,"column":9}},{"start":{},"end":{}}],"line":49},"8":{"loc":{"start":{"line":52,"column":12},"end":{"line":55,"column":13}},"type":"if","locations":[{"start":{"line":52,"column":12},"end":{"line":55,"column":13}},{"start":{},"end":{}}],"line":52},"9":{"loc":{"start":{"line":53,"column":31},"end":{"line":53,"column":50}},"type":"binary-expr","locations":[{"start":{"line":53,"column":31},"end":{"line":53,"column":44}},{"start":{"line":53,"column":48},"end":{"line":53,"column":50}}],"line":53},"10":{"loc":{"start":{"line":54,"column":16},"end":{"line":54,"column":40}},"type":"if","locations":[{"start":{"line":54,"column":16},"end":{"line":54,"column":40}},{"start":{},"end":{}}],"line":54},"11":{"loc":{"start":{"line":56,"column":20},"end":{"line":56,"column":39}},"type":"binary-expr","locations":[{"start":{"line":56,"column":20},"end":{"line":56,"column":33}},{"start":{"line":56,"column":37},"end":{"line":56,"column":39}}],"line":56},"12":{"loc":{"start":{"line":56,"column":51},"end":{"line":56,"column":113}},"type":"binary-expr","locations":[{"start":{"line":56,"column":51},"end":{"line":56,"column":94}},{"start":{"line":56,"column":98},"end":{"line":56,"column":113}}],"line":56},"13":{"loc":{"start":{"line":60,"column":71},"end":{"line":60,"column":145}},"type":"cond-expr","locations":[{"start":{"line":60,"column":87},"end":{"line":60,"column":140}},{"start":{"line":60,"column":143},"end":{"line":60,"column":145}}],"line":60},"14":{"loc":{"start":{"line":64,"column":32},"end":{"line":64,"column":59}},"type":"binary-expr","locations":[{"start":{"line":64,"column":32},"end":{"line":64,"column":53}},{"start":{"line":64,"column":57},"end":{"line":64,"column":59}}],"line":64},"15":{"loc":{"start":{"line":68,"column":12},"end":{"line":75,"column":13}},"type":"if","locations":[{"start":{"line":68,"column":12},"end":{"line":75,"column":13}},{"start":{},"end":{}}],"line":68},"16":{"loc":{"start":{"line":70,"column":16},"end":{"line":73,"column":17}},"type":"if","locations":[{"start":{"line":70,"column":16},"end":{"line":73,"column":17}},{"start":{},"end":{}}],"line":70},"17":{"loc":{"start":{"line":71,"column":35},"end":{"line":71,"column":54}},"type":"binary-expr","locations":[{"start":{"line":71,"column":35},"end":{"line":71,"column":48}},{"start":{"line":71,"column":52},"end":{"line":71,"column":54}}],"line":71},"18":{"loc":{"start":{"line":72,"column":20},"end":{"line":72,"column":44}},"type":"if","locations":[{"start":{"line":72,"column":20},"end":{"line":72,"column":44}},{"start":{},"end":{}}],"line":72},"19":{"loc":{"start":{"line":74,"column":24},"end":{"line":74,"column":43}},"type":"binary-expr","locations":[{"start":{"line":74,"column":24},"end":{"line":74,"column":37}},{"start":{"line":74,"column":41},"end":{"line":74,"column":43}}],"line":74},"20":{"loc":{"start":{"line":74,"column":55},"end":{"line":74,"column":117}},"type":"binary-expr","locations":[{"start":{"line":74,"column":55},"end":{"line":74,"column":98}},{"start":{"line":74,"column":102},"end":{"line":74,"column":117}}],"line":74},"21":{"loc":{"start":{"line":81,"column":8},"end":{"line":85,"column":9}},"type":"if","locations":[{"start":{"line":81,"column":8},"end":{"line":85,"column":9}},{"start":{},"end":{}}],"line":81},"22":{"loc":{"start":{"line":84,"column":20},"end":{"line":84,"column":39}},"type":"binary-expr","locations":[{"start":{"line":84,"column":20},"end":{"line":84,"column":33}},{"start":{"line":84,"column":37},"end":{"line":84,"column":39}}],"line":84},"23":{"loc":{"start":{"line":91,"column":32},"end":{"line":91,"column":59}},"type":"binary-expr","locations":[{"start":{"line":91,"column":32},"end":{"line":91,"column":53}},{"start":{"line":91,"column":57},"end":{"line":91,"column":59}}],"line":91},"24":{"loc":{"start":{"line":95,"column":12},"end":{"line":98,"column":13}},"type":"if","locations":[{"start":{"line":95,"column":12},"end":{"line":98,"column":13}},{"start":{},"end":{}}],"line":95},"25":{"loc":{"start":{"line":97,"column":24},"end":{"line":97,"column":43}},"type":"binary-expr","locations":[{"start":{"line":97,"column":24},"end":{"line":97,"column":37}},{"start":{"line":97,"column":41},"end":{"line":97,"column":43}}],"line":97},"26":{"loc":{"start":{"line":105,"column":8},"end":{"line":111,"column":9}},"type":"if","locations":[{"start":{"line":105,"column":8},"end":{"line":111,"column":9}},{"start":{},"end":{}}],"line":105},"27":{"loc":{"start":{"line":108,"column":20},"end":{"line":108,"column":37}},"type":"binary-expr","locations":[{"start":{"line":108,"column":20},"end":{"line":108,"column":31}},{"start":{"line":108,"column":35},"end":{"line":108,"column":37}}],"line":108},"28":{"loc":{"start":{"line":109,"column":17},"end":{"line":109,"column":103}},"type":"cond-expr","locations":[{"start":{"line":109,"column":48},"end":{"line":109,"column":71}},{"start":{"line":109,"column":74},"end":{"line":109,"column":103}}],"line":109},"29":{"loc":{"start":{"line":115,"column":25},"end":{"line":117,"column":71}},"type":"cond-expr","locations":[{"start":{"line":116,"column":18},"end":{"line":116,"column":46}},{"start":{"line":117,"column":18},"end":{"line":117,"column":71}}],"line":115},"30":{"loc":{"start":{"line":124,"column":36},"end":{"line":124,"column":98}},"type":"binary-expr","locations":[{"start":{"line":124,"column":36},"end":{"line":124,"column":92}},{"start":{"line":124,"column":96},"end":{"line":124,"column":98}}],"line":124},"31":{"loc":{"start":{"line":126,"column":43},"end":{"line":126,"column":132}},"type":"binary-expr","locations":[{"start":{"line":126,"column":43},"end":{"line":126,"column":51}},{"start":{"line":126,"column":55},"end":{"line":126,"column":83}},{"start":{"line":126,"column":87},"end":{"line":126,"column":104}},{"start":{"line":126,"column":108},"end":{"line":126,"column":132}}],"line":126},"32":{"loc":{"start":{"line":127,"column":40},"end":{"line":127,"column":96}},"type":"cond-expr","locations":[{"start":{"line":127,"column":71},"end":{"line":127,"column":79}},{"start":{"line":127,"column":82},"end":{"line":127,"column":96}}],"line":127},"33":{"loc":{"start":{"line":128,"column":45},"end":{"line":128,"column":128}},"type":"binary-expr","locations":[{"start":{"line":128,"column":45},"end":{"line":128,"column":56}},{"start":{"line":128,"column":60},"end":{"line":128,"column":70}},{"start":{"line":128,"column":74},"end":{"line":128,"column":128}}],"line":128},"34":{"loc":{"start":{"line":129,"column":29},"end":{"line":129,"column":63}},"type":"binary-expr","locations":[{"start":{"line":129,"column":29},"end":{"line":129,"column":43}},{"start":{"line":129,"column":47},"end":{"line":129,"column":63}}],"line":129},"35":{"loc":{"start":{"line":139,"column":12},"end":{"line":144,"column":13}},"type":"if","locations":[{"start":{"line":139,"column":12},"end":{"line":144,"column":13}},{"start":{},"end":{}}],"line":139},"36":{"loc":{"start":{"line":141,"column":24},"end":{"line":141,"column":41}},"type":"binary-expr","locations":[{"start":{"line":141,"column":24},"end":{"line":141,"column":35}},{"start":{"line":141,"column":39},"end":{"line":141,"column":41}}],"line":141},"37":{"loc":{"start":{"line":142,"column":21},"end":{"line":142,"column":107}},"type":"cond-expr","locations":[{"start":{"line":142,"column":52},"end":{"line":142,"column":75}},{"start":{"line":142,"column":78},"end":{"line":142,"column":107}}],"line":142},"38":{"loc":{"start":{"line":150,"column":8},"end":{"line":152,"column":9}},"type":"if","locations":[{"start":{"line":150,"column":8},"end":{"line":152,"column":9}},{"start":{},"end":{}}],"line":150},"39":{"loc":{"start":{"line":163,"column":8},"end":{"line":165,"column":9}},"type":"if","locations":[{"start":{"line":163,"column":8},"end":{"line":165,"column":9}},{"start":{},"end":{}}],"line":163},"40":{"loc":{"start":{"line":169,"column":12},"end":{"line":169,"column":53}},"type":"if","locations":[{"start":{"line":169,"column":12},"end":{"line":169,"column":53}},{"start":{},"end":{}}],"line":169},"41":{"loc":{"start":{"line":178,"column":8},"end":{"line":182,"column":9}},"type":"if","locations":[{"start":{"line":178,"column":8},"end":{"line":182,"column":9}},{"start":{},"end":{}}],"line":178},"42":{"loc":{"start":{"line":181,"column":20},"end":{"line":181,"column":37}},"type":"binary-expr","locations":[{"start":{"line":181,"column":20},"end":{"line":181,"column":31}},{"start":{"line":181,"column":35},"end":{"line":181,"column":37}}],"line":181},"43":{"loc":{"start":{"line":187,"column":12},"end":{"line":189,"column":13}},"type":"if","locations":[{"start":{"line":187,"column":12},"end":{"line":189,"column":13}},{"start":{},"end":{}}],"line":187},"44":{"loc":{"start":{"line":193,"column":12},"end":{"line":196,"column":13}},"type":"if","locations":[{"start":{"line":193,"column":12},"end":{"line":196,"column":13}},{"start":{},"end":{}}],"line":193},"45":{"loc":{"start":{"line":195,"column":24},"end":{"line":195,"column":41}},"type":"binary-expr","locations":[{"start":{"line":195,"column":24},"end":{"line":195,"column":35}},{"start":{"line":195,"column":39},"end":{"line":195,"column":41}}],"line":195},"46":{"loc":{"start":{"line":204,"column":8},"end":{"line":207,"column":9}},"type":"if","locations":[{"start":{"line":204,"column":8},"end":{"line":207,"column":9}},{"start":{},"end":{}}],"line":204},"47":{"loc":{"start":{"line":209,"column":8},"end":{"line":213,"column":9}},"type":"if","locations":[{"start":{"line":209,"column":8},"end":{"line":213,"column":9}},{"start":{},"end":{}}],"line":209},"48":{"loc":{"start":{"line":212,"column":20},"end":{"line":212,"column":37}},"type":"binary-expr","locations":[{"start":{"line":212,"column":20},"end":{"line":212,"column":31}},{"start":{"line":212,"column":35},"end":{"line":212,"column":37}}],"line":212},"49":{"loc":{"start":{"line":218,"column":19},"end":{"line":218,"column":66}},"type":"cond-expr","locations":[{"start":{"line":218,"column":26},"end":{"line":218,"column":54}},{"start":{"line":218,"column":57},"end":{"line":218,"column":66}}],"line":218},"50":{"loc":{"start":{"line":221,"column":12},"end":{"line":224,"column":13}},"type":"if","locations":[{"start":{"line":221,"column":12},"end":{"line":224,"column":13}},{"start":{},"end":{}}],"line":221},"51":{"loc":{"start":{"line":223,"column":24},"end":{"line":223,"column":41}},"type":"binary-expr","locations":[{"start":{"line":223,"column":24},"end":{"line":223,"column":35}},{"start":{"line":223,"column":39},"end":{"line":223,"column":41}}],"line":223},"52":{"loc":{"start":{"line":230,"column":8},"end":{"line":234,"column":9}},"type":"if","locations":[{"start":{"line":230,"column":8},"end":{"line":234,"column":9}},{"start":{},"end":{}}],"line":230},"53":{"loc":{"start":{"line":233,"column":20},"end":{"line":233,"column":37}},"type":"binary-expr","locations":[{"start":{"line":233,"column":20},"end":{"line":233,"column":31}},{"start":{"line":233,"column":35},"end":{"line":233,"column":37}}],"line":233},"54":{"loc":{"start":{"line":238,"column":19},"end":{"line":238,"column":66}},"type":"cond-expr","locations":[{"start":{"line":238,"column":26},"end":{"line":238,"column":54}},{"start":{"line":238,"column":57},"end":{"line":238,"column":66}}],"line":238},"55":{"loc":{"start":{"line":241,"column":12},"end":{"line":244,"column":13}},"type":"if","locations":[{"start":{"line":241,"column":12},"end":{"line":244,"column":13}},{"start":{},"end":{}}],"line":241},"56":{"loc":{"start":{"line":243,"column":24},"end":{"line":243,"column":41}},"type":"binary-expr","locations":[{"start":{"line":243,"column":24},"end":{"line":243,"column":35}},{"start":{"line":243,"column":39},"end":{"line":243,"column":41}}],"line":243},"57":{"loc":{"start":{"line":250,"column":8},"end":{"line":253,"column":9}},"type":"if","locations":[{"start":{"line":250,"column":8},"end":{"line":253,"column":9}},{"start":{},"end":{}}],"line":250},"58":{"loc":{"start":{"line":264,"column":8},"end":{"line":267,"column":9}},"type":"if","locations":[{"start":{"line":264,"column":8},"end":{"line":267,"column":9}},{"start":{},"end":{}}],"line":264},"59":{"loc":{"start":{"line":279,"column":8},"end":{"line":282,"column":9}},"type":"if","locations":[{"start":{"line":279,"column":8},"end":{"line":282,"column":9}},{"start":{},"end":{}}],"line":279},"60":{"loc":{"start":{"line":294,"column":8},"end":{"line":297,"column":9}},"type":"if","locations":[{"start":{"line":294,"column":8},"end":{"line":297,"column":9}},{"start":{},"end":{}}],"line":294},"61":{"loc":{"start":{"line":308,"column":25},"end":{"line":308,"column":158}},"type":"binary-expr","locations":[{"start":{"line":308,"column":25},"end":{"line":308,"column":41}},{"start":{"line":308,"column":46},"end":{"line":308,"column":157}}],"line":308},"62":{"loc":{"start":{"line":308,"column":46},"end":{"line":308,"column":157}},"type":"cond-expr","locations":[{"start":{"line":308,"column":84},"end":{"line":308,"column":101}},{"start":{"line":308,"column":105},"end":{"line":308,"column":156}}],"line":308},"63":{"loc":{"start":{"line":308,"column":105},"end":{"line":308,"column":156}},"type":"cond-expr","locations":[{"start":{"line":308,"column":129},"end":{"line":308,"column":151}},{"start":{"line":308,"column":154},"end":{"line":308,"column":156}}],"line":308},"64":{"loc":{"start":{"line":333,"column":8},"end":{"line":337,"column":9}},"type":"if","locations":[{"start":{"line":333,"column":8},"end":{"line":337,"column":9}},{"start":{},"end":{}}],"line":333},"65":{"loc":{"start":{"line":336,"column":19},"end":{"line":336,"column":36}},"type":"binary-expr","locations":[{"start":{"line":336,"column":19},"end":{"line":336,"column":30}},{"start":{"line":336,"column":34},"end":{"line":336,"column":36}}],"line":336},"66":{"loc":{"start":{"line":346,"column":12},"end":{"line":349,"column":13}},"type":"if","locations":[{"start":{"line":346,"column":12},"end":{"line":349,"column":13}},{"start":{},"end":{}}],"line":346},"67":{"loc":{"start":{"line":348,"column":23},"end":{"line":348,"column":40}},"type":"binary-expr","locations":[{"start":{"line":348,"column":23},"end":{"line":348,"column":34}},{"start":{"line":348,"column":38},"end":{"line":348,"column":40}}],"line":348},"68":{"loc":{"start":{"line":356,"column":8},"end":{"line":362,"column":9}},"type":"if","locations":[{"start":{"line":356,"column":8},"end":{"line":362,"column":9}},{"start":{},"end":{}}],"line":356},"69":{"loc":{"start":{"line":359,"column":20},"end":{"line":359,"column":37}},"type":"binary-expr","locations":[{"start":{"line":359,"column":20},"end":{"line":359,"column":31}},{"start":{"line":359,"column":35},"end":{"line":359,"column":37}}],"line":359},"70":{"loc":{"start":{"line":360,"column":16},"end":{"line":360,"column":93}},"type":"binary-expr","locations":[{"start":{"line":360,"column":16},"end":{"line":360,"column":44}},{"start":{"line":360,"column":48},"end":{"line":360,"column":65}},{"start":{"line":360,"column":69},"end":{"line":360,"column":93}}],"line":360},"71":{"loc":{"start":{"line":369,"column":12},"end":{"line":374,"column":13}},"type":"if","locations":[{"start":{"line":369,"column":12},"end":{"line":374,"column":13}},{"start":{},"end":{}}],"line":369},"72":{"loc":{"start":{"line":371,"column":24},"end":{"line":371,"column":41}},"type":"binary-expr","locations":[{"start":{"line":371,"column":24},"end":{"line":371,"column":35}},{"start":{"line":371,"column":39},"end":{"line":371,"column":41}}],"line":371},"73":{"loc":{"start":{"line":372,"column":20},"end":{"line":372,"column":97}},"type":"binary-expr","locations":[{"start":{"line":372,"column":20},"end":{"line":372,"column":48}},{"start":{"line":372,"column":52},"end":{"line":372,"column":69}},{"start":{"line":372,"column":73},"end":{"line":372,"column":97}}],"line":372}},"s":{"0":4,"1":4,"2":0,"3":0,"4":0,"5":0,"6":0,"7":0,"8":0,"9":0,"10":0,"11":0,"12":0,"13":0,"14":0,"15":0,"16":0,"17":0,"18":0,"19":0,"20":0,"21":0,"22":0,"23":0,"24":0,"25":0,"26":0,"27":0,"28":0,"29":0,"30":0,"31":0,"32":0,"33":0,"34":0,"35":0,"36":0,"37":0,"38":0,"39":0,"40":0,"41":0,"42":0,"43":0,"44":0,"45":0,"46":0,"47":0,"48":0,"49":0,"50":0,"51":0,"52":0,"53":0,"54":0,"55":0,"56":0,"57":0,"58":0,"59":0,"60":0,"61":0,"62":0,"63":0,"64":0,"65":0,"66":0,"67":0,"68":0,"69":0,"70":0,"71":0,"72":0,"73":0,"74":0,"75":0,"76":0,"77":0,"78":0,"79":0,"80":0,"81":0,"82":0,"83":0,"84":0,"85":0,"86":0,"87":0,"88":0,"89":0,"90":0,"91":0,"92":0,"93":0,"94":0,"95":0,"96":0,"97":0,"98":0,"99":0,"100":0,"101":0,"102":0,"103":0,"104":0,"105":0,"106":0,"107":0,"108":0,"109":0,"110":0,"111":0,"112":0,"113":0,"114":0,"115":0,"116":0,"117":0,"118":0,"119":0,"120":0,"121":0,"122":0,"123":0,"124":0,"125":0,"126":0,"127":0,"128":0,"129":0,"130":0,"131":0,"132":0,"133":0,"134":0,"135":0,"136":0,"137":0,"138":0,"139":0,"140":0,"141":0,"142":0,"143":0,"144":0,"145":0,"146":0,"147":0,"148":0,"149":0,"150":0,"151":0,"152":0,"153":0,"154":0,"155":0,"156":0,"157":0,"158":0,"159":0,"160":0,"161":0,"162":0,"163":0,"164":0,"165":0,"166":0,"167":0,"168":0,"169":0,"170":0,"171":0,"172":0,"173":0,"174":0,"175":0,"176":0,"177":0,"178":0,"179":0,"180":0,"181":0,"182":0,"183":0,"184":0,"185":0,"186":0,"187":0,"188":0,"189":0,"190":0,"191":0,"192":0,"193":0,"194":0,"195":0,"196":0,"197":0,"198":0,"199":0,"200":0,"201":0,"202":0,"203":0,"204":0,"205":0,"206":0,"207":0,"208":0,"209":0,"210":0,"211":0,"212":4},"f":{"0":0,"1":0,"2":0,"3":0,"4":0,"5":0,"6":0,"7":0,"8":0,"9":0,"10":0,"11":0,"12":0,"13":0,"14":0,"15":0,"16":0,"17":0,"18":0,"19":0,"20":0,"21":0,"22":0,"23":0,"24":0,"25":0,"26":0,"27":0,"28":0,"29":0,"30":0,"31":0,"32":0,"33":0,"34":0,"35":0,"36":0,"37":0,"38":0},"b":{"0":[0,0],"1":[0,0],"2":[0,0],"3":[0,0],"4":[0,0],"5":[0,0],"6":[0,0],"7":[0,0],"8":[0,0],"9":[0,0],"10":[0,0],"11":[0,0],"12":[0,0],"13":[0,0],"14":[0,0],"15":[0,0],"16":[0,0],"17":[0,0],"18":[0,0],"19":[0,0],"20":[0,0],"21":[0,0],"22":[0,0],"23":[0,0],"24":[0,0],"25":[0,0],"26":[0,0],"27":[0,0],"28":[0,0],"29":[0,0],"30":[0,0],"31":[0,0,0,0],"32":[0,0],"33":[0,0,0],"34":[0,0],"35":[0,0],"36":[0,0],"37":[0,0],"38":[0,0],"39":[0,0],"40":[0,0],"41":[0,0],"42":[0,0],"43":[0,0],"44":[0,0],"45":[0,0],"46":[0,0],"47":[0,0],"48":[0,0],"49":[0,0],"50":[0,0],"51":[0,0],"52":[0,0],"53":[0,0],"54":[0,0],"55":[0,0],"56":[0,0],"57":[0,0],"58":[0,0],"59":[0,0],"60":[0,0],"61":[0,0],"62":[0,0],"63":[0,0],"64":[0,0],"65":[0,0],"66":[0,0],"67":[0,0],"68":[0,0],"69":[0,0],"70":[0,0,0],"71":[0,0],"72":[0,0],"73":[0,0,0]},"_coverageSchema":"1a1c01bbd47fc00a2c39e90264f33305004495a9","hash":"5e5109ac808a9ecd831de3f3ec81a487819e988b"}
,"/Users/chantreau/quotex/src/entities/author/api/SupabaseAuthorRepository.ts": {"path":"/Users/chantreau/quotex/src/entities/author/api/SupabaseAuthorRepository.ts","statementMap":{"0":{"start":{"line":10,"column":61},"end":{"line":10,"column":65}},"1":{"start":{"line":13,"column":4},"end":{"line":15,"column":5}},"2":{"start":{"line":14,"column":6},"end":{"line":14,"column":73}},"3":{"start":{"line":16,"column":4},"end":{"line":16,"column":45}},"4":{"start":{"line":20,"column":4},"end":{"line":20,"column":44}},"5":{"start":{"line":24,"column":4},"end":{"line":24,"column":49}},"6":{"start":{"line":28,"column":4},"end":{"line":28,"column":68}},"7":{"start":{"line":32,"column":4},"end":{"line":32,"column":42}},"8":{"start":{"line":36,"column":4},"end":{"line":36,"column":70}},"9":{"start":{"line":40,"column":4},"end":{"line":40,"column":66}},"10":{"start":{"line":44,"column":4},"end":{"line":44,"column":64}},"11":{"start":{"line":48,"column":17},"end":{"line":48,"column":58}},"12":{"start":{"line":49,"column":4},"end":{"line":61,"column":5}},"13":{"start":{"line":50,"column":20},"end":{"line":50,"column":41}},"14":{"start":{"line":51,"column":23},"end":{"line":51,"column":56}},"15":{"start":{"line":51,"column":39},"end":{"line":51,"column":55}},"16":{"start":{"line":52,"column":6},"end":{"line":54,"column":7}},"17":{"start":{"line":53,"column":8},"end":{"line":53,"column":24}},"18":{"start":{"line":55,"column":22},"end":{"line":55,"column":78}},"19":{"start":{"line":55,"column":37},"end":{"line":55,"column":77}},"20":{"start":{"line":56,"column":6},"end":{"line":58,"column":7}},"21":{"start":{"line":57,"column":8},"end":{"line":57,"column":27}},"22":{"start":{"line":59,"column":6},"end":{"line":59,"column":64}},"23":{"start":{"line":60,"column":6},"end":{"line":60,"column":18}},"24":{"start":{"line":62,"column":4},"end":{"line":62,"column":21}},"25":{"start":{"line":66,"column":17},"end":{"line":66,"column":52}},"26":{"start":{"line":67,"column":4},"end":{"line":79,"column":5}},"27":{"start":{"line":68,"column":20},"end":{"line":68,"column":41}},"28":{"start":{"line":69,"column":23},"end":{"line":69,"column":51}},"29":{"start":{"line":69,"column":39},"end":{"line":69,"column":50}},"30":{"start":{"line":70,"column":6},"end":{"line":72,"column":7}},"31":{"start":{"line":71,"column":8},"end":{"line":71,"column":24}},"32":{"start":{"line":73,"column":22},"end":{"line":73,"column":73}},"33":{"start":{"line":73,"column":37},"end":{"line":73,"column":72}},"34":{"start":{"line":74,"column":6},"end":{"line":76,"column":7}},"35":{"start":{"line":75,"column":8},"end":{"line":75,"column":27}},"36":{"start":{"line":77,"column":6},"end":{"line":77,"column":64}},"37":{"start":{"line":78,"column":6},"end":{"line":78,"column":18}},"38":{"start":{"line":80,"column":4},"end":{"line":80,"column":21}},"39":{"start":{"line":84,"column":17},"end":{"line":84,"column":74}},"40":{"start":{"line":85,"column":4},"end":{"line":97,"column":5}},"41":{"start":{"line":86,"column":20},"end":{"line":86,"column":41}},"42":{"start":{"line":87,"column":23},"end":{"line":87,"column":56}},"43":{"start":{"line":87,"column":39},"end":{"line":87,"column":55}},"44":{"start":{"line":88,"column":6},"end":{"line":90,"column":7}},"45":{"start":{"line":89,"column":8},"end":{"line":89,"column":24}},"46":{"start":{"line":91,"column":22},"end":{"line":91,"column":78}},"47":{"start":{"line":91,"column":37},"end":{"line":91,"column":77}},"48":{"start":{"line":92,"column":6},"end":{"line":94,"column":7}},"49":{"start":{"line":93,"column":8},"end":{"line":93,"column":27}},"50":{"start":{"line":95,"column":6},"end":{"line":95,"column":64}},"51":{"start":{"line":96,"column":6},"end":{"line":96,"column":18}},"52":{"start":{"line":98,"column":4},"end":{"line":98,"column":21}},"53":{"start":{"line":102,"column":16},"end":{"line":102,"column":56}},"54":{"start":{"line":103,"column":4},"end":{"line":103,"column":32}},"55":{"start":{"line":104,"column":4},"end":{"line":104,"column":15}},"56":{"start":{"line":108,"column":4},"end":{"line":108,"column":43}},"57":{"start":{"line":109,"column":4},"end":{"line":109,"column":30}},"58":{"start":{"line":113,"column":4},"end":{"line":113,"column":53}},"59":{"start":{"line":114,"column":4},"end":{"line":114,"column":30}},"60":{"start":{"line":118,"column":4},"end":{"line":118,"column":57}},"61":{"start":{"line":122,"column":17},"end":{"line":122,"column":57}},"62":{"start":{"line":123,"column":4},"end":{"line":135,"column":5}},"63":{"start":{"line":124,"column":20},"end":{"line":124,"column":41}},"64":{"start":{"line":125,"column":23},"end":{"line":125,"column":56}},"65":{"start":{"line":125,"column":39},"end":{"line":125,"column":55}},"66":{"start":{"line":126,"column":6},"end":{"line":128,"column":7}},"67":{"start":{"line":127,"column":8},"end":{"line":127,"column":24}},"68":{"start":{"line":129,"column":22},"end":{"line":129,"column":78}},"69":{"start":{"line":129,"column":37},"end":{"line":129,"column":77}},"70":{"start":{"line":130,"column":6},"end":{"line":132,"column":7}},"71":{"start":{"line":131,"column":8},"end":{"line":131,"column":27}},"72":{"start":{"line":133,"column":6},"end":{"line":133,"column":64}},"73":{"start":{"line":134,"column":6},"end":{"line":134,"column":18}},"74":{"start":{"line":136,"column":4},"end":{"line":136,"column":21}},"75":{"start":{"line":140,"column":20},"end":{"line":140,"column":52}},"76":{"start":{"line":141,"column":4},"end":{"line":141,"column":64}},"77":{"start":{"line":145,"column":18},"end":{"line":145,"column":48}},"78":{"start":{"line":146,"column":4},"end":{"line":146,"column":60}}},"fnMap":{"0":{"name":"(anonymous_0)","decl":{"start":{"line":12,"column":2},"end":{"line":12,"column":3}},"loc":{"start":{"line":12,"column":56},"end":{"line":17,"column":3}},"line":12},"1":{"name":"(anonymous_1)","decl":{"start":{"line":19,"column":2},"end":{"line":19,"column":3}},"loc":{"start":{"line":19,"column":40},"end":{"line":21,"column":3}},"line":19},"2":{"name":"(anonymous_2)","decl":{"start":{"line":23,"column":2},"end":{"line":23,"column":3}},"loc":{"start":{"line":23,"column":63},"end":{"line":25,"column":3}},"line":23},"3":{"name":"(anonymous_3)","decl":{"start":{"line":27,"column":2},"end":{"line":27,"column":3}},"loc":{"start":{"line":27,"column":91},"end":{"line":29,"column":3}},"line":27},"4":{"name":"(anonymous_4)","decl":{"start":{"line":31,"column":2},"end":{"line":31,"column":3}},"loc":{"start":{"line":31,"column":36},"end":{"line":33,"column":3}},"line":31},"5":{"name":"(anonymous_5)","decl":{"start":{"line":35,"column":2},"end":{"line":35,"column":3}},"loc":{"start":{"line":35,"column":81},"end":{"line":37,"column":3}},"line":35},"6":{"name":"(anonymous_6)","decl":{"start":{"line":39,"column":2},"end":{"line":39,"column":3}},"loc":{"start":{"line":39,"column":82},"end":{"line":41,"column":3}},"line":39},"7":{"name":"(anonymous_7)","decl":{"start":{"line":43,"column":2},"end":{"line":43,"column":3}},"loc":{"start":{"line":43,"column":94},"end":{"line":45,"column":3}},"line":43},"8":{"name":"(anonymous_8)","decl":{"start":{"line":47,"column":2},"end":{"line":47,"column":3}},"loc":{"start":{"line":47,"column":65},"end":{"line":63,"column":3}},"line":47},"9":{"name":"(anonymous_9)","decl":{"start":{"line":51,"column":34},"end":{"line":51,"column":35}},"loc":{"start":{"line":51,"column":39},"end":{"line":51,"column":55}},"line":51},"10":{"name":"(anonymous_10)","decl":{"start":{"line":55,"column":32},"end":{"line":55,"column":33}},"loc":{"start":{"line":55,"column":37},"end":{"line":55,"column":77}},"line":55},"11":{"name":"(anonymous_11)","decl":{"start":{"line":65,"column":2},"end":{"line":65,"column":3}},"loc":{"start":{"line":65,"column":59},"end":{"line":81,"column":3}},"line":65},"12":{"name":"(anonymous_12)","decl":{"start":{"line":69,"column":34},"end":{"line":69,"column":35}},"loc":{"start":{"line":69,"column":39},"end":{"line":69,"column":50}},"line":69},"13":{"name":"(anonymous_13)","decl":{"start":{"line":73,"column":32},"end":{"line":73,"column":33}},"loc":{"start":{"line":73,"column":37},"end":{"line":73,"column":72}},"line":73},"14":{"name":"(anonymous_14)","decl":{"start":{"line":83,"column":2},"end":{"line":83,"column":3}},"loc":{"start":{"line":83,"column":81},"end":{"line":99,"column":3}},"line":83},"15":{"name":"(anonymous_15)","decl":{"start":{"line":87,"column":34},"end":{"line":87,"column":35}},"loc":{"start":{"line":87,"column":39},"end":{"line":87,"column":55}},"line":87},"16":{"name":"(anonymous_16)","decl":{"start":{"line":91,"column":32},"end":{"line":91,"column":33}},"loc":{"start":{"line":91,"column":37},"end":{"line":91,"column":77}},"line":91},"17":{"name":"(anonymous_17)","decl":{"start":{"line":101,"column":2},"end":{"line":101,"column":3}},"loc":{"start":{"line":101,"column":99},"end":{"line":105,"column":3}},"line":101},"18":{"name":"(anonymous_18)","decl":{"start":{"line":107,"column":2},"end":{"line":107,"column":3}},"loc":{"start":{"line":107,"column":50},"end":{"line":110,"column":3}},"line":107},"19":{"name":"(anonymous_19)","decl":{"start":{"line":112,"column":2},"end":{"line":112,"column":3}},"loc":{"start":{"line":112,"column":68},"end":{"line":115,"column":3}},"line":112},"20":{"name":"(anonymous_20)","decl":{"start":{"line":117,"column":2},"end":{"line":117,"column":3}},"loc":{"start":{"line":117,"column":59},"end":{"line":119,"column":3}},"line":117},"21":{"name":"(anonymous_21)","decl":{"start":{"line":121,"column":2},"end":{"line":121,"column":3}},"loc":{"start":{"line":121,"column":61},"end":{"line":137,"column":3}},"line":121},"22":{"name":"(anonymous_22)","decl":{"start":{"line":125,"column":34},"end":{"line":125,"column":35}},"loc":{"start":{"line":125,"column":39},"end":{"line":125,"column":55}},"line":125},"23":{"name":"(anonymous_23)","decl":{"start":{"line":129,"column":32},"end":{"line":129,"column":33}},"loc":{"start":{"line":129,"column":37},"end":{"line":129,"column":77}},"line":129},"24":{"name":"(anonymous_24)","decl":{"start":{"line":139,"column":2},"end":{"line":139,"column":3}},"loc":{"start":{"line":139,"column":48},"end":{"line":142,"column":3}},"line":139},"25":{"name":"(anonymous_25)","decl":{"start":{"line":144,"column":2},"end":{"line":144,"column":3}},"loc":{"start":{"line":144,"column":46},"end":{"line":147,"column":3}},"line":144}},"branchMap":{"0":{"loc":{"start":{"line":13,"column":4},"end":{"line":15,"column":5}},"type":"if","locations":[{"start":{"line":13,"column":4},"end":{"line":15,"column":5}},{"start":{},"end":{}}],"line":13},"1":{"loc":{"start":{"line":49,"column":4},"end":{"line":61,"column":5}},"type":"if","locations":[{"start":{"line":49,"column":4},"end":{"line":61,"column":5}},{"start":{},"end":{}}],"line":49},"2":{"loc":{"start":{"line":52,"column":6},"end":{"line":54,"column":7}},"type":"if","locations":[{"start":{"line":52,"column":6},"end":{"line":54,"column":7}},{"start":{},"end":{}}],"line":52},"3":{"loc":{"start":{"line":52,"column":10},"end":{"line":52,"column":71}},"type":"binary-expr","locations":[{"start":{"line":52,"column":10},"end":{"line":52,"column":18}},{"start":{"line":52,"column":22},"end":{"line":52,"column":71}}],"line":52},"4":{"loc":{"start":{"line":55,"column":37},"end":{"line":55,"column":77}},"type":"cond-expr","locations":[{"start":{"line":55,"column":56},"end":{"line":55,"column":73}},{"start":{"line":55,"column":76},"end":{"line":55,"column":77}}],"line":55},"5":{"loc":{"start":{"line":56,"column":6},"end":{"line":58,"column":7}},"type":"if","locations":[{"start":{"line":56,"column":6},"end":{"line":58,"column":7}},{"start":{},"end":{}}],"line":56},"6":{"loc":{"start":{"line":67,"column":4},"end":{"line":79,"column":5}},"type":"if","locations":[{"start":{"line":67,"column":4},"end":{"line":79,"column":5}},{"start":{},"end":{}}],"line":67},"7":{"loc":{"start":{"line":70,"column":6},"end":{"line":72,"column":7}},"type":"if","locations":[{"start":{"line":70,"column":6},"end":{"line":72,"column":7}},{"start":{},"end":{}}],"line":70},"8":{"loc":{"start":{"line":70,"column":10},"end":{"line":70,"column":71}},"type":"binary-expr","locations":[{"start":{"line":70,"column":10},"end":{"line":70,"column":18}},{"start":{"line":70,"column":22},"end":{"line":70,"column":71}}],"line":70},"9":{"loc":{"start":{"line":73,"column":37},"end":{"line":73,"column":72}},"type":"cond-expr","locations":[{"start":{"line":73,"column":51},"end":{"line":73,"column":68}},{"start":{"line":73,"column":71},"end":{"line":73,"column":72}}],"line":73},"10":{"loc":{"start":{"line":74,"column":6},"end":{"line":76,"column":7}},"type":"if","locations":[{"start":{"line":74,"column":6},"end":{"line":76,"column":7}},{"start":{},"end":{}}],"line":74},"11":{"loc":{"start":{"line":85,"column":4},"end":{"line":97,"column":5}},"type":"if","locations":[{"start":{"line":85,"column":4},"end":{"line":97,"column":5}},{"start":{},"end":{}}],"line":85},"12":{"loc":{"start":{"line":88,"column":6},"end":{"line":90,"column":7}},"type":"if","locations":[{"start":{"line":88,"column":6},"end":{"line":90,"column":7}},{"start":{},"end":{}}],"line":88},"13":{"loc":{"start":{"line":88,"column":10},"end":{"line":88,"column":71}},"type":"binary-expr","locations":[{"start":{"line":88,"column":10},"end":{"line":88,"column":18}},{"start":{"line":88,"column":22},"end":{"line":88,"column":71}}],"line":88},"14":{"loc":{"start":{"line":91,"column":37},"end":{"line":91,"column":77}},"type":"cond-expr","locations":[{"start":{"line":91,"column":56},"end":{"line":91,"column":73}},{"start":{"line":91,"column":76},"end":{"line":91,"column":77}}],"line":91},"15":{"loc":{"start":{"line":92,"column":6},"end":{"line":94,"column":7}},"type":"if","locations":[{"start":{"line":92,"column":6},"end":{"line":94,"column":7}},{"start":{},"end":{}}],"line":92},"16":{"loc":{"start":{"line":123,"column":4},"end":{"line":135,"column":5}},"type":"if","locations":[{"start":{"line":123,"column":4},"end":{"line":135,"column":5}},{"start":{},"end":{}}],"line":123},"17":{"loc":{"start":{"line":126,"column":6},"end":{"line":128,"column":7}},"type":"if","locations":[{"start":{"line":126,"column":6},"end":{"line":128,"column":7}},{"start":{},"end":{}}],"line":126},"18":{"loc":{"start":{"line":126,"column":10},"end":{"line":126,"column":71}},"type":"binary-expr","locations":[{"start":{"line":126,"column":10},"end":{"line":126,"column":18}},{"start":{"line":126,"column":22},"end":{"line":126,"column":71}}],"line":126},"19":{"loc":{"start":{"line":129,"column":37},"end":{"line":129,"column":77}},"type":"cond-expr","locations":[{"start":{"line":129,"column":56},"end":{"line":129,"column":73}},{"start":{"line":129,"column":76},"end":{"line":129,"column":77}}],"line":129},"20":{"loc":{"start":{"line":130,"column":6},"end":{"line":132,"column":7}},"type":"if","locations":[{"start":{"line":130,"column":6},"end":{"line":132,"column":7}},{"start":{},"end":{}}],"line":130}},"s":{"0":5,"1":10,"2":5,"3":10,"4":0,"5":0,"6":0,"7":0,"8":0,"9":0,"10":0,"11":0,"12":0,"13":0,"14":0,"15":0,"16":0,"17":0,"18":0,"19":0,"20":0,"21":0,"22":0,"23":0,"24":0,"25":0,"26":0,"27":0,"28":0,"29":0,"30":0,"31":0,"32":0,"33":0,"34":0,"35":0,"36":0,"37":0,"38":0,"39":0,"40":0,"41":0,"42":0,"43":0,"44":0,"45":0,"46":0,"47":0,"48":0,"49":0,"50":0,"51":0,"52":0,"53":1,"54":1,"55":1,"56":1,"57":1,"58":1,"59":1,"60":0,"61":0,"62":0,"63":0,"64":0,"65":0,"66":0,"67":0,"68":0,"69":0,"70":0,"71":0,"72":0,"73":0,"74":0,"75":1,"76":1,"77":2,"78":2},"f":{"0":10,"1":0,"2":0,"3":0,"4":0,"5":0,"6":0,"7":0,"8":0,"9":0,"10":0,"11":0,"12":0,"13":0,"14":0,"15":0,"16":0,"17":1,"18":1,"19":1,"20":0,"21":0,"22":0,"23":0,"24":1,"25":2},"b":{"0":[5,5],"1":[0,0],"2":[0,0],"3":[0,0],"4":[0,0],"5":[0,0],"6":[0,0],"7":[0,0],"8":[0,0],"9":[0,0],"10":[0,0],"11":[0,0],"12":[0,0],"13":[0,0],"14":[0,0],"15":[0,0],"16":[0,0],"17":[0,0],"18":[0,0],"19":[0,0],"20":[0,0]},"_coverageSchema":"1a1c01bbd47fc00a2c39e90264f33305004495a9","hash":"3b35d770ce3d9ba74358cd6a3a4712174d063684"}
[...]
d":{"line":243,"column":37}},"loc":{"start":{"line":243,"column":50},"end":{"line":267,"column":25}},"line":243},"23":{"name":"(anonymous_23)","decl":{"start":{"line":249,"column":45},"end":{"line":249,"column":46}},"loc":{"start":{"line":249,"column":51},"end":{"line":252,"column":37}},"line":249},"24":{"name":"(anonymous_24)","decl":{"start":{"line":280,"column":63},"end":{"line":280,"column":64}},"loc":{"start":{"line":280,"column":89},"end":{"line":291,"column":1}},"line":280},"25":{"name":"(anonymous_25)","decl":{"start":{"line":289,"column":31},"end":{"line":289,"column":32}},"loc":{"start":{"line":289,"column":41},"end":{"line":289,"column":72}},"line":289},"26":{"name":"(anonymous_26)","decl":{"start":{"line":293,"column":21},"end":{"line":293,"column":22}},"loc":{"start":{"line":293,"column":46},"end":{"line":483,"column":2}},"line":293}},"branchMap":{"0":{"loc":{"start":{"line":47,"column":8},"end":{"line":47,"column":31}},"type":"if","locations":[{"start":{"line":47,"column":8},"end":{"line":47,"column":31}},{"start":{},"end":{}}],"line":47},"1":{"loc":{"start":{"line":48,"column":30},"end":{"line":48,"column":56}},"type":"binary-expr","locations":[{"start":{"line":48,"column":30},"end":{"line":48,"column":37}},{"start":{"line":48,"column":41},"end":{"line":48,"column":56}}],"line":48},"2":{"loc":{"start":{"line":49,"column":8},"end":{"line":53,"column":9}},"type":"if","locations":[{"start":{"line":49,"column":8},"end":{"line":53,"column":9}},{"start":{"line":51,"column":15},"end":{"line":53,"column":9}}],"line":49},"3":{"loc":{"start":{"line":50,"column":38},"end":{"line":50,"column":77}},"type":"binary-expr","locations":[{"start":{"line":50,"column":38},"end":{"line":50,"column":66}},{"start":{"line":50,"column":70},"end":{"line":50,"column":77}}],"line":50},"4":{"loc":{"start":{"line":51,"column":15},"end":{"line":53,"column":9}},"type":"if","locations":[{"start":{"line":51,"column":15},"end":{"line":53,"column":9}},{"start":{},"end":{}}],"line":51},"5":{"loc":{"start":{"line":52,"column":38},"end":{"line":52,"column":89}},"type":"binary-expr","locations":[{"start":{"line":52,"column":38},"end":{"line":52,"column":44}},{"start":{"line":52,"column":48},"end":{"line":52,"column":76}},{"start":{"line":52,"column":80},"end":{"line":52,"column":89}}],"line":52},"6":{"loc":{"start":{"line":62,"column":8},"end":{"line":62,"column":31}},"type":"if","locations":[{"start":{"line":62,"column":8},"end":{"line":62,"column":31}},{"start":{},"end":{}}],"line":62},"7":{"loc":{"start":{"line":63,"column":30},"end":{"line":63,"column":56}},"type":"binary-expr","locations":[{"start":{"line":63,"column":30},"end":{"line":63,"column":37}},{"start":{"line":63,"column":41},"end":{"line":63,"column":56}}],"line":63},"8":{"loc":{"start":{"line":64,"column":8},"end":{"line":68,"column":9}},"type":"if","locations":[{"start":{"line":64,"column":8},"end":{"line":68,"column":9}},{"start":{"line":66,"column":15},"end":{"line":68,"column":9}}],"line":64},"9":{"loc":{"start":{"line":65,"column":38},"end":{"line":65,"column":77}},"type":"binary-expr","locations":[{"start":{"line":65,"column":38},"end":{"line":65,"column":66}},{"start":{"line":65,"column":70},"end":{"line":65,"column":77}}],"line":65},"10":{"loc":{"start":{"line":66,"column":15},"end":{"line":68,"column":9}},"type":"if","locations":[{"start":{"line":66,"column":15},"end":{"line":68,"column":9}},{"start":{},"end":{}}],"line":66},"11":{"loc":{"start":{"line":67,"column":38},"end":{"line":67,"column":89}},"type":"binary-expr","locations":[{"start":{"line":67,"column":38},"end":{"line":67,"column":44}},{"start":{"line":67,"column":48},"end":{"line":67,"column":76}},{"start":{"line":67,"column":80},"end":{"line":67,"column":89}}],"line":67},"12":{"loc":{"start":{"line":72,"column":25},"end":{"line":76,"column":17}},"type":"cond-expr","locations":[{"start":{"line":73,"column":8},"end":{"line":75,"column":27}},{"start":{"line":76,"column":8},"end":{"line":76,"column":17}}],"line":72},"13":{"loc":{"start":{"line":83,"column":40},"end":{"line":83,"column":84}},"type":"binary-expr","locations":[{"start":{"line":83,"column":40},"end":{"line":83,"column":64}},{"start":{"line":83,"column":68},"end":{"line":83,"column":84}}],"line":83},"14":{"loc":{"start":{"line":85,"column":50},"end":{"line":85,"column":98}},"type":"binary-expr","locations":[{"start":{"line":85,"column":50},"end":{"line":85,"column":74}},{"start":{"line":85,"column":78},"end":{"line":85,"column":98}}],"line":85},"15":{"loc":{"start":{"line":91,"column":40},"end":{"line":91,"column":90}},"type":"binary-expr","locations":[{"start":{"line":91,"column":40},"end":{"line":91,"column":70}},{"start":{"line":91,"column":74},"end":{"line":91,"column":90}}],"line":91},"16":{"loc":{"start":{"line":93,"column":50},"end":{"line":93,"column":104}},"type":"binary-expr","locations":[{"start":{"line":93,"column":50},"end":{"line":93,"column":80}},{"start":{"line":93,"column":84},"end":{"line":93,"column":104}}],"line":93},"17":{"loc":{"start":{"line":99,"column":40},"end":{"line":99,"column":86}},"type":"binary-expr","locations":[{"start":{"line":99,"column":40},"end":{"line":99,"column":66}},{"start":{"line":99,"column":70},"end":{"line":99,"column":86}}],"line":99},"18":{"loc":{"start":{"line":101,"column":50},"end":{"line":101,"column":100}},"type":"binary-expr","locations":[{"start":{"line":101,"column":50},"end":{"line":101,"column":76}},{"start":{"line":101,"column":80},"end":{"line":101,"column":100}}],"line":101},"19":{"loc":{"start":{"line":107,"column":13},"end":{"line":154,"column":13}},"type":"cond-expr","locations":[{"start":{"line":108,"column":16},"end":{"line":115,"column":23}},{"start":{"line":117,"column":16},"end":{"line":153,"column":23}}],"line":107},"20":{"loc":{"start":{"line":109,"column":21},"end":{"line":113,"column":92}},"type":"cond-expr","locations":[{"start":{"line":110,"column":27},"end":{"line":110,"column":154}},{"start":{"line":111,"column":26},"end":{"line":113,"column":92}}],"line":109},"21":{"loc":{"start":{"line":110,"column":27},"end":{"line":110,"column":154}},"type":"binary-expr","locations":[{"start":{"line":110,"column":27},"end":{"line":110,"column":39}},{"start":{"line":110,"column":44},"end":{"line":110,"column":153}}],"line":110},"22":{"loc":{"start":{"line":110,"column":44},"end":{"line":110,"column":153}},"type":"cond-expr","locations":[{"start":{"line":110,"column":60},"end":{"line":110,"column":106}},{"start":{"line":110,"column":109},"end":{"line":110,"column":153}}],"line":110},"23":{"loc":{"start":{"line":111,"column":26},"end":{"line":113,"column":92}},"type":"cond-expr","locations":[{"start":{"line":112,"column":31},"end":{"line":112,"column":95}},{"start":{"line":113,"column":31},"end":{"line":113,"column":91}}],"line":111},"24":{"loc":{"start":{"line":112,"column":31},"end":{"line":112,"column":95}},"type":"binary-expr","locations":[{"start":{"line":112,"column":31},"end":{"line":112,"column":52}},{"start":{"line":112,"column":56},"end":{"line":112,"column":95}}],"line":112},"25":{"loc":{"start":{"line":113,"column":31},"end":{"line":113,"column":91}},"type":"binary-expr","locations":[{"start":{"line":113,"column":31},"end":{"line":113,"column":48}},{"start":{"line":113,"column":52},"end":{"line":113,"column":91}}],"line":113},"26":{"loc":{"start":{"line":128,"column":37},"end":{"line":136,"column":37}},"type":"cond-expr","locations":[{"start":{"line":129,"column":40},"end":{"line":131,"column":47}},{"start":{"line":133,"column":40},"end":{"line":135,"column":47}}],"line":128},"27":{"loc":{"start":{"line":149,"column":88},"end":{"line":149,"column":115}},"type":"binary-expr","locations":[{"start":{"line":149,"column":88},"end":{"line":149,"column":101}},{"start":{"line":149,"column":105},"end":{"line":149,"column":115}}],"line":149},"28":{"loc":{"start":{"line":156,"column":13},"end":{"line":166,"column":13}},"type":"binary-expr","locations":[{"start":{"line":156,"column":13},"end":{"line":156,"column":38}},{"start":{"line":157,"column":16},"end":{"line":165,"column":35}}],"line":156},"29":{"loc":{"start":{"line":180,"column":36},"end":{"line":180,"column":93}},"type":"binary-expr","locations":[{"start":{"line":180,"column":36},"end":{"line":180,"column":62}},{"start":{"line":180,"column":66},"end":{"line":180,"column":93}}],"line":180},"30":{"loc":{"start":{"line":187,"column":40},"end":{"line":187,"column":95}},"type":"binary-expr","locations":[{"start":{"line":187,"column":40},"end":{"line":187,"column":66}},{"start":{"line":187,"column":70},"end":{"line":187,"column":95}}],"line":187},"31":{"loc":{"start":{"line":196,"column":36},"end":{"line":196,"column":99}},"type":"binary-expr","locations":[{"start":{"line":196,"column":36},"end":{"line":196,"column":68}},{"start":{"line":196,"column":72},"end":{"line":196,"column":99}}],"line":196},"32":{"loc":{"start":{"line":203,"column":40},"end":{"line":203,"column":101}},"type":"binary-expr","locations":[{"start":{"line":203,"column":40},"end":{"line":203,"column":72}},{"start":{"line":203,"column":76},"end":{"line":203,"column":101}}],"line":203},"33":{"loc":{"start":{"line":212,"column":36},"end":{"line":212,"column":95}},"type":"binary-expr","locations":[{"start":{"line":212,"column":36},"end":{"line":212,"column":64}},{"start":{"line":212,"column":68},"end":{"line":212,"column":95}}],"line":212},"34":{"loc":{"start":{"line":219,"column":40},"end":{"line":219,"column":97}},"type":"binary-expr","locations":[{"start":{"line":219,"column":40},"end":{"line":219,"column":68}},{"start":{"line":219,"column":72},"end":{"line":219,"column":97}}],"line":219},"35":{"loc":{"start":{"line":244,"column":48},"end":{"line":244,"column":95}},"type":"binary-expr","locations":[{"start":{"line":244,"column":48},"end":{"line":244,"column":81}},{"start":{"line":244,"column":85},"end":{"line":244,"column":95}}],"line":244},"36":{"loc":{"start":{"line":256,"column":41},"end":{"line":260,"column":41}},"type":"cond-expr","locations":[{"start":{"line":257,"column":44},"end":{"line":257,"column":112}},{"start":{"line":259,"column":44},"end":{"line":259,"column":115}}],"line":256},"37":{"loc":{"start":{"line":262,"column":49},"end":{"line":262,"column":115}},"type":"cond-expr","locations":[{"start":{"line":262,"column":63},"end":{"line":262,"column":68}},{"start":{"line":262,"column":71},"end":{"line":262,"column":115}}],"line":262},"38":{"loc":{"start":{"line":262,"column":71},"end":{"line":262,"column":115}},"type":"binary-expr","locations":[{"start":{"line":262,"column":71},"end":{"line":262,"column":86}},{"start":{"line":262,"column":90},"end":{"line":262,"column":115}}],"line":262},"39":{"loc":{"start":{"line":282,"column":8},"end":{"line":289,"column":73}},"type":"binary-expr","locations":[{"start":{"line":282,"column":8},"end":{"line":282,"column":47}},{"start":{"line":283,"column":8},"end":{"line":283,"column":43}},{"start":{"line":284,"column":8},"end":{"line":284,"column":57}},{"start":{"line":285,"column":8},"end":{"line":285,"column":75}},{"start":{"line":286,"column":8},"end":{"line":286,"column":67}},{"start":{"line":287,"column":8},"end":{"line":287,"column":59}},{"start":{"line":288,"column":8},"end":{"line":288,"column":59}},{"start":{"line":289,"column":8},"end":{"line":289,"column":73}}],"line":282},"40":{"loc":{"start":{"line":404,"column":19},"end":{"line":404,"column":49}},"type":"cond-expr","locations":[{"start":{"line":404,"column":43},"end":{"line":404,"column":44}},{"start":{"line":404,"column":47},"end":{"line":404,"column":49}}],"line":404}},"s":{"0":2,"1":3,"2":3,"3":3,"4":3,"5":3,"6":3,"7":3,"8":3,"9":0,"10":3,"11":3,"12":0,"13":0,"14":3,"15":0,"16":0,"17":3,"18":3,"19":3,"20":3,"21":3,"22":0,"23":3,"24":3,"25":0,"26":0,"27":3,"28":0,"29":0,"30":3,"31":3,"32":0,"33":3,"34":0,"35":0,"36":0,"37":4,"38":1,"39":0,"40":0,"41":0,"42":0,"43":0,"44":0,"45":0,"46":0,"47":0,"48":0,"49":0,"50":0,"51":0,"52":2,"53":0,"54":0,"55":2,"56":3},"f":{"0":3,"1":3,"2":0,"3":0,"4":3,"5":3,"6":0,"7":0,"8":0,"9":0,"10":0,"11":0,"12":4,"13":1,"14":0,"15":0,"16":0,"17":0,"18":0,"19":0,"20":0,"21":0,"22":0,"23":0,"24":0,"25":0,"26":3},"b":{"0":[0,3],"1":[3,3],"2":[0,3],"3":[0,0],"4":[0,3],"5":[0,0,0],"6":[0,3],"7":[3,3],"8":[0,3],"9":[0,0],"10":[0,3],"11":[0,0,0],"12":[0,3],"13":[3,3],"14":[3,3],"15":[3,0],"16":[3,0],"17":[3,0],"18":[3,0],"19":[1,2],"20":[1,0],"21":[1,1],"22":[0,1],"23":[0,0],"24":[0,0],"25":[0,0],"26":[0,4],"27":[4,4],"28":[3,0],"29":[3,3],"30":[3,3],"31":[3,0],"32":[3,0],"33":[3,0],"34":[3,0],"35":[0,0],"36":[0,0],"37":[0,0],"38":[0,0],"39":[0,0,0,0,0,0,0,0],"40":[3,0]},"_coverageSchema":"1a1c01bbd47fc00a2c39e90264f33305004495a9","hash":"9bc673b7e3cfc34f2718c38d1c8bd5e41e82bd55"}
,"/Users/chantreau/quotex/src/shared/ui/blocks/SimilarBlock.tsx": {"path":"/Users/chantreau/quotex/src/shared/ui/blocks/SimilarBlock.tsx","statementMap":{"0":{"start":{"line":23,"column":52},"end":{"line":72,"column":1}},"1":{"start":{"line":24,"column":23},"end":{"line":24,"column":33}},"2":{"start":{"line":25,"column":19},"end":{"line":25,"column":45}},"3":{"start":{"line":27,"column":21},"end":{"line":27,"column":46}},"4":{"start":{"line":29,"column":27},"end":{"line":31,"column":15}},"5":{"start":{"line":30,"column":8},"end":{"line":30,"column":42}},"6":{"start":{"line":33,"column":4},"end":{"line":41,"column":5}},"7":{"start":{"line":34,"column":8},"end":{"line":40,"column":10}},"8":{"start":{"line":43,"column":4},"end":{"line":71,"column":6}},"9":{"start":{"line":47,"column":20},"end":{"line":67,"column":22}},"10":{"start":{"line":51,"column":43},"end":{"line":51,"column":126}},"11":{"start":{"line":74,"column":28},"end":{"line":85,"column":2}},"12":{"start":{"line":75,"column":4},"end":{"line":75,"column":56}},"13":{"start":{"line":75,"column":43},"end":{"line":75,"column":56}},"14":{"start":{"line":76,"column":4},"end":{"line":84,"column":6}},"15":{"start":{"line":79,"column":27},"end":{"line":79,"column":48}},"16":{"start":{"line":80,"column":29},"end":{"line":80,"column":47}},"17":{"start":{"line":81,"column":27},"end":{"line":81,"column":58}},"18":{"start":{"line":82,"column":12},"end":{"line":82,"column":37}},"19":{"start":{"line":87,"column":21},"end":{"line":116,"column":2}},"20":{"start":{"line":87,"column":71},"end":{"line":116,"column":2}}},"fnMap":{"0":{"name":"(anonymous_0)","decl":{"start":{"line":23,"column":52},"end":{"line":23,"column":53}},"loc":{"start":{"line":23,"column":92},"end":{"line":72,"column":1}},"line":23},"1":{"name":"(anonymous_1)","decl":{"start":{"line":29,"column":41},"end":{"line":29,"column":42}},"loc":{"start":{"line":29,"column":47},"end":{"line":31,"column":5}},"line":29},"2":{"name":"(anonymous_2)","decl":{"start":{"line":46,"column":36},"end":{"line":46,"column":37}},"loc":{"start":{"line":46,"column":53},"end":{"line":68,"column":17}},"line":46},"3":{"name":"(anonymous_3)","decl":{"start":{"line":51,"column":37},"end":{"line":51,"column":38}},"loc":{"start":{"line":51,"column":43},"end":{"line":51,"column":126}},"line":51},"4":{"name":"(anonymous_4)","decl":{"start":{"line":74,"column":55},"end":{"line":74,"column":56}},"loc":{"start":{"line":74,"column":81},"end":{"line":85,"column":1}},"line":74},"5":{"name":"(anonymous_5)","decl":{"start":{"line":78,"column":30},"end":{"line":78,"column":31}},"loc":{"start":{"line":78,"column":43},"end":{"line":83,"column":9}},"line":78},"6":{"name":"(anonymous_6)","decl":{"start":{"line":87,"column":21},"end":{"line":87,"column":22}},"loc":{"start":{"line":87,"column":71},"end":{"line":116,"column":2}},"line":87}},"branchMap":{"0":{"loc":{"start":{"line":27,"column":21},"end":{"line":27,"column":46}},"type":"binary-expr","locations":[{"start":{"line":27,"column":21},"end":{"line":27,"column":26}},{"start":{"line":27,"column":30},"end":{"line":27,"column":46}}],"line":27},"1":{"loc":{"start":{"line":30,"column":16},"end":{"line":30,"column":27}},"type":"binary-expr","locations":[{"start":{"line":30,"column":16},"end":{"line":30,"column":21}},{"start":{"line":30,"column":25},"end":{"line":30,"column":27}}],"line":30},"2":{"loc":{"start":{"line":33,"column":4},"end":{"line":41,"column":5}},"type":"if","locations":[{"start":{"line":33,"column":4},"end":{"line":41,"column":5}},{"start":{},"end":{}}],"line":33},"3":{"loc":{"start":{"line":35,"column":36},"end":{"line":35,"column":87}},"type":"cond-expr","locations":[{"start":{"line":35,"column":54},"end":{"line":35,"column":68}},{"start":{"line":35,"column":71},"end":{"line":35,"column":87}}],"line":35},"4":{"loc":{"start":{"line":37,"column":21},"end":{"line":37,"column":105}},"type":"cond-expr","locations":[{"start":{"line":37,"column":39},"end":{"line":37,"column":70}},{"start":{"line":37,"column":73},"end":{"line":37,"column":105}}],"line":37},"5":{"loc":{"start":{"line":44,"column":32},"end":{"line":44,"column":83}},"type":"cond-expr","locations":[{"start":{"line":44,"column":50},"end":{"line":44,"column":64}},{"start":{"line":44,"column":67},"end":{"line":44,"column":83}}],"line":44},"6":{"loc":{"start":{"line":49,"column":33},"end":{"line":49,"column":63}},"type":"binary-expr","locations":[{"start":{"line":49,"column":33},"end":{"line":49,"column":40}},{"start":{"line":49,"column":44},"end":{"line":49,"column":54}},{"start":{"line":49,"column":58},"end":{"line":49,"column":63}}],"line":49},"7":{"loc":{"start":{"line":51,"column":51},"end":{"line":51,"column":105}},"type":"cond-expr","locations":[{"start":{"line":51,"column":70},"end":{"line":51,"column":91}},{"start":{"line":51,"column":95},"end":{"line":51,"column":105}}],"line":51},"8":{"loc":{"start":{"line":51,"column":70},"end":{"line":51,"column":91}},"type":"binary-expr","locations":[{"start":{"line":51,"column":70},"end":{"line":51,"column":77}},{"start":{"line":51,"column":81},"end":{"line":51,"column":91}}],"line":51},"9":{"loc":{"start":{"line":53,"column":29},"end":{"line":64,"column":29}},"type":"cond-expr","locations":[{"start":{"line":54,"column":32},"end":{"line":54,"column":109}},{"start":{"line":56,"column":32},"end":{"line":63,"column":34}}],"line":53},"10":{"loc":{"start":{"line":75,"column":4},"end":{"line":75,"column":56}},"type":"if","locations":[{"start":{"line":75,"column":4},"end":{"line":75,"column":56}},{"start":{},"end":{}}],"line":75},"11":{"loc":{"start":{"line":77,"column":8},"end":{"line":83,"column":10}},"type":"binary-expr","locations":[{"start":{"line":77,"column":8},"end":{"line":77,"column":57}},{"start":{"line":78,"column":8},"end":{"line":83,"column":10}}],"line":77},"12":{"loc":{"start":{"line":79,"column":27},"end":{"line":79,"column":48}},"type":"binary-expr","locations":[{"start":{"line":79,"column":27},"end":{"line":79,"column":34}},{"start":{"line":79,"column":38},"end":{"line":79,"column":48}}],"line":79},"13":{"loc":{"start":{"line":81,"column":27},"end":{"line":81,"column":58}},"type":"binary-expr","locations":[{"start":{"line":81,"column":27},"end":{"line":81,"column":39}},{"start":{"line":81,"column":43},"end":{"line":81,"column":58}}],"line":81},"14":{"loc":{"start":{"line":102,"column":16},"end":{"line":102,"column":43}},"type":"cond-expr","locations":[{"start":{"line":102,"column":34},"end":{"line":102,"column":37}},{"start":{"line":102,"column":40},"end":{"line":102,"column":43}}],"line":102},"15":{"loc":{"start":{"line":103,"column":22},"end":{"line":103,"column":46}},"type":"cond-expr","locations":[{"start":{"line":103,"column":40},"end":{"line":103,"column":41}},{"start":{"line":103,"column":44},"end":{"line":103,"column":46}}],"line":103}},"s":{"0":2,"1":4,"2":4,"3":4,"4":4,"5":4,"6":4,"7":2,"8":2,"9":4,"10":2,"11":2,"12":0,"13":0,"14":0,"15":0,"16":0,"17":0,"18":0,"19":2,"20":4},"f":{"0":4,"1":4,"2":4,"3":2,"4":0,"5":0,"6":4},"b":{"0":[4,4],"1":[4,0],"2":[2,2],"3":[1,1],"4":[1,1],"5":[1,1],"6":[4,0,0],"7":[1,1],"8":[1,0],"9":[2,2],"10":[0,0],"11":[0,0],"12":[0,0],"13":[0,0],"14":[2,2],"15":[2,2]},"_coverageSchema":"1a1c01bbd47fc00a2c39e90264f33305004495a9","hash":"b8d1ff6b493c897b41cf68df6cf34707cf63e13b"}
}
