TN:
SF:src/app/providers/AuthContext.tsx
FN:21,(anonymous_0)
FN:26,(anonymous_1)
FN:32,(anonymous_2)
FN:46,(anonymous_3)
FN:51,(anonymous_4)
FN:69,(anonymous_5)
FN:75,(anonymous_6)
FN:81,(anonymous_7)
FN:87,(anonymous_8)
FN:93,(anonymous_9)
FN:115,(anonymous_10)
FNF:11
FNH:0
FNDA:0,(anonymous_0)
FNDA:0,(anonymous_1)
FNDA:0,(anonymous_2)
FNDA:0,(anonymous_3)
FNDA:0,(anonymous_4)
FNDA:0,(anonymous_5)
FNDA:0,(anonymous_6)
FNDA:0,(anonymous_7)
FNDA:0,(anonymous_8)
FNDA:0,(anonymous_9)
FNDA:0,(anonymous_10)
DA:19,1
DA:21,1
DA:22,0
DA:23,0
DA:24,0
DA:26,0
DA:28,0
DA:29,0
DA:32,0
DA:33,0
DA:34,0
DA:35,0
DA:36,0
DA:37,0
DA:38,0
DA:40,0
DA:41,0
DA:43,0
DA:46,0
DA:47,0
DA:51,0
DA:52,0
DA:53,0
DA:57,0
DA:58,0
DA:59,0
DA:60,0
DA:63,0
DA:65,0
DA:69,0
DA:70,0
DA:71,0
DA:72,0
DA:75,0
DA:76,0
DA:77,0
DA:78,0
DA:81,0
DA:82,0
DA:83,0
DA:84,0
DA:87,0
DA:88,0
DA:89,0
DA:90,0
DA:93,0
DA:94,0
DA:95,0
DA:98,0
DA:115,1
DA:116,0
DA:117,0
DA:118,0
DA:120,0
LF:54
LH:3
BRDA:34,0,0,0
BRDA:34,0,1,0
BRDA:57,1,0,0
BRDA:57,1,1,0
BRDA:57,2,0,0
BRDA:57,2,1,0
BRDA:117,3,0,0
BRDA:117,3,1,0
BRF:8
BRH:0
end_of_record
TN:
SF:src/app/providers/RepositoriesProvider.tsx
FN:22,(anonymous_0)
FN:31,(anonymous_1)
FN:32,(anonymous_2)
FN:34,(anonymous_3)
FN:51,(anonymous_4)
FNF:5
FNH:5
FNDA:1,(anonymous_0)
FNDA:1,(anonymous_1)
FNDA:1,(anonymous_2)
FNDA:1,(anonymous_3)
FNDA:1,(anonymous_4)
DA:20,1
DA:22,1
DA:31,1
DA:32,1
DA:33,1
DA:34,1
DA:41,1
DA:51,1
DA:52,1
DA:53,1
DA:54,0
DA:56,1
LF:12
LH:11
BRDA:53,0,0,0
BRDA:53,0,1,1
BRF:2
BRH:1
end_of_record
TN:
SF:src/app/providers/TabContext.tsx
FN:10,(anonymous_0)
FN:13,(anonymous_1)
FN:22,(anonymous_2)
FN:25,(anonymous_3)
FNF:4
FNH:0
FNDA:0,(anonymous_0)
FNDA:0,(anonymous_1)
FNDA:0,(anonymous_2)
FNDA:0,(anonymous_3)
DA:8,1
DA:13,1
DA:20,1
DA:25,1
LF:4
LH:4
BRF:0
BRH:0
end_of_record
TN:
SF:src/entities/author/api/AuthorService.ts
FN:10,(anonymous_0)
FN:17,(anonymous_1)
FN:22,(anonymous_2)
FN:34,(anonymous_3)
FN:42,(anonymous_4)
FN:48,(anonymous_5)
FN:63,(anonymous_6)
FN:79,(anonymous_7)
FN:82,(anonymous_8)
FN:100,(anonymous_9)
FN:111,(anonymous_10)
FN:118,(anonymous_11)
FN:123,(anonymous_12)
FN:129,(anonymous_13)
FN:140,(anonymous_14)
FN:143,(anonymous_15)
FN:171,(anonymous_16)
FN:184,(anonymous_17)
FN:200,(anonymous_18)
FN:217,(anonymous_19)
FN:235,(anonymous_20)
FN:281,(anonymous_21)
FN:287,(anonymous_22)
FN:300,(anonymous_23)
FN:306,(anonymous_24)
FNF:25
FNH:0
FNDA:0,(anonymous_0)
FNDA:0,(anonymous_1)
FNDA:0,(anonymous_2)
FNDA:0,(anonymous_3)
FNDA:0,(anonymous_4)
FNDA:0,(anonymous_5)
FNDA:0,(anonymous_6)
FNDA:0,(anonymous_7)
FNDA:0,(anonymous_8)
FNDA:0,(anonymous_9)
FNDA:0,(anonymous_10)
FNDA:0,(anonymous_11)
FNDA:0,(anonymous_12)
FNDA:0,(anonymous_13)
FNDA:0,(anonymous_14)
FNDA:0,(anonymous_15)
FNDA:0,(anonymous_16)
FNDA:0,(anonymous_17)
FNDA:0,(anonymous_18)
FNDA:0,(anonymous_19)
FNDA:0,(anonymous_20)
FNDA:0,(anonymous_21)
FNDA:0,(anonymous_22)
FNDA:0,(anonymous_23)
FNDA:0,(anonymous_24)
DA:8,2
DA:10,2
DA:11,0
DA:15,2
DA:18,0
DA:19,0
DA:23,0
DA:24,0
DA:28,0
DA:29,0
DA:31,0
DA:35,0
DA:43,0
DA:44,0
DA:45,0
DA:46,0
DA:47,0
DA:48,0
DA:52,0
DA:53,0
DA:56,0
DA:59,0
DA:60,0
DA:64,0
DA:65,0
DA:66,0
DA:67,0
DA:68,0
DA:69,0
DA:75,0
DA:78,0
DA:79,0
DA:83,0
DA:84,0
DA:85,0
DA:86,0
DA:87,0
DA:88,0
DA:94,0
DA:96,0
DA:101,0
DA:103,0
DA:107,0
DA:108,0
DA:109,0
DA:110,0
DA:111,0
DA:114,0
DA:117,0
DA:118,0
DA:119,0
DA:124,0
DA:125,0
DA:126,0
DA:127,0
DA:128,0
DA:129,0
DA:130,0
DA:131,0
DA:133,0
DA:136,0
DA:139,0
DA:140,0
DA:144,0
DA:146,0
DA:147,0
DA:148,0
DA:151,0
DA:152,0
DA:153,0
DA:154,0
DA:156,0
DA:161,0
DA:162,0
DA:163,0
DA:166,0
DA:168,0
DA:172,0
DA:173,0
DA:174,0
DA:175,0
DA:176,0
DA:177,0
DA:180,0
DA:182,0
DA:185,0
DA:186,0
DA:187,0
DA:191,0
DA:192,0
DA:195,0
DA:197,0
DA:201,0
DA:202,0
DA:203,0
DA:207,0
DA:208,0
DA:209,0
DA:212,0
DA:214,0
DA:218,0
DA:219,0
DA:220,0
DA:225,0
DA:226,0
DA:227,0
DA:230,0
DA:232,0
DA:236,0
DA:237,0
DA:243,0
DA:244,0
DA:262,0
DA:263,0
DA:264,0
DA:269,0
DA:271,0
DA:276,0
DA:278,0
DA:282,0
DA:283,0
DA:284,0
DA:285,0
DA:286,0
DA:287,0
DA:288,0
DA:289,0
DA:292,0
DA:295,0
DA:296,0
DA:301,0
DA:302,0
DA:303,0
DA:304,0
DA:305,0
DA:306,0
DA:309,0
DA:311,0
DA:316,2
LF:139
LH:4
BRDA:11,0,0,0
BRDA:11,0,1,0
BRDA:18,1,0,0
BRDA:18,1,1,0
BRDA:22,2,0,0
BRDA:28,3,0,0
BRDA:28,3,1,0
BRDA:37,4,0,0
BRDA:37,4,1,0
BRDA:37,5,0,0
BRDA:37,5,1,0
BRDA:37,6,0,0
BRDA:37,6,1,0
BRDA:38,7,0,0
BRDA:38,7,1,0
BRDA:46,8,0,0
BRDA:46,8,1,0
BRDA:50,9,0,0
BRDA:50,9,1,0
BRDA:60,10,0,0
BRDA:60,10,1,0
BRDA:67,11,0,0
BRDA:67,11,1,0
BRDA:71,12,0,0
BRDA:71,12,1,0
BRDA:86,13,0,0
BRDA:86,13,1,0
BRDA:90,14,0,0
BRDA:90,14,1,0
BRDA:103,15,0,0
BRDA:103,15,1,0
BRDA:109,16,0,0
BRDA:109,16,1,0
BRDA:118,17,0,0
BRDA:118,17,1,0
BRDA:119,18,0,0
BRDA:119,18,1,0
BRDA:127,19,0,0
BRDA:127,19,1,0
BRDA:130,20,0,0
BRDA:130,20,1,0
BRDA:140,21,0,0
BRDA:140,21,1,0
BRDA:146,22,0,0
BRDA:146,22,1,0
BRDA:161,23,0,0
BRDA:161,23,1,0
BRDA:175,24,0,0
BRDA:175,24,1,0
BRDA:191,25,0,0
BRDA:191,25,1,0
BRDA:207,26,0,0
BRDA:207,26,1,0
BRDA:225,27,0,0
BRDA:225,27,1,0
BRDA:249,28,0,0
BRDA:249,28,1,0
BRDA:249,29,0,0
BRDA:249,29,1,0
BRDA:249,30,0,0
BRDA:249,30,1,0
BRDA:262,31,0,0
BRDA:262,31,1,0
BRDA:285,32,0,0
BRDA:285,32,1,0
BRDA:296,33,0,0
BRDA:296,33,1,0
BRDA:304,34,0,0
BRDA:304,34,1,0
BRF:69
BRH:0
end_of_record
TN:
SF:src/entities/author/api/SupabaseAuthorRepository.ts
FN:12,(anonymous_0)
FN:19,(anonymous_1)
FN:21,(anonymous_2)
FN:25,(anonymous_3)
FN:29,(anonymous_4)
FN:33,(anonymous_5)
FN:37,(anonymous_6)
FN:41,(anonymous_7)
FN:45,(anonymous_8)
FN:49,(anonymous_9)
FN:59,(anonymous_10)
FN:63,(anonymous_11)
FN:67,(anonymous_12)
FN:77,(anonymous_13)
FN:81,(anonymous_14)
FN:85,(anonymous_15)
FN:95,(anonymous_16)
FN:101,(anonymous_17)
FN:106,(anonymous_18)
FN:111,(anonymous_19)
FN:115,(anonymous_20)
FN:119,(anonymous_21)
FN:123,(anonymous_22)
FN:133,(anonymous_23)
FN:138,(anonymous_24)
FNF:25
FNH:7
FNDA:6,(anonymous_0)
FNDA:4,(anonymous_1)
FNDA:0,(anonymous_2)
FNDA:0,(anonymous_3)
FNDA:0,(anonymous_4)
FNDA:0,(anonymous_5)
FNDA:0,(anonymous_6)
FNDA:0,(anonymous_7)
FNDA:0,(anonymous_8)
FNDA:0,(anonymous_9)
FNDA:0,(anonymous_10)
FNDA:0,(anonymous_11)
FNDA:0,(anonymous_12)
FNDA:0,(anonymous_13)
FNDA:0,(anonymous_14)
FNDA:0,(anonymous_15)
FNDA:1,(anonymous_16)
FNDA:1,(anonymous_17)
FNDA:1,(anonymous_18)
FNDA:0,(anonymous_19)
FNDA:0,(anonymous_20)
FNDA:0,(anonymous_21)
FNDA:0,(anonymous_22)
FNDA:1,(anonymous_23)
FNDA:2,(anonymous_24)
DA:10,3
DA:13,6
DA:14,4
DA:16,6
DA:22,0
DA:26,0
DA:30,0
DA:34,0
DA:38,0
DA:42,0
DA:43,0
DA:44,0
DA:45,0
DA:46,0
DA:47,0
DA:49,0
DA:50,0
DA:51,0
DA:53,0
DA:54,0
DA:56,0
DA:60,0
DA:61,0
DA:62,0
DA:63,0
DA:64,0
DA:65,0
DA:67,0
DA:68,0
DA:69,0
DA:71,0
DA:72,0
DA:74,0
DA:78,0
DA:79,0
DA:80,0
DA:81,0
DA:82,0
DA:83,0
DA:85,0
DA:86,0
DA:87,0
DA:89,0
DA:90,0
DA:92,0
DA:96,1
DA:97,1
DA:98,1
DA:102,1
DA:103,1
DA:107,1
DA:108,1
DA:112,0
DA:116,0
DA:117,0
DA:118,0
DA:119,0
DA:120,0
DA:121,0
DA:123,0
DA:124,0
DA:125,0
DA:127,0
DA:128,0
DA:130,0
DA:134,1
DA:135,1
DA:139,2
DA:140,2
LF:69
LH:15
BRDA:13,0,0,4
BRDA:13,0,1,2
BRDA:43,1,0,0
BRDA:43,1,1,0
BRDA:46,2,0,0
BRDA:46,2,1,0
BRDA:46,3,0,0
BRDA:46,3,1,0
BRDA:49,4,0,0
BRDA:49,4,1,0
BRDA:50,5,0,0
BRDA:50,5,1,0
BRDA:61,6,0,0
BRDA:61,6,1,0
BRDA:64,7,0,0
BRDA:64,7,1,0
BRDA:64,8,0,0
BRDA:64,8,1,0
BRDA:67,9,0,0
BRDA:67,9,1,0
BRDA:68,10,0,0
BRDA:68,10,1,0
BRDA:79,11,0,0
BRDA:79,11,1,0
BRDA:82,12,0,0
BRDA:82,12,1,0
BRDA:82,13,0,0
BRDA:82,13,1,0
BRDA:85,14,0,0
BRDA:85,14,1,0
BRDA:86,15,0,0
BRDA:86,15,1,0
BRDA:117,16,0,0
BRDA:117,16,1,0
BRDA:120,17,0,0
BRDA:120,17,1,0
BRDA:120,18,0,0
BRDA:120,18,1,0
BRDA:123,19,0,0
BRDA:123,19,1,0
BRDA:124,20,0,0
BRDA:124,20,1,0
BRF:42
BRH:2
end_of_record
TN:
SF:src/entities/author/providers/AuthorProvider.tsx
FN:11,(anonymous_0)
FN:12,(anonymous_1)
FN:17,(anonymous_2)
FN:22,(anonymous_3)
FN:25,(anonymous_4)
FN:29,(anonymous_5)
FN:41,(anonymous_6)
FN:43,(anonymous_7)
FN:47,(anonymous_8)
FN:52,(anonymous_9)
FN:55,(anonymous_10)
FN:60,(anonymous_11)
FN:66,(anonymous_12)
FN:67,(anonymous_13)
FN:71,(anonymous_14)
FN:72,(anonymous_15)
FN:76,(anonymous_16)
FN:78,(anonymous_17)
FN:83,(anonymous_18)
FN:86,(anonymous_19)
FN:90,(anonymous_20)
FN:91,(anonymous_21)
FN:95,(anonymous_22)
FN:97,(anonymous_23)
FN:102,(anonymous_24)
FN:105,(anonymous_25)
FN:114,(anonymous_26)
FN:115,(anonymous_27)
FN:116,(anonymous_28)
FN:117,(anonymous_29)
FN:118,(anonymous_30)
FN:119,(anonymous_31)
FN:120,(anonymous_32)
FN:121,(anonymous_33)
FN:122,(anonymous_34)
FN:123,(anonymous_35)
FN:124,(anonymous_36)
FNF:37
FNH:20
FNDA:12,(anonymous_0)
FNDA:4,(anonymous_1)
FNDA:0,(anonymous_2)
FNDA:3,(anonymous_3)
FNDA:0,(anonymous_4)
FNDA:0,(anonymous_5)
FNDA:12,(anonymous_6)
FNDA:4,(anonymous_7)
FNDA:5,(anonymous_8)
FNDA:5,(anonymous_9)
FNDA:0,(anonymous_10)
FNDA:0,(anonymous_11)
FNDA:0,(anonymous_12)
FNDA:0,(anonymous_13)
FNDA:2,(anonymous_14)
FNDA:2,(anonymous_15)
FNDA:2,(anonymous_16)
FNDA:2,(anonymous_17)
FNDA:1,(anonymous_18)
FNDA:2,(anonymous_19)
FNDA:1,(anonymous_20)
FNDA:1,(anonymous_21)
FNDA:1,(anonymous_22)
FNDA:1,(anonymous_23)
FNDA:0,(anonymous_24)
FNDA:1,(anonymous_25)
FNDA:0,(anonymous_26)
FNDA:0,(anonymous_27)
FNDA:0,(anonymous_28)
FNDA:0,(anonymous_29)
FNDA:0,(anonymous_30)
FNDA:0,(anonymous_31)
FNDA:0,(anonymous_32)
FNDA:2,(anonymous_33)
FNDA:1,(anonymous_34)
FNDA:0,(anonymous_35)
FNDA:0,(anonymous_36)
DA:11,2
DA:12,12
DA:13,12
DA:15,12
DA:17,0
DA:20,12
DA:22,3
DA:25,12
DA:26,0
DA:29,12
DA:30,0
DA:34,12
DA:35,12
DA:37,12
DA:41,2
DA:42,12
DA:43,12
DA:45,12
DA:47,5
DA:50,12
DA:52,5
DA:55,12
DA:56,0
DA:57,0
DA:60,12
DA:61,0
DA:62,0
DA:65,12
DA:66,0
DA:67,0
DA:70,12
DA:71,2
DA:73,2
DA:74,2
DA:75,2
DA:76,2
DA:77,2
DA:78,2
DA:81,2
DA:84,1
DA:86,2
DA:89,12
DA:90,1
DA:92,1
DA:93,1
DA:94,1
DA:95,1
DA:96,1
DA:97,1
DA:100,1
DA:103,0
DA:105,1
DA:108,12
DA:114,0
DA:115,0
DA:116,0
DA:117,0
DA:118,0
DA:119,0
DA:120,0
DA:121,2
DA:122,1
DA:123,0
DA:124,0
LF:64
LH:45
BRDA:15,0,0,5
BRDA:20,1,0,5
BRDA:45,2,0,5
BRDA:50,3,0,5
BRDA:56,4,0,0
BRDA:56,4,1,0
BRDA:61,5,0,0
BRDA:61,5,1,0
BRDA:75,6,0,2
BRDA:75,6,1,0
BRDA:77,7,0,0
BRDA:77,7,1,2
BRDA:78,8,0,2
BRDA:78,8,1,0
BRDA:84,9,0,1
BRDA:84,9,1,0
BRDA:94,10,0,1
BRDA:94,10,1,0
BRDA:96,11,0,0
BRDA:96,11,1,1
BRDA:97,12,0,1
BRDA:97,12,1,0
BRDA:103,13,0,0
BRDA:103,13,1,0
BRDA:111,14,0,12
BRDA:111,14,1,7
BRF:26
BRH:13
end_of_record
TN:
SF:src/entities/book/ui/BookCardItem.tsx
FN:32,(anonymous_0)
FN:34,(anonymous_1)
FN:37,(anonymous_2)
FN:47,(anonymous_3)
FN:51,(anonymous_4)
FN:88,(anonymous_5)
FNF:6
FNH:6
FNDA:4,(anonymous_0)
FNDA:4,(anonymous_1)
FNDA:4,(anonymous_2)
FNDA:4,(anonymous_3)
FNDA:1,(anonymous_4)
FNDA:4,(anonymous_5)
DA:32,1
DA:33,4
DA:34,4
DA:35,4
DA:37,4
DA:38,4
DA:39,4
DA:45,4
DA:47,4
DA:51,1
DA:86,1
DA:88,4
LF:12
LH:12
BRDA:38,0,0,0
BRDA:38,0,1,4
BRDA:49,1,0,0
BRDA:49,1,1,4
BRDA:51,2,0,1
BRDA:51,2,1,0
BRDA:54,3,0,4
BRDA:54,3,1,0
BRDA:62,4,0,4
BRDA:62,4,1,4
BRDA:68,5,0,3
BRDA:68,5,1,1
BRDA:70,6,0,4
BRDA:70,6,1,4
BRDA:70,6,2,4
BRDA:78,7,0,4
BRDA:78,7,1,4
BRDA:79,8,0,4
BRDA:79,8,1,0
BRF:19
BRH:14
end_of_record
TN:
SF:src/entities/book/ui/ReviewBlock.tsx
FN:18,(anonymous_0)
FN:20,(anonymous_1)
FN:30,(anonymous_2)
FN:32,(anonymous_3)
FN:35,(anonymous_4)
FN:37,(anonymous_5)
FN:40,(anonymous_6)
FN:45,(anonymous_7)
FN:49,(anonymous_8)
FN:59,(anonymous_9)
FN:76,(anonymous_10)
FN:85,(anonymous_11)
FN:95,(anonymous_12)
FN:105,(anonymous_13)
FN:115,(anonymous_14)
FN:122,(anonymous_15)
FN:132,(anonymous_16)
FN:135,(anonymous_17)
FN:135,(anonymous_18)
FN:150,(anonymous_19)
FN:155,(anonymous_20)
FN:156,(anonymous_21)
FN:163,(anonymous_22)
FN:181,(anonymous_23)
FN:181,(anonymous_24)
FN:198,(anonymous_25)
FN:222,(anonymous_26)
FN:223,(anonymous_27)
FN:261,(anonymous_28)
FN:264,(anonymous_29)
FN:277,(anonymous_30)
FN:282,(anonymous_31)
FN:290,(anonymous_32)
FN:308,(anonymous_33)
FN:313,(anonymous_34)
FN:318,(anonymous_35)
FN:321,(anonymous_36)
FN:336,(anonymous_37)
FN:340,(anonymous_38)
FN:355,(anonymous_39)
FN:361,(anonymous_40)
FNF:41
FNH:16
FNDA:22,(anonymous_0)
FNDA:7,(anonymous_1)
FNDA:14,(anonymous_2)
FNDA:6,(anonymous_3)
FNDA:14,(anonymous_4)
FNDA:6,(anonymous_5)
FNDA:8,(anonymous_6)
FNDA:7,(anonymous_7)
FNDA:7,(anonymous_8)
FNDA:6,(anonymous_9)
FNDA:0,(anonymous_10)
FNDA:0,(anonymous_11)
FNDA:0,(anonymous_12)
FNDA:0,(anonymous_13)
FNDA:0,(anonymous_14)
FNDA:0,(anonymous_15)
FNDA:0,(anonymous_16)
FNDA:0,(anonymous_17)
FNDA:0,(anonymous_18)
FNDA:0,(anonymous_19)
FNDA:0,(anonymous_20)
FNDA:0,(anonymous_21)
FNDA:0,(anonymous_22)
FNDA:0,(anonymous_23)
FNDA:0,(anonymous_24)
FNDA:0,(anonymous_25)
FNDA:110,(anonymous_26)
FNDA:0,(anonymous_27)
FNDA:4,(anonymous_28)
FNDA:0,(anonymous_29)
FNDA:0,(anonymous_30)
FNDA:20,(anonymous_31)
FNDA:0,(anonymous_32)
FNDA:0,(anonymous_33)
FNDA:0,(anonymous_34)
FNDA:5,(anonymous_35)
FNDA:0,(anonymous_36)
FNDA:25,(anonymous_37)
FNDA:0,(anonymous_38)
FNDA:0,(anonymous_39)
FNDA:7,(anonymous_40)
DA:18,2
DA:19,22
DA:20,22
DA:22,22
DA:23,22
DA:24,22
DA:25,22
DA:26,22
DA:27,22
DA:28,22
DA:30,22
DA:31,14
DA:32,14
DA:35,22
DA:36,14
DA:37,14
DA:40,22
DA:41,8
DA:42,8
DA:45,22
DA:46,7
DA:49,22
DA:50,7
DA:51,7
DA:52,7
DA:53,7
DA:54,7
DA:56,7
DA:57,7
DA:59,7
DA:60,6
DA:61,6
DA:62,6
DA:63,6
DA:64,6
DA:67,7
DA:69,0
DA:70,0
DA:72,7
DA:76,22
DA:77,0
DA:86,0
DA:87,0
DA:88,0
DA:95,22
DA:96,0
DA:97,0
DA:106,0
DA:107,0
DA:108,0
DA:115,22
DA:116,0
DA:117,0
DA:118,0
DA:122,22
DA:123,0
DA:124,0
DA:133,0
DA:134,0
DA:135,0
DA:136,0
DA:137,0
DA:138,0
DA:139,0
DA:140,0
DA:142,0
DA:150,22
DA:151,0
DA:155,0
DA:156,0
DA:163,22
DA:164,0
DA:165,0
DA:166,0
DA:169,0
DA:170,0
DA:171,0
DA:174,0
DA:175,0
DA:180,0
DA:181,0
DA:182,0
DA:183,0
DA:184,0
DA:185,0
DA:188,0
DA:191,0
DA:197,0
DA:198,0
DA:199,0
DA:200,0
DA:201,0
DA:202,0
DA:205,0
DA:210,22
DA:223,110
DA:262,4
DA:264,0
DA:277,0
DA:283,20
DA:290,0
DA:308,0
DA:313,0
DA:319,5
DA:321,0
DA:337,25
DA:340,0
DA:355,2
DA:356,0
DA:361,7
LF:110
LH:51
BRDA:31,0,0,0
BRDA:31,0,1,14
BRDA:32,1,0,14
BRDA:32,1,1,13
BRDA:32,2,0,6
BRDA:32,2,1,6
BRDA:36,3,0,0
BRDA:36,3,1,14
BRDA:37,4,0,6
BRDA:37,4,1,6
BRDA:41,5,0,8
BRDA:41,5,1,7
BRDA:42,6,0,8
BRDA:42,6,1,7
BRDA:60,7,0,6
BRDA:60,7,1,0
BRDA:62,8,0,0
BRDA:62,8,1,6
BRDA:62,9,0,6
BRDA:62,9,1,6
BRDA:63,10,0,0
BRDA:63,10,1,6
BRDA:96,11,0,0
BRDA:96,11,1,0
BRDA:116,12,0,0
BRDA:116,12,1,0
BRDA:116,13,0,0
BRDA:116,13,1,0
BRDA:123,14,0,0
BRDA:123,14,1,0
BRDA:134,15,0,0
BRDA:134,15,1,0
BRDA:140,16,0,0
BRDA:140,16,1,0
BRDA:164,17,0,0
BRDA:164,17,1,0
BRDA:169,18,0,0
BRDA:169,18,1,0
BRDA:174,19,0,0
BRDA:174,19,1,0
BRDA:180,20,0,0
BRDA:180,20,1,0
BRDA:181,21,0,0
BRDA:181,21,1,0
BRDA:184,22,0,0
BRDA:184,22,1,0
BRDA:197,23,0,0
BRDA:197,23,1,0
BRDA:201,24,0,0
BRDA:201,24,1,0
BRDA:226,25,0,4
BRDA:226,25,1,106
BRDA:227,26,0,4
BRDA:227,26,1,106
BRDA:247,27,0,2
BRDA:247,27,1,20
BRDA:249,28,0,22
BRDA:249,28,1,2
BRDA:258,29,0,22
BRDA:258,29,1,2
BRDA:265,30,0,0
BRDA:265,30,1,4
BRDA:273,31,0,4
BRDA:273,31,1,0
BRDA:283,32,0,17
BRDA:283,32,1,3
BRDA:283,33,0,17
BRDA:283,33,1,3
BRDA:286,34,0,4
BRDA:286,34,1,4
BRDA:289,35,0,2
BRDA:289,35,1,1
BRDA:297,36,0,22
BRDA:297,36,1,3
BRDA:322,37,0,0
BRDA:322,37,1,5
BRDA:330,38,0,5
BRDA:330,38,1,0
BRDA:337,39,0,20
BRDA:337,39,1,5
BRDA:337,40,0,20
BRDA:337,40,1,5
BRDA:345,41,0,5
BRDA:345,41,1,5
BRF:84
BRH:47
end_of_record
TN:
SF:src/entities/quote/api/QuoteService.ts
FN:12,(anonymous_0)
FN:12,(anonymous_1)
FN:31,(anonymous_2)
FN:34,(anonymous_3)
FN:56,(anonymous_4)
FN:68,(anonymous_5)
FN:89,(anonymous_6)
FN:94,(anonymous_7)
FN:104,(anonymous_8)
FN:108,(anonymous_9)
FN:112,(anonymous_10)
FN:123,(anonymous_11)
FN:127,(anonymous_12)
FN:129,(anonymous_13)
FN:147,(anonymous_14)
FN:155,(anonymous_15)
FN:165,(anonymous_16)
FN:176,(anonymous_17)
FN:179,(anonymous_18)
FN:182,(anonymous_19)
FN:218,(anonymous_20)
FN:220,(anonymous_21)
FN:252,(anonymous_22)
FN:255,(anonymous_23)
FN:281,(anonymous_24)
FN:465,(anonymous_25)
FN:469,(anonymous_26)
FN:484,(anonymous_27)
FN:488,(anonymous_28)
FN:515,(anonymous_29)
FN:517,(anonymous_30)
FN:531,(anonymous_31)
FN:560,(anonymous_32)
FN:600,(anonymous_33)
FN:621,(anonymous_34)
FN:625,(anonymous_35)
FN:660,(anonymous_36)
FN:678,(anonymous_37)
FN:679,(anonymous_38)
FN:689,(anonymous_39)
FN:692,(anonymous_40)
FN:708,(anonymous_41)
FN:719,(anonymous_42)
FN:722,(anonymous_43)
FN:738,(anonymous_44)
FN:750,(anonymous_45)
FN:758,(anonymous_46)
FN:765,(anonymous_47)
FN:769,(anonymous_48)
FN:783,(anonymous_49)
FN:789,(anonymous_50)
FN:828,(anonymous_51)
FN:831,(anonymous_52)
FN:872,(anonymous_53)
FNF:54
FNH:13
FNDA:1,(anonymous_0)
FNDA:1,(anonymous_1)
FNDA:1,(anonymous_2)
FNDA:0,(anonymous_3)
FNDA:4,(anonymous_4)
FNDA:2,(anonymous_5)
FNDA:2,(anonymous_6)
FNDA:0,(anonymous_7)
FNDA:1,(anonymous_8)
FNDA:0,(anonymous_9)
FNDA:0,(anonymous_10)
FNDA:1,(anonymous_11)
FNDA:0,(anonymous_12)
FNDA:0,(anonymous_13)
FNDA:1,(anonymous_14)
FNDA:1,(anonymous_15)
FNDA:0,(anonymous_16)
FNDA:0,(anonymous_17)
FNDA:0,(anonymous_18)
FNDA:0,(anonymous_19)
FNDA:0,(anonymous_20)
FNDA:0,(anonymous_21)
FNDA:1,(anonymous_22)
FNDA:2,(anonymous_23)
FNDA:0,(anonymous_24)
FNDA:0,(anonymous_25)
FNDA:0,(anonymous_26)
FNDA:0,(anonymous_27)
FNDA:0,(anonymous_28)
FNDA:0,(anonymous_29)
FNDA:0,(anonymous_30)
FNDA:1,(anonymous_31)
FNDA:0,(anonymous_32)
FNDA:0,(anonymous_33)
FNDA:0,(anonymous_34)
FNDA:0,(anonymous_35)
FNDA:0,(anonymous_36)
FNDA:0,(anonymous_37)
FNDA:0,(anonymous_38)
FNDA:0,(anonymous_39)
FNDA:0,(anonymous_40)
FNDA:0,(anonymous_41)
FNDA:0,(anonymous_42)
FNDA:0,(anonymous_43)
FNDA:0,(anonymous_44)
FNDA:0,(anonymous_45)
FNDA:0,(anonymous_46)
FNDA:0,(anonymous_47)
FNDA:0,(anonymous_48)
FNDA:0,(anonymous_49)
FNDA:0,(anonymous_50)
FNDA:0,(anonymous_51)
FNDA:0,(anonymous_52)
FNDA:0,(anonymous_53)
DA:12,3
DA:25,3
DA:28,3
DA:29,3
DA:32,1
DA:33,1
DA:34,0
DA:49,0
DA:54,3
DA:57,4
DA:58,4
DA:62,4
DA:63,4
DA:65,4
DA:69,2
DA:92,2
DA:93,2
DA:94,2
DA:96,2
DA:97,2
DA:102,1
DA:103,1
DA:104,1
DA:107,1
DA:108,1
DA:111,1
DA:112,1
DA:117,1
DA:120,1
DA:123,1
DA:124,1
DA:125,0
DA:127,0
DA:130,0
DA:133,1
DA:136,1
DA:138,2
DA:142,1
DA:143,1
DA:144,1
DA:147,1
DA:152,1
DA:156,1
DA:157,1
DA:158,1
DA:159,1
DA:160,1
DA:161,1
DA:164,1
DA:165,1
DA:166,1
DA:168,1
DA:171,0
DA:174,0
DA:175,0
DA:176,0
DA:181,0
DA:182,0
DA:183,0
DA:184,0
DA:187,0
DA:188,0
DA:189,0
DA:190,0
DA:191,0
DA:195,0
DA:196,0
DA:197,0
DA:201,0
DA:202,0
DA:203,0
DA:205,0
DA:207,0
DA:209,0
DA:214,0
DA:219,0
DA:220,0
DA:221,0
DA:222,0
DA:224,0
DA:225,0
DA:226,0
DA:227,0
DA:230,0
DA:231,0
DA:232,0
DA:236,0
DA:237,0
DA:238,0
DA:240,0
DA:242,0
DA:243,0
DA:248,0
DA:254,1
DA:255,2
DA:256,1
DA:258,1
DA:259,1
DA:260,1
DA:261,1
DA:266,1
DA:267,1
DA:269,0
DA:272,0
DA:273,0
DA:282,0
DA:283,0
DA:284,0
DA:285,0
DA:287,0
DA:288,0
DA:289,0
DA:290,0
DA:292,0
DA:293,0
DA:294,0
DA:296,0
DA:297,0
DA:300,0
DA:301,0
DA:304,0
DA:305,0
DA:306,0
DA:307,0
DA:308,0
DA:309,0
DA:312,0
DA:328,0
DA:329,0
DA:330,0
DA:331,0
DA:334,0
DA:335,0
DA:336,0
DA:340,0
DA:341,0
DA:344,0
DA:345,0
DA:348,0
DA:351,0
DA:352,0
DA:354,0
DA:355,0
DA:356,0
DA:361,0
DA:362,0
DA:363,0
DA:366,0
DA:370,0
DA:371,0
DA:372,0
DA:377,0
DA:378,0
DA:379,0
DA:382,0
DA:387,0
DA:388,0
DA:414,0
DA:415,0
DA:417,0
DA:418,0
DA:420,0
DA:423,0
DA:426,0
DA:433,0
DA:434,0
DA:435,0
DA:438,0
DA:439,0
DA:440,0
DA:455,0
DA:456,0
DA:458,0
DA:459,0
DA:467,0
DA:468,0
DA:469,0
DA:471,0
DA:476,0
DA:478,0
DA:480,0
DA:485,0
DA:488,0
DA:489,0
DA:491,0
DA:501,0
DA:511,0
DA:512,0
DA:516,0
DA:517,0
DA:518,0
DA:519,0
DA:520,0
DA:537,1
DA:538,0
DA:539,0
DA:543,1
DA:545,1
DA:546,1
DA:547,1
DA:548,1
DA:549,1
DA:551,0
DA:553,0
DA:554,0
DA:555,0
DA:556,0
DA:560,0
DA:570,0
DA:571,0
DA:572,0
DA:574,0
DA:575,0
DA:581,0
DA:582,0
DA:583,0
DA:592,0
DA:595,0
DA:596,0
DA:600,0
DA:603,0
DA:604,0
DA:606,0
DA:607,0
DA:608,0
DA:610,0
DA:612,0
DA:618,0
DA:621,0
DA:623,0
DA:625,0
DA:626,0
DA:628,0
DA:630,0
DA:632,0
DA:634,0
DA:636,0
DA:640,0
DA:641,0
DA:642,0
DA:649,0
DA:656,0
DA:659,0
DA:660,0
DA:661,0
DA:662,0
DA:665,0
DA:666,0
DA:668,0
DA:671,0
DA:674,0
DA:675,0
DA:678,0
DA:679,0
DA:685,0
DA:686,0
DA:689,0
DA:692,0
DA:694,0
DA:695,0
DA:698,0
DA:699,0
DA:701,0
DA:704,0
DA:705,0
DA:708,0
DA:716,0
DA:719,0
DA:722,0
DA:724,0
DA:725,0
DA:728,0
DA:729,0
DA:731,0
DA:734,0
DA:735,0
DA:738,0
DA:751,0
DA:752,0
DA:759,0
DA:766,0
DA:770,0
DA:771,0
DA:775,0
DA:776,0
DA:778,0
DA:779,0
DA:782,0
DA:783,0
DA:784,0
DA:786,0
DA:790,0
DA:791,0
DA:792,0
DA:793,0
DA:798,0
DA:799,0
DA:800,0
DA:802,0
DA:805,0
DA:809,0
DA:810,0
DA:812,0
DA:813,0
DA:815,0
DA:816,0
DA:818,0
DA:819,0
DA:821,0
DA:822,0
DA:825,0
DA:830,0
DA:831,0
DA:832,0
DA:833,0
DA:834,0
DA:838,0
DA:839,0
DA:840,0
DA:842,0
DA:843,0
DA:846,0
DA:847,0
DA:848,0
DA:849,0
DA:855,0
DA:856,0
DA:858,0
DA:859,0
DA:862,0
DA:863,0
DA:873,0
DA:874,0
DA:875,0
DA:876,0
DA:878,0
DA:879,0
DA:881,0
DA:884,0
DA:886,0
DA:890,3
LF:341
LH:64
BRDA:33,0,0,0
BRDA:33,0,1,1
BRDA:39,1,0,0
BRDA:39,1,1,0
BRDA:40,2,0,0
BRDA:40,2,1,0
BRDA:40,3,0,0
BRDA:40,3,1,0
BRDA:40,4,0,0
BRDA:40,4,1,0
BRDA:43,5,0,0
BRDA:43,5,1,0
BRDA:44,6,0,0
BRDA:44,6,1,0
BRDA:47,7,0,0
BRDA:47,7,1,0
BRDA:56,8,0,4
BRDA:62,9,0,4
BRDA:62,9,1,0
BRDA:75,10,0,2
BRDA:75,10,1,2
BRDA:76,11,0,2
BRDA:76,11,1,2
BRDA:77,12,0,2
BRDA:77,12,1,1
BRDA:78,13,0,1
BRDA:78,13,1,1
BRDA:79,14,0,2
BRDA:79,14,1,2
BRDA:80,15,0,2
BRDA:80,15,1,2
BRDA:81,16,0,0
BRDA:81,16,1,2
BRDA:81,17,0,0
BRDA:81,17,1,0
BRDA:102,18,0,1
BRDA:102,18,1,0
BRDA:107,19,0,1
BRDA:107,19,1,1
BRDA:111,20,0,1
BRDA:111,20,1,1
BRDA:124,21,0,0
BRDA:124,21,1,1
BRDA:138,22,0,2
BRDA:138,22,1,0
BRDA:147,23,0,1
BRDA:147,23,1,0
BRDA:149,24,0,1
BRDA:149,24,1,0
BRDA:159,25,0,1
BRDA:159,25,1,0
BRDA:164,26,0,1
BRDA:164,26,1,0
BRDA:165,27,0,0
BRDA:165,27,1,0
BRDA:181,28,0,0
BRDA:181,28,1,0
BRDA:187,29,0,0
BRDA:187,29,1,0
BRDA:189,30,0,0
BRDA:189,30,1,0
BRDA:201,31,0,0
BRDA:201,31,1,0
BRDA:210,32,0,0
BRDA:210,32,1,0
BRDA:219,33,0,0
BRDA:219,33,1,0
BRDA:224,34,0,0
BRDA:224,34,1,0
BRDA:236,35,0,0
BRDA:236,35,1,0
BRDA:244,36,0,0
BRDA:244,36,1,0
BRDA:254,37,0,1
BRDA:254,37,1,0
BRDA:266,38,0,1
BRDA:266,38,1,0
BRDA:287,39,0,0
BRDA:287,39,1,0
BRDA:287,40,0,0
BRDA:287,40,1,0
BRDA:287,40,2,0
BRDA:288,41,0,0
BRDA:288,41,1,0
BRDA:288,42,0,0
BRDA:288,42,1,0
BRDA:288,42,2,0
BRDA:297,43,0,0
BRDA:297,43,1,0
BRDA:304,44,0,0
BRDA:304,44,1,0
BRDA:304,45,0,0
BRDA:304,45,1,0
BRDA:304,45,2,0
BRDA:304,45,3,0
BRDA:328,46,0,0
BRDA:328,46,1,0
BRDA:334,47,0,0
BRDA:334,47,1,0
BRDA:340,48,0,0
BRDA:340,48,1,0
BRDA:341,49,0,0
BRDA:341,49,1,0
BRDA:351,50,0,0
BRDA:351,50,1,0
BRDA:352,51,0,0
BRDA:352,51,1,0
BRDA:354,52,0,0
BRDA:354,52,1,0
BRDA:361,53,0,0
BRDA:361,53,1,0
BRDA:370,54,0,0
BRDA:370,54,1,0
BRDA:377,55,0,0
BRDA:377,55,1,0
BRDA:387,56,0,0
BRDA:387,56,1,0
BRDA:405,57,0,0
BRDA:405,57,1,0
BRDA:405,58,0,0
BRDA:405,58,1,0
BRDA:405,58,2,0
BRDA:408,59,0,0
BRDA:408,59,1,0
BRDA:408,60,0,0
BRDA:408,60,1,0
BRDA:408,60,2,0
BRDA:427,61,0,0
BRDA:427,61,1,0
BRDA:427,62,0,0
BRDA:427,62,1,0
BRDA:428,63,0,0
BRDA:428,63,1,0
BRDA:429,64,0,0
BRDA:429,64,1,0
BRDA:439,65,0,0
BRDA:439,65,1,0
BRDA:453,66,0,0
BRDA:453,66,1,0
BRDA:453,66,2,0
BRDA:480,67,0,0
BRDA:480,67,1,0
BRDA:485,68,0,0
BRDA:485,68,1,0
BRDA:489,69,0,0
BRDA:489,69,1,0
BRDA:497,70,0,0
BRDA:497,70,1,0
BRDA:516,71,0,0
BRDA:516,71,1,0
BRDA:518,72,0,0
BRDA:518,72,1,0
BRDA:537,73,0,0
BRDA:537,73,1,1
BRDA:546,74,0,1
BRDA:546,74,1,0
BRDA:546,75,0,1
BRDA:546,75,1,0
BRDA:554,76,0,0
BRDA:554,76,1,0
BRDA:581,77,0,0
BRDA:581,77,1,0
BRDA:583,78,0,0
BRDA:583,78,1,0
BRDA:583,79,0,0
BRDA:583,79,1,0
BRDA:592,80,0,0
BRDA:592,80,1,0
BRDA:596,81,0,0
BRDA:596,81,1,0
BRDA:603,82,0,0
BRDA:603,82,1,0
BRDA:610,83,0,0
BRDA:610,83,1,0
BRDA:614,84,0,0
BRDA:614,84,1,0
BRDA:623,85,0,0
BRDA:623,85,1,0
BRDA:626,86,0,0
BRDA:626,86,1,0
BRDA:630,87,0,0
BRDA:630,87,1,0
BRDA:630,88,0,0
BRDA:630,88,1,0
BRDA:634,89,0,0
BRDA:634,89,1,0
BRDA:634,90,0,0
BRDA:634,90,1,0
BRDA:643,91,0,0
BRDA:643,91,1,0
BRDA:643,92,0,0
BRDA:643,92,1,0
BRDA:645,93,0,0
BRDA:645,93,1,0
BRDA:645,94,0,0
BRDA:645,94,1,0
BRDA:659,95,0,0
BRDA:659,95,1,0
BRDA:660,96,0,0
BRDA:660,96,1,0
BRDA:661,97,0,0
BRDA:661,97,1,0
BRDA:665,98,0,0
BRDA:665,98,1,0
BRDA:676,99,0,0
BRDA:676,99,1,0
BRDA:679,100,0,0
BRDA:679,100,1,0
BRDA:691,101,0,0
BRDA:691,101,1,0
BRDA:692,102,0,0
BRDA:692,102,1,0
BRDA:694,103,0,0
BRDA:694,103,1,0
BRDA:698,104,0,0
BRDA:698,104,1,0
BRDA:721,105,0,0
BRDA:721,105,1,0
BRDA:722,106,0,0
BRDA:722,106,1,0
BRDA:724,107,0,0
BRDA:724,107,1,0
BRDA:728,108,0,0
BRDA:728,108,1,0
BRDA:752,109,0,0
BRDA:752,109,1,0
BRDA:759,110,0,0
BRDA:759,110,1,0
BRDA:775,111,0,0
BRDA:775,111,1,0
BRDA:782,112,0,0
BRDA:782,112,1,0
BRDA:783,113,0,0
BRDA:783,113,1,0
BRDA:798,114,0,0
BRDA:798,114,1,0
BRDA:810,115,0,0
BRDA:810,115,1,0
BRDA:812,116,0,0
BRDA:812,116,1,0
BRDA:812,117,0,0
BRDA:812,117,1,0
BRDA:812,117,2,0
BRDA:815,118,0,0
BRDA:815,118,1,0
BRDA:815,119,0,0
BRDA:815,119,1,0
BRDA:815,119,2,0
BRDA:815,119,3,0
BRDA:818,120,0,0
BRDA:818,120,1,0
BRDA:818,121,0,0
BRDA:818,121,1,0
BRDA:818,121,2,0
BRDA:818,121,3,0
BRDA:821,122,0,0
BRDA:821,122,1,0
BRDA:821,123,0,0
BRDA:821,123,1,0
BRDA:821,123,2,0
BRDA:830,124,0,0
BRDA:830,124,1,0
BRDA:832,125,0,0
BRDA:832,125,1,0
BRDA:839,126,0,0
BRDA:839,126,1,0
BRDA:840,127,0,0
BRDA:840,127,1,0
BRDA:842,128,0,0
BRDA:842,128,1,0
BRDA:843,129,0,0
BRDA:843,129,1,0
BRDA:855,130,0,0
BRDA:855,130,1,0
BRDA:878,131,0,0
BRDA:878,131,1,0
BRF:276
BRH:32
end_of_record
TN:
SF:src/entities/quote/api/SupabaseQuoteRepository.ts
FN:17,(anonymous_0)
FN:24,(anonymous_1)
FN:26,(anonymous_2)
FN:35,(anonymous_3)
FN:38,(anonymous_4)
FN:51,(anonymous_5)
FN:55,(anonymous_6)
FN:57,(anonymous_7)
FN:68,(anonymous_8)
FN:155,(anonymous_9)
FN:157,(anonymous_10)
FN:170,(anonymous_11)
FN:172,(anonymous_12)
FN:176,(anonymous_13)
FN:178,(anonymous_14)
FN:192,(anonymous_15)
FN:194,(anonymous_16)
FN:206,(anonymous_17)
FN:208,(anonymous_18)
FN:211,(anonymous_19)
FNF:20
FNH:12
FNDA:6,(anonymous_0)
FNDA:6,(anonymous_1)
FNDA:2,(anonymous_2)
FNDA:1,(anonymous_3)
FNDA:0,(anonymous_4)
FNDA:7,(anonymous_5)
FNDA:0,(anonymous_6)
FNDA:0,(anonymous_7)
FNDA:2,(anonymous_8)
FNDA:3,(anonymous_9)
FNDA:2,(anonymous_10)
FNDA:1,(anonymous_11)
FNDA:2,(anonymous_12)
FNDA:1,(anonymous_13)
FNDA:1,(anonymous_14)
FNDA:0,(anonymous_15)
FNDA:0,(anonymous_16)
FNDA:0,(anonymous_17)
FNDA:0,(anonymous_18)
FNDA:0,(anonymous_19)
DA:14,3
DA:18,6
DA:19,6
DA:21,6
DA:27,2
DA:28,2
DA:29,1
DA:31,1
DA:36,1
DA:38,1
DA:39,1
DA:40,0
DA:45,1
DA:48,1
DA:52,7
DA:56,0
DA:57,0
DA:69,2
DA:70,2
DA:71,2
DA:74,2
DA:76,2
DA:77,2
DA:78,2
DA:79,2
DA:81,2
DA:82,1
DA:83,1
DA:94,1
DA:95,1
DA:96,1
DA:98,1
DA:99,1
DA:102,1
DA:104,1
DA:105,0
DA:106,0
DA:107,0
DA:111,1
DA:112,0
DA:113,0
DA:114,0
DA:118,1
DA:119,1
DA:125,0
DA:129,2
DA:130,1
DA:133,2
DA:149,2
DA:150,2
DA:152,2
DA:156,3
DA:157,3
DA:159,3
DA:160,1
DA:163,2
DA:164,2
DA:165,2
DA:167,2
DA:171,1
DA:172,2
DA:173,1
DA:177,1
DA:178,1
DA:180,1
DA:181,0
DA:184,1
DA:185,1
DA:187,1
DA:189,1
DA:193,0
DA:194,0
DA:196,0
DA:197,0
DA:200,0
DA:201,0
DA:203,0
DA:207,0
DA:208,0
DA:212,0
DA:213,0
DA:214,0
DA:216,0
DA:217,0
LF:84
LH:59
BRDA:18,0,0,6
BRDA:18,0,1,0
BRDA:36,1,0,1
BRDA:36,1,1,1
BRDA:39,2,0,0
BRDA:39,2,1,1
BRDA:42,3,0,0
BRDA:42,3,1,0
BRDA:57,4,0,0
BRDA:57,4,1,0
BRDA:76,5,0,2
BRDA:76,5,1,0
BRDA:77,6,0,2
BRDA:77,6,1,0
BRDA:81,7,0,1
BRDA:81,7,1,1
BRDA:81,8,0,2
BRDA:81,8,1,0
BRDA:81,8,2,2
BRDA:81,8,3,2
BRDA:94,9,0,1
BRDA:94,9,1,0
BRDA:94,10,0,1
BRDA:94,10,1,1
BRDA:95,11,0,1
BRDA:95,11,1,0
BRDA:96,12,0,1
BRDA:96,12,1,0
BRDA:98,13,0,1
BRDA:98,13,1,1
BRDA:99,14,0,1
BRDA:99,14,1,1
BRDA:104,15,0,0
BRDA:104,15,1,1
BRDA:107,16,0,0
BRDA:107,16,1,0
BRDA:107,17,0,0
BRDA:107,17,1,0
BRDA:111,18,0,0
BRDA:111,18,1,1
BRDA:114,19,0,0
BRDA:114,19,1,0
BRDA:114,20,0,0
BRDA:114,20,1,0
BRDA:120,21,0,0
BRDA:120,21,1,1
BRDA:120,22,0,1
BRDA:120,22,1,0
BRDA:120,22,2,0
BRDA:121,23,0,0
BRDA:121,23,1,1
BRDA:121,24,0,1
BRDA:121,24,1,0
BRDA:121,24,2,0
BRDA:129,25,0,1
BRDA:129,25,1,1
BRDA:130,26,0,1
BRDA:130,26,1,0
BRDA:130,27,0,1
BRDA:130,27,1,0
BRDA:144,28,0,2
BRDA:144,28,1,0
BRDA:145,29,0,1
BRDA:145,29,1,1
BRDA:159,30,0,1
BRDA:159,30,1,2
BRDA:180,31,0,0
BRDA:180,31,1,1
BRDA:185,32,0,1
BRDA:185,32,1,0
BRDA:196,33,0,0
BRDA:196,33,1,0
BRF:72
BRH:37
end_of_record
TN:
SF:src/entities/quote/lib/useNetworkSync.ts
FN:28,(anonymous_0)
FN:49,(anonymous_1)
FN:73,(anonymous_2)
FN:78,(anonymous_3)
FN:85,(anonymous_4)
FN:99,(anonymous_5)
FN:106,(anonymous_6)
FN:113,(anonymous_7)
FN:122,(anonymous_8)
FN:129,(anonymous_9)
FN:137,(anonymous_10)
FN:142,(anonymous_11)
FN:151,(anonymous_12)
FN:160,(anonymous_13)
FN:173,(anonymous_14)
FN:175,(anonymous_15)
FN:185,(anonymous_16)
FN:186,(anonymous_17)
FN:225,(anonymous_18)
FN:232,(anonymous_19)
FN:236,(anonymous_20)
FN:244,(anonymous_21)
FN:259,(anonymous_22)
FN:267,(anonymous_23)
FN:268,(anonymous_24)
FN:270,(anonymous_25)
FN:273,(anonymous_26)
FN:278,(anonymous_27)
FN:281,(anonymous_28)
FN:285,(anonymous_29)
FNF:30
FNH:25
FNDA:14,(anonymous_0)
FNDA:4,(anonymous_1)
FNDA:4,(anonymous_2)
FNDA:3,(anonymous_3)
FNDA:3,(anonymous_4)
FNDA:0,(anonymous_5)
FNDA:0,(anonymous_6)
FNDA:0,(anonymous_7)
FNDA:1,(anonymous_8)
FNDA:0,(anonymous_9)
FNDA:4,(anonymous_10)
FNDA:2,(anonymous_11)
FNDA:8,(anonymous_12)
FNDA:1,(anonymous_13)
FNDA:2,(anonymous_14)
FNDA:0,(anonymous_15)
FNDA:3,(anonymous_16)
FNDA:3,(anonymous_17)
FNDA:3,(anonymous_18)
FNDA:10,(anonymous_19)
FNDA:131,(anonymous_20)
FNDA:2,(anonymous_21)
FNDA:7,(anonymous_22)
FNDA:3,(anonymous_23)
FNDA:62,(anonymous_24)
FNDA:62,(anonymous_25)
FNDA:3,(anonymous_26)
FNDA:9,(anonymous_27)
FNDA:2,(anonymous_28)
FNDA:3,(anonymous_29)
DA:25,2
DA:26,2
DA:28,2
DA:29,14
DA:38,14
DA:41,14
DA:44,14
DA:46,14
DA:49,14
DA:51,4
DA:52,0
DA:53,0
DA:57,4
DA:58,0
DA:59,0
DA:63,4
DA:64,4
DA:65,1
DA:66,1
DA:69,3
DA:73,14
DA:74,4
DA:75,4
DA:77,3
DA:78,3
DA:80,3
DA:81,3
DA:83,3
DA:85,3
DA:94,3
DA:95,3
DA:98,3
DA:99,0
DA:100,0
DA:101,0
DA:103,0
DA:104,0
DA:106,0
DA:107,0
DA:112,0
DA:113,0
DA:122,14
DA:124,1
DA:125,0
DA:129,1
DA:130,0
DA:133,1
DA:137,14
DA:138,4
DA:139,0
DA:142,4
DA:143,2
DA:146,4
DA:147,4
DA:151,14
DA:152,8
DA:153,4
DA:154,4
DA:155,4
DA:160,14
DA:162,1
DA:163,1
DA:164,1
DA:166,1
DA:173,14
DA:174,2
DA:175,2
DA:180,2
DA:181,2
DA:185,14
DA:186,3
DA:187,3
DA:188,3
DA:189,3
DA:190,3
DA:191,3
DA:193,3
DA:195,3
DA:203,3
DA:204,3
DA:207,3
DA:208,1
DA:209,1
DA:213,3
DA:214,3
DA:218,0
DA:222,3
DA:225,3
DA:226,3
DA:227,3
DA:232,14
DA:233,10
DA:235,7
DA:236,7
DA:237,131
DA:238,131
DA:239,131
DA:240,131
DA:242,131
DA:243,2
DA:244,2
DA:246,2
DA:247,1
DA:248,1
DA:249,1
DA:250,1
DA:251,1
DA:256,7
DA:257,7
DA:259,7
DA:260,7
DA:261,7
DA:262,7
DA:267,14
DA:268,3
DA:269,62
DA:270,62
DA:273,3
DA:278,14
DA:279,9
DA:281,3
DA:282,2
DA:285,3
DA:289,14
DA:305,2
DA:309,2
LF:126
LH:109
BRDA:51,0,0,0
BRDA:51,0,1,4
BRDA:57,1,0,0
BRDA:57,1,1,4
BRDA:64,2,0,1
BRDA:64,2,1,3
BRDA:75,3,0,1
BRDA:75,3,1,3
BRDA:89,4,0,0
BRDA:89,4,1,3
BRDA:98,5,0,0
BRDA:98,5,1,3
BRDA:99,6,0,0
BRDA:99,6,1,0
BRDA:103,7,0,0
BRDA:103,7,1,0
BRDA:116,8,0,0
BRDA:116,8,1,0
BRDA:124,9,0,0
BRDA:124,9,1,1
BRDA:138,10,0,0
BRDA:138,10,1,4
BRDA:152,11,0,4
BRDA:152,11,1,4
BRDA:162,12,0,1
BRDA:162,12,1,0
BRDA:174,13,0,2
BRDA:174,13,1,2
BRDA:189,14,0,3
BRDA:189,14,1,3
BRDA:193,15,0,3
BRDA:193,15,1,3
BRDA:196,16,0,3
BRDA:196,16,1,0
BRDA:198,17,0,0
BRDA:198,17,1,3
BRDA:203,18,0,3
BRDA:203,18,1,3
BRDA:207,19,0,1
BRDA:207,19,1,2
BRDA:207,20,0,3
BRDA:207,20,1,3
BRDA:213,21,0,3
BRDA:213,21,1,0
BRDA:226,22,0,0
BRDA:226,22,1,3
BRDA:227,23,0,2
BRDA:227,23,1,1
BRDA:233,24,0,3
BRDA:233,24,1,7
BRDA:237,25,0,0
BRDA:237,25,1,131
BRDA:240,26,0,131
BRDA:240,26,1,129
BRDA:240,26,2,0
BRDA:242,27,0,2
BRDA:242,27,1,129
BRDA:246,28,0,1
BRDA:246,28,1,1
BRDA:246,29,0,2
BRDA:246,29,1,1
BRDA:250,30,0,1
BRDA:250,30,1,0
BRDA:250,31,0,1
BRDA:250,31,1,1
BRDA:279,32,0,3
BRDA:279,32,1,6
BRDA:279,33,0,9
BRDA:279,33,1,6
BRF:69
BRH:49
end_of_record
TN:
SF:src/entities/quote/lib/useQuoteActions.ts
FN:19,(anonymous_0)
FN:29,(anonymous_1)
FN:83,(anonymous_2)
FN:86,(anonymous_3)
FN:101,(anonymous_4)
FN:102,(anonymous_5)
FNF:6
FNH:3
FNDA:3,(anonymous_0)
FNDA:3,(anonymous_1)
FNDA:2,(anonymous_2)
FNDA:0,(anonymous_3)
FNDA:0,(anonymous_4)
FNDA:0,(anonymous_5)
DA:19,1
DA:20,3
DA:21,3
DA:22,3
DA:28,3
DA:35,3
DA:36,3
DA:37,3
DA:38,3
DA:40,3
DA:41,3
DA:43,3
DA:44,1
DA:45,1
DA:51,2
DA:52,2
DA:55,3
DA:58,3
DA:61,3
DA:62,1
DA:63,1
DA:67,3
DA:74,3
DA:76,2
DA:85,2
DA:87,0
DA:92,3
DA:93,0
DA:94,0
DA:95,0
DA:96,0
DA:97,0
DA:98,0
DA:100,0
DA:101,0
DA:102,0
DA:107,0
DA:108,0
DA:110,3
DA:111,3
DA:117,3
LF:41
LH:29
BRDA:33,0,0,0
BRDA:43,1,0,1
BRDA:43,1,1,2
BRDA:47,2,0,1
BRDA:47,2,1,0
BRDA:48,3,0,1
BRDA:48,3,1,0
BRDA:61,4,0,1
BRDA:61,4,1,2
BRDA:74,5,0,2
BRDA:74,5,1,1
BRDA:74,6,0,3
BRDA:74,6,1,3
BRDA:92,7,0,0
BRDA:92,7,1,3
BRDA:92,8,0,3
BRDA:92,8,1,0
BRDA:92,8,2,0
BRDA:94,9,0,0
BRDA:94,9,1,0
BRDA:94,10,0,0
BRDA:94,10,1,0
BRDA:94,10,2,0
BRDA:98,11,0,0
BRDA:98,11,1,0
BRF:25
BRH:12
end_of_record
TN:
SF:src/entities/quote/providers/QuoteProvider.tsx
FN:14,(anonymous_0)
FN:24,(anonymous_1)
FN:31,(anonymous_2)
FN:35,(anonymous_3)
FN:39,(anonymous_4)
FN:45,(anonymous_5)
FN:47,(anonymous_6)
FN:48,(anonymous_7)
FN:53,(anonymous_8)
FN:54,(anonymous_9)
FN:58,(anonymous_10)
FN:60,(anonymous_11)
FN:65,(anonymous_12)
FN:68,(anonymous_13)
FN:74,(anonymous_14)
FN:75,(anonymous_15)
FN:79,(anonymous_16)
FN:81,(anonymous_17)
FN:86,(anonymous_18)
FN:89,(anonymous_19)
FN:95,(anonymous_20)
FN:96,(anonymous_21)
FN:100,(anonymous_22)
FN:102,(anonymous_23)
FN:107,(anonymous_24)
FN:110,(anonymous_25)
FN:116,(anonymous_26)
FN:121,(anonymous_27)
FN:142,(anonymous_28)
FN:149,(anonymous_29)
FN:152,(anonymous_30)
FN:158,(anonymous_31)
FN:159,(anonymous_32)
FN:163,(anonymous_33)
FN:165,(anonymous_34)
FN:170,(anonymous_35)
FN:173,(anonymous_36)
FN:178,(anonymous_37)
FN:187,(anonymous_38)
FN:188,(anonymous_39)
FN:189,(anonymous_40)
FN:190,(anonymous_41)
FN:191,(anonymous_42)
FNF:43
FNH:29
FNDA:4,(anonymous_0)
FNDA:13,(anonymous_1)
FNDA:4,(anonymous_2)
FNDA:8,(anonymous_3)
FNDA:0,(anonymous_4)
FNDA:4,(anonymous_5)
FNDA:0,(anonymous_6)
FNDA:0,(anonymous_7)
FNDA:1,(anonymous_8)
FNDA:1,(anonymous_9)
FNDA:1,(anonymous_10)
FNDA:1,(anonymous_11)
FNDA:1,(anonymous_12)
FNDA:1,(anonymous_13)
FNDA:0,(anonymous_14)
FNDA:0,(anonymous_15)
FNDA:0,(anonymous_16)
FNDA:0,(anonymous_17)
FNDA:0,(anonymous_18)
FNDA:0,(anonymous_19)
FNDA:1,(anonymous_20)
FNDA:1,(anonymous_21)
FNDA:1,(anonymous_22)
FNDA:1,(anonymous_23)
FNDA:0,(anonymous_24)
FNDA:1,(anonymous_25)
FNDA:1,(anonymous_26)
FNDA:1,(anonymous_27)
FNDA:1,(anonymous_28)
FNDA:0,(anonymous_29)
FNDA:1,(anonymous_30)
FNDA:1,(anonymous_31)
FNDA:1,(anonymous_32)
FNDA:1,(anonymous_33)
FNDA:1,(anonymous_34)
FNDA:0,(anonymous_35)
FNDA:1,(anonymous_36)
FNDA:0,(anonymous_37)
FNDA:1,(anonymous_38)
FNDA:0,(anonymous_39)
FNDA:1,(anonymous_40)
FNDA:1,(anonymous_41)
FNDA:1,(anonymous_42)
DA:12,2
DA:14,2
DA:15,4
DA:17,4
DA:24,2
DA:25,13
DA:26,13
DA:27,0
DA:30,13
DA:31,13
DA:33,13
DA:35,8
DA:39,13
DA:40,0
DA:41,0
DA:45,13
DA:46,4
DA:47,0
DA:48,0
DA:52,13
DA:53,1
DA:55,1
DA:56,1
DA:57,1
DA:58,1
DA:59,1
DA:60,1
DA:63,1
DA:66,1
DA:69,1
DA:73,13
DA:74,0
DA:76,0
DA:77,0
DA:78,0
DA:79,0
DA:80,0
DA:81,0
DA:84,0
DA:87,0
DA:90,0
DA:94,13
DA:95,1
DA:97,1
DA:98,1
DA:99,1
DA:100,1
DA:101,1
DA:102,1
DA:105,1
DA:108,0
DA:111,1
DA:115,13
DA:117,1
DA:118,1
DA:119,1
DA:122,1
DA:123,1
DA:124,1
DA:125,1
DA:126,1
DA:128,1
DA:142,1
DA:143,1
DA:144,1
DA:147,1
DA:150,0
DA:153,1
DA:157,13
DA:158,1
DA:160,1
DA:161,1
DA:162,1
DA:163,1
DA:164,1
DA:165,1
DA:168,1
DA:171,0
DA:174,1
DA:178,13
DA:179,0
DA:182,13
DA:187,1
DA:188,0
DA:189,1
DA:190,1
DA:191,1
LF:87
LH:67
BRDA:26,0,0,0
BRDA:26,0,1,13
BRDA:33,1,0,4
BRDA:40,2,0,0
BRDA:40,2,1,0
BRDA:46,3,0,0
BRDA:46,3,1,4
BRDA:46,4,0,4
BRDA:46,4,1,0
BRDA:57,5,0,1
BRDA:57,5,1,0
BRDA:59,6,0,0
BRDA:59,6,1,1
BRDA:60,7,0,1
BRDA:60,7,1,0
BRDA:60,8,0,0
BRDA:60,8,1,1
BRDA:66,9,0,1
BRDA:66,9,1,0
BRDA:78,10,0,0
BRDA:78,10,1,0
BRDA:80,11,0,0
BRDA:80,11,1,0
BRDA:81,12,0,0
BRDA:81,12,1,0
BRDA:87,13,0,0
BRDA:87,13,1,0
BRDA:99,14,0,1
BRDA:99,14,1,0
BRDA:101,15,0,0
BRDA:101,15,1,1
BRDA:108,16,0,0
BRDA:108,16,1,0
BRDA:117,17,0,1
BRDA:117,17,1,0
BRDA:117,18,0,1
BRDA:117,18,1,1
BRDA:117,18,2,1
BRDA:118,19,0,0
BRDA:118,19,1,1
BRDA:118,20,0,1
BRDA:118,20,1,0
BRDA:118,20,2,0
BRDA:125,21,0,1
BRDA:125,21,1,0
BRDA:125,22,0,1
BRDA:125,22,1,1
BRDA:125,22,2,1
BRDA:126,23,0,0
BRDA:126,23,1,1
BRDA:126,24,0,1
BRDA:126,24,1,0
BRDA:126,24,2,0
BRDA:139,25,0,1
BRDA:139,25,1,0
BRDA:143,26,0,0
BRDA:143,26,1,1
BRDA:150,27,0,0
BRDA:150,27,1,0
BRDA:162,28,0,1
BRDA:162,28,1,0
BRDA:164,29,0,0
BRDA:164,29,1,1
BRDA:165,30,0,1
BRDA:165,30,1,0
BRDA:171,31,0,0
BRDA:171,31,1,0
BRF:67
BRH:28
end_of_record
TN:
SF:src/entities/quote/ui/QuoteActionModal.tsx
FN:21,(anonymous_0)
FN:23,(anonymous_1)
FN:42,(anonymous_2)
FN:52,(anonymous_3)
FN:68,(anonymous_4)
FNF:5
FNH:5
FNDA:5,(anonymous_0)
FNDA:5,(anonymous_1)
FNDA:1,(anonymous_2)
FNDA:1,(anonymous_3)
FNDA:5,(anonymous_4)
DA:21,1
DA:22,5
DA:23,5
DA:25,5
DA:43,1
DA:44,1
DA:53,1
DA:54,1
DA:66,1
DA:68,5
LF:10
LH:10
BRF:0
BRH:0
end_of_record
TN:
SF:src/entities/quote/ui/QuoteCard.tsx
FN:36,(anonymous_0)
FN:41,(anonymous_1)
FN:44,(anonymous_2)
FN:55,(anonymous_3)
FN:71,(anonymous_4)
FN:81,(anonymous_5)
FN:82,(anonymous_6)
FN:129,(anonymous_7)
FN:152,(anonymous_8)
FNF:9
FNH:7
FNDA:12,(anonymous_0)
FNDA:6,(anonymous_1)
FNDA:6,(anonymous_2)
FNDA:1,(anonymous_3)
FNDA:0,(anonymous_4)
FNDA:0,(anonymous_5)
FNDA:6,(anonymous_6)
FNDA:1,(anonymous_7)
FNDA:6,(anonymous_8)
DA:36,1
DA:37,12
DA:38,0
DA:41,1
DA:42,6
DA:43,6
DA:44,6
DA:47,6
DA:48,6
DA:50,6
DA:51,6
DA:55,6
DA:56,1
DA:57,1
DA:58,1
DA:59,1
DA:61,0
DA:65,6
DA:72,0
DA:73,0
DA:81,0
DA:82,6
DA:129,1
DA:150,1
DA:152,6
LF:25
LH:20
BRDA:37,0,0,12
BRDA:37,0,1,0
BRDA:37,1,0,12
BRDA:37,1,1,12
BRDA:82,2,0,0
BRDA:82,2,1,6
BRDA:99,3,0,0
BRDA:99,3,1,6
BRDA:99,4,0,6
BRDA:99,4,1,0
BRDA:103,5,0,6
BRDA:103,5,1,0
BRDA:110,6,0,0
BRDA:110,6,1,6
BRDA:110,7,0,6
BRDA:110,7,1,0
BRDA:114,8,0,6
BRDA:114,8,1,0
BRDA:133,9,0,0
BRDA:133,9,1,6
BRDA:134,10,0,0
BRDA:134,10,1,6
BRDA:136,11,0,6
BRDA:136,11,1,0
BRF:24
BRH:13
end_of_record
TN:
SF:src/entities/user/api/AuthService.ts
FN:18,(anonymous_0)
FN:39,(anonymous_1)
FN:62,(anonymous_2)
FN:89,(anonymous_3)
FN:103,(anonymous_4)
FN:109,(anonymous_5)
FN:114,(anonymous_6)
FN:126,(anonymous_7)
FN:133,(anonymous_8)
FN:153,(anonymous_9)
FN:162,(anonymous_10)
FN:170,(anonymous_11)
FN:206,(anonymous_12)
FN:236,(anonymous_13)
FNF:14
FNH:0
FNDA:0,(anonymous_0)
FNDA:0,(anonymous_1)
FNDA:0,(anonymous_2)
FNDA:0,(anonymous_3)
FNDA:0,(anonymous_4)
FNDA:0,(anonymous_5)
FNDA:0,(anonymous_6)
FNDA:0,(anonymous_7)
FNDA:0,(anonymous_8)
FNDA:0,(anonymous_9)
FNDA:0,(anonymous_10)
FNDA:0,(anonymous_11)
FNDA:0,(anonymous_12)
FNDA:0,(anonymous_13)
DA:19,0
DA:20,0
DA:21,0
DA:24,0
DA:25,0
DA:26,0
DA:28,0
DA:29,0
DA:31,0
DA:32,0
DA:40,0
DA:45,0
DA:48,0
DA:50,0
DA:55,0
DA:56,0
DA:63,0
DA:65,0
DA:75,0
DA:78,0
DA:80,0
DA:85,0
DA:86,0
DA:90,0
DA:96,0
DA:98,0
DA:100,0
DA:104,0
DA:105,0
DA:110,0
DA:111,0
DA:115,0
DA:116,0
DA:118,0
DA:125,0
DA:126,0
DA:127,0
DA:130,0
DA:134,0
DA:135,0
DA:138,0
DA:139,0
DA:140,0
DA:143,0
DA:152,0
DA:153,0
DA:154,0
DA:157,0
DA:158,0
DA:159,0
DA:163,0
DA:164,0
DA:171,0
DA:172,0
DA:173,0
DA:175,0
DA:178,0
DA:183,0
DA:186,0
DA:187,0
DA:188,0
DA:189,0
DA:195,0
DA:198,0
DA:199,0
DA:207,0
DA:209,0
DA:217,0
DA:219,0
DA:221,0
DA:222,0
DA:223,0
DA:225,0
DA:227,0
DA:231,0
DA:238,0
DA:239,0
DA:242,0
DA:243,0
DA:246,0
DA:247,0
DA:248,0
DA:252,2
LF:83
LH:1
BRDA:24,0,0,0
BRDA:24,0,1,0
BRDA:45,1,0,0
BRDA:45,1,1,0
BRDA:52,2,0,0
BRDA:52,2,1,0
BRDA:63,3,0,0
BRDA:63,3,1,0
BRDA:75,4,0,0
BRDA:75,4,1,0
BRDA:82,5,0,0
BRDA:82,5,1,0
BRDA:96,6,0,0
BRDA:96,6,1,0
BRDA:96,7,0,0
BRDA:96,7,1,0
BRDA:104,8,0,0
BRDA:104,8,1,0
BRDA:116,9,0,0
BRDA:116,9,1,0
BRDA:125,10,0,0
BRDA:125,10,1,0
BRDA:127,11,0,0
BRDA:127,11,1,0
BRDA:135,12,0,0
BRDA:135,12,1,0
BRDA:139,13,0,0
BRDA:139,13,1,0
BRDA:139,14,0,0
BRDA:139,14,1,0
BRDA:152,15,0,0
BRDA:152,15,1,0
BRDA:154,16,0,0
BRDA:154,16,1,0
BRDA:164,17,0,0
BRDA:164,17,1,0
BRDA:175,18,0,0
BRDA:175,18,1,0
BRDA:183,19,0,0
BRDA:183,19,1,0
BRDA:187,20,0,0
BRDA:187,20,1,0
BRDA:191,21,0,0
BRDA:191,21,1,0
BRDA:217,22,0,0
BRDA:217,22,1,0
BRDA:221,23,0,0
BRDA:221,23,1,0
BRDA:225,24,0,0
BRDA:225,24,1,0
BRDA:231,25,0,0
BRDA:231,25,1,0
BRDA:239,26,0,0
BRDA:239,26,1,0
BRDA:243,27,0,0
BRDA:243,27,1,0
BRDA:243,28,0,0
BRDA:243,28,1,0
BRF:58
BRH:0
end_of_record
TN:
SF:src/shared/api/HttpClient.ts
FN:23,(anonymous_0)
FN:25,(anonymous_1)
FN:35,(anonymous_2)
FN:65,(anonymous_3)
FN:72,(anonymous_4)
FN:73,(anonymous_5)
FN:86,(anonymous_6)
FN:130,(anonymous_7)
FN:134,(anonymous_8)
FN:142,(anonymous_9)
FN:150,(anonymous_10)
FN:158,(anonymous_11)
FNF:12
FNH:2
FNDA:3,(anonymous_0)
FNDA:3,(anonymous_1)
FNDA:0,(anonymous_2)
FNDA:0,(anonymous_3)
FNDA:0,(anonymous_4)
FNDA:0,(anonymous_5)
FNDA:0,(anonymous_6)
FNDA:0,(anonymous_7)
FNDA:0,(anonymous_8)
FNDA:0,(anonymous_9)
FNDA:0,(anonymous_10)
FNDA:0,(anonymous_11)
DA:21,3
DA:26,3
DA:27,3
DA:29,3
DA:36,0
DA:38,0
DA:39,0
DA:42,0
DA:43,0
DA:44,0
DA:45,0
DA:46,0
DA:49,0
DA:55,0
DA:56,0
DA:59,0
DA:66,0
DA:67,0
DA:70,0
DA:71,0
DA:72,0
DA:73,0
DA:76,0
DA:77,0
DA:80,0
DA:87,0
DA:88,0
DA:90,0
DA:95,0
DA:96,0
DA:99,0
DA:100,0
DA:101,0
DA:102,0
DA:103,0
DA:104,0
DA:109,0
DA:113,0
DA:114,0
DA:118,0
DA:119,0
DA:120,0
DA:123,0
DA:125,0
DA:126,0
DA:131,0
DA:135,0
DA:143,0
DA:151,0
DA:159,0
DA:163,3
LF:51
LH:5
BRDA:21,0,0,3
BRDA:21,0,1,0
BRDA:21,0,2,0
BRDA:26,1,0,3
BRDA:26,1,1,0
BRDA:36,2,0,0
BRDA:36,2,1,0
BRDA:38,3,0,0
BRDA:38,3,1,0
BRDA:42,4,0,0
BRDA:42,4,1,0
BRDA:45,5,0,0
BRDA:45,5,1,0
BRDA:55,6,0,0
BRDA:55,6,1,0
BRDA:55,7,0,0
BRDA:55,7,1,0
BRDA:66,8,0,0
BRDA:66,8,1,0
BRDA:66,9,0,0
BRDA:66,9,1,0
BRDA:67,10,0,0
BRDA:67,10,1,0
BRDA:72,11,0,0
BRDA:72,11,1,0
BRDA:76,12,0,0
BRDA:76,12,1,0
BRDA:77,13,0,0
BRDA:77,13,1,0
BRDA:86,14,0,0
BRDA:99,15,0,0
BRDA:99,15,1,0
BRDA:103,16,0,0
BRDA:103,16,1,0
BRDA:113,17,0,0
BRDA:113,17,1,0
BRDA:119,18,0,0
BRDA:119,18,1,0
BRDA:119,19,0,0
BRDA:119,19,1,0
BRDA:125,20,0,0
BRDA:125,20,1,0
BRDA:138,21,0,0
BRDA:138,21,1,0
BRDA:146,22,0,0
BRDA:146,22,1,0
BRDA:154,23,0,0
BRDA:154,23,1,0
BRF:48
BRH:2
end_of_record
TN:
SF:src/shared/api/ReviewService.ts
FN:6,(anonymous_0)
FN:25,(anonymous_1)
FN:47,(anonymous_2)
FN:69,(anonymous_3)
FNF:4
FNH:0
FNDA:0,(anonymous_0)
FNDA:0,(anonymous_1)
FNDA:0,(anonymous_2)
FNDA:0,(anonymous_3)
DA:5,1
DA:7,0
DA:8,0
DA:9,0
DA:10,0
DA:12,0
DA:13,0
DA:14,0
DA:15,0
DA:16,0
DA:18,0
DA:20,0
DA:21,0
DA:26,0
DA:27,0
DA:28,0
DA:29,0
DA:31,0
DA:37,0
DA:38,0
DA:40,0
DA:42,0
DA:43,0
DA:48,0
DA:49,0
DA:50,0
DA:51,0
DA:53,0
DA:59,0
DA:60,0
DA:62,0
DA:64,0
DA:65,0
DA:70,0
DA:71,0
DA:72,0
DA:73,0
DA:75,0
DA:80,0
DA:81,0
DA:83,0
DA:85,0
DA:86,0
LF:43
LH:1
BRDA:10,0,0,0
BRDA:10,0,1,0
BRDA:13,1,0,0
BRDA:13,1,1,0
BRDA:29,2,0,0
BRDA:29,2,1,0
BRDA:37,3,0,0
BRDA:37,3,1,0
BRDA:51,4,0,0
BRDA:51,4,1,0
BRDA:59,5,0,0
BRDA:59,5,1,0
BRDA:73,6,0,0
BRDA:73,6,1,0
BRDA:80,7,0,0
BRDA:80,7,1,0
BRF:16
BRH:0
end_of_record
TN:
SF:src/shared/api/StorageService.ts
FN:17,(anonymous_0)
FN:27,(anonymous_1)
FN:36,(anonymous_2)
FN:44,(anonymous_3)
FNF:4
FNH:0
FNDA:0,(anonymous_0)
FNDA:0,(anonymous_1)
FNDA:0,(anonymous_2)
FNDA:0,(anonymous_3)
DA:3,5
DA:16,5
DA:18,0
DA:19,0
DA:20,0
DA:22,0
DA:23,0
DA:28,0
DA:29,0
DA:30,0
DA:32,0
DA:37,0
DA:38,0
DA:40,0
DA:45,0
DA:46,0
DA:48,0
LF:17
LH:2
BRDA:20,0,0,0
BRDA:20,0,1,0
BRF:2
BRH:0
end_of_record
TN:
SF:src/shared/api/UGCModerationService.ts
FN:15,(anonymous_0)
FN:27,(anonymous_1)
FN:30,(anonymous_2)
FN:39,(anonymous_3)
FN:49,(anonymous_4)
FN:56,(anonymous_5)
FN:67,(anonymous_6)
FN:77,(anonymous_7)
FN:84,(anonymous_8)
FN:95,(anonymous_9)
FNF:10
FNH:0
FNDA:0,(anonymous_0)
FNDA:0,(anonymous_1)
FNDA:0,(anonymous_2)
FNDA:0,(anonymous_3)
FNDA:0,(anonymous_4)
FNDA:0,(anonymous_5)
FNDA:0,(anonymous_6)
FNDA:0,(anonymous_7)
FNDA:0,(anonymous_8)
FNDA:0,(anonymous_9)
DA:4,1
DA:5,1
DA:6,1
DA:9,1
DA:13,1
DA:16,0
DA:17,0
DA:18,0
DA:19,0
DA:22,0
DA:28,0
DA:30,0
DA:31,0
DA:33,0
DA:34,0
DA:40,0
DA:41,0
DA:42,0
DA:43,0
DA:44,0
DA:45,0
DA:48,0
DA:49,0
DA:52,0
DA:57,0
DA:58,0
DA:59,0
DA:61,0
DA:62,0
DA:68,0
DA:69,0
DA:70,0
DA:71,0
DA:72,0
DA:73,0
DA:76,0
DA:77,0
DA:80,0
DA:85,0
DA:86,0
DA:87,0
DA:89,0
DA:90,0
DA:96,0
DA:98,0
DA:99,0
DA:100,0
DA:101,0
DA:103,0
DA:104,0
DA:109,0
DA:110,0
DA:111,0
DA:112,0
DA:115,0
LF:55
LH:5
BRDA:18,0,0,0
BRDA:18,0,1,0
BRDA:28,1,0,0
BRDA:28,1,1,0
BRDA:43,2,0,0
BRDA:43,2,1,0
BRDA:59,3,0,0
BRDA:59,3,1,0
BRDA:67,4,0,0
BRDA:71,5,0,0
BRDA:71,5,1,0
BRDA:87,6,0,0
BRDA:87,6,1,0
BRDA:99,7,0,0
BRDA:99,7,1,0
BRDA:100,8,0,0
BRDA:100,8,1,0
BRDA:103,9,0,0
BRDA:103,9,1,0
BRDA:110,10,0,0
BRDA:110,10,1,0
BRDA:110,11,0,0
BRDA:110,11,1,0
BRF:23
BRH:0
end_of_record
TN:
SF:src/shared/api/staticData.ts
FNF:0
FNH:0
DA:1,3
DA:7,3
DA:52,3
DA:98,3
DA:178,3
DA:186,3
DA:194,3
DA:205,3
DA:238,3
LF:9
LH:9
BRF:0
BRH:0
end_of_record
TN:
SF:src/shared/api/supabase.ts
FNF:0
FNH:0
DA:7,7
DA:8,7
DA:10,7
DA:11,0
DA:13,7
DA:14,0
DA:17,7
LF:7
LH:5
BRDA:10,0,0,0
BRDA:10,0,1,7
BRDA:13,1,0,0
BRDA:13,1,1,7
BRF:4
BRH:2
end_of_record
TN:
SF:src/shared/config/api.ts
FNF:0
FNH:0
DA:5,7
DA:10,7
DA:12,7
DA:18,7
LF:4
LH:4
BRDA:5,0,0,7
BRDA:5,0,1,7
BRDA:18,1,0,0
BRDA:18,1,1,7
BRF:4
BRH:3
end_of_record
TN:
SF:src/shared/config/blocks.ts
FNF:0
FNH:0
DA:25,6
DA:94,6
DA:107,6
LF:3
LH:3
BRF:0
BRH:0
end_of_record
TN:
SF:src/shared/config/stores.ts
FN:10,(anonymous_0)
FN:15,(anonymous_1)
FN:20,(anonymous_2)
FN:25,(anonymous_3)
FN:30,(anonymous_4)
FN:35,(anonymous_5)
FN:40,(anonymous_6)
FN:45,(anonymous_7)
FN:50,(anonymous_8)
FN:55,(anonymous_9)
FNF:10
FNH:10
FNDA:3,(anonymous_0)
FNDA:3,(anonymous_1)
FNDA:3,(anonymous_2)
FNDA:3,(anonymous_3)
FNDA:3,(anonymous_4)
FNDA:3,(anonymous_5)
FNDA:3,(anonymous_6)
FNDA:3,(anonymous_7)
FNDA:3,(anonymous_8)
FNDA:3,(anonymous_9)
DA:7,1
DA:10,3
DA:15,3
DA:20,3
DA:25,3
DA:30,3
DA:35,3
DA:40,3
DA:45,3
DA:50,3
DA:55,3
LF:11
LH:11
BRF:0
BRH:0
end_of_record
TN:
SF:src/shared/lib/dataHelpers.ts
FN:3,(anonymous_0)
FN:9,(anonymous_1)
FN:22,(anonymous_2)
FN:23,(anonymous_3)
FN:27,(anonymous_4)
FN:28,(anonymous_5)
FNF:6
FNH:6
FNDA:12,(anonymous_0)
FNDA:13,(anonymous_1)
FNDA:10,(anonymous_2)
FNDA:22,(anonymous_3)
FNDA:18,(anonymous_4)
FNDA:30,(anonymous_5)
DA:3,4
DA:4,12
DA:5,9
DA:6,8
DA:9,4
DA:10,13
DA:11,10
DA:12,9
DA:15,4
DA:22,4
DA:23,22
DA:24,10
DA:27,4
DA:28,30
DA:29,18
LF:15
LH:15
BRDA:4,0,0,3
BRDA:4,0,1,9
BRDA:5,1,0,1
BRDA:5,1,1,8
BRDA:6,2,0,8
BRDA:6,2,1,1
BRDA:10,3,0,3
BRDA:10,3,1,10
BRDA:11,4,0,1
BRDA:11,4,1,9
BRDA:12,5,0,9
BRDA:12,5,1,1
BRDA:24,6,0,8
BRDA:24,6,1,2
BRDA:24,7,0,2
BRDA:24,7,1,1
BRDA:29,8,0,16
BRDA:29,8,1,2
BRF:18
BRH:18
end_of_record
TN:
SF:src/shared/lib/dateUtils.ts
FN:1,(anonymous_0)
FNF:1
FNH:1
FNDA:18,(anonymous_0)
DA:1,2
DA:2,18
DA:4,16
DA:5,16
DA:6,16
DA:8,15
DA:9,15
DA:12,15
DA:13,1
DA:16,14
DA:17,14
DA:18,14
DA:20,14
DA:21,7
DA:22,7
DA:23,2
DA:24,5
DA:25,2
DA:26,3
DA:27,2
DA:29,1
DA:32,0
DA:33,0
LF:23
LH:21
BRDA:2,0,0,2
BRDA:2,0,1,16
BRDA:6,1,0,1
BRDA:6,1,1,15
BRDA:12,2,0,1
BRDA:12,2,1,14
BRDA:12,3,0,15
BRDA:12,3,1,15
BRDA:20,4,0,7
BRDA:20,4,1,7
BRDA:22,5,0,2
BRDA:22,5,1,5
BRDA:23,6,0,1
BRDA:23,6,1,1
BRDA:24,7,0,2
BRDA:24,7,1,3
BRDA:25,8,0,1
BRDA:25,8,1,1
BRDA:26,9,0,2
BRDA:26,9,1,1
BRDA:27,10,0,1
BRDA:27,10,1,1
BRF:22
BRH:22
end_of_record
TN:
SF:src/shared/lib/hooks/useRealtimeEntity.ts
FN:34,useRealtimeEntity
FN:40,(anonymous_1)
FN:44,(anonymous_2)
FN:70,(anonymous_3)
FN:85,(anonymous_4)
FN:96,(anonymous_5)
FN:118,(anonymous_6)
FN:120,(anonymous_7)
FN:149,(anonymous_8)
FN:163,useBookRealtime
FN:175,useAuthorRealtime
FN:188,useRealtimeBooks
FN:189,(anonymous_12)
FN:191,(anonymous_13)
FN:192,(anonymous_14)
FN:198,(anonymous_15)
FN:206,(anonymous_16)
FN:218,(anonymous_17)
FN:229,(anonymous_18)
FN:231,(anonymous_19)
FN:239,useRealtimeAuthors
FN:240,(anonymous_21)
FN:242,(anonymous_22)
FN:243,(anonymous_23)
FN:248,(anonymous_24)
FN:256,(anonymous_25)
FN:268,(anonymous_26)
FN:278,(anonymous_27)
FN:280,(anonymous_28)
FNF:29
FNH:7
FNDA:0,useRealtimeEntity
FNDA:0,(anonymous_1)
FNDA:0,(anonymous_2)
FNDA:0,(anonymous_3)
FNDA:0,(anonymous_4)
FNDA:0,(anonymous_5)
FNDA:0,(anonymous_6)
FNDA:0,(anonymous_7)
FNDA:0,(anonymous_8)
FNDA:0,useBookRealtime
FNDA:0,useAuthorRealtime
FNDA:12,useRealtimeBooks
FNDA:12,(anonymous_12)
FNDA:7,(anonymous_13)
FNDA:0,(anonymous_14)
FNDA:4,(anonymous_15)
FNDA:0,(anonymous_16)
FNDA:0,(anonymous_17)
FNDA:0,(anonymous_18)
FNDA:0,(anonymous_19)
FNDA:12,useRealtimeAuthors
FNDA:8,(anonymous_21)
FNDA:0,(anonymous_22)
FNDA:0,(anonymous_23)
FNDA:4,(anonymous_24)
FNDA:0,(anonymous_25)
FNDA:0,(anonymous_26)
FNDA:0,(anonymous_27)
FNDA:0,(anonymous_28)
DA:35,0
DA:36,0
DA:37,0
DA:38,0
DA:40,0
DA:44,0
DA:45,0
DA:46,0
DA:49,0
DA:55,0
DA:59,0
DA:63,0
DA:64,0
DA:67,0
DA:68,0
DA:70,0
DA:71,0
DA:72,0
DA:74,0
DA:75,0
DA:86,0
DA:87,0
DA:90,0
DA:91,0
DA:92,0
DA:97,0
DA:101,0
DA:102,0
DA:103,0
DA:104,0
DA:105,0
DA:110,0
DA:111,0
DA:112,0
DA:113,0
DA:118,0
DA:119,0
DA:120,0
DA:121,0
DA:122,0
DA:128,0
DA:129,0
DA:130,0
DA:131,0
DA:132,0
DA:136,0
DA:142,0
DA:145,0
DA:146,0
DA:149,0
DA:150,0
DA:151,0
DA:152,0
DA:153,0
DA:157,0
DA:164,0
DA:176,0
DA:189,12
DA:190,12
DA:191,7
DA:192,0
DA:198,12
DA:199,4
DA:201,0
DA:202,0
DA:204,0
DA:206,0
DA:207,0
DA:208,0
DA:219,0
DA:221,0
DA:226,0
DA:229,0
DA:230,0
DA:231,0
DA:240,12
DA:241,8
DA:242,0
DA:243,0
DA:248,12
DA:249,4
DA:251,0
DA:252,0
DA:254,0
DA:256,0
DA:257,0
DA:258,0
DA:269,0
DA:270,0
DA:275,0
DA:278,0
DA:279,0
DA:280,0
LF:93
LH:9
BRDA:35,0,0,0
BRDA:35,1,0,0
BRDA:45,2,0,0
BRDA:45,2,1,0
BRDA:45,2,2,0
BRDA:46,3,0,0
BRDA:46,3,1,0
BRDA:46,3,2,0
BRDA:49,4,0,0
BRDA:49,4,1,0
BRDA:49,4,2,0
BRDA:49,4,3,0
BRDA:49,4,4,0
BRDA:49,4,5,0
BRDA:49,4,6,0
BRDA:55,5,0,0
BRDA:55,5,1,0
BRDA:59,6,0,0
BRDA:59,6,1,0
BRDA:59,6,2,0
BRDA:63,7,0,0
BRDA:63,7,1,0
BRDA:63,8,0,0
BRDA:63,8,1,0
BRDA:90,9,0,0
BRDA:90,9,1,0
BRDA:101,10,0,0
BRDA:101,10,1,0
BRDA:101,11,0,0
BRDA:101,11,1,0
BRDA:101,11,2,0
BRDA:101,11,3,0
BRDA:103,12,0,0
BRDA:103,12,1,0
BRDA:110,13,0,0
BRDA:110,13,1,0
BRDA:128,14,0,0
BRDA:128,14,1,0
BRDA:130,15,0,0
BRDA:130,15,1,0
BRDA:131,16,0,0
BRDA:131,16,1,0
BRDA:145,17,0,0
BRDA:145,17,1,0
BRDA:152,18,0,0
BRDA:152,18,1,0
BRDA:191,19,0,7
BRDA:191,19,1,7
BRDA:199,20,0,4
BRDA:199,20,1,0
BRDA:242,21,0,0
BRDA:242,21,1,0
BRDA:249,22,0,4
BRDA:249,22,1,0
BRF:54
BRH:4
end_of_record
TN:
SF:src/shared/lib/offline/OperationQueue.ts
FN:23,(anonymous_0)
FN:31,(anonymous_1)
FN:35,(anonymous_2)
FN:63,(anonymous_3)
FN:100,(anonymous_4)
FN:104,(anonymous_5)
FN:112,(anonymous_6)
FNF:7
FNH:7
FNDA:14,(anonymous_0)
FNDA:3,(anonymous_1)
FNDA:2,(anonymous_2)
FNDA:3,(anonymous_3)
FNDA:6,(anonymous_4)
FNDA:2,(anonymous_5)
FNDA:6,(anonymous_6)
DA:17,4
DA:18,4
DA:24,14
DA:25,12
DA:27,14
DA:32,3
DA:35,3
DA:36,2
DA:41,3
DA:43,2
DA:44,2
DA:45,2
DA:46,2
DA:49,1
DA:57,1
DA:58,1
DA:59,1
DA:68,3
DA:69,3
DA:71,3
DA:72,3
DA:74,3
DA:75,4
DA:76,4
DA:77,2
DA:79,2
DA:80,2
DA:82,2
DA:83,1
DA:85,1
DA:90,3
DA:91,1
DA:93,2
DA:96,3
DA:101,6
DA:105,2
DA:109,2
DA:113,6
LF:38
LH:38
BRDA:24,0,0,12
BRDA:24,0,1,2
BRDA:36,1,0,2
BRDA:36,1,1,2
BRDA:36,1,2,2
BRDA:41,2,0,2
BRDA:41,2,1,1
BRDA:69,3,0,0
BRDA:69,3,1,3
BRDA:82,4,0,1
BRDA:82,4,1,1
BRDA:90,5,0,1
BRDA:90,5,1,2
BRDA:113,6,0,6
BRDA:113,6,1,0
BRF:15
BRH:13
end_of_record
TN:
SF:src/shared/navigation/ExpoRouterAdapter.ts
FN:12,(anonymous_0)
FN:17,(anonymous_1)
FN:28,(anonymous_2)
FN:32,(anonymous_3)
FN:36,(anonymous_4)
FN:40,(anonymous_5)
FN:44,(anonymous_6)
FN:53,(anonymous_7)
FNF:8
FNH:0
FNDA:0,(anonymous_0)
FNDA:0,(anonymous_1)
FNDA:0,(anonymous_2)
FNDA:0,(anonymous_3)
FNDA:0,(anonymous_4)
FNDA:0,(anonymous_5)
FNDA:0,(anonymous_6)
FNDA:0,(anonymous_7)
DA:13,0
DA:14,0
DA:18,0
DA:19,0
DA:21,0
DA:29,0
DA:33,0
DA:37,0
DA:41,0
DA:45,0
DA:53,1
DA:54,0
DA:55,0
DA:58,0
LF:14
LH:1
BRDA:18,0,0,0
BRDA:18,0,1,0
BRF:2
BRH:0
end_of_record
TN:
SF:src/shared/navigation/NavigationContext.tsx
FN:14,(anonymous_0)
FN:27,(anonymous_1)
FNF:2
FNH:0
FNDA:0,(anonymous_0)
FNDA:0,(anonymous_1)
DA:9,1
DA:14,1
DA:15,0
DA:17,0
DA:27,1
DA:28,0
DA:29,0
DA:30,0
DA:32,0
LF:9
LH:3
BRDA:29,0,0,0
BRDA:29,0,1,0
BRF:2
BRH:0
end_of_record
TN:
SF:src/shared/navigation/types.ts
FNF:0
FNH:0
LF:0
LH:0
BRF:0
BRH:0
end_of_record
TN:
SF:src/shared/navigation/useSmartNavigation.ts
FN:9,(anonymous_0)
FN:16,(anonymous_1)
FN:33,(anonymous_2)
FN:50,(anonymous_3)
FN:60,(anonymous_4)
FN:70,(anonymous_5)
FN:79,(anonymous_6)
FN:86,(anonymous_7)
FN:93,(anonymous_8)
FN:100,(anonymous_9)
FNF:10
FNH:0
FNDA:0,(anonymous_0)
FNDA:0,(anonymous_1)
FNDA:0,(anonymous_2)
FNDA:0,(anonymous_3)
FNDA:0,(anonymous_4)
FNDA:0,(anonymous_5)
FNDA:0,(anonymous_6)
FNDA:0,(anonymous_7)
FNDA:0,(anonymous_8)
FNDA:0,(anonymous_9)
DA:9,1
DA:10,0
DA:15,0
DA:17,0
DA:18,0
DA:20,0
DA:32,0
DA:34,0
DA:35,0
DA:37,0
DA:49,0
DA:51,0
DA:59,0
DA:61,0
DA:69,0
DA:71,0
DA:79,0
DA:80,0
DA:86,0
DA:87,0
DA:93,0
DA:94,0
DA:100,0
DA:101,0
DA:104,0
LF:25
LH:1
BRDA:17,0,0,0
BRDA:17,0,1,0
BRDA:18,1,0,0
BRDA:18,1,1,0
BRDA:34,2,0,0
BRDA:34,2,1,0
BRDA:35,3,0,0
BRDA:35,3,1,0
BRF:8
BRH:0
end_of_record
TN:
SF:src/shared/theme/colors.ts
FNF:0
FNH:0
DA:1,1
DA:13,1
LF:2
LH:2
BRF:0
BRH:0
end_of_record
TN:
SF:src/shared/theme/index.ts
FNF:0
FNH:0
LF:0
LH:0
BRF:0
BRH:0
end_of_record
TN:
SF:src/shared/ui/ScreenFallback.tsx
FN:8,(anonymous_0)
FNF:1
FNH:1
FNDA:2,(anonymous_0)
DA:8,1
DA:9,2
DA:16,1
LF:3
LH:3
BRDA:8,0,0,1
BRF:1
BRH:1
end_of_record
TN:
SF:src/shared/ui/SyncStatusIndicator.tsx
FN:10,(anonymous_0)
FN:18,(anonymous_1)
FN:70,(anonymous_2)
FNF:3
FNH:3
FNDA:6,(anonymous_0)
FNDA:5,(anonymous_1)
FNDA:1,(anonymous_2)
DA:10,1
DA:11,6
DA:12,6
DA:14,6
DA:15,1
DA:18,5
DA:19,5
DA:20,1
DA:28,4
DA:29,1
DA:37,3
DA:38,2
DA:46,1
DA:47,1
DA:55,0
DA:63,5
DA:65,5
DA:67,5
DA:70,1
DA:84,1
LF:20
LH:19
BRDA:14,0,0,1
BRDA:14,0,1,5
BRDA:19,1,0,1
BRDA:19,1,1,4
BRDA:28,2,0,1
BRDA:28,2,1,3
BRDA:37,3,0,2
BRDA:37,3,1,1
BRDA:46,4,0,1
BRDA:46,4,1,0
BRDA:65,5,0,0
BRDA:65,5,1,5
BRDA:75,6,0,5
BRDA:75,6,1,0
BRF:14
BRH:11
end_of_record
TN:
SF:src/shared/ui/TypingText.tsx
FN:20,(anonymous_0)
FN:41,(anonymous_1)
FN:48,(anonymous_2)
FN:51,(anonymous_3)
FN:52,(anonymous_4)
FN:60,(anonymous_5)
FN:67,(anonymous_6)
FN:96,(anonymous_7)
FN:100,(anonymous_8)
FN:109,(anonymous_9)
FN:113,(anonymous_10)
FN:122,(anonymous_11)
FN:132,(anonymous_12)
FNF:13
FNH:4
FNDA:16,(anonymous_0)
FNDA:0,(anonymous_1)
FNDA:8,(anonymous_2)
FNDA:0,(anonymous_3)
FNDA:0,(anonymous_4)
FNDA:8,(anonymous_5)
FNDA:8,(anonymous_6)
FNDA:0,(anonymous_7)
FNDA:0,(anonymous_8)
FNDA:0,(anonymous_9)
FNDA:0,(anonymous_10)
FNDA:0,(anonymous_11)
FNDA:0,(anonymous_12)
DA:20,1
DA:30,16
DA:31,16
DA:32,16
DA:34,16
DA:35,16
DA:41,16
DA:42,0
DA:43,0
DA:44,0
DA:48,16
DA:49,8
DA:50,0
DA:51,0
DA:52,0
DA:55,8
DA:56,8
DA:57,0
DA:60,8
DA:61,8
DA:62,0
DA:67,16
DA:68,8
DA:69,8
DA:72,8
DA:73,8
DA:75,8
DA:76,0
DA:77,0
DA:78,8
DA:80,0
DA:81,0
DA:84,8
DA:85,8
DA:86,8
DA:87,8
DA:91,0
DA:92,0
DA:93,0
DA:96,0
DA:97,0
DA:100,0
DA:101,0
DA:102,0
DA:103,0
DA:106,0
DA:109,0
DA:110,0
DA:113,0
DA:114,0
DA:115,0
DA:116,0
DA:119,0
DA:122,0
DA:123,0
DA:132,0
DA:133,0
DA:138,16
DA:139,16
DA:142,0
DA:157,1
LF:61
LH:27
BRDA:23,0,0,16
BRDA:24,1,0,16
BRDA:27,2,0,16
BRDA:30,3,0,0
BRDA:30,3,1,16
BRDA:30,4,0,16
BRDA:30,4,1,0
BRDA:42,5,0,0
BRDA:42,5,1,0
BRDA:43,6,0,0
BRDA:43,6,1,0
BRDA:44,7,0,0
BRDA:44,7,1,0
BRDA:49,8,0,0
BRDA:49,8,1,8
BRDA:56,9,0,0
BRDA:56,9,1,8
BRDA:61,10,0,0
BRDA:61,10,1,8
BRDA:75,11,0,0
BRDA:75,11,1,8
BRDA:75,12,0,8
BRDA:75,12,1,0
BRDA:75,12,2,0
BRDA:78,13,0,0
BRDA:78,13,1,8
BRDA:78,14,0,8
BRDA:78,14,1,8
BRDA:84,15,0,8
BRDA:84,15,1,0
BRDA:84,16,0,8
BRDA:84,16,1,0
BRDA:101,17,0,0
BRDA:101,17,1,0
BRDA:114,18,0,0
BRDA:114,18,1,0
BRDA:138,19,0,16
BRDA:138,19,1,0
BRDA:145,20,0,0
BRDA:145,20,1,0
BRDA:148,21,0,0
BRDA:148,21,1,0
BRF:42
BRH:16
end_of_record
TN:
SF:src/shared/ui/blocks/AuthorBlock.tsx
FN:16,(anonymous_0)
FN:18,(anonymous_1)
FN:23,(anonymous_2)
FN:50,(anonymous_3)
FN:58,(anonymous_4)
FNF:5
FNH:4
FNDA:5,(anonymous_0)
FNDA:5,(anonymous_1)
FNDA:1,(anonymous_2)
FNDA:0,(anonymous_3)
FNDA:5,(anonymous_4)
DA:16,2
DA:17,5
DA:18,5
DA:20,5
DA:21,5
DA:23,5
DA:24,1
DA:27,5
DA:28,1
DA:37,4
DA:50,2
DA:51,0
DA:58,5
LF:13
LH:12
BRDA:20,0,0,5
BRDA:20,0,1,4
BRDA:20,0,2,1
BRDA:20,1,0,0
BRDA:20,1,1,1
BRDA:24,2,0,1
BRDA:24,2,1,0
BRDA:24,3,0,1
BRDA:24,3,1,1
BRDA:27,4,0,1
BRDA:27,4,1,4
BRDA:27,5,0,5
BRDA:27,5,1,2
BRDA:41,6,0,4
BRDA:41,6,1,1
BRDA:42,7,0,4
BRDA:42,7,1,3
BRDA:52,8,0,0
BRDA:52,8,1,0
BRDA:52,8,2,0
BRF:20
BRH:15
end_of_record
TN:
SF:src/shared/ui/blocks/BlockDispatcher.tsx
FN:49,(anonymous_0)
FN:96,(anonymous_1)
FN:114,(anonymous_2)
FN:119,(anonymous_3)
FN:123,(anonymous_4)
FN:135,(anonymous_5)
FN:145,(anonymous_6)
FN:146,(anonymous_7)
FN:147,(anonymous_8)
FN:203,getAuthorNameFromQuote
FNF:10
FNH:2
FNDA:5,(anonymous_0)
FNDA:1,(anonymous_1)
FNDA:0,(anonymous_2)
FNDA:0,(anonymous_3)
FNDA:0,(anonymous_4)
FNDA:0,(anonymous_5)
FNDA:0,(anonymous_6)
FNDA:0,(anonymous_7)
FNDA:0,(anonymous_8)
FNDA:0,getAuthorNameFromQuote
DA:49,1
DA:50,5
DA:58,5
DA:60,5
DA:62,5
DA:64,0
DA:68,0
DA:77,0
DA:81,0
DA:84,2
DA:85,1
DA:88,0
DA:91,2
DA:96,1
DA:102,0
DA:113,0
DA:114,0
DA:118,0
DA:119,0
DA:122,0
DA:123,0
DA:129,0
DA:131,0
DA:135,0
DA:141,0
DA:145,0
DA:146,0
DA:148,0
DA:149,0
DA:171,0
DA:181,0
DA:183,0
DA:194,1
DA:204,0
DA:205,0
DA:206,0
LF:36
LH:10
BRDA:50,0,0,2
BRDA:50,0,1,3
BRDA:62,1,0,0
BRDA:62,1,1,0
BRDA:62,1,2,0
BRDA:62,1,3,2
BRDA:62,1,4,0
BRDA:62,1,5,2
BRDA:62,1,6,0
BRDA:62,1,7,0
BRDA:62,1,8,0
BRDA:62,1,9,0
BRDA:62,1,10,0
BRDA:62,1,11,0
BRDA:62,1,12,0
BRDA:62,1,13,1
BRDA:64,2,0,0
BRDA:64,2,1,0
BRDA:70,3,0,0
BRDA:70,3,1,0
BRDA:77,4,0,0
BRDA:77,4,1,0
BRDA:81,5,0,0
BRDA:81,5,1,0
BRDA:84,6,0,1
BRDA:84,6,1,1
BRDA:88,7,0,0
BRDA:88,7,1,0
BRDA:95,8,0,2
BRDA:95,8,1,2
BRDA:95,8,2,2
BRDA:96,9,0,1
BRDA:96,9,1,1
BRDA:104,10,0,0
BRDA:104,10,1,0
BRDA:105,11,0,0
BRDA:105,11,1,0
BRDA:113,12,0,0
BRDA:113,12,1,0
BRDA:114,13,0,0
BRDA:114,13,1,0
BRDA:118,14,0,0
BRDA:118,14,1,0
BRDA:119,15,0,0
BRDA:119,15,1,0
BRDA:122,16,0,0
BRDA:122,16,1,0
BRDA:123,17,0,0
BRDA:123,17,1,0
BRDA:129,18,0,0
BRDA:129,18,1,0
BRDA:129,18,2,0
BRDA:135,19,0,0
BRDA:135,19,1,0
BRDA:144,20,0,0
BRDA:144,20,1,0
BRDA:145,21,0,0
BRDA:145,21,1,0
BRDA:146,22,0,0
BRDA:146,22,1,0
BRDA:148,23,0,0
BRDA:148,23,1,0
BRDA:148,24,0,0
BRDA:148,24,1,0
BRDA:149,25,0,0
BRDA:149,25,1,0
BRDA:181,26,0,0
BRDA:181,26,1,0
BRDA:204,27,0,0
BRDA:204,27,1,0
BRDA:205,28,0,0
BRDA:205,28,1,0
BRF:72
BRH:12
end_of_record
TN:
SF:src/shared/ui/blocks/BlockWrapper.tsx
FN:17,(anonymous_0)
FN:26,(anonymous_1)
FN:28,(anonymous_2)
FN:54,(anonymous_3)
FNF:4
FNH:4
FNDA:31,(anonymous_0)
FNDA:30,(anonymous_1)
FNDA:1,(anonymous_2)
FNDA:30,(anonymous_3)
DA:17,6
DA:25,31
DA:26,31
DA:27,31
DA:28,31
DA:29,31
DA:31,31
DA:54,30
LF:8
LH:8
BRDA:22,0,0,31
BRDA:28,1,0,31
BRDA:28,1,1,1
BRDA:29,2,0,31
BRDA:29,2,1,31
BRDA:29,2,2,1
BRDA:32,3,0,0
BRDA:32,3,1,31
BRDA:33,4,0,31
BRDA:33,4,1,31
BRDA:45,5,0,31
BRDA:45,5,1,0
BRF:12
BRH:10
end_of_record
TN:
SF:src/shared/ui/blocks/BookInfoBlock.tsx
FN:16,(anonymous_0)
FN:18,(anonymous_1)
FN:30,(anonymous_2)
FN:77,(anonymous_3)
FN:85,(anonymous_4)
FNF:5
FNH:4
FNDA:6,(anonymous_0)
FNDA:6,(anonymous_1)
FNDA:1,(anonymous_2)
FNDA:0,(anonymous_3)
FNDA:6,(anonymous_4)
DA:16,2
DA:17,6
DA:18,6
DA:20,6
DA:21,1
DA:30,5
DA:31,1
DA:34,5
DA:35,2
DA:43,3
DA:77,2
DA:78,0
DA:85,6
LF:13
LH:12
BRDA:16,0,0,1
BRDA:20,1,0,1
BRDA:20,1,1,5
BRDA:22,2,0,0
BRDA:22,2,1,1
BRDA:31,3,0,1
BRDA:31,3,1,0
BRDA:34,4,0,2
BRDA:34,4,1,3
BRDA:37,5,0,2
BRDA:37,5,1,1
BRDA:65,6,0,3
BRDA:65,6,1,3
BRDA:65,6,2,2
BRDA:65,6,3,2
BRDA:79,7,0,0
BRDA:79,7,1,0
BRDA:79,7,2,0
BRF:18
BRH:13
end_of_record
TN:
SF:src/shared/ui/blocks/BuyLinkBlock.tsx
FN:16,(anonymous_0)
FN:18,(anonymous_1)
FN:21,(anonymous_2)
FN:37,(anonymous_3)
FN:47,(anonymous_4)
FN:51,(anonymous_5)
FN:52,(anonymous_6)
FN:79,(anonymous_7)
FN:84,(anonymous_8)
FN:99,(anonymous_9)
FN:107,(anonymous_10)
FN:119,(anonymous_11)
FN:132,(anonymous_12)
FN:137,(anonymous_13)
FNF:14
FNH:10
FNDA:5,(anonymous_0)
FNDA:4,(anonymous_1)
FNDA:4,(anonymous_2)
FNDA:30,(anonymous_3)
FNDA:50,(anonymous_4)
FNDA:1,(anonymous_5)
FNDA:0,(anonymous_6)
FNDA:9,(anonymous_7)
FNDA:1,(anonymous_8)
FNDA:0,(anonymous_9)
FNDA:0,(anonymous_10)
FNDA:41,(anonymous_11)
FNDA:0,(anonymous_12)
FNDA:4,(anonymous_13)
DA:16,1
DA:17,5
DA:18,5
DA:19,5
DA:21,5
DA:22,4
DA:23,1
DA:26,3
DA:27,3
DA:32,3
DA:33,3
DA:34,3
DA:35,3
DA:37,30
DA:44,5
DA:45,5
DA:47,5
DA:48,50
DA:52,1
DA:76,5
DA:79,9
DA:84,1
DA:99,0
DA:107,0
DA:119,41
DA:132,1
DA:133,0
DA:137,4
LF:28
LH:25
BRDA:22,0,0,1
BRDA:22,0,1,3
BRDA:22,1,0,4
BRDA:22,1,1,1
BRDA:27,2,0,0
BRDA:27,2,1,3
BRDA:29,3,0,3
BRDA:29,3,1,0
BRDA:47,4,0,9
BRDA:50,5,0,50
BRDA:50,5,1,41
BRDA:61,6,0,50
BRDA:61,6,1,9
BRDA:71,7,0,50
BRDA:71,7,1,41
BRDA:81,8,0,5
BRDA:81,8,1,4
BRDA:133,9,0,0
BRDA:133,9,1,0
BRF:19
BRH:15
end_of_record
TN:
SF:src/shared/ui/blocks/ConnectionBlock.tsx
FN:29,(anonymous_0)
FN:39,(anonymous_1)
FN:41,(anonymous_2)
FN:66,(anonymous_3)
FN:91,(anonymous_4)
FN:99,(anonymous_5)
FNF:6
FNH:5
FNDA:6,(anonymous_0)
FNDA:6,(anonymous_1)
FNDA:1,(anonymous_2)
FNDA:1,(anonymous_3)
FNDA:0,(anonymous_4)
FNDA:6,(anonymous_5)
DA:29,2
DA:38,6
DA:39,6
DA:41,6
DA:42,1
DA:45,6
DA:46,2
DA:57,4
DA:58,4
DA:59,4
DA:61,4
DA:66,1
DA:91,2
DA:92,0
DA:99,6
LF:15
LH:14
BRDA:31,0,0,6
BRDA:45,1,0,2
BRDA:45,1,1,4
BRDA:58,2,0,3
BRDA:58,2,1,1
BRDA:59,3,0,3
BRDA:59,3,1,1
BRDA:66,4,0,1
BRDA:66,4,1,0
BRDA:66,5,0,0
BRDA:66,5,1,0
BRDA:69,6,0,0
BRDA:69,6,1,4
BRDA:78,7,0,3
BRDA:78,7,1,1
BRDA:93,8,0,0
BRDA:93,8,1,0
BRDA:93,8,2,0
BRF:18
BRH:11
end_of_record
TN:
SF:src/shared/ui/blocks/DefinitionBlock.tsx
FN:29,(anonymous_0)
FN:38,(anonymous_1)
FN:70,(anonymous_2)
FN:72,(anonymous_3)
FN:84,(anonymous_4)
FN:104,(anonymous_5)
FN:149,(anonymous_6)
FN:158,(anonymous_7)
FNF:8
FNH:7
FNDA:10,(anonymous_0)
FNDA:10,(anonymous_1)
FNDA:7,(anonymous_2)
FNDA:14,(anonymous_3)
FNDA:7,(anonymous_4)
FNDA:14,(anonymous_5)
FNDA:0,(anonymous_6)
FNDA:10,(anonymous_7)
DA:29,2
DA:37,10
DA:38,10
DA:40,10
DA:42,10
DA:43,3
DA:44,1
DA:52,2
DA:70,7
DA:71,7
DA:72,7
DA:73,14
DA:74,7
DA:76,14
DA:78,7
DA:81,7
DA:85,7
DA:86,7
DA:88,7
DA:106,14
DA:107,14
DA:108,14
DA:110,14
DA:149,2
DA:150,0
DA:158,10
LF:26
LH:25
BRDA:30,0,0,10
BRDA:34,1,0,8
BRDA:40,2,0,10
BRDA:40,2,1,10
BRDA:42,3,0,3
BRDA:42,3,1,7
BRDA:43,4,0,1
BRDA:43,4,1,2
BRDA:59,5,0,2
BRDA:59,5,1,0
BRDA:73,6,0,7
BRDA:73,6,1,7
BRDA:91,7,0,7
BRDA:91,7,1,0
BRDA:96,8,0,7
BRDA:96,8,1,7
BRDA:107,9,0,7
BRDA:107,9,1,7
BRDA:108,10,0,7
BRDA:108,10,1,7
BRDA:114,11,0,14
BRDA:114,11,1,7
BRDA:118,12,0,14
BRDA:118,12,1,14
BRDA:129,13,0,7
BRDA:129,13,1,7
BRDA:129,13,2,7
BRDA:139,14,0,7
BRDA:139,14,1,6
BRDA:139,14,2,1
BRDA:151,15,0,0
BRDA:151,15,1,0
BRDA:151,15,2,0
BRDA:151,15,3,0
BRF:34
BRH:28
end_of_record
TN:
SF:src/shared/ui/blocks/EditionsBlock.tsx
FN:51,(anonymous_0)
FN:56,(anonymous_1)
FN:58,(anonymous_2)
FN:64,(anonymous_3)
FN:71,(anonymous_4)
FN:90,(anonymous_5)
FN:97,(anonymous_6)
FN:107,(anonymous_7)
FN:132,(anonymous_8)
FN:136,(anonymous_9)
FN:191,(anonymous_10)
FN:195,(anonymous_11)
FNF:12
FNH:0
FNDA:0,(anonymous_0)
FNDA:0,(anonymous_1)
FNDA:0,(anonymous_2)
FNDA:0,(anonymous_3)
FNDA:0,(anonymous_4)
FNDA:0,(anonymous_5)
FNDA:0,(anonymous_6)
FNDA:0,(anonymous_7)
FNDA:0,(anonymous_8)
FNDA:0,(anonymous_9)
FNDA:0,(anonymous_10)
FNDA:0,(anonymous_11)
DA:38,1
DA:51,1
DA:52,0
DA:53,0
DA:56,1
DA:57,0
DA:58,0
DA:60,0
DA:61,0
DA:62,0
DA:64,0
DA:65,0
DA:66,0
DA:67,0
DA:68,0
DA:71,0
DA:72,0
DA:73,0
DA:74,0
DA:75,0
DA:76,0
DA:77,0
DA:80,0
DA:82,0
DA:83,0
DA:87,0
DA:90,0
DA:91,0
DA:92,0
DA:93,0
DA:97,0
DA:101,0
DA:102,0
DA:103,0
DA:105,0
DA:107,0
DA:111,0
DA:113,0
DA:114,0
DA:117,0
DA:133,0
DA:136,0
DA:191,1
DA:192,0
DA:195,1
DA:196,0
LF:46
LH:5
BRDA:52,0,0,0
BRDA:52,0,1,0
BRDA:53,1,0,0
BRDA:53,1,1,0
BRDA:65,2,0,0
BRDA:65,2,1,0
BRDA:75,3,0,0
BRDA:75,3,1,0
BRDA:102,4,0,0
BRDA:102,4,1,0
BRDA:113,5,0,0
BRDA:113,5,1,0
BRDA:113,6,0,0
BRDA:113,6,1,0
BRDA:113,6,2,0
BRDA:119,7,0,0
BRDA:119,7,1,0
BRDA:124,8,0,0
BRDA:124,8,1,0
BRDA:141,9,0,0
BRDA:141,9,1,0
BRDA:156,10,0,0
BRDA:156,10,1,0
BRDA:162,11,0,0
BRDA:162,11,1,0
BRDA:166,12,0,0
BRDA:166,12,1,0
BRDA:172,13,0,0
BRDA:172,13,1,0
BRF:29
BRH:0
end_of_record
TN:
SF:src/shared/ui/blocks/SavedQuotesBlock.tsx
FN:15,(anonymous_0)
FN:17,(anonymous_1)
FN:34,(anonymous_2)
FN:39,(anonymous_3)
FN:53,(anonymous_4)
FN:56,(anonymous_5)
FN:60,(anonymous_6)
FNF:7
FNH:0
FNDA:0,(anonymous_0)
FNDA:0,(anonymous_1)
FNDA:0,(anonymous_2)
FNDA:0,(anonymous_3)
FNDA:0,(anonymous_4)
FNDA:0,(anonymous_5)
FNDA:0,(anonymous_6)
DA:15,1
DA:16,0
DA:17,0
DA:19,0
DA:21,0
DA:22,0
DA:31,0
DA:35,0
DA:39,0
DA:53,1
DA:54,0
DA:56,0
DA:60,1
LF:13
LH:3
BRDA:19,0,0,0
BRDA:19,0,1,0
BRDA:21,1,0,0
BRDA:21,1,1,0
BRDA:55,2,0,0
BRDA:55,2,1,0
BRF:6
BRH:0
end_of_record
TN:
SF:src/shared/ui/blocks/SimilarAuthorsBlock.tsx
FN:15,(anonymous_0)
FN:17,(anonymous_1)
FN:34,(anonymous_2)
FN:38,(anonymous_3)
FN:52,(anonymous_4)
FN:55,(anonymous_5)
FN:59,(anonymous_6)
FNF:7
FNH:0
FNDA:0,(anonymous_0)
FNDA:0,(anonymous_1)
FNDA:0,(anonymous_2)
FNDA:0,(anonymous_3)
FNDA:0,(anonymous_4)
FNDA:0,(anonymous_5)
FNDA:0,(anonymous_6)
DA:15,1
DA:16,0
DA:17,0
DA:19,0
DA:21,0
DA:22,0
DA:31,0
DA:35,0
DA:38,0
DA:52,1
DA:53,0
DA:55,0
DA:59,1
LF:13
LH:3
BRDA:19,0,0,0
BRDA:19,0,1,0
BRDA:21,1,0,0
BRDA:21,1,1,0
BRDA:36,2,0,0
BRDA:36,2,1,0
BRDA:36,2,2,0
BRDA:41,3,0,0
BRDA:41,3,1,0
BRDA:54,4,0,0
BRDA:54,4,1,0
BRF:11
BRH:0
end_of_record
TN:
SF:src/shared/ui/blocks/SimilarBooksBlock.tsx
FN:15,(anonymous_0)
FN:17,(anonymous_1)
FN:32,(anonymous_2)
FN:40,(anonymous_3)
FN:44,(anonymous_4)
FN:61,(anonymous_5)
FN:64,(anonymous_6)
FN:73,(anonymous_7)
FNF:8
FNH:0
FNDA:0,(anonymous_0)
FNDA:0,(anonymous_1)
FNDA:0,(anonymous_2)
FNDA:0,(anonymous_3)
FNDA:0,(anonymous_4)
FNDA:0,(anonymous_5)
FNDA:0,(anonymous_6)
FNDA:0,(anonymous_7)
DA:15,1
DA:16,0
DA:17,0
DA:19,0
DA:21,0
DA:22,0
DA:32,0
DA:33,0
DA:34,0
DA:37,0
DA:41,0
DA:44,0
DA:61,1
DA:62,0
DA:65,0
DA:66,0
DA:67,0
DA:68,0
DA:73,1
LF:19
LH:3
BRDA:19,0,0,0
BRDA:19,0,1,0
BRDA:21,1,0,0
BRDA:21,1,1,0
BRDA:33,2,0,0
BRDA:33,2,1,0
BRDA:42,3,0,0
BRDA:42,3,1,0
BRDA:42,3,2,0
BRDA:44,4,0,0
BRDA:44,4,1,0
BRDA:46,5,0,0
BRDA:46,5,1,0
BRDA:63,6,0,0
BRDA:63,6,1,0
BRDA:65,7,0,0
BRDA:65,7,1,0
BRDA:65,8,0,0
BRDA:65,8,1,0
BRDA:67,9,0,0
BRDA:67,9,1,0
BRDA:67,10,0,0
BRDA:67,10,1,0
BRF:23
BRH:0
end_of_record
