TN:
SF:src/app/providers/AuthContext.tsx
FN:28,(anonymous_0)
FN:34,(anonymous_1)
FN:40,(anonymous_2)
FN:55,(anonymous_3)
FN:60,(anonymous_4)
FN:79,(anonymous_5)
FN:85,(anonymous_6)
FN:91,(anonymous_7)
FN:98,(anonymous_8)
FN:105,(anonymous_9)
FN:111,(anonymous_10)
FN:118,(anonymous_11)
FN:127,(anonymous_12)
FN:139,(anonymous_13)
FNF:14
FNH:0
FNDA:0,(anonymous_0)
FNDA:0,(anonymous_1)
FNDA:0,(anonymous_2)
FNDA:0,(anonymous_3)
FNDA:0,(anonymous_4)
FNDA:0,(anonymous_5)
FNDA:0,(anonymous_6)
FNDA:0,(anonymous_7)
FNDA:0,(anonymous_8)
FNDA:0,(anonymous_9)
FNDA:0,(anonymous_10)
FNDA:0,(anonymous_11)
FNDA:0,(anonymous_12)
FNDA:0,(anonymous_13)
DA:26,1
DA:28,1
DA:29,0
DA:30,0
DA:31,0
DA:32,0
DA:34,0
DA:36,0
DA:37,0
DA:40,0
DA:41,0
DA:42,0
DA:43,0
DA:44,0
DA:45,0
DA:46,0
DA:48,0
DA:49,0
DA:50,0
DA:52,0
DA:55,0
DA:56,0
DA:60,0
DA:61,0
DA:62,0
DA:66,0
DA:67,0
DA:68,0
DA:69,0
DA:72,0
DA:74,0
DA:79,0
DA:80,0
DA:81,0
DA:82,0
DA:85,0
DA:86,0
DA:87,0
DA:88,0
DA:91,0
DA:92,0
DA:93,0
DA:94,0
DA:95,0
DA:98,0
DA:99,0
DA:100,0
DA:101,0
DA:102,0
DA:105,0
DA:106,0
DA:107,0
DA:111,0
DA:118,0
DA:127,0
DA:132,0
DA:139,1
DA:140,0
DA:141,0
DA:142,0
DA:144,0
LF:61
LH:3
BRDA:42,0,0,0
BRDA:42,0,1,0
BRDA:66,1,0,0
BRDA:66,1,1,0
BRDA:66,2,0,0
BRDA:66,2,1,0
BRDA:141,3,0,0
BRDA:141,3,1,0
BRF:8
BRH:0
end_of_record
TN:
SF:src/app/providers/RepositoriesProvider.tsx
FN:22,(anonymous_0)
FN:31,(anonymous_1)
FN:32,(anonymous_2)
FN:34,(anonymous_3)
FN:51,(anonymous_4)
FNF:5
FNH:5
FNDA:9,(anonymous_0)
FNDA:9,(anonymous_1)
FNDA:9,(anonymous_2)
FNDA:9,(anonymous_3)
FNDA:26,(anonymous_4)
DA:20,6
DA:22,9
DA:31,6
DA:32,9
DA:33,9
DA:34,9
DA:41,9
DA:51,6
DA:52,26
DA:53,26
DA:54,0
DA:56,26
LF:12
LH:11
BRDA:53,0,0,0
BRDA:53,0,1,26
BRF:2
BRH:1
end_of_record
TN:
SF:src/app/providers/TabContext.tsx
FN:39,(anonymous_0)
FN:45,(anonymous_1)
FN:49,(anonymous_2)
FN:50,(anonymous_3)
FN:76,(anonymous_4)
FN:83,(anonymous_5)
FN:89,(anonymous_6)
FN:94,(anonymous_7)
FN:103,(anonymous_8)
FN:120,(anonymous_9)
FN:124,(anonymous_10)
FN:132,(anonymous_11)
FNF:12
FNH:0
FNDA:0,(anonymous_0)
FNDA:0,(anonymous_1)
FNDA:0,(anonymous_2)
FNDA:0,(anonymous_3)
FNDA:0,(anonymous_4)
FNDA:0,(anonymous_5)
FNDA:0,(anonymous_6)
FNDA:0,(anonymous_7)
FNDA:0,(anonymous_8)
FNDA:0,(anonymous_9)
FNDA:0,(anonymous_10)
FNDA:0,(anonymous_11)
DA:37,2
DA:43,2
DA:49,2
DA:50,2
DA:76,2
DA:77,0
DA:78,0
DA:79,0
DA:80,0
DA:83,0
DA:85,0
DA:89,0
DA:90,0
DA:94,0
DA:95,0
DA:96,0
DA:97,0
DA:98,0
DA:103,0
DA:120,2
DA:121,0
DA:124,0
DA:132,0
DA:137,0
LF:24
LH:6
BRDA:95,0,0,0
BRDA:95,0,1,0
BRF:2
BRH:0
end_of_record
TN:
SF:src/entities/author/api/AuthorService.ts
FN:11,(anonymous_0)
FN:18,(anonymous_1)
FN:23,(anonymous_2)
FN:35,(anonymous_3)
FN:43,(anonymous_4)
FN:55,(anonymous_5)
FN:70,(anonymous_6)
FN:74,(anonymous_7)
FN:92,(anonymous_8)
FN:95,(anonymous_9)
FN:99,(anonymous_10)
FN:117,(anonymous_11)
FN:121,(anonymous_12)
FN:125,(anonymous_13)
FN:140,(anonymous_14)
FN:147,(anonymous_15)
FN:152,(anonymous_16)
FN:156,(anonymous_17)
FN:164,(anonymous_18)
FN:175,(anonymous_19)
FN:178,(anonymous_20)
FN:189,(anonymous_21)
FN:211,(anonymous_22)
FN:214,(anonymous_23)
FN:218,(anonymous_24)
FN:233,(anonymous_25)
FN:236,(anonymous_26)
FN:257,(anonymous_27)
FN:279,(anonymous_28)
FN:302,(anonymous_29)
FN:353,(anonymous_30)
FN:365,(anonymous_31)
FN:378,(anonymous_32)
FN:382,(anonymous_33)
FN:392,(anonymous_34)
FN:399,(anonymous_35)
FNF:36
FNH:0
FNDA:0,(anonymous_0)
FNDA:0,(anonymous_1)
FNDA:0,(anonymous_2)
FNDA:0,(anonymous_3)
FNDA:0,(anonymous_4)
FNDA:0,(anonymous_5)
FNDA:0,(anonymous_6)
FNDA:0,(anonymous_7)
FNDA:0,(anonymous_8)
FNDA:0,(anonymous_9)
FNDA:0,(anonymous_10)
FNDA:0,(anonymous_11)
FNDA:0,(anonymous_12)
FNDA:0,(anonymous_13)
FNDA:0,(anonymous_14)
FNDA:0,(anonymous_15)
FNDA:0,(anonymous_16)
FNDA:0,(anonymous_17)
FNDA:0,(anonymous_18)
FNDA:0,(anonymous_19)
FNDA:0,(anonymous_20)
FNDA:0,(anonymous_21)
FNDA:0,(anonymous_22)
FNDA:0,(anonymous_23)
FNDA:0,(anonymous_24)
FNDA:0,(anonymous_25)
FNDA:0,(anonymous_26)
FNDA:0,(anonymous_27)
FNDA:0,(anonymous_28)
FNDA:0,(anonymous_29)
FNDA:0,(anonymous_30)
FNDA:0,(anonymous_31)
FNDA:0,(anonymous_32)
FNDA:0,(anonymous_33)
FNDA:0,(anonymous_34)
FNDA:0,(anonymous_35)
DA:9,5
DA:11,5
DA:12,0
DA:16,5
DA:19,0
DA:20,0
DA:24,0
DA:25,0
DA:29,0
DA:30,0
DA:32,0
DA:36,0
DA:44,0
DA:45,0
DA:46,0
DA:47,0
DA:50,0
DA:51,0
DA:52,0
DA:53,0
DA:54,0
DA:55,0
DA:59,0
DA:60,0
DA:63,0
DA:66,0
DA:67,0
DA:71,0
DA:72,0
DA:73,0
DA:74,0
DA:77,0
DA:78,0
DA:79,0
DA:80,0
DA:81,0
DA:82,0
DA:88,0
DA:91,0
DA:92,0
DA:96,0
DA:97,0
DA:98,0
DA:99,0
DA:102,0
DA:103,0
DA:104,0
DA:105,0
DA:106,0
DA:107,0
DA:113,0
DA:116,0
DA:117,0
DA:122,0
DA:123,0
DA:124,0
DA:125,0
DA:126,0
DA:130,0
DA:132,0
DA:136,0
DA:137,0
DA:138,0
DA:139,0
DA:140,0
DA:143,0
DA:146,0
DA:147,0
DA:148,0
DA:153,0
DA:154,0
DA:155,0
DA:156,0
DA:159,0
DA:160,0
DA:161,0
DA:162,0
DA:163,0
DA:164,0
DA:165,0
DA:166,0
DA:168,0
DA:171,0
DA:174,0
DA:175,0
DA:179,0
DA:181,0
DA:182,0
DA:183,0
DA:186,0
DA:187,0
DA:188,0
DA:189,0
DA:192,0
DA:193,0
DA:194,0
DA:195,0
DA:197,0
DA:202,0
DA:203,0
DA:204,0
DA:207,0
DA:210,0
DA:211,0
DA:215,0
DA:216,0
DA:217,0
DA:218,0
DA:221,0
DA:222,0
DA:223,0
DA:224,0
DA:225,0
DA:226,0
DA:229,0
DA:232,0
DA:233,0
DA:237,0
DA:238,0
DA:239,0
DA:242,0
DA:243,0
DA:244,0
DA:248,0
DA:249,0
DA:252,0
DA:254,0
DA:258,0
DA:259,0
DA:260,0
DA:263,0
DA:264,0
DA:265,0
DA:269,0
DA:270,0
DA:271,0
DA:274,0
DA:276,0
DA:280,0
DA:281,0
DA:282,0
DA:285,0
DA:286,0
DA:287,0
DA:292,0
DA:293,0
DA:294,0
DA:297,0
DA:299,0
DA:303,0
DA:304,0
DA:305,0
DA:308,0
DA:309,0
DA:315,0
DA:316,0
DA:334,0
DA:335,0
DA:336,0
DA:341,0
DA:343,0
DA:348,0
DA:350,0
DA:354,0
DA:355,0
DA:356,0
DA:357,0
DA:360,0
DA:361,0
DA:362,0
DA:363,0
DA:364,0
DA:365,0
DA:366,0
DA:367,0
DA:370,0
DA:373,0
DA:374,0
DA:379,0
DA:380,0
DA:381,0
DA:382,0
DA:383,0
DA:387,0
DA:388,0
DA:389,0
DA:390,0
DA:391,0
DA:392,0
DA:395,0
DA:398,0
DA:399,0
DA:400,0
DA:406,5
LF:194
LH:4
BRDA:12,0,0,0
BRDA:12,0,1,0
BRDA:19,1,0,0
BRDA:19,1,1,0
BRDA:23,2,0,0
BRDA:29,3,0,0
BRDA:29,3,1,0
BRDA:38,4,0,0
BRDA:38,4,1,0
BRDA:38,5,0,0
BRDA:38,5,1,0
BRDA:38,6,0,0
BRDA:38,6,1,0
BRDA:39,7,0,0
BRDA:39,7,1,0
BRDA:44,8,0,0
BRDA:44,8,1,0
BRDA:47,9,0,0
BRDA:47,9,1,0
BRDA:53,10,0,0
BRDA:53,10,1,0
BRDA:57,11,0,0
BRDA:57,11,1,0
BRDA:67,12,0,0
BRDA:67,12,1,0
BRDA:71,13,0,0
BRDA:71,13,1,0
BRDA:74,14,0,0
BRDA:74,14,1,0
BRDA:74,15,0,0
BRDA:74,15,1,0
BRDA:80,16,0,0
BRDA:80,16,1,0
BRDA:84,17,0,0
BRDA:84,17,1,0
BRDA:92,18,0,0
BRDA:92,18,1,0
BRDA:92,19,0,0
BRDA:92,19,1,0
BRDA:96,20,0,0
BRDA:96,20,1,0
BRDA:99,21,0,0
BRDA:99,21,1,0
BRDA:105,22,0,0
BRDA:105,22,1,0
BRDA:109,23,0,0
BRDA:109,23,1,0
BRDA:117,24,0,0
BRDA:117,24,1,0
BRDA:122,25,0,0
BRDA:122,25,1,0
BRDA:125,26,0,0
BRDA:125,26,1,0
BRDA:126,27,0,0
BRDA:126,27,1,0
BRDA:132,28,0,0
BRDA:132,28,1,0
BRDA:138,29,0,0
BRDA:138,29,1,0
BRDA:147,30,0,0
BRDA:147,30,1,0
BRDA:148,31,0,0
BRDA:148,31,1,0
BRDA:153,32,0,0
BRDA:153,32,1,0
BRDA:156,33,0,0
BRDA:156,33,1,0
BRDA:162,34,0,0
BRDA:162,34,1,0
BRDA:165,35,0,0
BRDA:165,35,1,0
BRDA:175,36,0,0
BRDA:175,36,1,0
BRDA:181,37,0,0
BRDA:181,37,1,0
BRDA:186,38,0,0
BRDA:186,38,1,0
BRDA:189,39,0,0
BRDA:189,39,1,0
BRDA:202,40,0,0
BRDA:202,40,1,0
BRDA:211,41,0,0
BRDA:211,41,1,0
BRDA:215,42,0,0
BRDA:215,42,1,0
BRDA:218,43,0,0
BRDA:218,43,1,0
BRDA:224,44,0,0
BRDA:224,44,1,0
BRDA:233,45,0,0
BRDA:233,45,1,0
BRDA:237,46,0,0
BRDA:237,46,1,0
BRDA:248,47,0,0
BRDA:248,47,1,0
BRDA:258,48,0,0
BRDA:258,48,1,0
BRDA:269,49,0,0
BRDA:269,49,1,0
BRDA:280,50,0,0
BRDA:280,50,1,0
BRDA:292,51,0,0
BRDA:292,51,1,0
BRDA:303,52,0,0
BRDA:303,52,1,0
BRDA:321,53,0,0
BRDA:321,53,1,0
BRDA:321,54,0,0
BRDA:321,54,1,0
BRDA:321,55,0,0
BRDA:321,55,1,0
BRDA:334,56,0,0
BRDA:334,56,1,0
BRDA:354,57,0,0
BRDA:354,57,1,0
BRDA:357,58,0,0
BRDA:357,58,1,0
BRDA:363,59,0,0
BRDA:363,59,1,0
BRDA:374,60,0,0
BRDA:374,60,1,0
BRDA:379,61,0,0
BRDA:379,61,1,0
BRDA:382,62,0,0
BRDA:382,62,1,0
BRDA:383,63,0,0
BRDA:383,63,1,0
BRDA:383,63,2,0
BRDA:390,64,0,0
BRDA:390,64,1,0
BRDA:399,65,0,0
BRDA:399,65,1,0
BRDA:400,66,0,0
BRDA:400,66,1,0
BRDA:400,66,2,0
BRF:135
BRH:0
end_of_record
TN:
SF:src/entities/author/api/SupabaseAuthorRepository.ts
FN:12,(anonymous_0)
FN:19,(anonymous_1)
FN:21,(anonymous_2)
FN:25,(anonymous_3)
FN:29,(anonymous_4)
FN:33,(anonymous_5)
FN:37,(anonymous_6)
FN:41,(anonymous_7)
FN:45,(anonymous_8)
FN:49,(anonymous_9)
FN:59,(anonymous_10)
FN:63,(anonymous_11)
FN:67,(anonymous_12)
FN:77,(anonymous_13)
FN:81,(anonymous_14)
FN:85,(anonymous_15)
FN:95,(anonymous_16)
FN:101,(anonymous_17)
FN:106,(anonymous_18)
FN:111,(anonymous_19)
FN:115,(anonymous_20)
FN:119,(anonymous_21)
FN:123,(anonymous_22)
FN:133,(anonymous_23)
FN:138,(anonymous_24)
FNF:25
FNH:7
FNDA:10,(anonymous_0)
FNDA:5,(anonymous_1)
FNDA:0,(anonymous_2)
FNDA:0,(anonymous_3)
FNDA:0,(anonymous_4)
FNDA:0,(anonymous_5)
FNDA:0,(anonymous_6)
FNDA:0,(anonymous_7)
FNDA:0,(anonymous_8)
FNDA:0,(anonymous_9)
FNDA:0,(anonymous_10)
FNDA:0,(anonymous_11)
FNDA:0,(anonymous_12)
FNDA:0,(anonymous_13)
FNDA:0,(anonymous_14)
FNDA:0,(anonymous_15)
FNDA:1,(anonymous_16)
FNDA:1,(anonymous_17)
FNDA:1,(anonymous_18)
FNDA:0,(anonymous_19)
FNDA:0,(anonymous_20)
FNDA:0,(anonymous_21)
FNDA:0,(anonymous_22)
FNDA:1,(anonymous_23)
FNDA:2,(anonymous_24)
DA:10,6
DA:13,10
DA:14,5
DA:16,10
DA:22,0
DA:26,0
DA:30,0
DA:34,0
DA:38,0
DA:42,0
DA:43,0
DA:44,0
DA:45,0
DA:46,0
DA:47,0
DA:49,0
DA:50,0
DA:51,0
DA:53,0
DA:54,0
DA:56,0
DA:60,0
DA:61,0
DA:62,0
DA:63,0
DA:64,0
DA:65,0
DA:67,0
DA:68,0
DA:69,0
DA:71,0
DA:72,0
DA:74,0
DA:78,0
DA:79,0
DA:80,0
DA:81,0
DA:82,0
DA:83,0
DA:85,0
DA:86,0
DA:87,0
DA:89,0
DA:90,0
DA:92,0
DA:96,1
DA:97,1
DA:98,1
DA:102,1
DA:103,1
DA:107,1
DA:108,1
DA:112,0
DA:116,0
DA:117,0
DA:118,0
DA:119,0
DA:120,0
DA:121,0
DA:123,0
DA:124,0
DA:125,0
DA:127,0
DA:128,0
DA:130,0
DA:134,1
DA:135,1
DA:139,2
DA:140,2
LF:69
LH:15
BRDA:13,0,0,5
BRDA:13,0,1,5
BRDA:43,1,0,0
BRDA:43,1,1,0
BRDA:46,2,0,0
BRDA:46,2,1,0
BRDA:46,3,0,0
BRDA:46,3,1,0
BRDA:49,4,0,0
BRDA:49,4,1,0
BRDA:50,5,0,0
BRDA:50,5,1,0
BRDA:61,6,0,0
BRDA:61,6,1,0
BRDA:64,7,0,0
BRDA:64,7,1,0
BRDA:64,8,0,0
BRDA:64,8,1,0
BRDA:67,9,0,0
BRDA:67,9,1,0
BRDA:68,10,0,0
BRDA:68,10,1,0
BRDA:79,11,0,0
BRDA:79,11,1,0
BRDA:82,12,0,0
BRDA:82,12,1,0
BRDA:82,13,0,0
BRDA:82,13,1,0
BRDA:85,14,0,0
BRDA:85,14,1,0
BRDA:86,15,0,0
BRDA:86,15,1,0
BRDA:117,16,0,0
BRDA:117,16,1,0
BRDA:120,17,0,0
BRDA:120,17,1,0
BRDA:120,18,0,0
BRDA:120,18,1,0
BRDA:123,19,0,0
BRDA:123,19,1,0
BRDA:124,20,0,0
BRDA:124,20,1,0
BRF:42
BRH:2
end_of_record
TN:
SF:src/entities/author/providers/AuthorProvider.tsx
FN:36,(anonymous_0)
FN:42,(anonymous_1)
FN:47,(anonymous_2)
FN:50,(anonymous_3)
FN:55,(anonymous_4)
FN:62,(anonymous_5)
FN:63,(anonymous_6)
FN:67,(anonymous_7)
FN:68,(anonymous_8)
FN:72,(anonymous_9)
FN:74,(anonymous_10)
FN:79,(anonymous_11)
FN:82,(anonymous_12)
FN:86,(anonymous_13)
FN:87,(anonymous_14)
FN:91,(anonymous_15)
FN:93,(anonymous_16)
FN:98,(anonymous_17)
FN:101,(anonymous_18)
FN:109,(anonymous_19)
FN:115,(anonymous_20)
FN:116,(anonymous_21)
FN:117,(anonymous_22)
FN:118,(anonymous_23)
FN:119,(anonymous_24)
FN:120,(anonymous_25)
FN:121,(anonymous_26)
FN:122,(anonymous_27)
FN:123,(anonymous_28)
FN:124,(anonymous_29)
FN:125,(anonymous_30)
FN:146,(anonymous_31)
FNF:32
FNH:18
FNDA:12,(anonymous_0)
FNDA:5,(anonymous_1)
FNDA:8,(anonymous_2)
FNDA:0,(anonymous_3)
FNDA:0,(anonymous_4)
FNDA:0,(anonymous_5)
FNDA:0,(anonymous_6)
FNDA:2,(anonymous_7)
FNDA:2,(anonymous_8)
FNDA:2,(anonymous_9)
FNDA:2,(anonymous_10)
FNDA:1,(anonymous_11)
FNDA:2,(anonymous_12)
FNDA:1,(anonymous_13)
FNDA:1,(anonymous_14)
FNDA:1,(anonymous_15)
FNDA:1,(anonymous_16)
FNDA:0,(anonymous_17)
FNDA:1,(anonymous_18)
FNDA:12,(anonymous_19)
FNDA:0,(anonymous_20)
FNDA:0,(anonymous_21)
FNDA:0,(anonymous_22)
FNDA:0,(anonymous_23)
FNDA:0,(anonymous_24)
FNDA:0,(anonymous_25)
FNDA:0,(anonymous_26)
FNDA:2,(anonymous_27)
FNDA:1,(anonymous_28)
FNDA:0,(anonymous_29)
FNDA:0,(anonymous_30)
FNDA:12,(anonymous_31)
DA:30,2
DA:36,2
DA:37,12
DA:38,12
DA:40,12
DA:42,5
DA:45,12
DA:47,8
DA:50,12
DA:51,0
DA:52,0
DA:55,12
DA:56,0
DA:57,0
DA:61,12
DA:62,0
DA:63,0
DA:66,12
DA:67,2
DA:69,2
DA:70,2
DA:71,2
DA:72,2
DA:73,2
DA:74,2
DA:77,2
DA:80,1
DA:82,2
DA:85,12
DA:86,1
DA:88,1
DA:89,1
DA:90,1
DA:91,1
DA:92,1
DA:93,1
DA:96,1
DA:99,0
DA:101,1
DA:105,12
DA:106,12
DA:109,12
DA:115,0
DA:116,0
DA:117,0
DA:118,0
DA:119,0
DA:120,0
DA:121,0
DA:122,2
DA:123,1
DA:124,0
DA:125,0
DA:139,12
DA:146,2
DA:147,12
DA:148,12
DA:149,0
DA:151,12
LF:59
LH:42
BRDA:40,0,0,5
BRDA:45,1,0,5
BRDA:51,2,0,0
BRDA:51,2,1,0
BRDA:56,3,0,0
BRDA:56,3,1,0
BRDA:71,4,0,2
BRDA:71,4,1,0
BRDA:73,5,0,0
BRDA:73,5,1,2
BRDA:74,6,0,2
BRDA:74,6,1,0
BRDA:80,7,0,1
BRDA:80,7,1,0
BRDA:90,8,0,1
BRDA:90,8,1,0
BRDA:92,9,0,0
BRDA:92,9,1,1
BRDA:93,10,0,1
BRDA:93,10,1,0
BRDA:99,11,0,0
BRDA:99,11,1,0
BRDA:112,12,0,12
BRDA:112,12,1,7
BRDA:148,13,0,0
BRDA:148,13,1,12
BRF:26
BRH:12
end_of_record
TN:
SF:src/entities/book/lib/bookImport.ts
FN:28,(anonymous_0)
FN:43,(anonymous_1)
FN:45,(anonymous_2)
FN:48,(anonymous_3)
FNF:4
FNH:4
FNDA:6,(anonymous_0)
FNDA:10,(anonymous_1)
FNDA:7,(anonymous_2)
FNDA:6,(anonymous_3)
DA:28,1
DA:29,6
DA:31,4
DA:32,0
DA:33,0
DA:34,0
DA:36,0
DA:40,4
DA:43,1
DA:44,10
DA:45,7
DA:48,1
DA:49,6
DA:50,6
DA:52,6
DA:54,5
DA:60,5
DA:61,5
DA:65,5
DA:66,5
DA:67,5
DA:71,5
LF:22
LH:18
BRDA:29,0,0,2
BRDA:29,0,1,4
BRDA:31,1,0,0
BRDA:31,1,1,4
BRDA:34,2,0,0
BRDA:34,2,1,0
BRDA:34,3,0,0
BRDA:34,3,1,0
BRDA:40,4,0,4
BRDA:40,4,1,0
BRDA:44,5,0,8
BRDA:44,5,1,2
BRDA:45,6,0,7
BRDA:45,6,1,5
BRDA:50,7,0,6
BRDA:50,7,1,2
BRDA:50,7,2,2
BRDA:50,7,3,1
BRDA:52,8,0,1
BRDA:52,8,1,5
BRDA:54,9,0,0
BRDA:54,9,1,5
BRDA:56,10,0,0
BRDA:56,10,1,5
BRDA:56,11,0,5
BRDA:56,11,1,0
BRDA:56,11,2,0
BRDA:61,12,0,0
BRDA:61,12,1,5
BRDA:67,13,0,1
BRDA:67,13,1,4
BRDA:67,14,0,5
BRDA:67,14,1,3
BRDA:67,14,2,3
BRDA:69,15,0,2
BRDA:69,15,1,2
BRDA:69,16,0,4
BRDA:69,16,1,2
BRDA:69,16,2,2
BRDA:73,17,0,2
BRDA:73,17,1,3
BRDA:74,18,0,5
BRDA:74,18,1,5
BRDA:76,19,0,5
BRDA:76,19,1,4
BRDA:76,19,2,4
BRDA:77,20,0,5
BRDA:77,20,1,5
BRDA:77,20,2,4
BRDA:77,20,3,4
BRDA:77,20,4,4
BRDA:78,21,0,5
BRDA:78,21,1,4
BRDA:78,21,2,4
BRDA:79,22,0,5
BRDA:79,22,1,5
BRDA:80,23,0,5
BRDA:80,23,1,5
BRDA:81,24,0,5
BRDA:81,24,1,5
BRDA:82,25,0,5
BRDA:82,25,1,4
BRDA:84,26,0,5
BRDA:84,26,1,4
BRDA:84,26,2,4
BRF:65
BRH:54
end_of_record
TN:
SF:src/entities/book/ui/BookCardItem.tsx
FN:32,(anonymous_0)
FN:34,(anonymous_1)
FN:37,(anonymous_2)
FN:47,(anonymous_3)
FN:51,(anonymous_4)
FN:88,(anonymous_5)
FNF:6
FNH:6
FNDA:4,(anonymous_0)
FNDA:4,(anonymous_1)
FNDA:4,(anonymous_2)
FNDA:4,(anonymous_3)
FNDA:1,(anonymous_4)
FNDA:4,(anonymous_5)
DA:32,1
DA:33,4
DA:34,4
DA:35,4
DA:37,4
DA:38,4
DA:39,4
DA:45,4
DA:47,4
DA:51,1
DA:86,1
DA:88,4
LF:12
LH:12
BRDA:38,0,0,0
BRDA:38,0,1,4
BRDA:49,1,0,0
BRDA:49,1,1,4
BRDA:51,2,0,1
BRDA:51,2,1,0
BRDA:54,3,0,4
BRDA:54,3,1,0
BRDA:62,4,0,4
BRDA:62,4,1,4
BRDA:68,5,0,3
BRDA:68,5,1,1
BRDA:70,6,0,4
BRDA:70,6,1,4
BRDA:70,6,2,4
BRDA:78,7,0,4
BRDA:78,7,1,4
BRDA:79,8,0,4
BRDA:79,8,1,0
BRF:19
BRH:14
end_of_record
TN:
SF:src/entities/book/ui/ReviewBlock.tsx
FN:18,(anonymous_0)
FN:20,(anonymous_1)
FN:30,(anonymous_2)
FN:32,(anonymous_3)
FN:35,(anonymous_4)
FN:37,(anonymous_5)
FN:40,(anonymous_6)
FN:45,(anonymous_7)
FN:49,(anonymous_8)
FN:59,(anonymous_9)
FN:76,(anonymous_10)
FN:85,(anonymous_11)
FN:95,(anonymous_12)
FN:105,(anonymous_13)
FN:115,(anonymous_14)
FN:122,(anonymous_15)
FN:132,(anonymous_16)
FN:135,(anonymous_17)
FN:135,(anonymous_18)
FN:150,(anonymous_19)
FN:155,(anonymous_20)
FN:156,(anonymous_21)
FN:163,(anonymous_22)
FN:181,(anonymous_23)
FN:181,(anonymous_24)
FN:198,(anonymous_25)
FN:222,(anonymous_26)
FN:225,(anonymous_27)
FN:285,(anonymous_28)
FN:290,(anonymous_29)
FN:309,(anonymous_30)
FN:318,(anonymous_31)
FN:328,(anonymous_32)
FN:358,(anonymous_33)
FN:364,(anonymous_34)
FN:375,(anonymous_35)
FN:378,(anonymous_36)
FN:393,(anonymous_37)
FN:397,(anonymous_38)
FN:412,(anonymous_39)
FN:418,(anonymous_40)
FNF:41
FNH:16
FNDA:22,(anonymous_0)
FNDA:7,(anonymous_1)
FNDA:14,(anonymous_2)
FNDA:6,(anonymous_3)
FNDA:14,(anonymous_4)
FNDA:6,(anonymous_5)
FNDA:8,(anonymous_6)
FNDA:7,(anonymous_7)
FNDA:7,(anonymous_8)
FNDA:6,(anonymous_9)
FNDA:0,(anonymous_10)
FNDA:0,(anonymous_11)
FNDA:0,(anonymous_12)
FNDA:0,(anonymous_13)
FNDA:0,(anonymous_14)
FNDA:0,(anonymous_15)
FNDA:0,(anonymous_16)
FNDA:0,(anonymous_17)
FNDA:0,(anonymous_18)
FNDA:0,(anonymous_19)
FNDA:0,(anonymous_20)
FNDA:0,(anonymous_21)
FNDA:0,(anonymous_22)
FNDA:0,(anonymous_23)
FNDA:0,(anonymous_24)
FNDA:0,(anonymous_25)
FNDA:110,(anonymous_26)
FNDA:0,(anonymous_27)
FNDA:4,(anonymous_28)
FNDA:0,(anonymous_29)
FNDA:0,(anonymous_30)
FNDA:20,(anonymous_31)
FNDA:0,(anonymous_32)
FNDA:0,(anonymous_33)
FNDA:0,(anonymous_34)
FNDA:5,(anonymous_35)
FNDA:0,(anonymous_36)
FNDA:25,(anonymous_37)
FNDA:0,(anonymous_38)
FNDA:0,(anonymous_39)
FNDA:7,(anonymous_40)
DA:18,2
DA:19,22
DA:20,22
DA:22,22
DA:23,22
DA:24,22
DA:25,22
DA:26,22
DA:27,22
DA:28,22
DA:30,22
DA:31,14
DA:32,14
DA:35,22
DA:36,14
DA:37,14
DA:40,22
DA:41,8
DA:42,8
DA:45,22
DA:46,7
DA:49,22
DA:50,7
DA:51,7
DA:52,7
DA:53,7
DA:54,7
DA:56,7
DA:57,7
DA:59,7
DA:60,6
DA:61,6
DA:62,6
DA:63,6
DA:64,6
DA:67,7
DA:69,0
DA:70,0
DA:72,7
DA:76,22
DA:77,0
DA:86,0
DA:87,0
DA:88,0
DA:95,22
DA:96,0
DA:97,0
DA:106,0
DA:107,0
DA:108,0
DA:115,22
DA:116,0
DA:117,0
DA:118,0
DA:122,22
DA:123,0
DA:124,0
DA:133,0
DA:134,0
DA:135,0
DA:136,0
DA:137,0
DA:138,0
DA:139,0
DA:140,0
DA:142,0
DA:150,22
DA:151,0
DA:155,0
DA:156,0
DA:163,22
DA:164,0
DA:165,0
DA:166,0
DA:169,0
DA:170,0
DA:171,0
DA:174,0
DA:175,0
DA:180,0
DA:181,0
DA:182,0
DA:183,0
DA:184,0
DA:185,0
DA:188,0
DA:191,0
DA:197,0
DA:198,0
DA:199,0
DA:200,0
DA:201,0
DA:202,0
DA:205,0
DA:210,22
DA:223,110
DA:225,0
DA:286,4
DA:290,0
DA:309,0
DA:319,20
DA:328,0
DA:358,0
DA:364,0
DA:376,5
DA:378,0
DA:394,25
DA:397,0
DA:412,2
DA:413,0
DA:418,7
LF:111
LH:51
BRDA:31,0,0,0
BRDA:31,0,1,14
BRDA:32,1,0,14
BRDA:32,1,1,13
BRDA:32,2,0,6
BRDA:32,2,1,6
BRDA:36,3,0,0
BRDA:36,3,1,14
BRDA:37,4,0,6
BRDA:37,4,1,6
BRDA:41,5,0,8
BRDA:41,5,1,7
BRDA:42,6,0,8
BRDA:42,6,1,7
BRDA:60,7,0,6
BRDA:60,7,1,0
BRDA:62,8,0,0
BRDA:62,8,1,6
BRDA:62,9,0,6
BRDA:62,9,1,6
BRDA:63,10,0,0
BRDA:63,10,1,6
BRDA:96,11,0,0
BRDA:96,11,1,0
BRDA:116,12,0,0
BRDA:116,12,1,0
BRDA:116,13,0,0
BRDA:116,13,1,0
BRDA:123,14,0,0
BRDA:123,14,1,0
BRDA:134,15,0,0
BRDA:134,15,1,0
BRDA:140,16,0,0
BRDA:140,16,1,0
BRDA:164,17,0,0
BRDA:164,17,1,0
BRDA:169,18,0,0
BRDA:169,18,1,0
BRDA:174,19,0,0
BRDA:174,19,1,0
BRDA:180,20,0,0
BRDA:180,20,1,0
BRDA:181,21,0,0
BRDA:181,21,1,0
BRDA:184,22,0,0
BRDA:184,22,1,0
BRDA:197,23,0,0
BRDA:197,23,1,0
BRDA:201,24,0,0
BRDA:201,24,1,0
BRDA:233,25,0,4
BRDA:233,25,1,106
BRDA:234,26,0,4
BRDA:234,26,1,106
BRDA:264,27,0,2
BRDA:264,27,1,20
BRDA:266,28,0,22
BRDA:266,28,1,2
BRDA:282,29,0,22
BRDA:282,29,1,2
BRDA:292,30,0,4
BRDA:292,30,1,0
BRDA:295,31,0,0
BRDA:295,31,1,4
BRDA:303,32,0,4
BRDA:303,32,1,0
BRDA:319,33,0,17
BRDA:319,33,1,3
BRDA:319,34,0,17
BRDA:319,34,1,3
BRDA:322,35,0,4
BRDA:322,35,1,4
BRDA:325,36,0,2
BRDA:325,36,1,1
BRDA:340,37,0,22
BRDA:340,37,1,3
BRDA:379,38,0,0
BRDA:379,38,1,5
BRDA:387,39,0,5
BRDA:387,39,1,0
BRDA:394,40,0,20
BRDA:394,40,1,5
BRDA:394,41,0,20
BRDA:394,41,1,5
BRDA:402,42,0,5
BRDA:402,42,1,5
BRF:86
BRH:48
end_of_record
TN:
SF:src/entities/quote/api/QuoteService.ts
FN:14,(anonymous_0)
FN:14,(anonymous_1)
FN:31,(anonymous_2)
FN:35,(anonymous_3)
FN:40,(anonymous_4)
FN:45,(anonymous_5)
FN:50,(anonymous_6)
FN:54,(anonymous_7)
FN:59,(anonymous_8)
FN:63,(anonymous_9)
FN:67,(anonymous_10)
FN:71,(anonymous_11)
FN:75,(anonymous_12)
FN:79,(anonymous_13)
FN:81,(anonymous_14)
FN:84,(anonymous_15)
FN:92,(anonymous_16)
FN:103,(anonymous_17)
FNF:18
FNH:3
FNDA:0,(anonymous_0)
FNDA:0,(anonymous_1)
FNDA:2,(anonymous_2)
FNDA:1,(anonymous_3)
FNDA:0,(anonymous_4)
FNDA:0,(anonymous_5)
FNDA:1,(anonymous_6)
FNDA:0,(anonymous_7)
FNDA:0,(anonymous_8)
FNDA:0,(anonymous_9)
FNDA:0,(anonymous_10)
FNDA:0,(anonymous_11)
FNDA:0,(anonymous_12)
FNDA:0,(anonymous_13)
FNDA:0,(anonymous_14)
FNDA:0,(anonymous_15)
FNDA:0,(anonymous_16)
FNDA:0,(anonymous_17)
DA:14,3
DA:24,3
DA:25,3
DA:26,3
DA:27,3
DA:32,2
DA:36,1
DA:37,1
DA:41,0
DA:42,0
DA:46,0
DA:47,0
DA:51,1
DA:55,0
DA:56,0
DA:60,0
DA:64,0
DA:68,0
DA:72,0
DA:76,0
DA:80,0
DA:81,0
DA:93,0
DA:104,0
DA:108,3
LF:25
LH:10
BRDA:37,0,0,1
BRDA:37,0,1,0
BRF:2
BRH:1
end_of_record
TN:
SF:src/entities/quote/api/SupabaseQuoteRepository.ts
FN:12,(anonymous_0)
FN:12,(anonymous_1)
FN:28,(anonymous_2)
FN:35,(anonymous_3)
FN:39,(anonymous_4)
FN:51,(anonymous_5)
FN:70,(anonymous_6)
FN:73,(anonymous_7)
FN:92,(anonymous_8)
FN:97,(anonymous_9)
FN:107,(anonymous_10)
FN:111,(anonymous_11)
FN:132,(anonymous_12)
FN:140,(anonymous_13)
FN:150,(anonymous_14)
FN:161,(anonymous_15)
FN:164,(anonymous_16)
FN:166,(anonymous_17)
FN:176,(anonymous_18)
FN:283,(anonymous_19)
FN:286,(anonymous_20)
FN:330,(anonymous_21)
FN:337,(anonymous_22)
FN:340,(anonymous_23)
FN:367,(anonymous_24)
FN:370,(anonymous_25)
FN:406,(anonymous_26)
FN:408,(anonymous_27)
FN:440,(anonymous_28)
FN:454,(anonymous_29)
FN:460,(anonymous_30)
FN:465,(anonymous_31)
FN:509,(anonymous_32)
FNF:33
FNH:19
FNDA:1,(anonymous_0)
FNDA:1,(anonymous_1)
FNDA:13,(anonymous_2)
FNDA:10,(anonymous_3)
FNDA:10,(anonymous_4)
FNDA:2,(anonymous_5)
FNDA:1,(anonymous_6)
FNDA:0,(anonymous_7)
FNDA:2,(anonymous_8)
FNDA:0,(anonymous_9)
FNDA:1,(anonymous_10)
FNDA:0,(anonymous_11)
FNDA:1,(anonymous_12)
FNDA:1,(anonymous_13)
FNDA:0,(anonymous_14)
FNDA:0,(anonymous_15)
FNDA:0,(anonymous_16)
FNDA:0,(anonymous_17)
FNDA:2,(anonymous_18)
FNDA:2,(anonymous_19)
FNDA:1,(anonymous_20)
FNDA:1,(anonymous_21)
FNDA:2,(anonymous_22)
FNDA:4,(anonymous_23)
FNDA:1,(anonymous_24)
FNDA:1,(anonymous_25)
FNDA:0,(anonymous_26)
FNDA:0,(anonymous_27)
FNDA:0,(anonymous_28)
FNDA:0,(anonymous_29)
FNDA:0,(anonymous_30)
FNDA:0,(anonymous_31)
FNDA:0,(anonymous_32)
DA:12,7
DA:14,7
DA:25,7
DA:29,13
DA:30,10
DA:32,13
DA:37,10
DA:40,10
DA:41,10
DA:45,10
DA:46,10
DA:48,10
DA:52,2
DA:71,1
DA:72,1
DA:73,0
DA:88,0
DA:95,2
DA:96,2
DA:97,2
DA:99,2
DA:100,2
DA:105,1
DA:106,1
DA:107,1
DA:110,1
DA:111,1
DA:113,1
DA:116,1
DA:118,1
DA:121,1
DA:123,2
DA:127,1
DA:128,1
DA:129,1
DA:132,1
DA:137,1
DA:141,1
DA:142,1
DA:143,1
DA:144,1
DA:145,1
DA:146,1
DA:149,1
DA:150,1
DA:151,1
DA:153,1
DA:156,0
DA:159,0
DA:160,0
DA:161,0
DA:165,0
DA:166,0
DA:177,2
DA:178,2
DA:179,2
DA:181,2
DA:183,2
DA:184,2
DA:186,2
DA:187,2
DA:190,2
DA:206,1
DA:207,0
DA:210,1
DA:212,1
DA:213,0
DA:217,1
DA:218,1
DA:220,1
DA:221,1
DA:223,1
DA:224,1
DA:226,1
DA:228,1
DA:229,0
DA:230,0
DA:233,0
DA:235,0
DA:239,1
DA:240,0
DA:241,0
DA:244,0
DA:246,0
DA:251,1
DA:252,1
DA:253,0
DA:255,1
DA:256,0
DA:262,1
DA:285,2
DA:286,2
DA:288,2
DA:289,1
DA:290,1
DA:294,2
DA:295,2
DA:296,0
DA:298,2
DA:299,0
DA:302,2
DA:303,2
DA:304,2
DA:305,2
DA:311,2
DA:312,1
DA:314,0
DA:315,0
DA:318,1
DA:320,1
DA:329,2
DA:330,2
DA:331,2
DA:332,1
DA:334,1
DA:339,2
DA:340,4
DA:341,2
DA:343,2
DA:344,2
DA:345,2
DA:346,2
DA:351,2
DA:352,2
DA:354,0
DA:357,0
DA:359,0
DA:369,1
DA:370,1
DA:371,1
DA:372,1
DA:375,1
DA:376,1
DA:377,1
DA:378,1
DA:379,1
DA:383,1
DA:384,1
DA:385,1
DA:389,1
DA:390,1
DA:391,1
DA:393,0
DA:395,0
DA:397,0
DA:402,0
DA:407,0
DA:408,0
DA:409,0
DA:410,0
DA:412,0
DA:413,0
DA:414,0
DA:415,0
DA:418,0
DA:419,0
DA:420,0
DA:424,0
DA:425,0
DA:426,0
DA:428,0
DA:430,0
DA:431,0
DA:436,0
DA:441,0
DA:442,0
DA:446,0
DA:447,0
DA:449,0
DA:450,0
DA:453,0
DA:454,0
DA:455,0
DA:457,0
DA:461,0
DA:462,0
DA:464,0
DA:465,0
DA:466,0
DA:467,0
DA:468,0
DA:469,0
DA:475,0
DA:476,0
DA:477,0
DA:478,0
DA:480,0
DA:483,0
DA:484,0
DA:488,0
DA:489,0
DA:493,0
DA:494,0
DA:496,0
DA:497,0
DA:499,0
DA:500,0
DA:502,0
DA:503,0
DA:506,0
DA:510,0
DA:511,0
DA:512,0
DA:513,0
DA:515,0
DA:516,0
LF:206
LH:115
BRDA:29,0,0,10
BRDA:29,0,1,3
BRDA:39,1,0,10
BRDA:45,2,0,10
BRDA:45,2,1,0
BRDA:58,3,0,2
BRDA:58,3,1,2
BRDA:59,4,0,2
BRDA:59,4,1,2
BRDA:60,5,0,2
BRDA:60,5,1,1
BRDA:61,6,0,1
BRDA:61,6,1,1
BRDA:62,7,0,2
BRDA:62,7,1,2
BRDA:63,8,0,2
BRDA:63,8,1,2
BRDA:64,9,0,0
BRDA:64,9,1,2
BRDA:64,10,0,0
BRDA:64,10,1,0
BRDA:72,11,0,0
BRDA:72,11,1,1
BRDA:78,12,0,0
BRDA:78,12,1,0
BRDA:79,13,0,0
BRDA:79,13,1,0
BRDA:79,14,0,0
BRDA:79,14,1,0
BRDA:79,15,0,0
BRDA:79,15,1,0
BRDA:82,16,0,0
BRDA:82,16,1,0
BRDA:83,17,0,0
BRDA:83,17,1,0
BRDA:86,18,0,0
BRDA:86,18,1,0
BRDA:105,19,0,1
BRDA:105,19,1,0
BRDA:110,20,0,1
BRDA:110,20,1,1
BRDA:123,21,0,2
BRDA:123,21,1,0
BRDA:132,22,0,1
BRDA:132,22,1,0
BRDA:134,23,0,1
BRDA:134,23,1,0
BRDA:144,24,0,1
BRDA:144,24,1,0
BRDA:149,25,0,1
BRDA:149,25,1,0
BRDA:150,26,0,0
BRDA:150,26,1,0
BRDA:161,27,0,0
BRDA:161,27,1,0
BRDA:181,28,0,0
BRDA:181,28,1,2
BRDA:183,29,0,2
BRDA:183,29,1,0
BRDA:183,30,0,2
BRDA:183,30,1,2
BRDA:183,30,2,2
BRDA:184,31,0,2
BRDA:184,31,1,0
BRDA:184,32,0,2
BRDA:184,32,1,2
BRDA:184,32,2,2
BRDA:206,33,0,0
BRDA:206,33,1,1
BRDA:212,34,0,0
BRDA:212,34,1,1
BRDA:217,35,0,1
BRDA:217,35,1,0
BRDA:218,36,0,1
BRDA:218,36,1,0
BRDA:223,37,0,1
BRDA:223,37,1,1
BRDA:224,38,0,1
BRDA:224,38,1,1
BRDA:228,39,0,0
BRDA:228,39,1,1
BRDA:233,40,0,0
BRDA:233,40,1,0
BRDA:233,41,0,0
BRDA:233,41,1,0
BRDA:239,42,0,0
BRDA:239,42,1,1
BRDA:244,43,0,0
BRDA:244,43,1,0
BRDA:244,44,0,0
BRDA:244,44,1,0
BRDA:252,45,0,0
BRDA:252,45,1,1
BRDA:252,46,0,1
BRDA:252,46,1,0
BRDA:253,47,0,0
BRDA:253,47,1,0
BRDA:253,48,0,0
BRDA:253,48,1,0
BRDA:253,49,0,0
BRDA:253,49,1,0
BRDA:255,50,0,0
BRDA:255,50,1,1
BRDA:255,51,0,1
BRDA:255,51,1,0
BRDA:256,52,0,0
BRDA:256,52,1,0
BRDA:256,53,0,0
BRDA:256,53,1,0
BRDA:256,54,0,0
BRDA:256,54,1,0
BRDA:279,55,0,0
BRDA:279,55,1,1
BRDA:285,56,0,2
BRDA:285,56,1,1
BRDA:288,57,0,1
BRDA:288,57,1,1
BRDA:295,58,0,0
BRDA:295,58,1,2
BRDA:296,59,0,0
BRDA:296,59,1,0
BRDA:298,60,0,0
BRDA:298,60,1,2
BRDA:299,61,0,0
BRDA:299,61,1,0
BRDA:311,62,0,1
BRDA:311,62,1,0
BRDA:329,63,0,2
BRDA:329,63,1,1
BRDA:331,64,0,1
BRDA:331,64,1,1
BRDA:339,65,0,2
BRDA:339,65,1,0
BRDA:351,66,0,2
BRDA:351,66,1,0
BRDA:369,67,0,1
BRDA:369,67,1,0
BRDA:375,68,0,1
BRDA:375,68,1,0
BRDA:377,69,0,1
BRDA:377,69,1,0
BRDA:389,70,0,1
BRDA:389,70,1,0
BRDA:398,71,0,0
BRDA:398,71,1,0
BRDA:402,72,0,0
BRDA:402,72,1,0
BRDA:407,73,0,0
BRDA:407,73,1,0
BRDA:412,74,0,0
BRDA:412,74,1,0
BRDA:424,75,0,0
BRDA:424,75,1,0
BRDA:432,76,0,0
BRDA:432,76,1,0
BRDA:446,77,0,0
BRDA:446,77,1,0
BRDA:453,78,0,0
BRDA:453,78,1,0
BRDA:454,79,0,0
BRDA:454,79,1,0
BRDA:461,80,0,0
BRDA:461,80,1,0
BRDA:476,81,0,0
BRDA:476,81,1,0
BRDA:489,82,0,0
BRDA:489,82,1,0
BRDA:493,83,0,0
BRDA:493,83,1,0
BRDA:493,84,0,0
BRDA:493,84,1,0
BRDA:493,84,2,0
BRDA:496,85,0,0
BRDA:496,85,1,0
BRDA:496,86,0,0
BRDA:496,86,1,0
BRDA:496,86,2,0
BRDA:496,86,3,0
BRDA:499,87,0,0
BRDA:499,87,1,0
BRDA:499,88,0,0
BRDA:499,88,1,0
BRDA:499,88,2,0
BRDA:499,88,3,0
BRDA:502,89,0,0
BRDA:502,89,1,0
BRDA:502,90,0,0
BRDA:502,90,1,0
BRDA:502,90,2,0
BRF:189
BRH:67
end_of_record
TN:
SF:src/entities/quote/lib/useNetworkSync.ts
FN:41,(anonymous_0)
FN:65,(anonymous_1)
FN:77,(anonymous_2)
FN:86,(anonymous_3)
FN:114,(anonymous_4)
FN:126,(anonymous_5)
FN:135,(anonymous_6)
FN:148,(anonymous_7)
FN:159,(anonymous_8)
FN:169,(anonymous_9)
FN:179,(anonymous_10)
FN:186,(anonymous_11)
FN:194,(anonymous_12)
FN:199,(anonymous_13)
FN:208,(anonymous_14)
FN:217,(anonymous_15)
FN:230,(anonymous_16)
FN:232,(anonymous_17)
FN:242,(anonymous_18)
FN:243,(anonymous_19)
FN:281,(anonymous_20)
FN:295,(anonymous_21)
FN:298,(anonymous_22)
FN:304,(anonymous_23)
FN:316,(anonymous_24)
FN:326,(anonymous_25)
FN:329,(anonymous_26)
FN:333,(anonymous_27)
FN:338,(anonymous_28)
FNF:29
FNH:22
FNDA:15,(anonymous_0)
FNDA:17,(anonymous_1)
FNDA:15,(anonymous_2)
FNDA:8,(anonymous_3)
FNDA:8,(anonymous_4)
FNDA:7,(anonymous_5)
FNDA:7,(anonymous_6)
FNDA:0,(anonymous_7)
FNDA:0,(anonymous_8)
FNDA:0,(anonymous_9)
FNDA:1,(anonymous_10)
FNDA:1,(anonymous_11)
FNDA:4,(anonymous_12)
FNDA:6,(anonymous_13)
FNDA:1,(anonymous_14)
FNDA:1,(anonymous_15)
FNDA:0,(anonymous_16)
FNDA:0,(anonymous_17)
FNDA:3,(anonymous_18)
FNDA:3,(anonymous_19)
FNDA:3,(anonymous_20)
FNDA:8,(anonymous_21)
FNDA:2,(anonymous_22)
FNDA:2,(anonymous_23)
FNDA:5,(anonymous_24)
FNDA:11,(anonymous_25)
FNDA:0,(anonymous_26)
FNDA:0,(anonymous_27)
FNDA:15,(anonymous_28)
DA:26,3
DA:27,3
DA:28,3
DA:33,3
DA:39,3
DA:41,3
DA:42,15
DA:43,15
DA:52,15
DA:55,15
DA:58,15
DA:60,15
DA:63,15
DA:65,17
DA:77,15
DA:86,15
DA:88,8
DA:89,0
DA:90,0
DA:94,8
DA:95,8
DA:96,0
DA:97,0
DA:101,8
DA:102,8
DA:103,1
DA:104,1
DA:107,7
DA:111,15
DA:114,15
DA:116,8
DA:117,0
DA:118,0
DA:121,8
DA:122,8
DA:124,7
DA:125,7
DA:126,7
DA:128,7
DA:129,7
DA:131,7
DA:133,7
DA:135,7
DA:143,7
DA:144,7
DA:147,7
DA:148,0
DA:149,0
DA:150,0
DA:151,0
DA:153,0
DA:154,0
DA:156,0
DA:157,0
DA:159,0
DA:160,0
DA:161,0
DA:164,7
DA:168,0
DA:169,0
DA:174,0
DA:179,15
DA:181,1
DA:182,0
DA:186,1
DA:187,1
DA:190,1
DA:194,15
DA:195,4
DA:196,0
DA:199,4
DA:200,6
DA:203,4
DA:204,4
DA:208,15
DA:209,1
DA:210,1
DA:211,1
DA:212,1
DA:217,15
DA:219,1
DA:220,1
DA:221,1
DA:223,1
DA:230,15
DA:231,0
DA:232,0
DA:237,0
DA:238,0
DA:242,15
DA:243,3
DA:244,3
DA:245,3
DA:246,3
DA:247,3
DA:249,3
DA:251,3
DA:259,3
DA:260,3
DA:263,3
DA:264,0
DA:265,0
DA:269,3
DA:270,3
DA:274,0
DA:278,3
DA:281,3
DA:282,3
DA:283,3
DA:284,0
DA:285,0
DA:287,3
DA:288,3
DA:289,3
DA:295,15
DA:296,8
DA:298,5
DA:299,2
DA:300,2
DA:302,2
DA:303,2
DA:304,2
DA:306,2
DA:307,1
DA:308,1
DA:309,1
DA:310,1
DA:311,1
DA:316,5
DA:317,5
DA:326,15
DA:327,11
DA:329,0
DA:330,0
DA:333,0
DA:338,15
DA:354,3
DA:358,3
LF:138
LH:104
BRDA:63,0,0,4
BRDA:88,1,0,0
BRDA:88,1,1,8
BRDA:95,2,0,0
BRDA:95,2,1,8
BRDA:95,3,0,8
BRDA:95,3,1,8
BRDA:102,4,0,1
BRDA:102,4,1,7
BRDA:116,5,0,0
BRDA:116,5,1,8
BRDA:122,6,0,1
BRDA:122,6,1,7
BRDA:139,7,0,0
BRDA:139,7,1,7
BRDA:147,8,0,0
BRDA:147,8,1,7
BRDA:149,9,0,0
BRDA:149,9,1,0
BRDA:149,10,0,0
BRDA:149,10,1,0
BRDA:150,11,0,0
BRDA:150,11,1,0
BRDA:150,12,0,0
BRDA:150,12,1,0
BRDA:150,13,0,0
BRDA:150,13,1,0
BRDA:156,14,0,0
BRDA:156,14,1,0
BRDA:172,15,0,0
BRDA:172,15,1,0
BRDA:181,16,0,0
BRDA:181,16,1,1
BRDA:195,17,0,0
BRDA:195,17,1,4
BRDA:209,18,0,1
BRDA:209,18,1,0
BRDA:219,19,0,1
BRDA:219,19,1,0
BRDA:231,20,0,0
BRDA:231,20,1,0
BRDA:246,21,0,3
BRDA:246,21,1,3
BRDA:249,22,0,3
BRDA:249,22,1,3
BRDA:254,23,0,0
BRDA:254,23,1,3
BRDA:259,24,0,3
BRDA:259,24,1,3
BRDA:263,25,0,0
BRDA:263,25,1,3
BRDA:263,26,0,3
BRDA:263,26,1,3
BRDA:269,27,0,3
BRDA:269,27,1,0
BRDA:283,28,0,0
BRDA:283,28,1,3
BRDA:287,29,0,3
BRDA:287,29,1,0
BRDA:296,30,0,3
BRDA:296,30,1,5
BRDA:299,31,0,2
BRDA:299,31,1,1
BRDA:302,32,0,2
BRDA:302,32,1,0
BRDA:306,33,0,1
BRDA:306,33,1,1
BRDA:306,34,0,2
BRDA:306,34,1,1
BRDA:310,35,0,1
BRDA:310,35,1,0
BRDA:310,36,0,1
BRDA:310,36,1,1
BRDA:327,37,0,0
BRDA:327,37,1,11
BRDA:327,38,0,11
BRDA:327,38,1,3
BRF:77
BRH:44
end_of_record
TN:
SF:src/entities/quote/lib/useQuoteActions.ts
FN:21,(anonymous_0)
FN:31,(anonymous_1)
FN:86,(anonymous_2)
FN:89,(anonymous_3)
FN:104,(anonymous_4)
FN:105,(anonymous_5)
FNF:6
FNH:3
FNDA:3,(anonymous_0)
FNDA:3,(anonymous_1)
FNDA:2,(anonymous_2)
FNDA:0,(anonymous_3)
FNDA:0,(anonymous_4)
FNDA:0,(anonymous_5)
DA:21,1
DA:22,3
DA:23,3
DA:30,3
DA:37,3
DA:38,3
DA:39,3
DA:40,3
DA:42,3
DA:43,3
DA:45,3
DA:46,1
DA:47,1
DA:53,2
DA:55,2
DA:58,3
DA:61,3
DA:64,3
DA:65,1
DA:66,1
DA:70,3
DA:77,3
DA:79,2
DA:88,2
DA:90,0
DA:95,3
DA:96,0
DA:97,0
DA:98,0
DA:99,0
DA:100,0
DA:101,0
DA:103,0
DA:104,0
DA:105,0
DA:110,0
DA:111,0
DA:113,3
DA:114,3
DA:120,3
LF:40
LH:28
BRDA:35,0,0,0
BRDA:45,1,0,1
BRDA:45,1,1,2
BRDA:49,2,0,1
BRDA:49,2,1,0
BRDA:50,3,0,1
BRDA:50,3,1,0
BRDA:64,4,0,1
BRDA:64,4,1,2
BRDA:77,5,0,2
BRDA:77,5,1,1
BRDA:77,6,0,3
BRDA:77,6,1,3
BRDA:95,7,0,0
BRDA:95,7,1,3
BRDA:95,8,0,3
BRDA:95,8,1,2
BRDA:95,8,2,0
BRDA:97,9,0,0
BRDA:97,9,1,0
BRDA:97,10,0,0
BRDA:97,10,1,0
BRDA:97,10,2,0
BRDA:101,11,0,0
BRDA:101,11,1,0
BRF:25
BRH:13
end_of_record
TN:
SF:src/entities/quote/providers/QuoteProvider.tsx
FN:24,(anonymous_0)
FN:32,(anonymous_1)
FN:36,(anonymous_2)
FN:42,(anonymous_3)
FN:44,(anonymous_4)
FN:45,(anonymous_5)
FN:51,(anonymous_6)
FN:52,(anonymous_7)
FN:56,(anonymous_8)
FN:58,(anonymous_9)
FN:63,(anonymous_10)
FN:66,(anonymous_11)
FN:73,(anonymous_12)
FN:74,(anonymous_13)
FN:78,(anonymous_14)
FN:80,(anonymous_15)
FN:85,(anonymous_16)
FN:88,(anonymous_17)
FN:95,(anonymous_18)
FN:96,(anonymous_19)
FN:100,(anonymous_20)
FN:102,(anonymous_21)
FN:107,(anonymous_22)
FN:110,(anonymous_23)
FN:117,(anonymous_24)
FN:122,(anonymous_25)
FN:143,(anonymous_26)
FN:150,(anonymous_27)
FN:153,(anonymous_28)
FN:160,(anonymous_29)
FN:161,(anonymous_30)
FN:165,(anonymous_31)
FN:167,(anonymous_32)
FN:172,(anonymous_33)
FN:175,(anonymous_34)
FN:181,(anonymous_35)
FN:191,(anonymous_36)
FN:196,(anonymous_37)
FN:197,(anonymous_38)
FN:198,(anonymous_39)
FN:199,(anonymous_40)
FN:201,(anonymous_41)
FN:224,(anonymous_42)
FNF:43
FNH:29
FNDA:13,(anonymous_0)
FNDA:9,(anonymous_1)
FNDA:0,(anonymous_2)
FNDA:4,(anonymous_3)
FNDA:0,(anonymous_4)
FNDA:0,(anonymous_5)
FNDA:1,(anonymous_6)
FNDA:1,(anonymous_7)
FNDA:1,(anonymous_8)
FNDA:1,(anonymous_9)
FNDA:1,(anonymous_10)
FNDA:1,(anonymous_11)
FNDA:0,(anonymous_12)
FNDA:0,(anonymous_13)
FNDA:0,(anonymous_14)
FNDA:0,(anonymous_15)
FNDA:0,(anonymous_16)
FNDA:0,(anonymous_17)
FNDA:1,(anonymous_18)
FNDA:1,(anonymous_19)
FNDA:1,(anonymous_20)
FNDA:1,(anonymous_21)
FNDA:0,(anonymous_22)
FNDA:1,(anonymous_23)
FNDA:1,(anonymous_24)
FNDA:1,(anonymous_25)
FNDA:1,(anonymous_26)
FNDA:0,(anonymous_27)
FNDA:1,(anonymous_28)
FNDA:1,(anonymous_29)
FNDA:1,(anonymous_30)
FNDA:1,(anonymous_31)
FNDA:1,(anonymous_32)
FNDA:0,(anonymous_33)
FNDA:1,(anonymous_34)
FNDA:0,(anonymous_35)
FNDA:13,(anonymous_36)
FNDA:1,(anonymous_37)
FNDA:0,(anonymous_38)
FNDA:1,(anonymous_39)
FNDA:1,(anonymous_40)
FNDA:1,(anonymous_41)
FNDA:13,(anonymous_42)
DA:22,3
DA:24,3
DA:25,13
DA:26,13
DA:27,13
DA:30,13
DA:32,9
DA:36,13
DA:37,0
DA:38,0
DA:42,13
DA:43,4
DA:44,0
DA:45,0
DA:50,13
DA:51,1
DA:53,1
DA:54,1
DA:55,1
DA:56,1
DA:57,1
DA:58,1
DA:61,1
DA:64,1
DA:67,1
DA:72,13
DA:73,0
DA:75,0
DA:76,0
DA:77,0
DA:78,0
DA:79,0
DA:80,0
DA:83,0
DA:86,0
DA:89,0
DA:94,13
DA:95,1
DA:97,1
DA:98,1
DA:99,1
DA:100,1
DA:101,1
DA:102,1
DA:105,1
DA:108,0
DA:111,1
DA:116,13
DA:118,1
DA:119,1
DA:120,1
DA:123,1
DA:124,1
DA:125,1
DA:126,1
DA:127,1
DA:129,1
DA:143,1
DA:144,1
DA:145,1
DA:148,1
DA:151,0
DA:154,1
DA:159,13
DA:160,1
DA:162,1
DA:163,1
DA:164,1
DA:165,1
DA:166,1
DA:167,1
DA:170,1
DA:173,0
DA:176,1
DA:181,13
DA:182,0
DA:183,0
DA:184,0
DA:186,0
DA:191,13
DA:196,1
DA:197,0
DA:198,1
DA:200,1
DA:202,1
DA:217,13
DA:224,3
DA:225,13
DA:226,13
DA:227,0
DA:229,13
LF:91
LH:68
BRDA:30,0,0,5
BRDA:37,1,0,0
BRDA:37,1,1,0
BRDA:43,2,0,0
BRDA:43,2,1,4
BRDA:43,3,0,4
BRDA:43,3,1,0
BRDA:55,4,0,1
BRDA:55,4,1,0
BRDA:57,5,0,0
BRDA:57,5,1,1
BRDA:58,6,0,1
BRDA:58,6,1,0
BRDA:58,7,0,0
BRDA:58,7,1,1
BRDA:64,8,0,1
BRDA:64,8,1,0
BRDA:77,9,0,0
BRDA:77,9,1,0
BRDA:79,10,0,0
BRDA:79,10,1,0
BRDA:80,11,0,0
BRDA:80,11,1,0
BRDA:86,12,0,0
BRDA:86,12,1,0
BRDA:99,13,0,1
BRDA:99,13,1,0
BRDA:101,14,0,0
BRDA:101,14,1,1
BRDA:108,15,0,0
BRDA:108,15,1,0
BRDA:118,16,0,1
BRDA:118,16,1,0
BRDA:118,17,0,1
BRDA:118,17,1,1
BRDA:118,17,2,1
BRDA:119,18,0,0
BRDA:119,18,1,1
BRDA:119,19,0,1
BRDA:119,19,1,0
BRDA:119,19,2,0
BRDA:126,20,0,1
BRDA:126,20,1,0
BRDA:126,21,0,1
BRDA:126,21,1,1
BRDA:126,21,2,1
BRDA:127,22,0,0
BRDA:127,22,1,1
BRDA:127,23,0,1
BRDA:127,23,1,0
BRDA:127,23,2,0
BRDA:140,24,0,1
BRDA:140,24,1,0
BRDA:144,25,0,0
BRDA:144,25,1,1
BRDA:151,26,0,0
BRDA:151,26,1,0
BRDA:164,27,0,1
BRDA:164,27,1,0
BRDA:166,28,0,0
BRDA:166,28,1,1
BRDA:167,29,0,1
BRDA:167,29,1,0
BRDA:173,30,0,0
BRDA:173,30,1,0
BRDA:226,31,0,0
BRDA:226,31,1,13
BRF:67
BRH:28
end_of_record
TN:
SF:src/entities/quote/ui/QuoteActionModal.tsx
FN:21,(anonymous_0)
FN:23,(anonymous_1)
FN:42,(anonymous_2)
FN:52,(anonymous_3)
FN:68,(anonymous_4)
FNF:5
FNH:5
FNDA:5,(anonymous_0)
FNDA:5,(anonymous_1)
FNDA:1,(anonymous_2)
FNDA:1,(anonymous_3)
FNDA:5,(anonymous_4)
DA:21,1
DA:22,5
DA:23,5
DA:25,5
DA:43,1
DA:44,1
DA:53,1
DA:54,1
DA:66,1
DA:68,5
LF:10
LH:10
BRF:0
BRH:0
end_of_record
TN:
SF:src/entities/quote/ui/QuoteCard.tsx
FN:37,(anonymous_0)
FN:42,(anonymous_1)
FN:45,(anonymous_2)
FN:64,(anonymous_3)
FN:80,(anonymous_4)
FN:94,(anonymous_5)
FN:106,(anonymous_6)
FN:153,(anonymous_7)
FN:187,(anonymous_8)
FNF:9
FNH:7
FNDA:12,(anonymous_0)
FNDA:6,(anonymous_1)
FNDA:6,(anonymous_2)
FNDA:1,(anonymous_3)
FNDA:0,(anonymous_4)
FNDA:0,(anonymous_5)
FNDA:6,(anonymous_6)
FNDA:1,(anonymous_7)
FNDA:6,(anonymous_8)
DA:37,1
DA:38,12
DA:39,12
DA:42,1
DA:43,6
DA:44,6
DA:45,6
DA:46,6
DA:49,6
DA:50,6
DA:51,6
DA:52,6
DA:56,6
DA:57,6
DA:59,6
DA:60,6
DA:64,6
DA:65,1
DA:66,1
DA:67,1
DA:68,1
DA:70,0
DA:74,6
DA:81,0
DA:82,0
DA:95,0
DA:96,0
DA:97,0
DA:98,0
DA:103,0
DA:106,6
DA:153,1
DA:185,1
DA:187,6
LF:34
LH:26
BRDA:38,0,0,0
BRDA:38,0,1,12
BRDA:38,1,0,12
BRDA:38,1,1,12
BRDA:49,2,0,0
BRDA:49,2,1,6
BRDA:49,3,0,6
BRDA:49,3,1,0
BRDA:50,4,0,0
BRDA:50,4,1,6
BRDA:50,5,0,6
BRDA:50,5,1,0
BRDA:51,6,0,0
BRDA:51,6,1,6
BRDA:52,7,0,0
BRDA:52,7,1,6
BRDA:56,8,0,6
BRDA:56,8,1,6
BRDA:57,9,0,6
BRDA:57,9,1,6
BRDA:96,10,0,0
BRDA:96,10,1,0
BRDA:106,11,0,0
BRDA:106,11,1,6
BRDA:123,12,0,0
BRDA:123,12,1,6
BRDA:123,13,0,6
BRDA:123,13,1,0
BRDA:127,14,0,6
BRDA:127,14,1,0
BRDA:134,15,0,0
BRDA:134,15,1,6
BRDA:134,16,0,6
BRDA:134,16,1,0
BRDA:138,17,0,6
BRDA:138,17,1,0
BRDA:161,18,0,0
BRDA:161,18,1,6
BRDA:162,19,0,0
BRDA:162,19,1,6
BRDA:164,20,0,6
BRDA:164,20,1,0
BRF:42
BRH:23
end_of_record
TN:
SF:src/entities/user/api/AuthService.ts
FN:18,(anonymous_0)
FN:39,(anonymous_1)
FN:62,(anonymous_2)
FN:70,(anonymous_3)
FN:97,(anonymous_4)
FN:111,(anonymous_5)
FN:117,(anonymous_6)
FN:122,(anonymous_7)
FN:134,(anonymous_8)
FN:141,(anonymous_9)
FN:161,(anonymous_10)
FN:170,(anonymous_11)
FN:178,(anonymous_12)
FN:214,(anonymous_13)
FN:244,(anonymous_14)
FNF:15
FNH:1
FNDA:0,(anonymous_0)
FNDA:0,(anonymous_1)
FNDA:0,(anonymous_2)
FNDA:0,(anonymous_3)
FNDA:0,(anonymous_4)
FNDA:0,(anonymous_5)
FNDA:0,(anonymous_6)
FNDA:0,(anonymous_7)
FNDA:0,(anonymous_8)
FNDA:0,(anonymous_9)
FNDA:0,(anonymous_10)
FNDA:0,(anonymous_11)
FNDA:0,(anonymous_12)
FNDA:0,(anonymous_13)
FNDA:2,(anonymous_14)
DA:19,0
DA:20,0
DA:21,0
DA:24,0
DA:25,0
DA:26,0
DA:28,0
DA:29,0
DA:31,0
DA:32,0
DA:40,0
DA:45,0
DA:48,0
DA:50,0
DA:55,0
DA:56,0
DA:63,0
DA:64,0
DA:71,0
DA:73,0
DA:83,0
DA:86,0
DA:88,0
DA:93,0
DA:94,0
DA:98,0
DA:104,0
DA:106,0
DA:108,0
DA:112,0
DA:113,0
DA:118,0
DA:119,0
DA:123,0
DA:124,0
DA:126,0
DA:133,0
DA:134,0
DA:135,0
DA:138,0
DA:142,0
DA:143,0
DA:146,0
DA:147,0
DA:148,0
DA:151,0
DA:160,0
DA:161,0
DA:162,0
DA:165,0
DA:166,0
DA:167,0
DA:171,0
DA:172,0
DA:179,0
DA:180,0
DA:181,0
DA:183,0
DA:186,0
DA:191,0
DA:194,0
DA:195,0
DA:196,0
DA:197,0
DA:203,0
DA:206,0
DA:207,0
DA:215,0
DA:217,0
DA:225,0
DA:227,0
DA:229,0
DA:230,0
DA:231,0
DA:233,0
DA:235,0
DA:239,0
DA:246,2
DA:247,2
DA:250,0
DA:251,0
DA:254,0
DA:255,0
DA:256,0
DA:260,5
LF:85
LH:3
BRDA:24,0,0,0
BRDA:24,0,1,0
BRDA:45,1,0,0
BRDA:45,1,1,0
BRDA:52,2,0,0
BRDA:52,2,1,0
BRDA:64,3,0,0
BRDA:64,3,1,0
BRDA:71,4,0,0
BRDA:71,4,1,0
BRDA:83,5,0,0
BRDA:83,5,1,0
BRDA:90,6,0,0
BRDA:90,6,1,0
BRDA:104,7,0,0
BRDA:104,7,1,0
BRDA:104,8,0,0
BRDA:104,8,1,0
BRDA:112,9,0,0
BRDA:112,9,1,0
BRDA:124,10,0,0
BRDA:124,10,1,0
BRDA:133,11,0,0
BRDA:133,11,1,0
BRDA:135,12,0,0
BRDA:135,12,1,0
BRDA:143,13,0,0
BRDA:143,13,1,0
BRDA:147,14,0,0
BRDA:147,14,1,0
BRDA:147,15,0,0
BRDA:147,15,1,0
BRDA:160,16,0,0
BRDA:160,16,1,0
BRDA:162,17,0,0
BRDA:162,17,1,0
BRDA:172,18,0,0
BRDA:172,18,1,0
BRDA:183,19,0,0
BRDA:183,19,1,0
BRDA:191,20,0,0
BRDA:191,20,1,0
BRDA:195,21,0,0
BRDA:195,21,1,0
BRDA:199,22,0,0
BRDA:199,22,1,0
BRDA:225,23,0,0
BRDA:225,23,1,0
BRDA:229,24,0,0
BRDA:229,24,1,0
BRDA:233,25,0,0
BRDA:233,25,1,0
BRDA:239,26,0,0
BRDA:239,26,1,0
BRDA:247,27,0,2
BRDA:247,27,1,0
BRDA:251,28,0,0
BRDA:251,28,1,0
BRDA:251,29,0,0
BRDA:251,29,1,0
BRF:60
BRH:1
end_of_record
TN:
SF:src/features/app-tour/index.ts
FNF:0
FNH:0
LF:0
LH:0
BRF:0
BRH:0
end_of_record
TN:
SF:src/features/app-tour/model/useAppTour.ts
FN:15,useAppTour
FN:20,(anonymous_1)
FN:21,(anonymous_2)
FN:27,(anonymous_3)
FN:36,(anonymous_4)
FNF:5
FNH:0
FNDA:0,useAppTour
FNDA:0,(anonymous_1)
FNDA:0,(anonymous_2)
FNDA:0,(anonymous_3)
FNDA:0,(anonymous_4)
DA:16,0
DA:17,0
DA:18,0
DA:20,0
DA:21,0
DA:22,0
DA:24,0
DA:25,0
DA:26,0
DA:27,0
DA:28,0
DA:33,0
DA:36,0
DA:37,0
DA:38,0
DA:39,0
DA:45,0
DA:46,0
DA:47,0
DA:52,0
LF:20
LH:0
BRDA:22,0,0,0
BRDA:22,0,1,0
BRDA:25,1,0,0
BRDA:25,1,1,0
BRDA:37,2,0,0
BRDA:37,2,1,0
BRDA:39,3,0,0
BRDA:39,3,1,0
BRDA:40,4,0,0
BRDA:40,4,1,0
BRDA:40,4,2,0
BRDA:40,4,3,0
BRDA:46,5,0,0
BRDA:46,5,1,0
BRDA:46,6,0,0
BRDA:46,6,1,0
BRF:16
BRH:0
end_of_record
TN:
SF:src/features/app-tour/model/useAppTourState.ts
FN:29,(anonymous_0)
FN:33,(anonymous_1)
FN:42,(anonymous_2)
FN:48,(anonymous_3)
FN:57,(anonymous_4)
FN:64,(anonymous_5)
FN:71,(anonymous_6)
FNF:7
FNH:1
FNDA:1,(anonymous_0)
FNDA:0,(anonymous_1)
FNDA:0,(anonymous_2)
FNDA:0,(anonymous_3)
FNDA:0,(anonymous_4)
FNDA:0,(anonymous_5)
FNDA:0,(anonymous_6)
DA:4,1
DA:29,1
DA:34,0
DA:35,0
DA:36,0
DA:37,0
DA:39,0
DA:43,0
DA:44,0
DA:45,0
DA:49,0
DA:50,0
DA:51,0
DA:53,0
DA:58,0
DA:59,0
DA:60,0
DA:65,0
DA:66,0
DA:67,0
DA:72,0
DA:73,0
DA:74,0
LF:23
LH:2
BRDA:35,0,0,0
BRDA:35,0,1,0
BRDA:37,1,0,0
BRDA:37,1,1,0
BRDA:50,2,0,0
BRDA:50,2,1,0
BRDA:59,3,0,0
BRDA:59,3,1,0
BRDA:66,4,0,0
BRDA:66,4,1,0
BRF:10
BRH:0
end_of_record
TN:
SF:src/features/app-tour/ui/InteractiveTooltip.tsx
FN:50,InteractiveTooltip
FN:88,(anonymous_1)
FN:96,(anonymous_2)
FN:99,(anonymous_3)
FN:105,(anonymous_4)
FN:125,(anonymous_5)
FN:149,(anonymous_6)
FN:198,(anonymous_7)
FNF:8
FNH:0
FNDA:0,InteractiveTooltip
FNDA:0,(anonymous_1)
FNDA:0,(anonymous_2)
FNDA:0,(anonymous_3)
FNDA:0,(anonymous_4)
FNDA:0,(anonymous_5)
FNDA:0,(anonymous_6)
FNDA:0,(anonymous_7)
DA:26,1
DA:38,1
DA:64,0
DA:65,0
DA:66,0
DA:67,0
DA:68,0
DA:69,0
DA:70,0
DA:71,0
DA:73,0
DA:75,0
DA:76,0
DA:78,0
DA:79,0
DA:80,0
DA:81,0
DA:82,0
DA:84,0
DA:85,0
DA:86,0
DA:88,0
DA:89,0
DA:91,0
DA:92,0
DA:94,0
DA:95,0
DA:96,0
DA:97,0
DA:99,0
DA:101,0
DA:105,0
DA:106,0
DA:107,0
DA:108,0
DA:109,0
DA:110,0
DA:114,0
DA:116,0
DA:117,0
DA:118,0
DA:119,0
DA:122,0
DA:125,0
DA:126,0
DA:127,0
DA:128,0
DA:129,0
DA:130,0
DA:131,0
DA:132,0
DA:133,0
DA:134,0
DA:138,0
DA:142,0
DA:145,0
DA:149,0
DA:150,0
DA:151,0
DA:153,0
DA:155,0
DA:157,0
DA:159,0
DA:161,0
DA:165,0
DA:219,1
LF:66
LH:3
BRDA:56,0,0,0
BRDA:57,1,0,0
BRDA:58,2,0,0
BRDA:75,3,0,0
BRDA:75,3,1,0
BRDA:75,4,0,0
BRDA:75,4,1,0
BRDA:76,5,0,0
BRDA:76,5,1,0
BRDA:76,6,0,0
BRDA:76,6,1,0
BRDA:80,7,0,0
BRDA:80,7,1,0
BRDA:81,8,0,0
BRDA:81,8,1,0
BRDA:84,9,0,0
BRDA:84,9,1,0
BRDA:85,10,0,0
BRDA:85,10,1,0
BRDA:89,11,0,0
BRDA:89,11,1,0
BRDA:92,12,0,0
BRDA:92,12,1,0
BRDA:92,12,2,0
BRDA:94,13,0,0
BRDA:94,13,1,0
BRDA:94,14,0,0
BRDA:94,14,1,0
BRDA:95,15,0,0
BRDA:95,15,1,0
BRDA:106,16,0,0
BRDA:106,16,1,0
BRDA:108,17,0,0
BRDA:108,17,1,0
BRDA:116,18,0,0
BRDA:116,18,1,0
BRDA:126,19,0,0
BRDA:126,19,1,0
BRDA:130,20,0,0
BRDA:130,20,1,0
BRDA:132,21,0,0
BRDA:132,21,1,0
BRDA:145,22,0,0
BRDA:145,22,1,0
BRDA:145,23,0,0
BRDA:145,23,1,0
BRDA:146,24,0,0
BRDA:146,24,1,0
BRDA:150,25,0,0
BRDA:150,25,1,0
BRDA:151,26,0,0
BRDA:151,26,1,0
BRDA:151,26,2,0
BRDA:151,26,3,0
BRDA:151,26,4,0
BRDA:167,27,0,0
BRDA:167,27,1,0
BRDA:184,28,0,0
BRDA:184,28,1,0
BRDA:191,29,0,0
BRDA:191,29,1,0
BRF:61
BRH:0
end_of_record
TN:
SF:src/features/quote/model/QuoteUseCases.ts
FN:18,(anonymous_0)
FN:25,(anonymous_1)
FN:59,(anonymous_2)
FN:86,(anonymous_3)
FN:106,(anonymous_4)
FN:170,(anonymous_5)
FN:194,(anonymous_6)
FN:196,(anonymous_7)
FN:216,(anonymous_8)
FN:226,(anonymous_9)
FN:234,(anonymous_10)
FN:244,(anonymous_11)
FN:287,(anonymous_12)
FN:311,(anonymous_13)
FN:315,(anonymous_14)
FN:319,(anonymous_15)
FN:323,(anonymous_16)
FN:333,(anonymous_17)
FN:341,(anonymous_18)
FN:355,(anonymous_19)
FN:369,(anonymous_20)
FN:377,(anonymous_21)
FN:393,(anonymous_22)
FN:400,(anonymous_23)
FN:408,(anonymous_24)
FNF:25
FNH:7
FNDA:10,(anonymous_0)
FNDA:2,(anonymous_1)
FNDA:0,(anonymous_2)
FNDA:0,(anonymous_3)
FNDA:2,(anonymous_4)
FNDA:0,(anonymous_5)
FNDA:0,(anonymous_6)
FNDA:0,(anonymous_7)
FNDA:7,(anonymous_8)
FNDA:2,(anonymous_9)
FNDA:2,(anonymous_10)
FNDA:2,(anonymous_11)
FNDA:0,(anonymous_12)
FNDA:0,(anonymous_13)
FNDA:0,(anonymous_14)
FNDA:0,(anonymous_15)
FNDA:0,(anonymous_16)
FNDA:0,(anonymous_17)
FNDA:0,(anonymous_18)
FNDA:0,(anonymous_19)
FNDA:0,(anonymous_20)
FNDA:0,(anonymous_21)
FNDA:0,(anonymous_22)
FNDA:0,(anonymous_23)
FNDA:0,(anonymous_24)
DA:8,4
DA:15,10
DA:16,10
DA:27,2
DA:28,2
DA:29,0
DA:33,2
DA:34,2
DA:36,2
DA:38,2
DA:42,1
DA:45,1
DA:52,1
DA:60,0
DA:61,0
DA:62,0
DA:65,0
DA:67,0
DA:68,0
DA:69,0
DA:72,0
DA:79,0
DA:88,0
DA:89,0
DA:91,0
DA:96,0
DA:111,2
DA:112,2
DA:113,2
DA:114,2
DA:117,2
DA:118,2
DA:121,2
DA:140,2
DA:141,2
DA:143,0
DA:147,2
DA:155,2
DA:156,2
DA:157,2
DA:158,2
DA:161,0
DA:164,2
DA:171,0
DA:173,0
DA:174,0
DA:178,0
DA:179,0
DA:182,0
DA:184,0
DA:186,0
DA:187,0
DA:195,0
DA:196,0
DA:197,0
DA:198,0
DA:208,0
DA:210,0
DA:217,7
DA:218,6
DA:219,6
DA:220,3
DA:227,2
DA:228,2
DA:235,2
DA:236,2
DA:237,2
DA:250,2
DA:251,0
DA:252,0
DA:255,2
DA:257,2
DA:259,2
DA:261,2
DA:262,2
DA:265,0
DA:268,0
DA:270,0
DA:277,0
DA:278,0
DA:280,2
DA:288,0
DA:291,0
DA:292,0
DA:295,0
DA:296,0
DA:298,0
DA:299,0
DA:301,0
DA:302,0
DA:304,0
DA:305,0
DA:307,0
DA:312,0
DA:316,0
DA:320,0
DA:324,0
DA:325,0
DA:334,0
DA:335,0
DA:342,0
DA:343,0
DA:344,0
DA:349,0
DA:356,0
DA:357,0
DA:358,0
DA:363,0
DA:370,0
DA:371,0
DA:380,0
DA:381,0
DA:382,0
DA:384,0
DA:386,0
DA:394,0
DA:401,0
DA:411,0
LF:118
LH:43
BRDA:28,0,0,0
BRDA:28,0,1,2
BRDA:34,1,0,2
BRDA:34,1,1,0
BRDA:46,2,0,1
BRDA:46,2,1,0
BRDA:61,3,0,0
BRDA:61,3,1,0
BRDA:73,4,0,0
BRDA:73,4,1,0
BRDA:134,5,0,2
BRDA:134,5,1,2
BRDA:157,6,0,2
BRDA:157,6,1,0
BRDA:171,7,0,0
BRDA:171,7,1,0
BRDA:173,8,0,0
BRDA:173,8,1,0
BRDA:173,9,0,0
BRDA:173,9,1,0
BRDA:195,10,0,0
BRDA:195,10,1,0
BRDA:197,11,0,0
BRDA:197,11,1,0
BRDA:217,12,0,1
BRDA:217,12,1,6
BRDA:219,13,0,3
BRDA:219,13,1,3
BRDA:219,14,0,6
BRDA:219,14,1,5
BRDA:219,14,2,4
BRDA:228,15,0,2
BRDA:228,15,1,2
BRDA:235,16,0,2
BRDA:235,16,1,1
BRDA:250,17,0,0
BRDA:250,17,1,2
BRDA:261,18,0,2
BRDA:261,18,1,0
BRDA:261,19,0,2
BRDA:261,19,1,0
BRDA:288,20,0,0
BRDA:288,20,1,0
BRDA:288,20,2,0
BRDA:288,20,3,0
BRDA:288,20,4,0
BRDA:288,20,5,0
BRDA:288,20,6,0
BRDA:288,20,7,0
BRDA:324,21,0,0
BRDA:324,21,1,0
BRDA:335,22,0,0
BRDA:335,22,1,0
BRDA:343,23,0,0
BRDA:343,23,1,0
BRDA:357,24,0,0
BRDA:357,24,1,0
BRDA:381,25,0,0
BRDA:381,25,1,0
BRF:59
BRH:20
end_of_record
TN:
SF:src/features/scanner/api/ScanService.ts
FN:116,(anonymous_0)
FN:124,(anonymous_1)
FN:226,(anonymous_2)
FN:304,(anonymous_3)
FN:342,(anonymous_4)
FN:360,(anonymous_5)
FN:386,(anonymous_6)
FN:438,(anonymous_7)
FN:452,(anonymous_8)
FN:462,(anonymous_9)
FN:468,(anonymous_10)
FNF:11
FNH:3
FNDA:6,(anonymous_0)
FNDA:5,(anonymous_1)
FNDA:2,(anonymous_2)
FNDA:0,(anonymous_3)
FNDA:0,(anonymous_4)
FNDA:0,(anonymous_5)
FNDA:0,(anonymous_6)
FNDA:0,(anonymous_7)
FNDA:0,(anonymous_8)
FNDA:0,(anonymous_9)
FNDA:0,(anonymous_10)
DA:14,1
DA:29,1
DA:129,5
DA:130,5
DA:131,1
DA:134,4
DA:136,4
DA:138,4
DA:140,3
DA:142,3
DA:143,3
DA:144,3
DA:150,3
DA:151,1
DA:167,1
DA:169,1
DA:177,1
DA:181,2
DA:184,2
DA:199,2
DA:201,2
DA:202,2
DA:204,2
DA:205,4
DA:206,4
DA:215,2
DA:216,2
DA:217,2
DA:218,2
DA:221,2
DA:222,0
DA:223,0
DA:225,2
DA:226,2
DA:230,2
DA:231,2
DA:233,2
DA:241,2
DA:245,0
DA:261,0
DA:269,0
DA:270,0
DA:271,0
DA:272,0
DA:276,0
DA:278,0
DA:286,0
DA:288,0
DA:289,0
DA:292,1
DA:293,1
DA:310,0
DA:311,0
DA:313,0
DA:314,0
DA:316,0
DA:317,0
DA:326,0
DA:329,0
DA:337,0
DA:342,0
DA:347,0
DA:348,0
DA:368,0
DA:369,0
DA:370,0
DA:372,0
DA:373,0
DA:375,0
DA:376,0
DA:386,0
DA:387,0
DA:390,0
DA:392,0
DA:393,0
DA:403,0
DA:411,0
DA:423,0
DA:424,0
DA:439,0
DA:440,0
DA:441,0
DA:442,0
DA:444,0
DA:456,0
DA:458,0
DA:461,0
DA:462,0
DA:466,0
DA:467,0
DA:468,0
DA:473,0
DA:474,0
DA:479,0
DA:480,0
DA:487,0
DA:488,0
DA:490,0
DA:492,0
DA:502,1
LF:100
LH:39
BRDA:117,0,0,6
BRDA:130,1,0,1
BRDA:130,1,1,4
BRDA:142,2,0,3
BRDA:142,2,1,0
BRDA:142,3,0,3
BRDA:142,3,1,3
BRDA:144,4,0,1
BRDA:144,4,1,2
BRDA:144,5,0,3
BRDA:144,5,1,1
BRDA:150,6,0,1
BRDA:150,6,1,2
BRDA:150,7,0,3
BRDA:150,7,1,1
BRDA:150,7,2,0
BRDA:152,8,0,1
BRDA:152,8,1,0
BRDA:170,9,0,1
BRDA:170,9,1,0
BRDA:170,9,2,0
BRDA:172,10,0,1
BRDA:172,10,1,1
BRDA:172,10,2,1
BRDA:185,11,0,2
BRDA:185,11,1,0
BRDA:186,12,0,2
BRDA:186,12,1,2
BRDA:187,13,0,2
BRDA:187,13,1,2
BRDA:187,13,2,2
BRDA:188,14,0,2
BRDA:188,14,1,0
BRDA:191,15,0,2
BRDA:191,15,1,0
BRDA:192,16,0,2
BRDA:192,16,1,0
BRDA:193,17,0,2
BRDA:193,17,1,0
BRDA:194,18,0,2
BRDA:194,18,1,2
BRDA:195,19,0,2
BRDA:195,19,1,2
BRDA:210,20,0,4
BRDA:210,20,1,0
BRDA:215,21,0,2
BRDA:215,21,1,0
BRDA:221,22,0,0
BRDA:221,22,1,2
BRDA:230,23,0,2
BRDA:230,23,1,0
BRDA:230,24,0,2
BRDA:230,24,1,2
BRDA:234,25,0,2
BRDA:234,25,1,1
BRDA:234,25,2,1
BRDA:234,25,3,0
BRDA:236,26,0,2
BRDA:236,26,1,2
BRDA:236,26,2,2
BRDA:236,26,3,2
BRDA:237,27,0,2
BRDA:237,27,1,0
BRDA:238,28,0,2
BRDA:238,28,1,2
BRDA:238,28,2,2
BRDA:246,29,0,0
BRDA:246,29,1,0
BRDA:262,30,0,0
BRDA:262,30,1,0
BRDA:262,30,2,0
BRDA:264,31,0,0
BRDA:264,31,1,0
BRDA:264,31,2,0
BRDA:265,32,0,0
BRDA:265,32,1,0
BRDA:270,33,0,0
BRDA:270,33,1,0
BRDA:270,34,0,0
BRDA:270,34,1,0
BRDA:272,35,0,0
BRDA:272,35,1,0
BRDA:274,36,0,0
BRDA:274,36,1,0
BRDA:281,37,0,0
BRDA:281,37,1,0
BRDA:282,38,0,0
BRDA:282,38,1,0
BRDA:296,39,0,1
BRDA:296,39,1,0
BRDA:316,40,0,0
BRDA:316,40,1,0
BRDA:316,41,0,0
BRDA:316,41,1,0
BRDA:331,42,0,0
BRDA:331,42,1,0
BRDA:332,43,0,0
BRDA:332,43,1,0
BRDA:333,44,0,0
BRDA:333,44,1,0
BRDA:352,45,0,0
BRDA:352,45,1,0
BRDA:369,46,0,0
BRDA:369,46,1,0
BRDA:375,47,0,0
BRDA:375,47,1,0
BRDA:375,48,0,0
BRDA:375,48,1,0
BRDA:392,49,0,0
BRDA:392,49,1,0
BRDA:392,50,0,0
BRDA:392,50,1,0
BRDA:405,51,0,0
BRDA:405,51,1,0
BRDA:406,52,0,0
BRDA:406,52,1,0
BRDA:430,53,0,0
BRDA:430,53,1,0
BRDA:439,54,0,0
BRDA:439,54,1,0
BRDA:441,55,0,0
BRDA:441,55,1,0
BRDA:462,56,0,0
BRDA:462,56,1,0
BRDA:462,56,2,0
BRDA:466,57,0,0
BRDA:466,57,1,0
BRDA:468,58,0,0
BRDA:468,58,1,0
BRDA:468,58,2,0
BRDA:473,59,0,0
BRDA:473,59,1,0
BRDA:474,60,0,0
BRDA:474,60,1,0
BRDA:479,61,0,0
BRDA:479,61,1,0
BRDA:495,62,0,0
BRDA:495,62,1,0
BRF:138
BRH:51
end_of_record
TN:
SF:src/features/scanner/model/mlKitParser.ts
FN:14,(anonymous_0)
FNF:1
FNH:0
FNDA:0,(anonymous_0)
DA:14,1
DA:20,0
DA:23,0
DA:24,0
DA:30,0
DA:32,0
DA:33,0
DA:36,0
DA:37,0
DA:38,0
DA:39,0
DA:45,0
DA:47,0
DA:49,0
DA:50,0
LF:15
LH:1
BRDA:23,0,0,0
BRDA:23,0,1,0
BRDA:33,1,0,0
BRDA:33,1,1,0
BRF:4
BRH:0
end_of_record
TN:
SF:src/features/scanner/model/textReconstructor.ts
FN:17,(anonymous_0)
FN:19,(anonymous_1)
FN:20,(anonymous_2)
FN:25,(anonymous_3)
FN:27,(anonymous_4)
FN:31,(anonymous_5)
FN:52,(anonymous_6)
FN:77,(anonymous_7)
FN:79,(anonymous_8)
FN:79,(anonymous_9)
FN:84,(anonymous_10)
FN:86,(anonymous_11)
FN:95,(anonymous_12)
FN:98,(anonymous_13)
FN:99,(anonymous_14)
FN:104,(anonymous_15)
FN:104,(anonymous_16)
FN:105,(anonymous_17)
FN:107,(anonymous_18)
FN:144,(anonymous_19)
FN:149,(anonymous_20)
FNF:21
FNH:7
FNDA:2,(anonymous_0)
FNDA:4,(anonymous_1)
FNDA:2,(anonymous_2)
FNDA:2,(anonymous_3)
FNDA:2,(anonymous_4)
FNDA:0,(anonymous_5)
FNDA:0,(anonymous_6)
FNDA:0,(anonymous_7)
FNDA:0,(anonymous_8)
FNDA:0,(anonymous_9)
FNDA:0,(anonymous_10)
FNDA:0,(anonymous_11)
FNDA:0,(anonymous_12)
FNDA:0,(anonymous_13)
FNDA:0,(anonymous_14)
FNDA:0,(anonymous_15)
FNDA:0,(anonymous_16)
FNDA:0,(anonymous_17)
FNDA:0,(anonymous_18)
FNDA:4,(anonymous_19)
FNDA:10,(anonymous_20)
DA:4,1
DA:15,1
DA:17,1
DA:18,2
DA:19,4
DA:20,2
DA:25,2
DA:26,2
DA:27,2
DA:31,1
DA:37,0
DA:38,0
DA:49,0
DA:51,0
DA:53,0
DA:54,0
DA:55,0
DA:57,0
DA:58,0
DA:59,0
DA:60,0
DA:62,0
DA:63,0
DA:65,0
DA:66,0
DA:67,0
DA:68,0
DA:71,0
DA:72,0
DA:75,0
DA:77,0
DA:79,0
DA:80,0
DA:81,0
DA:83,0
DA:84,0
DA:85,0
DA:86,0
DA:87,0
DA:88,0
DA:89,0
DA:91,0
DA:95,0
DA:98,0
DA:99,0
DA:100,0
DA:104,0
DA:105,0
DA:107,0
DA:108,0
DA:109,0
DA:111,0
DA:112,0
DA:115,0
DA:116,0
DA:118,0
DA:119,0
DA:120,0
DA:122,0
DA:123,0
DA:125,0
DA:127,0
DA:130,0
DA:134,0
DA:137,0
DA:144,1
DA:147,4
DA:149,4
DA:150,10
DA:151,10
DA:153,6
DA:154,6
DA:157,6
DA:158,6
DA:160,6
DA:161,2
DA:162,2
DA:164,2
DA:165,2
DA:167,2
DA:169,1
DA:172,1
DA:176,4
LF:83
LH:28
BRDA:19,0,0,4
BRDA:19,0,1,4
BRDA:19,0,2,2
BRDA:26,1,0,1
BRDA:26,1,1,1
BRDA:37,2,0,0
BRDA:37,2,1,0
BRDA:53,3,0,0
BRDA:53,3,1,0
BRDA:55,4,0,0
BRDA:55,4,1,0
BRDA:65,5,0,0
BRDA:65,5,1,0
BRDA:80,6,0,0
BRDA:80,6,1,0
BRDA:87,7,0,0
BRDA:87,7,1,0
BRDA:109,8,0,0
BRDA:109,8,1,0
BRDA:118,9,0,0
BRDA:118,9,1,0
BRDA:118,10,0,0
BRDA:118,10,1,0
BRDA:123,11,0,0
BRDA:123,11,1,0
BRDA:123,11,2,0
BRDA:125,12,0,0
BRDA:125,12,1,0
BRDA:147,13,0,0
BRDA:147,13,1,4
BRDA:151,14,0,4
BRDA:151,14,1,6
BRDA:160,15,0,2
BRDA:160,15,1,4
BRDA:160,16,0,6
BRDA:160,16,1,2
BRDA:165,17,0,2
BRDA:165,17,1,2
BRDA:165,17,2,1
BRDA:167,18,0,1
BRDA:167,18,1,1
BRF:41
BRH:17
end_of_record
TN:
SF:src/features/scanner/model/useIsbnScanner.ts
FN:13,extractIsbn
FN:48,useIsbnScanner
FN:64,(anonymous_2)
FN:90,(anonymous_3)
FN:91,(anonymous_4)
FNF:5
FNH:1
FNDA:5,extractIsbn
FNDA:0,useIsbnScanner
FNDA:0,(anonymous_2)
FNDA:0,(anonymous_3)
FNDA:0,(anonymous_4)
DA:15,5
DA:16,5
DA:18,5
DA:20,5
DA:21,4
DA:22,4
DA:23,4
DA:25,0
DA:26,0
DA:30,1
DA:31,1
DA:32,1
DA:33,0
DA:36,1
DA:37,0
DA:40,1
DA:41,1
DA:42,0
DA:45,1
DA:53,0
DA:54,0
DA:57,0
DA:61,0
DA:64,0
DA:67,0
DA:69,0
DA:71,0
DA:72,0
DA:73,0
DA:74,0
DA:75,0
DA:76,0
DA:77,0
DA:78,0
DA:79,0
DA:82,0
DA:84,0
DA:90,0
DA:91,0
DA:93,0
DA:97,0
LF:41
LH:14
BRDA:16,0,0,5
BRDA:16,0,1,1
BRDA:22,1,0,4
BRDA:22,1,1,0
BRDA:22,2,0,4
BRDA:22,2,1,4
BRDA:25,3,0,0
BRDA:25,3,1,0
BRDA:25,4,0,0
BRDA:25,4,1,0
BRDA:26,5,0,0
BRDA:26,5,1,0
BRDA:32,6,0,0
BRDA:32,6,1,1
BRDA:36,7,0,0
BRDA:36,7,1,1
BRDA:41,8,0,0
BRDA:41,8,1,1
BRDA:50,9,0,0
BRDA:61,10,0,0
BRDA:61,10,1,0
BRDA:67,11,0,0
BRDA:67,11,1,0
BRDA:71,12,0,0
BRDA:71,12,1,0
BRDA:76,13,0,0
BRDA:76,13,1,0
BRDA:76,14,0,0
BRDA:76,14,1,0
BRDA:78,15,0,0
BRDA:78,15,1,0
BRF:31
BRH:8
end_of_record
TN:
SF:src/features/search/api/SearchService.ts
FN:20,(anonymous_0)
FN:34,(anonymous_1)
FN:59,(anonymous_2)
FN:71,(anonymous_3)
FN:75,(anonymous_4)
FN:79,(anonymous_5)
FNF:6
FNH:0
FNDA:0,(anonymous_0)
FNDA:0,(anonymous_1)
FNDA:0,(anonymous_2)
FNDA:0,(anonymous_3)
FNDA:0,(anonymous_4)
FNDA:0,(anonymous_5)
DA:18,1
DA:21,0
DA:23,0
DA:24,0
DA:27,0
DA:28,0
DA:31,0
DA:32,0
DA:33,0
DA:34,0
DA:35,0
DA:36,0
DA:39,0
DA:41,0
DA:42,0
DA:43,0
DA:44,0
DA:46,0
DA:47,0
DA:50,0
DA:51,0
DA:54,0
DA:55,0
DA:60,0
DA:62,0
DA:63,0
DA:69,0
DA:71,0
DA:72,0
DA:75,0
DA:76,0
DA:79,0
DA:80,0
DA:83,0
DA:90,0
DA:91,0
DA:96,1
LF:37
LH:2
BRDA:23,0,0,0
BRDA:23,0,1,0
BRDA:27,1,0,0
BRDA:27,1,1,0
BRDA:41,2,0,0
BRDA:41,2,1,0
BRDA:43,3,0,0
BRDA:43,3,1,0
BRDA:43,4,0,0
BRDA:43,4,1,0
BRDA:43,5,0,0
BRDA:43,5,1,0
BRDA:71,6,0,0
BRDA:71,6,1,0
BRDA:75,7,0,0
BRDA:75,7,1,0
BRDA:79,8,0,0
BRDA:79,8,1,0
BRF:18
BRH:0
end_of_record
TN:
SF:src/shared/api/HttpClient.ts
FN:24,(anonymous_0)
FN:26,(anonymous_1)
FN:36,(anonymous_2)
FN:66,(anonymous_3)
FN:73,(anonymous_4)
FN:74,(anonymous_5)
FN:87,(anonymous_6)
FN:135,(anonymous_7)
FN:139,(anonymous_8)
FN:147,(anonymous_9)
FN:155,(anonymous_10)
FN:163,(anonymous_11)
FNF:12
FNH:3
FNDA:7,(anonymous_0)
FNDA:7,(anonymous_1)
FNDA:0,(anonymous_2)
FNDA:4,(anonymous_3)
FNDA:0,(anonymous_4)
FNDA:0,(anonymous_5)
FNDA:0,(anonymous_6)
FNDA:0,(anonymous_7)
FNDA:0,(anonymous_8)
FNDA:0,(anonymous_9)
FNDA:0,(anonymous_10)
FNDA:0,(anonymous_11)
DA:22,7
DA:27,7
DA:28,7
DA:30,7
DA:37,0
DA:39,0
DA:40,0
DA:43,0
DA:44,0
DA:45,0
DA:46,0
DA:47,0
DA:50,0
DA:56,0
DA:57,0
DA:60,0
DA:67,4
DA:68,4
DA:71,0
DA:72,0
DA:73,0
DA:74,0
DA:77,0
DA:78,0
DA:81,0
DA:88,0
DA:89,0
DA:91,0
DA:96,0
DA:97,0
DA:100,0
DA:101,0
DA:102,0
DA:103,0
DA:104,0
DA:105,0
DA:110,0
DA:114,0
DA:115,0
DA:119,0
DA:120,0
DA:121,0
DA:124,0
DA:126,0
DA:127,0
DA:129,0
DA:131,0
DA:136,0
DA:140,0
DA:148,0
DA:156,0
DA:164,0
DA:168,7
LF:53
LH:7
BRDA:22,0,0,7
BRDA:22,0,1,0
BRDA:22,0,2,0
BRDA:27,1,0,7
BRDA:27,1,1,0
BRDA:37,2,0,0
BRDA:37,2,1,0
BRDA:39,3,0,0
BRDA:39,3,1,0
BRDA:43,4,0,0
BRDA:43,4,1,0
BRDA:46,5,0,0
BRDA:46,5,1,0
BRDA:56,6,0,0
BRDA:56,6,1,0
BRDA:56,7,0,0
BRDA:56,7,1,0
BRDA:67,8,0,0
BRDA:67,8,1,4
BRDA:67,9,0,0
BRDA:67,9,1,4
BRDA:68,10,0,4
BRDA:68,10,1,0
BRDA:73,11,0,0
BRDA:73,11,1,0
BRDA:77,12,0,0
BRDA:77,12,1,0
BRDA:78,13,0,0
BRDA:78,13,1,0
BRDA:87,14,0,0
BRDA:100,15,0,0
BRDA:100,15,1,0
BRDA:104,16,0,0
BRDA:104,16,1,0
BRDA:114,17,0,0
BRDA:114,17,1,0
BRDA:120,18,0,0
BRDA:120,18,1,0
BRDA:120,19,0,0
BRDA:120,19,1,0
BRDA:126,20,0,0
BRDA:126,20,1,0
BRDA:127,21,0,0
BRDA:127,21,1,0
BRDA:127,22,0,0
BRDA:127,22,1,0
BRDA:129,23,0,0
BRDA:129,23,1,0
BRDA:143,24,0,0
BRDA:143,24,1,0
BRDA:151,25,0,0
BRDA:151,25,1,0
BRDA:159,26,0,0
BRDA:159,26,1,0
BRF:54
BRH:5
end_of_record
TN:
SF:src/shared/api/ReviewService.ts
FN:7,(anonymous_0)
FN:26,(anonymous_1)
FN:48,(anonymous_2)
FN:70,(anonymous_3)
FNF:4
FNH:0
FNDA:0,(anonymous_0)
FNDA:0,(anonymous_1)
FNDA:0,(anonymous_2)
FNDA:0,(anonymous_3)
DA:6,1
DA:8,0
DA:9,0
DA:10,0
DA:11,0
DA:13,0
DA:14,0
DA:15,0
DA:16,0
DA:17,0
DA:19,0
DA:21,0
DA:22,0
DA:27,0
DA:28,0
DA:29,0
DA:30,0
DA:32,0
DA:38,0
DA:39,0
DA:41,0
DA:43,0
DA:44,0
DA:49,0
DA:50,0
DA:51,0
DA:52,0
DA:54,0
DA:60,0
DA:61,0
DA:63,0
DA:65,0
DA:66,0
DA:71,0
DA:72,0
DA:73,0
DA:74,0
DA:76,0
DA:81,0
DA:82,0
DA:84,0
DA:86,0
DA:87,0
LF:43
LH:1
BRDA:11,0,0,0
BRDA:11,0,1,0
BRDA:14,1,0,0
BRDA:14,1,1,0
BRDA:30,2,0,0
BRDA:30,2,1,0
BRDA:38,3,0,0
BRDA:38,3,1,0
BRDA:52,4,0,0
BRDA:52,4,1,0
BRDA:60,5,0,0
BRDA:60,5,1,0
BRDA:74,6,0,0
BRDA:74,6,1,0
BRDA:81,7,0,0
BRDA:81,7,1,0
BRF:16
BRH:0
end_of_record
TN:
SF:src/shared/api/StorageService.ts
FN:16,(anonymous_0)
FN:26,(anonymous_1)
FN:35,(anonymous_2)
FN:43,(anonymous_3)
FNF:4
FNH:2
FNDA:2,(anonymous_0)
FNDA:2,(anonymous_1)
FNDA:0,(anonymous_2)
FNDA:0,(anonymous_3)
DA:3,10
DA:15,10
DA:17,2
DA:18,2
DA:19,2
DA:21,0
DA:22,0
DA:27,2
DA:28,2
DA:29,2
DA:31,0
DA:36,0
DA:37,0
DA:39,0
DA:44,0
DA:45,0
DA:47,0
LF:17
LH:8
BRDA:19,0,0,1
BRDA:19,0,1,1
BRF:2
BRH:2
end_of_record
TN:
SF:src/shared/api/UGCModerationService.ts
FN:15,(anonymous_0)
FN:27,(anonymous_1)
FN:30,(anonymous_2)
FN:39,(anonymous_3)
FN:49,(anonymous_4)
FN:56,(anonymous_5)
FN:67,(anonymous_6)
FN:77,(anonymous_7)
FN:84,(anonymous_8)
FN:95,(anonymous_9)
FNF:10
FNH:0
FNDA:0,(anonymous_0)
FNDA:0,(anonymous_1)
FNDA:0,(anonymous_2)
FNDA:0,(anonymous_3)
FNDA:0,(anonymous_4)
FNDA:0,(anonymous_5)
FNDA:0,(anonymous_6)
FNDA:0,(anonymous_7)
FNDA:0,(anonymous_8)
FNDA:0,(anonymous_9)
DA:4,1
DA:5,1
DA:6,1
DA:9,1
DA:13,1
DA:16,0
DA:17,0
DA:18,0
DA:19,0
DA:22,0
DA:28,0
DA:30,0
DA:31,0
DA:33,0
DA:34,0
DA:40,0
DA:41,0
DA:42,0
DA:43,0
DA:44,0
DA:45,0
DA:48,0
DA:49,0
DA:52,0
DA:57,0
DA:58,0
DA:59,0
DA:61,0
DA:62,0
DA:68,0
DA:69,0
DA:70,0
DA:71,0
DA:72,0
DA:73,0
DA:76,0
DA:77,0
DA:80,0
DA:85,0
DA:86,0
DA:87,0
DA:89,0
DA:90,0
DA:96,0
DA:98,0
DA:99,0
DA:100,0
DA:101,0
DA:103,0
DA:104,0
DA:109,0
DA:110,0
DA:111,0
DA:112,0
DA:115,0
LF:55
LH:5
BRDA:18,0,0,0
BRDA:18,0,1,0
BRDA:28,1,0,0
BRDA:28,1,1,0
BRDA:43,2,0,0
BRDA:43,2,1,0
BRDA:59,3,0,0
BRDA:59,3,1,0
BRDA:67,4,0,0
BRDA:71,5,0,0
BRDA:71,5,1,0
BRDA:87,6,0,0
BRDA:87,6,1,0
BRDA:99,7,0,0
BRDA:99,7,1,0
BRDA:100,8,0,0
BRDA:100,8,1,0
BRDA:103,9,0,0
BRDA:103,9,1,0
BRDA:110,10,0,0
BRDA:110,10,1,0
BRDA:110,11,0,0
BRDA:110,11,1,0
BRF:23
BRH:0
end_of_record
TN:
SF:src/shared/api/staticData.ts
FNF:0
FNH:0
DA:1,7
DA:7,7
DA:52,7
DA:98,7
DA:178,7
DA:186,7
DA:194,7
DA:205,7
DA:238,7
LF:9
LH:9
BRF:0
BRH:0
end_of_record
TN:
SF:src/shared/api/supabase.ts
FNF:0
FNH:0
DA:7,5
DA:8,5
DA:10,5
DA:11,0
DA:13,5
DA:14,0
DA:17,5
LF:7
LH:5
BRDA:7,0,0,5
BRDA:7,0,1,0
BRDA:8,1,0,5
BRDA:8,1,1,0
BRDA:10,2,0,0
BRDA:10,2,1,5
BRDA:13,3,0,0
BRDA:13,3,1,5
BRF:8
BRH:4
end_of_record
TN:
SF:src/shared/config/api.ts
FNF:0
FNH:0
DA:5,13
DA:10,13
DA:12,13
DA:18,13
LF:4
LH:4
BRDA:5,0,0,13
BRDA:5,0,1,0
BRDA:5,0,2,0
BRDA:18,1,0,0
BRDA:18,1,1,13
BRF:5
BRH:2
end_of_record
TN:
SF:src/shared/config/blocks.ts
FNF:0
FNH:0
DA:25,6
DA:94,6
DA:107,6
LF:3
LH:3
BRF:0
BRH:0
end_of_record
TN:
SF:src/shared/config/stores.ts
FN:10,(anonymous_0)
FN:15,(anonymous_1)
FN:20,(anonymous_2)
FN:25,(anonymous_3)
FN:30,(anonymous_4)
FN:35,(anonymous_5)
FN:40,(anonymous_6)
FN:45,(anonymous_7)
FN:50,(anonymous_8)
FN:55,(anonymous_9)
FNF:10
FNH:10
FNDA:3,(anonymous_0)
FNDA:3,(anonymous_1)
FNDA:3,(anonymous_2)
FNDA:3,(anonymous_3)
FNDA:3,(anonymous_4)
FNDA:3,(anonymous_5)
FNDA:3,(anonymous_6)
FNDA:3,(anonymous_7)
FNDA:3,(anonymous_8)
FNDA:3,(anonymous_9)
DA:7,1
DA:10,3
DA:15,3
DA:20,3
DA:25,3
DA:30,3
DA:35,3
DA:40,3
DA:45,3
DA:50,3
DA:55,3
LF:11
LH:11
BRF:0
BRH:0
end_of_record
TN:
SF:src/shared/lib/dataHelpers.ts
FN:3,(anonymous_0)
FN:9,(anonymous_1)
FN:22,(anonymous_2)
FN:23,(anonymous_3)
FN:27,(anonymous_4)
FN:28,(anonymous_5)
FNF:6
FNH:6
FNDA:12,(anonymous_0)
FNDA:13,(anonymous_1)
FNDA:10,(anonymous_2)
FNDA:22,(anonymous_3)
FNDA:18,(anonymous_4)
FNDA:30,(anonymous_5)
DA:3,4
DA:4,12
DA:5,9
DA:6,2
DA:9,4
DA:10,13
DA:11,10
DA:12,2
DA:15,4
DA:22,4
DA:23,22
DA:24,10
DA:27,4
DA:28,30
DA:29,18
LF:15
LH:15
BRDA:4,0,0,3
BRDA:4,0,1,9
BRDA:5,1,0,7
BRDA:5,1,1,2
BRDA:6,2,0,2
BRDA:6,2,1,1
BRDA:10,3,0,3
BRDA:10,3,1,10
BRDA:11,4,0,8
BRDA:11,4,1,2
BRDA:12,5,0,2
BRDA:12,5,1,1
BRDA:24,6,0,8
BRDA:24,6,1,2
BRDA:24,7,0,2
BRDA:24,7,1,1
BRDA:29,8,0,16
BRDA:29,8,1,2
BRF:18
BRH:18
end_of_record
TN:
SF:src/shared/lib/dateUtils.ts
FN:1,(anonymous_0)
FNF:1
FNH:1
FNDA:18,(anonymous_0)
DA:1,2
DA:2,18
DA:4,16
DA:5,16
DA:6,16
DA:8,15
DA:9,15
DA:12,15
DA:13,1
DA:16,14
DA:17,14
DA:18,14
DA:20,14
DA:21,7
DA:22,7
DA:23,2
DA:24,5
DA:25,2
DA:26,3
DA:27,2
DA:29,1
DA:32,0
DA:33,0
LF:23
LH:21
BRDA:2,0,0,2
BRDA:2,0,1,16
BRDA:6,1,0,1
BRDA:6,1,1,15
BRDA:12,2,0,1
BRDA:12,2,1,14
BRDA:12,3,0,15
BRDA:12,3,1,15
BRDA:20,4,0,7
BRDA:20,4,1,7
BRDA:22,5,0,2
BRDA:22,5,1,5
BRDA:23,6,0,1
BRDA:23,6,1,1
BRDA:24,7,0,2
BRDA:24,7,1,3
BRDA:25,8,0,1
BRDA:25,8,1,1
BRDA:26,9,0,2
BRDA:26,9,1,1
BRDA:27,10,0,1
BRDA:27,10,1,1
BRF:22
BRH:22
end_of_record
TN:
SF:src/shared/lib/scanGeometry.ts
FN:27,(anonymous_0)
FN:42,(anonymous_1)
FN:68,(anonymous_2)
FN:82,(anonymous_3)
FN:113,(anonymous_4)
FN:156,(anonymous_5)
FN:232,(anonymous_6)
FNF:7
FNH:4
FNDA:3,(anonymous_0)
FNDA:8,(anonymous_1)
FNDA:0,(anonymous_2)
FNDA:4,(anonymous_3)
FNDA:2,(anonymous_4)
FNDA:0,(anonymous_5)
FNDA:0,(anonymous_6)
DA:17,2
DA:27,2
DA:28,3
DA:30,2
DA:31,2
DA:32,2
DA:33,2
DA:36,2
DA:42,8
DA:45,2
DA:46,2
DA:47,2
DA:48,2
DA:51,2
DA:54,2
DA:55,2
DA:58,2
DA:59,0
DA:62,2
DA:63,2
DA:65,2
DA:68,2
DA:69,0
DA:70,0
DA:71,0
DA:72,0
DA:74,0
DA:75,0
DA:76,0
DA:77,0
DA:79,0
DA:82,2
DA:83,4
DA:86,3
DA:87,3
DA:88,2
DA:89,1
DA:90,0
DA:91,0
DA:92,0
DA:96,1
DA:101,1
DA:103,0
DA:105,1
DA:107,0
DA:109,0
DA:113,2
DA:119,2
DA:121,1
DA:123,1
DA:124,1
DA:132,0
DA:133,0
DA:141,0
DA:156,2
DA:162,0
DA:165,0
DA:168,0
DA:169,0
DA:170,0
DA:172,0
DA:173,0
DA:174,0
DA:175,0
DA:178,0
DA:179,0
DA:180,0
DA:181,0
DA:182,0
DA:183,0
DA:184,0
DA:189,0
DA:190,0
DA:191,0
DA:192,0
DA:194,0
DA:195,0
DA:196,0
DA:197,0
DA:198,0
DA:199,0
DA:200,0
DA:201,0
DA:202,0
DA:203,0
DA:204,0
DA:205,0
DA:206,0
DA:209,0
DA:210,0
DA:212,0
DA:213,0
DA:215,0
DA:216,0
DA:217,0
DA:218,0
DA:220,0
DA:221,0
DA:223,0
DA:232,2
DA:241,0
DA:242,0
DA:244,0
DA:245,0
DA:253,0
DA:254,0
DA:255,0
DA:256,0
DA:257,0
DA:258,0
DA:259,0
DA:260,0
DA:261,0
DA:262,0
DA:263,0
DA:265,0
LF:116
LH:37
BRDA:28,0,0,1
BRDA:28,0,1,2
BRDA:28,1,0,3
BRDA:28,1,1,3
BRDA:46,2,0,2
BRDA:46,2,1,0
BRDA:47,3,0,2
BRDA:47,3,1,0
BRDA:48,4,0,2
BRDA:48,4,1,0
BRDA:58,5,0,0
BRDA:58,5,1,2
BRDA:83,6,0,1
BRDA:83,6,1,3
BRDA:87,7,0,2
BRDA:87,7,1,1
BRDA:88,8,0,1
BRDA:88,8,1,1
BRDA:89,9,0,1
BRDA:89,9,1,0
BRDA:90,10,0,0
BRDA:90,10,1,0
BRDA:91,11,0,0
BRDA:91,11,1,0
BRDA:92,12,0,0
BRDA:92,12,1,0
BRDA:96,13,0,1
BRDA:96,13,1,0
BRDA:96,13,2,0
BRDA:96,13,3,0
BRDA:101,14,0,0
BRDA:101,14,1,1
BRDA:101,14,2,0
BRDA:101,14,3,0
BRDA:119,15,0,1
BRDA:119,15,1,1
BRDA:123,16,0,1
BRDA:123,16,1,0
BRDA:132,17,0,0
BRDA:132,17,1,0
BRDA:162,18,0,0
BRDA:162,18,1,0
BRDA:162,19,0,0
BRDA:162,19,1,0
BRDA:162,19,2,0
BRDA:165,20,0,0
BRDA:165,20,1,0
BRDA:165,20,2,0
BRDA:165,20,3,0
BRDA:169,21,0,0
BRDA:169,21,1,0
BRDA:170,22,0,0
BRDA:170,22,1,0
BRDA:178,23,0,0
BRDA:178,23,1,0
BRDA:178,24,0,0
BRDA:178,24,1,0
BRDA:180,25,0,0
BRDA:180,25,1,0
BRDA:194,26,0,0
BRDA:194,26,1,0
BRDA:199,27,0,0
BRDA:199,27,1,0
BRDA:202,28,0,0
BRDA:202,28,1,0
BRDA:209,29,0,0
BRDA:209,29,1,0
BRDA:209,30,0,0
BRDA:209,30,1,0
BRDA:210,31,0,0
BRDA:210,31,1,0
BRDA:210,32,0,0
BRDA:210,32,1,0
BRDA:239,33,0,0
BRDA:242,34,0,0
BRDA:242,34,1,0
BRDA:244,35,0,0
BRDA:244,35,1,0
BRDA:244,36,0,0
BRDA:244,36,1,0
BRDA:246,37,0,0
BRDA:246,37,1,0
BRDA:246,37,2,0
BRDA:246,37,3,0
BRDA:266,38,0,0
BRDA:266,38,1,0
BRDA:266,38,2,0
BRDA:266,38,3,0
BRF:88
BRH:20
end_of_record
TN:
SF:src/shared/lib/hooks/useRealtimeEntity.ts
FN:42,useRealtimeEntity
FN:50,(anonymous_1)
FN:54,(anonymous_2)
FN:80,(anonymous_3)
FN:95,(anonymous_4)
FN:106,(anonymous_5)
FN:128,(anonymous_6)
FN:130,(anonymous_7)
FN:159,(anonymous_8)
FN:176,useBookRealtime
FN:188,useAuthorRealtime
FN:201,useRealtimeBooks
FN:202,(anonymous_12)
FN:204,(anonymous_13)
FN:205,(anonymous_14)
FN:206,(anonymous_15)
FN:210,(anonymous_16)
FN:225,(anonymous_17)
FN:233,(anonymous_18)
FN:244,useRealtimeAuthors
FN:245,(anonymous_20)
FN:247,(anonymous_21)
FN:248,(anonymous_22)
FN:249,(anonymous_23)
FN:252,(anonymous_24)
FN:267,(anonymous_25)
FN:274,(anonymous_26)
FNF:27
FNH:7
FNDA:0,useRealtimeEntity
FNDA:0,(anonymous_1)
FNDA:0,(anonymous_2)
FNDA:0,(anonymous_3)
FNDA:0,(anonymous_4)
FNDA:0,(anonymous_5)
FNDA:0,(anonymous_6)
FNDA:0,(anonymous_7)
FNDA:0,(anonymous_8)
FNDA:0,useBookRealtime
FNDA:0,useAuthorRealtime
FNDA:12,useRealtimeBooks
FNDA:12,(anonymous_12)
FNDA:7,(anonymous_13)
FNDA:0,(anonymous_14)
FNDA:0,(anonymous_15)
FNDA:12,(anonymous_16)
FNDA:0,(anonymous_17)
FNDA:0,(anonymous_18)
FNDA:12,useRealtimeAuthors
FNDA:8,(anonymous_20)
FNDA:0,(anonymous_21)
FNDA:0,(anonymous_22)
FNDA:0,(anonymous_23)
FNDA:8,(anonymous_24)
FNDA:0,(anonymous_25)
FNDA:0,(anonymous_26)
DA:45,0
DA:46,0
DA:47,0
DA:48,0
DA:50,0
DA:54,0
DA:55,0
DA:56,0
DA:59,0
DA:65,0
DA:69,0
DA:73,0
DA:74,0
DA:77,0
DA:78,0
DA:80,0
DA:81,0
DA:82,0
DA:84,0
DA:85,0
DA:96,0
DA:97,0
DA:100,0
DA:101,0
DA:102,0
DA:107,0
DA:111,0
DA:112,0
DA:113,0
DA:114,0
DA:115,0
DA:120,0
DA:121,0
DA:122,0
DA:123,0
DA:128,0
DA:129,0
DA:130,0
DA:131,0
DA:132,0
DA:138,0
DA:139,0
DA:140,0
DA:141,0
DA:142,0
DA:146,0
DA:152,0
DA:155,0
DA:156,0
DA:159,0
DA:160,0
DA:161,0
DA:162,0
DA:163,0
DA:167,0
DA:177,0
DA:189,0
DA:202,12
DA:203,12
DA:204,7
DA:205,0
DA:206,0
DA:210,12
DA:211,12
DA:213,0
DA:215,0
DA:226,0
DA:228,0
DA:233,0
DA:234,0
DA:235,0
DA:245,12
DA:246,8
DA:247,0
DA:248,0
DA:249,0
DA:252,12
DA:253,8
DA:255,0
DA:257,0
DA:268,0
DA:269,0
DA:274,0
DA:275,0
DA:276,0
LF:85
LH:9
BRDA:45,0,0,0
BRDA:45,1,0,0
BRDA:55,2,0,0
BRDA:55,2,1,0
BRDA:55,2,2,0
BRDA:56,3,0,0
BRDA:56,3,1,0
BRDA:56,3,2,0
BRDA:59,4,0,0
BRDA:59,4,1,0
BRDA:59,4,2,0
BRDA:59,4,3,0
BRDA:59,4,4,0
BRDA:59,4,5,0
BRDA:59,4,6,0
BRDA:65,5,0,0
BRDA:65,5,1,0
BRDA:69,6,0,0
BRDA:69,6,1,0
BRDA:69,6,2,0
BRDA:73,7,0,0
BRDA:73,7,1,0
BRDA:73,8,0,0
BRDA:73,8,1,0
BRDA:100,9,0,0
BRDA:100,9,1,0
BRDA:111,10,0,0
BRDA:111,10,1,0
BRDA:111,11,0,0
BRDA:111,11,1,0
BRDA:111,11,2,0
BRDA:111,11,3,0
BRDA:113,12,0,0
BRDA:113,12,1,0
BRDA:120,13,0,0
BRDA:120,13,1,0
BRDA:122,14,0,0
BRDA:122,14,1,0
BRDA:138,15,0,0
BRDA:138,15,1,0
BRDA:140,16,0,0
BRDA:140,16,1,0
BRDA:141,17,0,0
BRDA:141,17,1,0
BRDA:155,18,0,0
BRDA:155,18,1,0
BRDA:162,19,0,0
BRDA:162,19,1,0
BRDA:204,20,0,7
BRDA:204,20,1,7
BRDA:211,21,0,12
BRDA:211,21,1,0
BRDA:247,22,0,0
BRDA:247,22,1,0
BRDA:253,23,0,8
BRDA:253,23,1,0
BRF:56
BRH:4
end_of_record
TN:
SF:src/shared/lib/offline/OperationQueue.ts
FN:24,(anonymous_0)
FN:32,(anonymous_1)
FN:36,(anonymous_2)
FN:49,(anonymous_3)
FN:77,(anonymous_4)
FN:90,(anonymous_5)
FN:100,(anonymous_6)
FN:144,(anonymous_7)
FN:148,(anonymous_8)
FN:156,(anonymous_9)
FNF:10
FNH:9
FNDA:18,(anonymous_0)
FNDA:4,(anonymous_1)
FNDA:2,(anonymous_2)
FNDA:2,(anonymous_3)
FNDA:3,(anonymous_4)
FNDA:7,(anonymous_5)
FNDA:0,(anonymous_6)
FNDA:6,(anonymous_7)
FNDA:2,(anonymous_8)
FNDA:8,(anonymous_9)
DA:17,8
DA:18,8
DA:19,8
DA:25,18
DA:26,13
DA:28,18
DA:33,4
DA:36,4
DA:37,2
DA:42,4
DA:44,0
DA:45,0
DA:49,4
DA:50,2
DA:55,4
DA:57,2
DA:58,2
DA:59,2
DA:60,2
DA:63,2
DA:71,2
DA:72,2
DA:73,2
DA:82,3
DA:83,3
DA:85,3
DA:86,3
DA:87,3
DA:90,3
DA:91,7
DA:93,4
DA:94,4
DA:96,4
DA:98,4
DA:99,4
DA:100,0
DA:103,4
DA:104,2
DA:106,2
DA:107,2
DA:109,2
DA:110,1
DA:112,1
DA:115,4
DA:116,4
DA:121,3
DA:122,3
DA:123,3
DA:126,3
DA:129,3
DA:130,1
DA:131,1
DA:133,2
DA:136,3
DA:145,6
DA:149,2
DA:153,2
DA:157,8
LF:58
LH:55
BRDA:25,0,0,13
BRDA:25,0,1,5
BRDA:37,1,0,2
BRDA:37,1,1,2
BRDA:37,1,2,2
BRDA:42,2,0,0
BRDA:42,2,1,4
BRDA:50,3,0,2
BRDA:50,3,1,2
BRDA:50,3,2,2
BRDA:55,4,0,2
BRDA:55,4,1,2
BRDA:83,5,0,0
BRDA:83,5,1,3
BRDA:91,6,0,3
BRDA:91,6,1,4
BRDA:99,7,0,0
BRDA:99,7,1,4
BRDA:109,8,0,1
BRDA:109,8,1,1
BRDA:129,9,0,1
BRDA:129,9,1,2
BRDA:157,10,0,8
BRDA:157,10,1,1
BRF:24
BRH:21
end_of_record
TN:
SF:src/shared/lib/offline/networkUtils.ts
FN:6,isOffline
FN:19,isNetworkError
FN:33,logFetchError
FNF:3
FNH:3
FNDA:3,isOffline
FNDA:9,isNetworkError
FNDA:2,logFetchError
DA:7,3
DA:8,3
DA:9,2
DA:12,1
DA:20,9
DA:21,7
DA:22,7
DA:34,2
DA:35,1
DA:37,1
LF:10
LH:10
BRDA:20,0,0,2
BRDA:20,0,1,7
BRDA:21,1,0,7
BRDA:21,1,1,0
BRDA:23,2,0,7
BRDA:23,2,1,5
BRDA:23,2,2,4
BRDA:34,3,0,1
BRDA:34,3,1,1
BRDA:35,4,0,1
BRDA:35,4,1,0
BRF:11
BRH:9
end_of_record
TN:
SF:src/shared/navigation/ExpoRouterAdapter.ts
FN:12,(anonymous_0)
FN:17,(anonymous_1)
FN:28,(anonymous_2)
FN:32,(anonymous_3)
FN:36,(anonymous_4)
FN:40,(anonymous_5)
FN:44,(anonymous_6)
FN:53,(anonymous_7)
FNF:8
FNH:0
FNDA:0,(anonymous_0)
FNDA:0,(anonymous_1)
FNDA:0,(anonymous_2)
FNDA:0,(anonymous_3)
FNDA:0,(anonymous_4)
FNDA:0,(anonymous_5)
FNDA:0,(anonymous_6)
FNDA:0,(anonymous_7)
DA:13,0
DA:14,0
DA:18,0
DA:19,0
DA:21,0
DA:29,0
DA:33,0
DA:37,0
DA:41,0
DA:45,0
DA:53,1
DA:54,0
DA:55,0
DA:58,0
LF:14
LH:1
BRDA:18,0,0,0
BRDA:18,0,1,0
BRF:2
BRH:0
end_of_record
TN:
SF:src/shared/navigation/NavigationContext.tsx
FN:14,(anonymous_0)
FN:27,(anonymous_1)
FNF:2
FNH:0
FNDA:0,(anonymous_0)
FNDA:0,(anonymous_1)
DA:9,1
DA:14,1
DA:15,0
DA:17,0
DA:27,1
DA:28,0
DA:29,0
DA:30,0
DA:32,0
LF:9
LH:3
BRDA:29,0,0,0
BRDA:29,0,1,0
BRF:2
BRH:0
end_of_record
TN:
SF:src/shared/navigation/types.ts
FNF:0
FNH:0
LF:0
LH:0
BRF:0
BRH:0
end_of_record
TN:
SF:src/shared/navigation/useSmartNavigation.ts
FN:9,(anonymous_0)
FN:16,(anonymous_1)
FN:33,(anonymous_2)
FN:50,(anonymous_3)
FN:60,(anonymous_4)
FN:70,(anonymous_5)
FN:79,(anonymous_6)
FN:86,(anonymous_7)
FN:93,(anonymous_8)
FN:100,(anonymous_9)
FNF:10
FNH:0
FNDA:0,(anonymous_0)
FNDA:0,(anonymous_1)
FNDA:0,(anonymous_2)
FNDA:0,(anonymous_3)
FNDA:0,(anonymous_4)
FNDA:0,(anonymous_5)
FNDA:0,(anonymous_6)
FNDA:0,(anonymous_7)
FNDA:0,(anonymous_8)
FNDA:0,(anonymous_9)
DA:9,1
DA:10,0
DA:15,0
DA:17,0
DA:18,0
DA:20,0
DA:32,0
DA:34,0
DA:35,0
DA:37,0
DA:49,0
DA:51,0
DA:59,0
DA:61,0
DA:69,0
DA:71,0
DA:79,0
DA:80,0
DA:86,0
DA:87,0
DA:93,0
DA:94,0
DA:100,0
DA:101,0
DA:104,0
LF:25
LH:1
BRDA:17,0,0,0
BRDA:17,0,1,0
BRDA:18,1,0,0
BRDA:18,1,1,0
BRDA:34,2,0,0
BRDA:34,2,1,0
BRDA:35,3,0,0
BRDA:35,3,1,0
BRF:8
BRH:0
end_of_record
TN:
SF:src/shared/platform/ExpoPlatformServices.ts
FN:20,(anonymous_0)
FN:26,(anonymous_1)
FN:36,(anonymous_2)
FN:46,(anonymous_3)
FN:56,(anonymous_4)
FN:60,(anonymous_5)
FN:69,(anonymous_6)
FN:78,(anonymous_7)
FN:117,(anonymous_8)
FN:122,(anonymous_9)
FN:126,(anonymous_10)
FN:130,(anonymous_11)
FN:144,(anonymous_12)
FN:148,(anonymous_13)
FN:152,(anonymous_14)
FN:161,(anonymous_15)
FN:166,(anonymous_16)
FN:185,(anonymous_17)
FN:194,(anonymous_18)
FNF:19
FNH:2
FNDA:0,(anonymous_0)
FNDA:0,(anonymous_1)
FNDA:0,(anonymous_2)
FNDA:0,(anonymous_3)
FNDA:0,(anonymous_4)
FNDA:0,(anonymous_5)
FNDA:0,(anonymous_6)
FNDA:0,(anonymous_7)
FNDA:0,(anonymous_8)
FNDA:0,(anonymous_9)
FNDA:0,(anonymous_10)
FNDA:0,(anonymous_11)
FNDA:0,(anonymous_12)
FNDA:0,(anonymous_13)
FNDA:0,(anonymous_14)
FNDA:0,(anonymous_15)
FNDA:0,(anonymous_16)
FNDA:1,(anonymous_17)
FNDA:1,(anonymous_18)
DA:23,0
DA:28,0
DA:39,0
DA:48,0
DA:57,0
DA:61,0
DA:66,0
DA:70,0
DA:75,0
DA:80,0
DA:82,0
DA:83,0
DA:85,0
DA:86,0
DA:88,0
DA:89,0
DA:91,0
DA:92,0
DA:94,0
DA:95,0
DA:97,0
DA:98,0
DA:100,0
DA:101,0
DA:105,0
DA:106,0
DA:108,0
DA:118,0
DA:119,0
DA:123,0
DA:127,0
DA:131,0
DA:132,0
DA:145,0
DA:149,0
DA:153,0
DA:162,0
DA:163,0
DA:167,0
DA:168,0
DA:183,1
DA:186,1
DA:187,1
DA:188,1
DA:189,1
DA:190,1
DA:191,1
DA:195,1
DA:196,1
DA:198,1
DA:203,1
LF:51
LH:11
BRDA:61,0,0,0
BRDA:61,0,1,0
BRDA:63,1,0,0
BRDA:63,1,1,0
BRDA:70,2,0,0
BRDA:70,2,1,0
BRDA:72,3,0,0
BRDA:72,3,1,0
BRDA:80,4,0,0
BRDA:80,4,1,0
BRDA:80,4,2,0
BRDA:80,4,3,0
BRDA:80,4,4,0
BRDA:80,4,5,0
BRDA:80,4,6,0
BRDA:80,4,7,0
BRDA:80,4,8,0
BRDA:80,4,9,0
BRDA:134,5,0,0
BRDA:134,5,1,0
BRDA:135,6,0,0
BRDA:135,6,1,0
BRDA:153,7,0,0
BRDA:153,7,1,0
BRDA:195,8,0,1
BRDA:195,8,1,0
BRF:26
BRH:1
end_of_record
TN:
SF:src/shared/platform/index.ts
FNF:0
FNH:0
LF:0
LH:0
BRF:0
BRH:0
end_of_record
TN:
SF:src/shared/platform/usePlatformServices.ts
FN:8,(anonymous_0)
FN:9,(anonymous_1)
FN:13,(anonymous_2)
FN:18,(anonymous_3)
FN:23,(anonymous_4)
FN:28,(anonymous_5)
FN:33,(anonymous_6)
FN:38,(anonymous_7)
FNF:8
FNH:0
FNDA:0,(anonymous_0)
FNDA:0,(anonymous_1)
FNDA:0,(anonymous_2)
FNDA:0,(anonymous_3)
FNDA:0,(anonymous_4)
FNDA:0,(anonymous_5)
FNDA:0,(anonymous_6)
FNDA:0,(anonymous_7)
DA:8,1
DA:9,0
DA:13,1
DA:14,0
DA:15,0
DA:18,1
DA:19,0
DA:20,0
DA:23,1
DA:24,0
DA:25,0
DA:28,1
DA:29,0
DA:30,0
DA:33,1
DA:34,0
DA:35,0
DA:38,1
DA:39,0
DA:40,0
LF:20
LH:7
BRF:0
BRH:0
end_of_record
TN:
SF:src/shared/theme/colors.ts
FNF:0
FNH:0
DA:1,1
DA:13,1
LF:2
LH:2
BRF:0
BRH:0
end_of_record
TN:
SF:src/shared/theme/index.ts
FNF:0
FNH:0
LF:0
LH:0
BRF:0
BRH:0
end_of_record
TN:
SF:src/shared/ui/ScreenFallback.tsx
FN:8,(anonymous_0)
FNF:1
FNH:1
FNDA:2,(anonymous_0)
DA:8,1
DA:9,2
DA:16,1
LF:3
LH:3
BRDA:8,0,0,1
BRF:1
BRH:1
end_of_record
TN:
SF:src/shared/ui/SyncStatusIndicator.tsx
FN:10,(anonymous_0)
FN:18,(anonymous_1)
FN:70,(anonymous_2)
FNF:3
FNH:3
FNDA:6,(anonymous_0)
FNDA:5,(anonymous_1)
FNDA:1,(anonymous_2)
DA:10,1
DA:11,6
DA:12,6
DA:14,6
DA:15,1
DA:18,5
DA:19,5
DA:20,1
DA:28,4
DA:29,1
DA:37,3
DA:38,2
DA:46,1
DA:47,1
DA:55,0
DA:63,5
DA:65,5
DA:67,5
DA:70,1
DA:84,1
LF:20
LH:19
BRDA:14,0,0,1
BRDA:14,0,1,5
BRDA:19,1,0,1
BRDA:19,1,1,4
BRDA:28,2,0,1
BRDA:28,2,1,3
BRDA:37,3,0,2
BRDA:37,3,1,1
BRDA:46,4,0,1
BRDA:46,4,1,0
BRDA:65,5,0,0
BRDA:65,5,1,5
BRDA:75,6,0,5
BRDA:75,6,1,0
BRF:14
BRH:11
end_of_record
TN:
SF:src/shared/ui/TypingText.tsx
FN:20,(anonymous_0)
FN:41,(anonymous_1)
FN:48,(anonymous_2)
FN:51,(anonymous_3)
FN:52,(anonymous_4)
FN:60,(anonymous_5)
FN:67,(anonymous_6)
FN:96,(anonymous_7)
FN:100,(anonymous_8)
FN:109,(anonymous_9)
FN:113,(anonymous_10)
FN:122,(anonymous_11)
FN:132,(anonymous_12)
FNF:13
FNH:4
FNDA:16,(anonymous_0)
FNDA:0,(anonymous_1)
FNDA:8,(anonymous_2)
FNDA:0,(anonymous_3)
FNDA:0,(anonymous_4)
FNDA:8,(anonymous_5)
FNDA:8,(anonymous_6)
FNDA:0,(anonymous_7)
FNDA:0,(anonymous_8)
FNDA:0,(anonymous_9)
FNDA:0,(anonymous_10)
FNDA:0,(anonymous_11)
FNDA:0,(anonymous_12)
DA:20,1
DA:30,16
DA:31,16
DA:32,16
DA:34,16
DA:35,16
DA:41,16
DA:42,0
DA:43,0
DA:44,0
DA:48,16
DA:49,8
DA:50,0
DA:51,0
DA:52,0
DA:55,8
DA:56,8
DA:57,0
DA:60,8
DA:61,8
DA:62,0
DA:67,16
DA:68,8
DA:69,8
DA:72,8
DA:73,8
DA:75,8
DA:76,0
DA:77,0
DA:78,8
DA:80,0
DA:81,0
DA:84,8
DA:85,8
DA:86,8
DA:87,8
DA:91,0
DA:92,0
DA:93,0
DA:96,0
DA:97,0
DA:100,0
DA:101,0
DA:102,0
DA:103,0
DA:106,0
DA:109,0
DA:110,0
DA:113,0
DA:114,0
DA:115,0
DA:116,0
DA:119,0
DA:122,0
DA:123,0
DA:132,0
DA:133,0
DA:138,16
DA:139,16
DA:142,0
DA:157,1
LF:61
LH:27
BRDA:23,0,0,16
BRDA:24,1,0,16
BRDA:27,2,0,16
BRDA:30,3,0,0
BRDA:30,3,1,16
BRDA:30,4,0,16
BRDA:30,4,1,0
BRDA:42,5,0,0
BRDA:42,5,1,0
BRDA:43,6,0,0
BRDA:43,6,1,0
BRDA:44,7,0,0
BRDA:44,7,1,0
BRDA:49,8,0,0
BRDA:49,8,1,8
BRDA:56,9,0,0
BRDA:56,9,1,8
BRDA:61,10,0,0
BRDA:61,10,1,8
BRDA:75,11,0,0
BRDA:75,11,1,8
BRDA:75,12,0,8
BRDA:75,12,1,0
BRDA:75,12,2,0
BRDA:78,13,0,0
BRDA:78,13,1,8
BRDA:78,14,0,8
BRDA:78,14,1,8
BRDA:84,15,0,8
BRDA:84,15,1,0
BRDA:84,16,0,8
BRDA:84,16,1,0
BRDA:101,17,0,0
BRDA:101,17,1,0
BRDA:114,18,0,0
BRDA:114,18,1,0
BRDA:138,19,0,16
BRDA:138,19,1,0
BRDA:145,20,0,0
BRDA:145,20,1,0
BRDA:148,21,0,0
BRDA:148,21,1,0
BRF:42
BRH:16
end_of_record
TN:
SF:src/shared/ui/blocks/AuthorBlock.tsx
FN:16,(anonymous_0)
FN:18,(anonymous_1)
FN:23,(anonymous_2)
FN:50,(anonymous_3)
FN:58,(anonymous_4)
FNF:5
FNH:4
FNDA:5,(anonymous_0)
FNDA:5,(anonymous_1)
FNDA:1,(anonymous_2)
FNDA:0,(anonymous_3)
FNDA:5,(anonymous_4)
DA:16,2
DA:17,5
DA:18,5
DA:20,5
DA:21,5
DA:23,5
DA:24,1
DA:27,5
DA:28,1
DA:37,4
DA:50,2
DA:51,0
DA:58,5
LF:13
LH:12
BRDA:20,0,0,5
BRDA:20,0,1,4
BRDA:20,0,2,1
BRDA:20,1,0,0
BRDA:20,1,1,1
BRDA:24,2,0,1
BRDA:24,2,1,0
BRDA:24,3,0,1
BRDA:24,3,1,1
BRDA:27,4,0,1
BRDA:27,4,1,4
BRDA:27,5,0,5
BRDA:27,5,1,2
BRDA:41,6,0,4
BRDA:41,6,1,1
BRDA:42,7,0,4
BRDA:42,7,1,3
BRDA:52,8,0,0
BRDA:52,8,1,0
BRDA:52,8,2,0
BRF:20
BRH:15
end_of_record
TN:
SF:src/shared/ui/blocks/BlockDispatcher.tsx
FN:49,(anonymous_0)
FN:96,(anonymous_1)
FN:114,(anonymous_2)
FN:119,(anonymous_3)
FN:123,(anonymous_4)
FN:135,(anonymous_5)
FN:145,(anonymous_6)
FN:146,(anonymous_7)
FN:147,(anonymous_8)
FN:203,getAuthorNameFromQuote
FNF:10
FNH:2
FNDA:5,(anonymous_0)
FNDA:1,(anonymous_1)
FNDA:0,(anonymous_2)
FNDA:0,(anonymous_3)
FNDA:0,(anonymous_4)
FNDA:0,(anonymous_5)
FNDA:0,(anonymous_6)
FNDA:0,(anonymous_7)
FNDA:0,(anonymous_8)
FNDA:0,getAuthorNameFromQuote
DA:49,1
DA:50,5
DA:58,5
DA:60,5
DA:62,5
DA:64,0
DA:68,0
DA:77,0
DA:81,0
DA:84,2
DA:85,1
DA:88,0
DA:91,2
DA:96,1
DA:102,0
DA:113,0
DA:114,0
DA:118,0
DA:119,0
DA:122,0
DA:123,0
DA:129,0
DA:131,0
DA:135,0
DA:141,0
DA:145,0
DA:146,0
DA:148,0
DA:149,0
DA:171,0
DA:181,0
DA:183,0
DA:194,1
DA:204,0
DA:205,0
DA:206,0
LF:36
LH:10
BRDA:50,0,0,2
BRDA:50,0,1,3
BRDA:62,1,0,0
BRDA:62,1,1,0
BRDA:62,1,2,0
BRDA:62,1,3,2
BRDA:62,1,4,0
BRDA:62,1,5,2
BRDA:62,1,6,0
BRDA:62,1,7,0
BRDA:62,1,8,0
BRDA:62,1,9,0
BRDA:62,1,10,0
BRDA:62,1,11,0
BRDA:62,1,12,0
BRDA:62,1,13,1
BRDA:64,2,0,0
BRDA:64,2,1,0
BRDA:70,3,0,0
BRDA:70,3,1,0
BRDA:77,4,0,0
BRDA:77,4,1,0
BRDA:81,5,0,0
BRDA:81,5,1,0
BRDA:84,6,0,1
BRDA:84,6,1,1
BRDA:88,7,0,0
BRDA:88,7,1,0
BRDA:95,8,0,2
BRDA:95,8,1,2
BRDA:95,8,2,2
BRDA:96,9,0,1
BRDA:96,9,1,1
BRDA:104,10,0,0
BRDA:104,10,1,0
BRDA:105,11,0,0
BRDA:105,11,1,0
BRDA:113,12,0,0
BRDA:113,12,1,0
BRDA:114,13,0,0
BRDA:114,13,1,0
BRDA:118,14,0,0
BRDA:118,14,1,0
BRDA:119,15,0,0
BRDA:119,15,1,0
BRDA:122,16,0,0
BRDA:122,16,1,0
BRDA:123,17,0,0
BRDA:123,17,1,0
BRDA:129,18,0,0
BRDA:129,18,1,0
BRDA:129,18,2,0
BRDA:135,19,0,0
BRDA:135,19,1,0
BRDA:144,20,0,0
BRDA:144,20,1,0
BRDA:145,21,0,0
BRDA:145,21,1,0
BRDA:146,22,0,0
BRDA:146,22,1,0
BRDA:148,23,0,0
BRDA:148,23,1,0
BRDA:148,24,0,0
BRDA:148,24,1,0
BRDA:149,25,0,0
BRDA:149,25,1,0
BRDA:181,26,0,0
BRDA:181,26,1,0
BRDA:204,27,0,0
BRDA:204,27,1,0
BRDA:205,28,0,0
BRDA:205,28,1,0
BRF:72
BRH:12
end_of_record
TN:
SF:src/shared/ui/blocks/BlockWrapper.tsx
FN:17,(anonymous_0)
FN:26,(anonymous_1)
FN:28,(anonymous_2)
FN:54,(anonymous_3)
FNF:4
FNH:4
FNDA:31,(anonymous_0)
FNDA:30,(anonymous_1)
FNDA:1,(anonymous_2)
FNDA:30,(anonymous_3)
DA:17,6
DA:25,31
DA:26,31
DA:27,31
DA:28,31
DA:29,31
DA:31,31
DA:54,30
LF:8
LH:8
BRDA:22,0,0,31
BRDA:28,1,0,31
BRDA:28,1,1,1
BRDA:29,2,0,31
BRDA:29,2,1,31
BRDA:29,2,2,1
BRDA:32,3,0,0
BRDA:32,3,1,31
BRDA:33,4,0,31
BRDA:33,4,1,31
BRDA:45,5,0,31
BRDA:45,5,1,0
BRF:12
BRH:10
end_of_record
TN:
SF:src/shared/ui/blocks/BookInfoBlock.tsx
FN:16,(anonymous_0)
FN:18,(anonymous_1)
FN:30,(anonymous_2)
FN:77,(anonymous_3)
FN:85,(anonymous_4)
FNF:5
FNH:4
FNDA:6,(anonymous_0)
FNDA:6,(anonymous_1)
FNDA:1,(anonymous_2)
FNDA:0,(anonymous_3)
FNDA:6,(anonymous_4)
DA:16,2
DA:17,6
DA:18,6
DA:20,6
DA:21,1
DA:30,5
DA:31,1
DA:34,5
DA:35,2
DA:43,3
DA:77,2
DA:78,0
DA:85,6
LF:13
LH:12
BRDA:16,0,0,1
BRDA:20,1,0,1
BRDA:20,1,1,5
BRDA:22,2,0,0
BRDA:22,2,1,1
BRDA:31,3,0,1
BRDA:31,3,1,0
BRDA:34,4,0,2
BRDA:34,4,1,3
BRDA:37,5,0,2
BRDA:37,5,1,1
BRDA:65,6,0,3
BRDA:65,6,1,3
BRDA:65,6,2,2
BRDA:65,6,3,2
BRDA:79,7,0,0
BRDA:79,7,1,0
BRDA:79,7,2,0
BRF:18
BRH:13
end_of_record
TN:
SF:src/shared/ui/blocks/BuyLinkBlock.tsx
FN:16,(anonymous_0)
FN:18,(anonymous_1)
FN:22,(anonymous_2)
FN:32,(anonymous_3)
FN:45,(anonymous_4)
FN:60,(anonymous_5)
FN:70,(anonymous_6)
FN:79,(anonymous_7)
FN:80,(anonymous_8)
FN:82,(anonymous_9)
FN:117,(anonymous_10)
FN:122,(anonymous_11)
FN:134,(anonymous_12)
FN:142,(anonymous_13)
FN:154,(anonymous_14)
FN:164,(anonymous_15)
FN:169,(anonymous_16)
FNF:17
FNH:12
FNDA:5,(anonymous_0)
FNDA:4,(anonymous_1)
FNDA:6,(anonymous_2)
FNDA:4,(anonymous_3)
FNDA:0,(anonymous_4)
FNDA:30,(anonymous_5)
FNDA:50,(anonymous_6)
FNDA:1,(anonymous_7)
FNDA:1,(anonymous_8)
FNDA:0,(anonymous_9)
FNDA:9,(anonymous_10)
FNDA:1,(anonymous_11)
FNDA:0,(anonymous_12)
FNDA:0,(anonymous_13)
FNDA:41,(anonymous_14)
FNDA:0,(anonymous_15)
FNDA:4,(anonymous_16)
DA:16,1
DA:17,5
DA:18,5
DA:19,5
DA:22,5
DA:23,6
DA:32,5
DA:33,4
DA:34,1
DA:37,3
DA:40,3
DA:44,3
DA:45,0
DA:53,3
DA:54,3
DA:57,3
DA:58,3
DA:60,30
DA:67,5
DA:68,5
DA:70,5
DA:71,50
DA:75,50
DA:80,1
DA:81,1
DA:82,1
DA:83,0
DA:84,0
DA:87,0
DA:114,5
DA:117,9
DA:122,1
DA:134,0
DA:142,0
DA:154,41
DA:164,1
DA:165,0
DA:169,4
LF:38
LH:31
BRDA:33,0,0,1
BRDA:33,0,1,3
BRDA:33,1,0,4
BRDA:33,1,1,1
BRDA:37,2,0,3
BRDA:37,2,1,0
BRDA:37,3,0,3
BRDA:37,3,1,3
BRDA:40,4,0,0
BRDA:40,4,1,3
BRDA:42,5,0,3
BRDA:42,5,1,0
BRDA:44,6,0,0
BRDA:44,6,1,3
BRDA:44,7,0,3
BRDA:44,7,1,3
BRDA:53,8,0,3
BRDA:53,8,1,0
BRDA:54,9,0,3
BRDA:54,9,1,0
BRDA:70,10,0,9
BRDA:71,11,0,50
BRDA:71,11,1,0
BRDA:71,12,0,50
BRDA:71,12,1,50
BRDA:78,13,0,50
BRDA:78,13,1,41
BRDA:81,14,0,1
BRDA:81,14,1,0
BRDA:98,15,0,50
BRDA:98,15,1,9
BRDA:108,16,0,50
BRDA:108,16,1,41
BRDA:119,17,0,5
BRDA:119,17,1,4
BRDA:165,18,0,0
BRDA:165,18,1,0
BRF:37
BRH:27
end_of_record
TN:
SF:src/shared/ui/blocks/ConnectionBlock.tsx
FN:29,(anonymous_0)
FN:39,(anonymous_1)
FN:41,(anonymous_2)
FN:66,(anonymous_3)
FN:91,(anonymous_4)
FN:99,(anonymous_5)
FNF:6
FNH:5
FNDA:6,(anonymous_0)
FNDA:6,(anonymous_1)
FNDA:1,(anonymous_2)
FNDA:1,(anonymous_3)
FNDA:0,(anonymous_4)
FNDA:6,(anonymous_5)
DA:29,2
DA:38,6
DA:39,6
DA:41,6
DA:42,1
DA:45,6
DA:46,2
DA:57,4
DA:58,4
DA:59,4
DA:61,4
DA:66,1
DA:91,2
DA:92,0
DA:99,6
LF:15
LH:14
BRDA:31,0,0,6
BRDA:45,1,0,2
BRDA:45,1,1,4
BRDA:58,2,0,3
BRDA:58,2,1,1
BRDA:59,3,0,3
BRDA:59,3,1,1
BRDA:66,4,0,1
BRDA:66,4,1,0
BRDA:66,5,0,0
BRDA:66,5,1,0
BRDA:69,6,0,0
BRDA:69,6,1,4
BRDA:78,7,0,3
BRDA:78,7,1,1
BRDA:93,8,0,0
BRDA:93,8,1,0
BRDA:93,8,2,0
BRF:18
BRH:11
end_of_record
TN:
SF:src/shared/ui/blocks/DefinitionBlock.tsx
FN:29,(anonymous_0)
FN:38,(anonymous_1)
FN:70,(anonymous_2)
FN:72,(anonymous_3)
FN:84,(anonymous_4)
FN:104,(anonymous_5)
FN:149,(anonymous_6)
FN:158,(anonymous_7)
FNF:8
FNH:7
FNDA:10,(anonymous_0)
FNDA:10,(anonymous_1)
FNDA:7,(anonymous_2)
FNDA:14,(anonymous_3)
FNDA:7,(anonymous_4)
FNDA:14,(anonymous_5)
FNDA:0,(anonymous_6)
FNDA:10,(anonymous_7)
DA:29,2
DA:37,10
DA:38,10
DA:40,10
DA:42,10
DA:43,3
DA:44,1
DA:52,2
DA:70,7
DA:71,7
DA:72,7
DA:73,14
DA:74,7
DA:76,14
DA:78,7
DA:81,7
DA:85,7
DA:86,7
DA:88,7
DA:106,14
DA:107,14
DA:108,14
DA:110,14
DA:149,2
DA:150,0
DA:158,10
LF:26
LH:25
BRDA:30,0,0,10
BRDA:34,1,0,8
BRDA:40,2,0,10
BRDA:40,2,1,10
BRDA:42,3,0,3
BRDA:42,3,1,7
BRDA:43,4,0,1
BRDA:43,4,1,2
BRDA:59,5,0,2
BRDA:59,5,1,0
BRDA:73,6,0,7
BRDA:73,6,1,7
BRDA:91,7,0,7
BRDA:91,7,1,0
BRDA:96,8,0,7
BRDA:96,8,1,7
BRDA:107,9,0,7
BRDA:107,9,1,7
BRDA:108,10,0,7
BRDA:108,10,1,7
BRDA:114,11,0,14
BRDA:114,11,1,7
BRDA:118,12,0,14
BRDA:118,12,1,14
BRDA:129,13,0,7
BRDA:129,13,1,7
BRDA:129,13,2,7
BRDA:139,14,0,7
BRDA:139,14,1,6
BRDA:139,14,2,1
BRDA:151,15,0,0
BRDA:151,15,1,0
BRDA:151,15,2,0
BRDA:151,15,3,0
BRF:34
BRH:28
end_of_record
TN:
SF:src/shared/ui/blocks/EditionsBlock.tsx
FN:51,(anonymous_0)
FN:56,(anonymous_1)
FN:58,(anonymous_2)
FN:64,(anonymous_3)
FN:71,(anonymous_4)
FN:90,(anonymous_5)
FN:97,(anonymous_6)
FN:107,(anonymous_7)
FN:132,(anonymous_8)
FN:136,(anonymous_9)
FN:191,(anonymous_10)
FN:195,(anonymous_11)
FNF:12
FNH:0
FNDA:0,(anonymous_0)
FNDA:0,(anonymous_1)
FNDA:0,(anonymous_2)
FNDA:0,(anonymous_3)
FNDA:0,(anonymous_4)
FNDA:0,(anonymous_5)
FNDA:0,(anonymous_6)
FNDA:0,(anonymous_7)
FNDA:0,(anonymous_8)
FNDA:0,(anonymous_9)
FNDA:0,(anonymous_10)
FNDA:0,(anonymous_11)
DA:38,1
DA:51,1
DA:52,0
DA:53,0
DA:56,1
DA:57,0
DA:58,0
DA:60,0
DA:61,0
DA:62,0
DA:64,0
DA:65,0
DA:66,0
DA:67,0
DA:68,0
DA:71,0
DA:72,0
DA:73,0
DA:74,0
DA:75,0
DA:76,0
DA:77,0
DA:80,0
DA:82,0
DA:83,0
DA:87,0
DA:90,0
DA:91,0
DA:92,0
DA:93,0
DA:97,0
DA:101,0
DA:102,0
DA:103,0
DA:105,0
DA:107,0
DA:111,0
DA:113,0
DA:114,0
DA:117,0
DA:133,0
DA:136,0
DA:191,1
DA:192,0
DA:195,1
DA:196,0
LF:46
LH:5
BRDA:52,0,0,0
BRDA:52,0,1,0
BRDA:53,1,0,0
BRDA:53,1,1,0
BRDA:65,2,0,0
BRDA:65,2,1,0
BRDA:75,3,0,0
BRDA:75,3,1,0
BRDA:102,4,0,0
BRDA:102,4,1,0
BRDA:113,5,0,0
BRDA:113,5,1,0
BRDA:113,6,0,0
BRDA:113,6,1,0
BRDA:113,6,2,0
BRDA:119,7,0,0
BRDA:119,7,1,0
BRDA:124,8,0,0
BRDA:124,8,1,0
BRDA:141,9,0,0
BRDA:141,9,1,0
BRDA:156,10,0,0
BRDA:156,10,1,0
BRDA:162,11,0,0
BRDA:162,11,1,0
BRDA:166,12,0,0
BRDA:166,12,1,0
BRDA:172,13,0,0
BRDA:172,13,1,0
BRF:29
BRH:0
end_of_record
TN:
SF:src/shared/ui/blocks/SavedQuotesBlock.tsx
FN:15,(anonymous_0)
FN:17,(anonymous_1)
FN:34,(anonymous_2)
FN:39,(anonymous_3)
FN:53,(anonymous_4)
FN:56,(anonymous_5)
FN:60,(anonymous_6)
FNF:7
FNH:0
FNDA:0,(anonymous_0)
FNDA:0,(anonymous_1)
FNDA:0,(anonymous_2)
FNDA:0,(anonymous_3)
FNDA:0,(anonymous_4)
FNDA:0,(anonymous_5)
FNDA:0,(anonymous_6)
DA:15,1
DA:16,0
DA:17,0
DA:19,0
DA:21,0
DA:22,0
DA:31,0
DA:35,0
DA:39,0
DA:53,1
DA:54,0
DA:56,0
DA:60,1
LF:13
LH:3
BRDA:19,0,0,0
BRDA:19,0,1,0
BRDA:21,1,0,0
BRDA:21,1,1,0
BRDA:55,2,0,0
BRDA:55,2,1,0
BRF:6
BRH:0
end_of_record
TN:
SF:src/shared/ui/blocks/SimilarAuthorsBlock.tsx
FN:15,(anonymous_0)
FN:17,(anonymous_1)
FN:34,(anonymous_2)
FN:38,(anonymous_3)
FN:52,(anonymous_4)
FN:55,(anonymous_5)
FN:59,(anonymous_6)
FNF:7
FNH:0
FNDA:0,(anonymous_0)
FNDA:0,(anonymous_1)
FNDA:0,(anonymous_2)
FNDA:0,(anonymous_3)
FNDA:0,(anonymous_4)
FNDA:0,(anonymous_5)
FNDA:0,(anonymous_6)
DA:15,1
DA:16,0
DA:17,0
DA:19,0
DA:21,0
DA:22,0
DA:31,0
DA:35,0
DA:38,0
DA:52,1
DA:53,0
DA:55,0
DA:59,1
LF:13
LH:3
BRDA:19,0,0,0
BRDA:19,0,1,0
BRDA:21,1,0,0
BRDA:21,1,1,0
BRDA:36,2,0,0
BRDA:36,2,1,0
BRDA:36,2,2,0
BRDA:41,3,0,0
BRDA:41,3,1,0
BRDA:54,4,0,0
BRDA:54,4,1,0
BRF:11
BRH:0
end_of_record
TN:
SF:src/shared/ui/blocks/SimilarBooksBlock.tsx
FN:15,(anonymous_0)
FN:17,(anonymous_1)
FN:32,(anonymous_2)
FN:40,(anonymous_3)
FN:44,(anonymous_4)
FN:61,(anonymous_5)
FN:64,(anonymous_6)
FN:73,(anonymous_7)
FNF:8
FNH:0
FNDA:0,(anonymous_0)
FNDA:0,(anonymous_1)
FNDA:0,(anonymous_2)
FNDA:0,(anonymous_3)
FNDA:0,(anonymous_4)
FNDA:0,(anonymous_5)
FNDA:0,(anonymous_6)
FNDA:0,(anonymous_7)
DA:15,1
DA:16,0
DA:17,0
DA:19,0
DA:21,0
DA:22,0
DA:32,0
DA:33,0
DA:34,0
DA:37,0
DA:41,0
DA:44,0
DA:61,1
DA:62,0
DA:65,0
DA:66,0
DA:67,0
DA:68,0
DA:73,1
LF:19
LH:3
BRDA:19,0,0,0
BRDA:19,0,1,0
BRDA:21,1,0,0
BRDA:21,1,1,0
BRDA:33,2,0,0
BRDA:33,2,1,0
BRDA:42,3,0,0
BRDA:42,3,1,0
BRDA:42,3,2,0
BRDA:44,4,0,0
BRDA:44,4,1,0
BRDA:46,5,0,0
BRDA:46,5,1,0
BRDA:63,6,0,0
BRDA:63,6,1,0
BRDA:65,7,0,0
BRDA:65,7,1,0
BRDA:65,8,0,0
BRDA:65,8,1,0
BRDA:67,9,0,0
BRDA:67,9,1,0
BRDA:67,10,0,0
BRDA:67,10,1,0
BRF:23
BRH:0
end_of_record
